[2025-01-02T18:55:17.147+0000] {processor.py:186} INFO - Started process (PID=81) to work on /home/airflow/.local/lib/python3.12/site-packages/airflow/example_dags/example_external_task_marker_dag.py
[2025-01-02T18:55:17.148+0000] {processor.py:914} INFO - Processing file /home/airflow/.local/lib/python3.12/site-packages/airflow/example_dags/example_external_task_marker_dag.py for tasks to queue
[2025-01-02T18:55:17.211+0000] {logging_mixin.py:190} INFO - [2025-01-02T18:55:17.210+0000] {dagbag.py:588} INFO - Filling up the DagBag from /home/airflow/.local/lib/python3.12/site-packages/airflow/example_dags/example_external_task_marker_dag.py
[2025-01-02T18:55:17.264+0000] {processor.py:925} INFO - DAG(s) 'example_external_task_marker_parent', 'example_external_task_marker_child' retrieved from /home/airflow/.local/lib/python3.12/site-packages/airflow/example_dags/example_external_task_marker_dag.py
[2025-01-02T18:55:17.902+0000] {logging_mixin.py:190} INFO - [2025-01-02T18:55:17.901+0000] {override.py:1911} INFO - Created Permission View: can edit on DAG:example_external_task_marker_parent
[2025-01-02T18:55:17.954+0000] {logging_mixin.py:190} INFO - [2025-01-02T18:55:17.953+0000] {override.py:1911} INFO - Created Permission View: can delete on DAG:example_external_task_marker_parent
[2025-01-02T18:55:17.976+0000] {logging_mixin.py:190} INFO - [2025-01-02T18:55:17.976+0000] {override.py:1911} INFO - Created Permission View: can read on DAG:example_external_task_marker_parent
[2025-01-02T18:55:18.003+0000] {logging_mixin.py:190} INFO - [2025-01-02T18:55:18.003+0000] {override.py:1911} INFO - Created Permission View: can create on DAG Run:example_external_task_marker_parent
[2025-01-02T18:55:18.031+0000] {logging_mixin.py:190} INFO - [2025-01-02T18:55:18.030+0000] {override.py:1911} INFO - Created Permission View: can delete on DAG Run:example_external_task_marker_parent
[2025-01-02T18:55:18.055+0000] {logging_mixin.py:190} INFO - [2025-01-02T18:55:18.054+0000] {override.py:1911} INFO - Created Permission View: menu access on DAG Run:example_external_task_marker_parent
[2025-01-02T18:55:18.091+0000] {logging_mixin.py:190} INFO - [2025-01-02T18:55:18.091+0000] {override.py:1911} INFO - Created Permission View: can read on DAG Run:example_external_task_marker_parent
[2025-01-02T18:55:18.152+0000] {logging_mixin.py:190} INFO - [2025-01-02T18:55:18.152+0000] {override.py:1911} INFO - Created Permission View: can edit on DAG:example_external_task_marker_child
[2025-01-02T18:55:18.175+0000] {logging_mixin.py:190} INFO - [2025-01-02T18:55:18.174+0000] {override.py:1911} INFO - Created Permission View: can delete on DAG:example_external_task_marker_child
[2025-01-02T18:55:18.201+0000] {logging_mixin.py:190} INFO - [2025-01-02T18:55:18.200+0000] {override.py:1911} INFO - Created Permission View: can read on DAG:example_external_task_marker_child
[2025-01-02T18:55:18.227+0000] {logging_mixin.py:190} INFO - [2025-01-02T18:55:18.227+0000] {override.py:1911} INFO - Created Permission View: can create on DAG Run:example_external_task_marker_child
[2025-01-02T18:55:18.253+0000] {logging_mixin.py:190} INFO - [2025-01-02T18:55:18.252+0000] {override.py:1911} INFO - Created Permission View: can delete on DAG Run:example_external_task_marker_child
[2025-01-02T18:55:18.276+0000] {logging_mixin.py:190} INFO - [2025-01-02T18:55:18.275+0000] {override.py:1911} INFO - Created Permission View: menu access on DAG Run:example_external_task_marker_child
[2025-01-02T18:55:18.302+0000] {logging_mixin.py:190} INFO - [2025-01-02T18:55:18.301+0000] {override.py:1911} INFO - Created Permission View: can read on DAG Run:example_external_task_marker_child
[2025-01-02T18:55:18.302+0000] {logging_mixin.py:190} INFO - [2025-01-02T18:55:18.302+0000] {dag.py:3239} INFO - Sync 2 DAGs
[2025-01-02T18:55:18.368+0000] {logging_mixin.py:190} INFO - [2025-01-02T18:55:18.367+0000] {dag.py:3262} INFO - Creating ORM DAG for example_external_task_marker_parent
[2025-01-02T18:55:18.369+0000] {logging_mixin.py:190} INFO - [2025-01-02T18:55:18.368+0000] {dag.py:3262} INFO - Creating ORM DAG for example_external_task_marker_child
[2025-01-02T18:55:18.382+0000] {logging_mixin.py:190} INFO - [2025-01-02T18:55:18.381+0000] {dag.py:4180} INFO - Setting next_dagrun for example_external_task_marker_child to None, run_after=None
[2025-01-02T18:55:18.383+0000] {logging_mixin.py:190} INFO - [2025-01-02T18:55:18.382+0000] {dag.py:4180} INFO - Setting next_dagrun for example_external_task_marker_parent to None, run_after=None
[2025-01-02T18:55:18.470+0000] {processor.py:208} INFO - Processing /home/airflow/.local/lib/python3.12/site-packages/airflow/example_dags/example_external_task_marker_dag.py took 1.357 seconds
[2025-01-02T18:55:52.466+0000] {processor.py:186} INFO - Started process (PID=143) to work on /home/airflow/.local/lib/python3.12/site-packages/airflow/example_dags/example_external_task_marker_dag.py
[2025-01-02T18:55:52.468+0000] {processor.py:914} INFO - Processing file /home/airflow/.local/lib/python3.12/site-packages/airflow/example_dags/example_external_task_marker_dag.py for tasks to queue
[2025-01-02T18:55:52.471+0000] {logging_mixin.py:190} INFO - [2025-01-02T18:55:52.471+0000] {dagbag.py:588} INFO - Filling up the DagBag from /home/airflow/.local/lib/python3.12/site-packages/airflow/example_dags/example_external_task_marker_dag.py
[2025-01-02T18:55:52.484+0000] {processor.py:925} INFO - DAG(s) 'example_external_task_marker_parent', 'example_external_task_marker_child' retrieved from /home/airflow/.local/lib/python3.12/site-packages/airflow/example_dags/example_external_task_marker_dag.py
[2025-01-02T18:55:52.519+0000] {logging_mixin.py:190} INFO - [2025-01-02T18:55:52.518+0000] {dag.py:3239} INFO - Sync 2 DAGs
[2025-01-02T18:55:52.541+0000] {logging_mixin.py:190} INFO - [2025-01-02T18:55:52.540+0000] {dag.py:4180} INFO - Setting next_dagrun for example_external_task_marker_child to None, run_after=None
[2025-01-02T18:55:52.546+0000] {logging_mixin.py:190} INFO - [2025-01-02T18:55:52.546+0000] {dag.py:4180} INFO - Setting next_dagrun for example_external_task_marker_parent to None, run_after=None
[2025-01-02T18:55:52.566+0000] {processor.py:208} INFO - Processing /home/airflow/.local/lib/python3.12/site-packages/airflow/example_dags/example_external_task_marker_dag.py took 0.114 seconds
[2025-01-02T18:56:24.216+0000] {processor.py:186} INFO - Started process (PID=206) to work on /home/airflow/.local/lib/python3.12/site-packages/airflow/example_dags/example_external_task_marker_dag.py
[2025-01-02T18:56:24.218+0000] {processor.py:914} INFO - Processing file /home/airflow/.local/lib/python3.12/site-packages/airflow/example_dags/example_external_task_marker_dag.py for tasks to queue
[2025-01-02T18:56:24.222+0000] {logging_mixin.py:190} INFO - [2025-01-02T18:56:24.221+0000] {dagbag.py:588} INFO - Filling up the DagBag from /home/airflow/.local/lib/python3.12/site-packages/airflow/example_dags/example_external_task_marker_dag.py
[2025-01-02T18:56:24.234+0000] {processor.py:925} INFO - DAG(s) 'example_external_task_marker_parent', 'example_external_task_marker_child' retrieved from /home/airflow/.local/lib/python3.12/site-packages/airflow/example_dags/example_external_task_marker_dag.py
[2025-01-02T18:56:24.268+0000] {logging_mixin.py:190} INFO - [2025-01-02T18:56:24.268+0000] {dag.py:3239} INFO - Sync 2 DAGs
[2025-01-02T18:56:24.290+0000] {logging_mixin.py:190} INFO - [2025-01-02T18:56:24.290+0000] {dag.py:4180} INFO - Setting next_dagrun for example_external_task_marker_child to None, run_after=None
[2025-01-02T18:56:24.295+0000] {logging_mixin.py:190} INFO - [2025-01-02T18:56:24.295+0000] {dag.py:4180} INFO - Setting next_dagrun for example_external_task_marker_parent to None, run_after=None
[2025-01-02T18:56:24.317+0000] {processor.py:208} INFO - Processing /home/airflow/.local/lib/python3.12/site-packages/airflow/example_dags/example_external_task_marker_dag.py took 0.109 seconds
[2025-01-02T18:56:55.994+0000] {processor.py:186} INFO - Started process (PID=268) to work on /home/airflow/.local/lib/python3.12/site-packages/airflow/example_dags/example_external_task_marker_dag.py
[2025-01-02T18:56:55.995+0000] {processor.py:914} INFO - Processing file /home/airflow/.local/lib/python3.12/site-packages/airflow/example_dags/example_external_task_marker_dag.py for tasks to queue
[2025-01-02T18:56:55.999+0000] {logging_mixin.py:190} INFO - [2025-01-02T18:56:55.998+0000] {dagbag.py:588} INFO - Filling up the DagBag from /home/airflow/.local/lib/python3.12/site-packages/airflow/example_dags/example_external_task_marker_dag.py
[2025-01-02T18:56:56.036+0000] {processor.py:925} INFO - DAG(s) 'example_external_task_marker_parent', 'example_external_task_marker_child' retrieved from /home/airflow/.local/lib/python3.12/site-packages/airflow/example_dags/example_external_task_marker_dag.py
[2025-01-02T18:56:56.190+0000] {logging_mixin.py:190} INFO - [2025-01-02T18:56:56.189+0000] {dag.py:3239} INFO - Sync 2 DAGs
[2025-01-02T18:56:56.245+0000] {logging_mixin.py:190} INFO - [2025-01-02T18:56:56.237+0000] {dag.py:4180} INFO - Setting next_dagrun for example_external_task_marker_child to None, run_after=None
[2025-01-02T18:56:56.262+0000] {logging_mixin.py:190} INFO - [2025-01-02T18:56:56.262+0000] {dag.py:4180} INFO - Setting next_dagrun for example_external_task_marker_parent to None, run_after=None
[2025-01-02T18:56:56.321+0000] {processor.py:208} INFO - Processing /home/airflow/.local/lib/python3.12/site-packages/airflow/example_dags/example_external_task_marker_dag.py took 0.351 seconds
[2025-01-02T18:57:26.469+0000] {processor.py:186} INFO - Started process (PID=331) to work on /home/airflow/.local/lib/python3.12/site-packages/airflow/example_dags/example_external_task_marker_dag.py
[2025-01-02T18:57:26.472+0000] {processor.py:914} INFO - Processing file /home/airflow/.local/lib/python3.12/site-packages/airflow/example_dags/example_external_task_marker_dag.py for tasks to queue
[2025-01-02T18:57:26.475+0000] {logging_mixin.py:190} INFO - [2025-01-02T18:57:26.474+0000] {dagbag.py:588} INFO - Filling up the DagBag from /home/airflow/.local/lib/python3.12/site-packages/airflow/example_dags/example_external_task_marker_dag.py
[2025-01-02T18:57:26.487+0000] {processor.py:925} INFO - DAG(s) 'example_external_task_marker_parent', 'example_external_task_marker_child' retrieved from /home/airflow/.local/lib/python3.12/site-packages/airflow/example_dags/example_external_task_marker_dag.py
[2025-01-02T18:57:26.522+0000] {logging_mixin.py:190} INFO - [2025-01-02T18:57:26.522+0000] {dag.py:3239} INFO - Sync 2 DAGs
[2025-01-02T18:57:26.544+0000] {logging_mixin.py:190} INFO - [2025-01-02T18:57:26.543+0000] {dag.py:4180} INFO - Setting next_dagrun for example_external_task_marker_child to None, run_after=None
[2025-01-02T18:57:26.549+0000] {logging_mixin.py:190} INFO - [2025-01-02T18:57:26.549+0000] {dag.py:4180} INFO - Setting next_dagrun for example_external_task_marker_parent to None, run_after=None
[2025-01-02T18:57:26.570+0000] {processor.py:208} INFO - Processing /home/airflow/.local/lib/python3.12/site-packages/airflow/example_dags/example_external_task_marker_dag.py took 0.110 seconds
[2025-01-02T19:00:13.151+0000] {processor.py:186} INFO - Started process (PID=76) to work on /home/airflow/.local/lib/python3.12/site-packages/airflow/example_dags/example_external_task_marker_dag.py
[2025-01-02T19:00:13.157+0000] {processor.py:914} INFO - Processing file /home/airflow/.local/lib/python3.12/site-packages/airflow/example_dags/example_external_task_marker_dag.py for tasks to queue
[2025-01-02T19:00:13.169+0000] {logging_mixin.py:190} INFO - [2025-01-02T19:00:13.160+0000] {dagbag.py:588} INFO - Filling up the DagBag from /home/airflow/.local/lib/python3.12/site-packages/airflow/example_dags/example_external_task_marker_dag.py
[2025-01-02T19:00:13.192+0000] {processor.py:925} INFO - DAG(s) 'example_external_task_marker_parent', 'example_external_task_marker_child' retrieved from /home/airflow/.local/lib/python3.12/site-packages/airflow/example_dags/example_external_task_marker_dag.py
[2025-01-02T19:00:13.268+0000] {logging_mixin.py:190} INFO - [2025-01-02T19:00:13.268+0000] {dag.py:3239} INFO - Sync 2 DAGs
[2025-01-02T19:00:13.290+0000] {logging_mixin.py:190} INFO - [2025-01-02T19:00:13.290+0000] {dag.py:4180} INFO - Setting next_dagrun for example_external_task_marker_child to None, run_after=None
[2025-01-02T19:00:13.304+0000] {logging_mixin.py:190} INFO - [2025-01-02T19:00:13.304+0000] {dag.py:4180} INFO - Setting next_dagrun for example_external_task_marker_parent to None, run_after=None
[2025-01-02T19:00:13.341+0000] {processor.py:208} INFO - Processing /home/airflow/.local/lib/python3.12/site-packages/airflow/example_dags/example_external_task_marker_dag.py took 0.211 seconds
[2025-01-02T19:00:43.793+0000] {processor.py:186} INFO - Started process (PID=138) to work on /home/airflow/.local/lib/python3.12/site-packages/airflow/example_dags/example_external_task_marker_dag.py
[2025-01-02T19:00:43.800+0000] {processor.py:914} INFO - Processing file /home/airflow/.local/lib/python3.12/site-packages/airflow/example_dags/example_external_task_marker_dag.py for tasks to queue
[2025-01-02T19:00:43.804+0000] {logging_mixin.py:190} INFO - [2025-01-02T19:00:43.803+0000] {dagbag.py:588} INFO - Filling up the DagBag from /home/airflow/.local/lib/python3.12/site-packages/airflow/example_dags/example_external_task_marker_dag.py
[2025-01-02T19:00:43.815+0000] {processor.py:925} INFO - DAG(s) 'example_external_task_marker_child', 'example_external_task_marker_parent' retrieved from /home/airflow/.local/lib/python3.12/site-packages/airflow/example_dags/example_external_task_marker_dag.py
[2025-01-02T19:00:43.847+0000] {logging_mixin.py:190} INFO - [2025-01-02T19:00:43.847+0000] {dag.py:3239} INFO - Sync 2 DAGs
[2025-01-02T19:00:43.876+0000] {logging_mixin.py:190} INFO - [2025-01-02T19:00:43.876+0000] {dag.py:4180} INFO - Setting next_dagrun for example_external_task_marker_child to None, run_after=None
[2025-01-02T19:00:43.882+0000] {logging_mixin.py:190} INFO - [2025-01-02T19:00:43.882+0000] {dag.py:4180} INFO - Setting next_dagrun for example_external_task_marker_parent to None, run_after=None
[2025-01-02T19:00:43.907+0000] {processor.py:208} INFO - Processing /home/airflow/.local/lib/python3.12/site-packages/airflow/example_dags/example_external_task_marker_dag.py took 0.122 seconds
[2025-01-02T19:01:14.085+0000] {processor.py:186} INFO - Started process (PID=201) to work on /home/airflow/.local/lib/python3.12/site-packages/airflow/example_dags/example_external_task_marker_dag.py
[2025-01-02T19:01:14.086+0000] {processor.py:914} INFO - Processing file /home/airflow/.local/lib/python3.12/site-packages/airflow/example_dags/example_external_task_marker_dag.py for tasks to queue
[2025-01-02T19:01:14.089+0000] {logging_mixin.py:190} INFO - [2025-01-02T19:01:14.088+0000] {dagbag.py:588} INFO - Filling up the DagBag from /home/airflow/.local/lib/python3.12/site-packages/airflow/example_dags/example_external_task_marker_dag.py
[2025-01-02T19:01:14.101+0000] {processor.py:925} INFO - DAG(s) 'example_external_task_marker_parent', 'example_external_task_marker_child' retrieved from /home/airflow/.local/lib/python3.12/site-packages/airflow/example_dags/example_external_task_marker_dag.py
[2025-01-02T19:01:14.133+0000] {logging_mixin.py:190} INFO - [2025-01-02T19:01:14.132+0000] {dag.py:3239} INFO - Sync 2 DAGs
[2025-01-02T19:01:14.156+0000] {logging_mixin.py:190} INFO - [2025-01-02T19:01:14.156+0000] {dag.py:4180} INFO - Setting next_dagrun for example_external_task_marker_child to None, run_after=None
[2025-01-02T19:01:14.161+0000] {logging_mixin.py:190} INFO - [2025-01-02T19:01:14.161+0000] {dag.py:4180} INFO - Setting next_dagrun for example_external_task_marker_parent to None, run_after=None
[2025-01-02T19:01:14.182+0000] {processor.py:208} INFO - Processing /home/airflow/.local/lib/python3.12/site-packages/airflow/example_dags/example_external_task_marker_dag.py took 0.106 seconds
[2025-01-02T19:01:44.341+0000] {processor.py:186} INFO - Started process (PID=264) to work on /home/airflow/.local/lib/python3.12/site-packages/airflow/example_dags/example_external_task_marker_dag.py
[2025-01-02T19:01:44.344+0000] {processor.py:914} INFO - Processing file /home/airflow/.local/lib/python3.12/site-packages/airflow/example_dags/example_external_task_marker_dag.py for tasks to queue
[2025-01-02T19:01:44.347+0000] {logging_mixin.py:190} INFO - [2025-01-02T19:01:44.347+0000] {dagbag.py:588} INFO - Filling up the DagBag from /home/airflow/.local/lib/python3.12/site-packages/airflow/example_dags/example_external_task_marker_dag.py
[2025-01-02T19:01:44.360+0000] {processor.py:925} INFO - DAG(s) 'example_external_task_marker_parent', 'example_external_task_marker_child' retrieved from /home/airflow/.local/lib/python3.12/site-packages/airflow/example_dags/example_external_task_marker_dag.py
[2025-01-02T19:01:44.393+0000] {logging_mixin.py:190} INFO - [2025-01-02T19:01:44.392+0000] {dag.py:3239} INFO - Sync 2 DAGs
[2025-01-02T19:01:44.416+0000] {logging_mixin.py:190} INFO - [2025-01-02T19:01:44.416+0000] {dag.py:4180} INFO - Setting next_dagrun for example_external_task_marker_child to None, run_after=None
[2025-01-02T19:01:44.422+0000] {logging_mixin.py:190} INFO - [2025-01-02T19:01:44.421+0000] {dag.py:4180} INFO - Setting next_dagrun for example_external_task_marker_parent to None, run_after=None
[2025-01-02T19:01:44.443+0000] {processor.py:208} INFO - Processing /home/airflow/.local/lib/python3.12/site-packages/airflow/example_dags/example_external_task_marker_dag.py took 0.110 seconds
[2025-01-02T19:02:14.911+0000] {processor.py:186} INFO - Started process (PID=327) to work on /home/airflow/.local/lib/python3.12/site-packages/airflow/example_dags/example_external_task_marker_dag.py
[2025-01-02T19:02:14.913+0000] {processor.py:914} INFO - Processing file /home/airflow/.local/lib/python3.12/site-packages/airflow/example_dags/example_external_task_marker_dag.py for tasks to queue
[2025-01-02T19:02:14.916+0000] {logging_mixin.py:190} INFO - [2025-01-02T19:02:14.916+0000] {dagbag.py:588} INFO - Filling up the DagBag from /home/airflow/.local/lib/python3.12/site-packages/airflow/example_dags/example_external_task_marker_dag.py
[2025-01-02T19:02:14.928+0000] {processor.py:925} INFO - DAG(s) 'example_external_task_marker_parent', 'example_external_task_marker_child' retrieved from /home/airflow/.local/lib/python3.12/site-packages/airflow/example_dags/example_external_task_marker_dag.py
[2025-01-02T19:02:14.960+0000] {logging_mixin.py:190} INFO - [2025-01-02T19:02:14.960+0000] {dag.py:3239} INFO - Sync 2 DAGs
[2025-01-02T19:02:14.983+0000] {logging_mixin.py:190} INFO - [2025-01-02T19:02:14.982+0000] {dag.py:4180} INFO - Setting next_dagrun for example_external_task_marker_child to None, run_after=None
[2025-01-02T19:02:14.988+0000] {logging_mixin.py:190} INFO - [2025-01-02T19:02:14.988+0000] {dag.py:4180} INFO - Setting next_dagrun for example_external_task_marker_parent to None, run_after=None
[2025-01-02T19:02:15.008+0000] {processor.py:208} INFO - Processing /home/airflow/.local/lib/python3.12/site-packages/airflow/example_dags/example_external_task_marker_dag.py took 0.106 seconds
[2025-01-02T19:02:46.553+0000] {processor.py:186} INFO - Started process (PID=390) to work on /home/airflow/.local/lib/python3.12/site-packages/airflow/example_dags/example_external_task_marker_dag.py
[2025-01-02T19:02:46.556+0000] {processor.py:914} INFO - Processing file /home/airflow/.local/lib/python3.12/site-packages/airflow/example_dags/example_external_task_marker_dag.py for tasks to queue
[2025-01-02T19:02:46.559+0000] {logging_mixin.py:190} INFO - [2025-01-02T19:02:46.559+0000] {dagbag.py:588} INFO - Filling up the DagBag from /home/airflow/.local/lib/python3.12/site-packages/airflow/example_dags/example_external_task_marker_dag.py
[2025-01-02T19:02:46.592+0000] {processor.py:925} INFO - DAG(s) 'example_external_task_marker_child', 'example_external_task_marker_parent' retrieved from /home/airflow/.local/lib/python3.12/site-packages/airflow/example_dags/example_external_task_marker_dag.py
[2025-01-02T19:02:46.734+0000] {logging_mixin.py:190} INFO - [2025-01-02T19:02:46.733+0000] {dag.py:3239} INFO - Sync 2 DAGs
[2025-01-02T19:02:46.794+0000] {logging_mixin.py:190} INFO - [2025-01-02T19:02:46.793+0000] {dag.py:4180} INFO - Setting next_dagrun for example_external_task_marker_child to None, run_after=None
[2025-01-02T19:02:46.807+0000] {logging_mixin.py:190} INFO - [2025-01-02T19:02:46.807+0000] {dag.py:4180} INFO - Setting next_dagrun for example_external_task_marker_parent to None, run_after=None
[2025-01-02T19:02:46.874+0000] {processor.py:208} INFO - Processing /home/airflow/.local/lib/python3.12/site-packages/airflow/example_dags/example_external_task_marker_dag.py took 0.356 seconds
[2025-01-02T19:03:17.764+0000] {processor.py:186} INFO - Started process (PID=453) to work on /home/airflow/.local/lib/python3.12/site-packages/airflow/example_dags/example_external_task_marker_dag.py
[2025-01-02T19:03:17.766+0000] {processor.py:914} INFO - Processing file /home/airflow/.local/lib/python3.12/site-packages/airflow/example_dags/example_external_task_marker_dag.py for tasks to queue
[2025-01-02T19:03:17.770+0000] {logging_mixin.py:190} INFO - [2025-01-02T19:03:17.769+0000] {dagbag.py:588} INFO - Filling up the DagBag from /home/airflow/.local/lib/python3.12/site-packages/airflow/example_dags/example_external_task_marker_dag.py
[2025-01-02T19:03:17.783+0000] {processor.py:925} INFO - DAG(s) 'example_external_task_marker_parent', 'example_external_task_marker_child' retrieved from /home/airflow/.local/lib/python3.12/site-packages/airflow/example_dags/example_external_task_marker_dag.py
[2025-01-02T19:03:17.816+0000] {logging_mixin.py:190} INFO - [2025-01-02T19:03:17.816+0000] {dag.py:3239} INFO - Sync 2 DAGs
[2025-01-02T19:03:17.838+0000] {logging_mixin.py:190} INFO - [2025-01-02T19:03:17.838+0000] {dag.py:4180} INFO - Setting next_dagrun for example_external_task_marker_child to None, run_after=None
[2025-01-02T19:03:17.844+0000] {logging_mixin.py:190} INFO - [2025-01-02T19:03:17.843+0000] {dag.py:4180} INFO - Setting next_dagrun for example_external_task_marker_parent to None, run_after=None
[2025-01-02T19:03:17.866+0000] {processor.py:208} INFO - Processing /home/airflow/.local/lib/python3.12/site-packages/airflow/example_dags/example_external_task_marker_dag.py took 0.111 seconds
[2025-01-02T19:03:48.515+0000] {processor.py:186} INFO - Started process (PID=516) to work on /home/airflow/.local/lib/python3.12/site-packages/airflow/example_dags/example_external_task_marker_dag.py
[2025-01-02T19:03:48.517+0000] {processor.py:914} INFO - Processing file /home/airflow/.local/lib/python3.12/site-packages/airflow/example_dags/example_external_task_marker_dag.py for tasks to queue
[2025-01-02T19:03:48.521+0000] {logging_mixin.py:190} INFO - [2025-01-02T19:03:48.520+0000] {dagbag.py:588} INFO - Filling up the DagBag from /home/airflow/.local/lib/python3.12/site-packages/airflow/example_dags/example_external_task_marker_dag.py
[2025-01-02T19:03:48.535+0000] {processor.py:925} INFO - DAG(s) 'example_external_task_marker_child', 'example_external_task_marker_parent' retrieved from /home/airflow/.local/lib/python3.12/site-packages/airflow/example_dags/example_external_task_marker_dag.py
[2025-01-02T19:03:48.573+0000] {logging_mixin.py:190} INFO - [2025-01-02T19:03:48.572+0000] {dag.py:3239} INFO - Sync 2 DAGs
[2025-01-02T19:03:48.596+0000] {logging_mixin.py:190} INFO - [2025-01-02T19:03:48.595+0000] {dag.py:4180} INFO - Setting next_dagrun for example_external_task_marker_child to None, run_after=None
[2025-01-02T19:03:48.601+0000] {logging_mixin.py:190} INFO - [2025-01-02T19:03:48.601+0000] {dag.py:4180} INFO - Setting next_dagrun for example_external_task_marker_parent to None, run_after=None
[2025-01-02T19:03:48.623+0000] {processor.py:208} INFO - Processing /home/airflow/.local/lib/python3.12/site-packages/airflow/example_dags/example_external_task_marker_dag.py took 0.116 seconds
[2025-01-02T19:04:18.994+0000] {processor.py:186} INFO - Started process (PID=579) to work on /home/airflow/.local/lib/python3.12/site-packages/airflow/example_dags/example_external_task_marker_dag.py
[2025-01-02T19:04:18.996+0000] {processor.py:914} INFO - Processing file /home/airflow/.local/lib/python3.12/site-packages/airflow/example_dags/example_external_task_marker_dag.py for tasks to queue
[2025-01-02T19:04:19.002+0000] {logging_mixin.py:190} INFO - [2025-01-02T19:04:19.001+0000] {dagbag.py:588} INFO - Filling up the DagBag from /home/airflow/.local/lib/python3.12/site-packages/airflow/example_dags/example_external_task_marker_dag.py
[2025-01-02T19:04:19.017+0000] {processor.py:925} INFO - DAG(s) 'example_external_task_marker_child', 'example_external_task_marker_parent' retrieved from /home/airflow/.local/lib/python3.12/site-packages/airflow/example_dags/example_external_task_marker_dag.py
[2025-01-02T19:04:19.050+0000] {logging_mixin.py:190} INFO - [2025-01-02T19:04:19.049+0000] {dag.py:3239} INFO - Sync 2 DAGs
[2025-01-02T19:04:19.072+0000] {logging_mixin.py:190} INFO - [2025-01-02T19:04:19.072+0000] {dag.py:4180} INFO - Setting next_dagrun for example_external_task_marker_child to None, run_after=None
[2025-01-02T19:04:19.077+0000] {logging_mixin.py:190} INFO - [2025-01-02T19:04:19.077+0000] {dag.py:4180} INFO - Setting next_dagrun for example_external_task_marker_parent to None, run_after=None
[2025-01-02T19:04:19.098+0000] {processor.py:208} INFO - Processing /home/airflow/.local/lib/python3.12/site-packages/airflow/example_dags/example_external_task_marker_dag.py took 0.112 seconds
[2025-01-02T19:04:49.413+0000] {processor.py:186} INFO - Started process (PID=642) to work on /home/airflow/.local/lib/python3.12/site-packages/airflow/example_dags/example_external_task_marker_dag.py
[2025-01-02T19:04:49.415+0000] {processor.py:914} INFO - Processing file /home/airflow/.local/lib/python3.12/site-packages/airflow/example_dags/example_external_task_marker_dag.py for tasks to queue
[2025-01-02T19:04:49.418+0000] {logging_mixin.py:190} INFO - [2025-01-02T19:04:49.418+0000] {dagbag.py:588} INFO - Filling up the DagBag from /home/airflow/.local/lib/python3.12/site-packages/airflow/example_dags/example_external_task_marker_dag.py
[2025-01-02T19:04:49.432+0000] {processor.py:925} INFO - DAG(s) 'example_external_task_marker_child', 'example_external_task_marker_parent' retrieved from /home/airflow/.local/lib/python3.12/site-packages/airflow/example_dags/example_external_task_marker_dag.py
[2025-01-02T19:04:49.467+0000] {logging_mixin.py:190} INFO - [2025-01-02T19:04:49.466+0000] {dag.py:3239} INFO - Sync 2 DAGs
[2025-01-02T19:04:49.488+0000] {logging_mixin.py:190} INFO - [2025-01-02T19:04:49.488+0000] {dag.py:4180} INFO - Setting next_dagrun for example_external_task_marker_child to None, run_after=None
[2025-01-02T19:04:49.493+0000] {logging_mixin.py:190} INFO - [2025-01-02T19:04:49.493+0000] {dag.py:4180} INFO - Setting next_dagrun for example_external_task_marker_parent to None, run_after=None
[2025-01-02T19:04:49.513+0000] {processor.py:208} INFO - Processing /home/airflow/.local/lib/python3.12/site-packages/airflow/example_dags/example_external_task_marker_dag.py took 0.108 seconds
