[2025-01-02T18:55:08.256+0000] {processor.py:186} INFO - Started process (PID=70) to work on /home/airflow/.local/lib/python3.12/site-packages/airflow/example_dags/example_sensor_decorator.py
[2025-01-02T18:55:08.265+0000] {processor.py:914} INFO - Processing file /home/airflow/.local/lib/python3.12/site-packages/airflow/example_dags/example_sensor_decorator.py for tasks to queue
[2025-01-02T18:55:08.269+0000] {logging_mixin.py:190} INFO - [2025-01-02T18:55:08.268+0000] {dagbag.py:588} INFO - Filling up the DagBag from /home/airflow/.local/lib/python3.12/site-packages/airflow/example_dags/example_sensor_decorator.py
[2025-01-02T18:55:08.355+0000] {processor.py:925} INFO - DAG(s) 'example_sensor_decorator' retrieved from /home/airflow/.local/lib/python3.12/site-packages/airflow/example_dags/example_sensor_decorator.py
[2025-01-02T18:55:09.706+0000] {logging_mixin.py:190} INFO - [2025-01-02T18:55:09.701+0000] {override.py:1911} INFO - Created Permission View: can edit on DAG:example_sensor_decorator
[2025-01-02T18:55:09.757+0000] {logging_mixin.py:190} INFO - [2025-01-02T18:55:09.757+0000] {override.py:1911} INFO - Created Permission View: can delete on DAG:example_sensor_decorator
[2025-01-02T18:55:09.786+0000] {logging_mixin.py:190} INFO - [2025-01-02T18:55:09.786+0000] {override.py:1911} INFO - Created Permission View: can read on DAG:example_sensor_decorator
[2025-01-02T18:55:09.815+0000] {logging_mixin.py:190} INFO - [2025-01-02T18:55:09.814+0000] {override.py:1911} INFO - Created Permission View: can create on DAG Run:example_sensor_decorator
[2025-01-02T18:55:09.840+0000] {logging_mixin.py:190} INFO - [2025-01-02T18:55:09.839+0000] {override.py:1911} INFO - Created Permission View: can delete on DAG Run:example_sensor_decorator
[2025-01-02T18:55:09.871+0000] {logging_mixin.py:190} INFO - [2025-01-02T18:55:09.871+0000] {override.py:1911} INFO - Created Permission View: menu access on DAG Run:example_sensor_decorator
[2025-01-02T18:55:09.922+0000] {logging_mixin.py:190} INFO - [2025-01-02T18:55:09.921+0000] {override.py:1911} INFO - Created Permission View: can read on DAG Run:example_sensor_decorator
[2025-01-02T18:55:09.922+0000] {logging_mixin.py:190} INFO - [2025-01-02T18:55:09.922+0000] {dag.py:3239} INFO - Sync 1 DAGs
[2025-01-02T18:55:10.016+0000] {logging_mixin.py:190} INFO - [2025-01-02T18:55:10.015+0000] {dag.py:3262} INFO - Creating ORM DAG for example_sensor_decorator
[2025-01-02T18:55:10.017+0000] {logging_mixin.py:190} INFO - [2025-01-02T18:55:10.016+0000] {dag.py:4180} INFO - Setting next_dagrun for example_sensor_decorator to None, run_after=None
[2025-01-02T18:55:10.105+0000] {processor.py:208} INFO - Processing /home/airflow/.local/lib/python3.12/site-packages/airflow/example_dags/example_sensor_decorator.py took 1.905 seconds
[2025-01-02T18:55:51.556+0000] {processor.py:186} INFO - Started process (PID=133) to work on /home/airflow/.local/lib/python3.12/site-packages/airflow/example_dags/example_sensor_decorator.py
[2025-01-02T18:55:51.570+0000] {processor.py:914} INFO - Processing file /home/airflow/.local/lib/python3.12/site-packages/airflow/example_dags/example_sensor_decorator.py for tasks to queue
[2025-01-02T18:55:51.573+0000] {logging_mixin.py:190} INFO - [2025-01-02T18:55:51.572+0000] {dagbag.py:588} INFO - Filling up the DagBag from /home/airflow/.local/lib/python3.12/site-packages/airflow/example_dags/example_sensor_decorator.py
[2025-01-02T18:55:51.593+0000] {processor.py:925} INFO - DAG(s) 'example_sensor_decorator' retrieved from /home/airflow/.local/lib/python3.12/site-packages/airflow/example_dags/example_sensor_decorator.py
[2025-01-02T18:55:51.616+0000] {logging_mixin.py:190} INFO - [2025-01-02T18:55:51.616+0000] {dag.py:3239} INFO - Sync 1 DAGs
[2025-01-02T18:55:51.632+0000] {logging_mixin.py:190} INFO - [2025-01-02T18:55:51.631+0000] {dag.py:4180} INFO - Setting next_dagrun for example_sensor_decorator to None, run_after=None
[2025-01-02T18:55:51.662+0000] {processor.py:208} INFO - Processing /home/airflow/.local/lib/python3.12/site-packages/airflow/example_dags/example_sensor_decorator.py took 0.115 seconds
[2025-01-02T18:56:22.559+0000] {processor.py:186} INFO - Started process (PID=194) to work on /home/airflow/.local/lib/python3.12/site-packages/airflow/example_dags/example_sensor_decorator.py
[2025-01-02T18:56:22.560+0000] {processor.py:914} INFO - Processing file /home/airflow/.local/lib/python3.12/site-packages/airflow/example_dags/example_sensor_decorator.py for tasks to queue
[2025-01-02T18:56:22.572+0000] {logging_mixin.py:190} INFO - [2025-01-02T18:56:22.571+0000] {dagbag.py:588} INFO - Filling up the DagBag from /home/airflow/.local/lib/python3.12/site-packages/airflow/example_dags/example_sensor_decorator.py
[2025-01-02T18:56:22.607+0000] {processor.py:925} INFO - DAG(s) 'example_sensor_decorator' retrieved from /home/airflow/.local/lib/python3.12/site-packages/airflow/example_dags/example_sensor_decorator.py
[2025-01-02T18:56:22.694+0000] {logging_mixin.py:190} INFO - [2025-01-02T18:56:22.694+0000] {dag.py:3239} INFO - Sync 1 DAGs
[2025-01-02T18:56:22.772+0000] {logging_mixin.py:190} INFO - [2025-01-02T18:56:22.772+0000] {dag.py:4180} INFO - Setting next_dagrun for example_sensor_decorator to None, run_after=None
[2025-01-02T18:56:22.806+0000] {processor.py:208} INFO - Processing /home/airflow/.local/lib/python3.12/site-packages/airflow/example_dags/example_sensor_decorator.py took 0.263 seconds
[2025-01-02T18:56:53.351+0000] {processor.py:186} INFO - Started process (PID=257) to work on /home/airflow/.local/lib/python3.12/site-packages/airflow/example_dags/example_sensor_decorator.py
[2025-01-02T18:56:53.361+0000] {processor.py:914} INFO - Processing file /home/airflow/.local/lib/python3.12/site-packages/airflow/example_dags/example_sensor_decorator.py for tasks to queue
[2025-01-02T18:56:53.365+0000] {logging_mixin.py:190} INFO - [2025-01-02T18:56:53.364+0000] {dagbag.py:588} INFO - Filling up the DagBag from /home/airflow/.local/lib/python3.12/site-packages/airflow/example_dags/example_sensor_decorator.py
[2025-01-02T18:56:53.385+0000] {processor.py:925} INFO - DAG(s) 'example_sensor_decorator' retrieved from /home/airflow/.local/lib/python3.12/site-packages/airflow/example_dags/example_sensor_decorator.py
[2025-01-02T18:56:53.426+0000] {logging_mixin.py:190} INFO - [2025-01-02T18:56:53.426+0000] {dag.py:3239} INFO - Sync 1 DAGs
[2025-01-02T18:56:53.505+0000] {logging_mixin.py:190} INFO - [2025-01-02T18:56:53.504+0000] {dag.py:4180} INFO - Setting next_dagrun for example_sensor_decorator to None, run_after=None
[2025-01-02T18:56:53.581+0000] {processor.py:208} INFO - Processing /home/airflow/.local/lib/python3.12/site-packages/airflow/example_dags/example_sensor_decorator.py took 0.253 seconds
[2025-01-02T18:57:24.592+0000] {processor.py:186} INFO - Started process (PID=320) to work on /home/airflow/.local/lib/python3.12/site-packages/airflow/example_dags/example_sensor_decorator.py
[2025-01-02T18:57:24.595+0000] {processor.py:914} INFO - Processing file /home/airflow/.local/lib/python3.12/site-packages/airflow/example_dags/example_sensor_decorator.py for tasks to queue
[2025-01-02T18:57:24.603+0000] {logging_mixin.py:190} INFO - [2025-01-02T18:57:24.603+0000] {dagbag.py:588} INFO - Filling up the DagBag from /home/airflow/.local/lib/python3.12/site-packages/airflow/example_dags/example_sensor_decorator.py
[2025-01-02T18:57:24.618+0000] {processor.py:925} INFO - DAG(s) 'example_sensor_decorator' retrieved from /home/airflow/.local/lib/python3.12/site-packages/airflow/example_dags/example_sensor_decorator.py
[2025-01-02T18:57:24.644+0000] {logging_mixin.py:190} INFO - [2025-01-02T18:57:24.644+0000] {dag.py:3239} INFO - Sync 1 DAGs
[2025-01-02T18:57:24.666+0000] {logging_mixin.py:190} INFO - [2025-01-02T18:57:24.665+0000] {dag.py:4180} INFO - Setting next_dagrun for example_sensor_decorator to None, run_after=None
[2025-01-02T18:57:24.690+0000] {processor.py:208} INFO - Processing /home/airflow/.local/lib/python3.12/site-packages/airflow/example_dags/example_sensor_decorator.py took 0.107 seconds
[2025-01-02T19:00:10.388+0000] {processor.py:186} INFO - Started process (PID=65) to work on /home/airflow/.local/lib/python3.12/site-packages/airflow/example_dags/example_sensor_decorator.py
[2025-01-02T19:00:10.408+0000] {processor.py:914} INFO - Processing file /home/airflow/.local/lib/python3.12/site-packages/airflow/example_dags/example_sensor_decorator.py for tasks to queue
[2025-01-02T19:00:10.419+0000] {logging_mixin.py:190} INFO - [2025-01-02T19:00:10.418+0000] {dagbag.py:588} INFO - Filling up the DagBag from /home/airflow/.local/lib/python3.12/site-packages/airflow/example_dags/example_sensor_decorator.py
[2025-01-02T19:00:10.470+0000] {processor.py:925} INFO - DAG(s) 'example_sensor_decorator' retrieved from /home/airflow/.local/lib/python3.12/site-packages/airflow/example_dags/example_sensor_decorator.py
[2025-01-02T19:00:10.594+0000] {logging_mixin.py:190} INFO - [2025-01-02T19:00:10.594+0000] {dag.py:3239} INFO - Sync 1 DAGs
[2025-01-02T19:00:10.684+0000] {logging_mixin.py:190} INFO - [2025-01-02T19:00:10.684+0000] {dag.py:4180} INFO - Setting next_dagrun for example_sensor_decorator to None, run_after=None
[2025-01-02T19:00:10.818+0000] {processor.py:208} INFO - Processing /home/airflow/.local/lib/python3.12/site-packages/airflow/example_dags/example_sensor_decorator.py took 0.491 seconds
[2025-01-02T19:00:41.034+0000] {processor.py:186} INFO - Started process (PID=127) to work on /home/airflow/.local/lib/python3.12/site-packages/airflow/example_dags/example_sensor_decorator.py
[2025-01-02T19:00:41.035+0000] {processor.py:914} INFO - Processing file /home/airflow/.local/lib/python3.12/site-packages/airflow/example_dags/example_sensor_decorator.py for tasks to queue
[2025-01-02T19:00:41.038+0000] {logging_mixin.py:190} INFO - [2025-01-02T19:00:41.038+0000] {dagbag.py:588} INFO - Filling up the DagBag from /home/airflow/.local/lib/python3.12/site-packages/airflow/example_dags/example_sensor_decorator.py
[2025-01-02T19:00:41.047+0000] {processor.py:925} INFO - DAG(s) 'example_sensor_decorator' retrieved from /home/airflow/.local/lib/python3.12/site-packages/airflow/example_dags/example_sensor_decorator.py
[2025-01-02T19:00:41.069+0000] {logging_mixin.py:190} INFO - [2025-01-02T19:00:41.069+0000] {dag.py:3239} INFO - Sync 1 DAGs
[2025-01-02T19:00:41.085+0000] {logging_mixin.py:190} INFO - [2025-01-02T19:00:41.085+0000] {dag.py:4180} INFO - Setting next_dagrun for example_sensor_decorator to None, run_after=None
[2025-01-02T19:00:41.104+0000] {processor.py:208} INFO - Processing /home/airflow/.local/lib/python3.12/site-packages/airflow/example_dags/example_sensor_decorator.py took 0.077 seconds
[2025-01-02T19:01:11.349+0000] {processor.py:186} INFO - Started process (PID=190) to work on /home/airflow/.local/lib/python3.12/site-packages/airflow/example_dags/example_sensor_decorator.py
[2025-01-02T19:01:11.378+0000] {processor.py:914} INFO - Processing file /home/airflow/.local/lib/python3.12/site-packages/airflow/example_dags/example_sensor_decorator.py for tasks to queue
[2025-01-02T19:01:11.381+0000] {logging_mixin.py:190} INFO - [2025-01-02T19:01:11.381+0000] {dagbag.py:588} INFO - Filling up the DagBag from /home/airflow/.local/lib/python3.12/site-packages/airflow/example_dags/example_sensor_decorator.py
[2025-01-02T19:01:11.390+0000] {processor.py:925} INFO - DAG(s) 'example_sensor_decorator' retrieved from /home/airflow/.local/lib/python3.12/site-packages/airflow/example_dags/example_sensor_decorator.py
[2025-01-02T19:01:11.411+0000] {logging_mixin.py:190} INFO - [2025-01-02T19:01:11.411+0000] {dag.py:3239} INFO - Sync 1 DAGs
[2025-01-02T19:01:11.427+0000] {logging_mixin.py:190} INFO - [2025-01-02T19:01:11.426+0000] {dag.py:4180} INFO - Setting next_dagrun for example_sensor_decorator to None, run_after=None
[2025-01-02T19:01:11.444+0000] {processor.py:208} INFO - Processing /home/airflow/.local/lib/python3.12/site-packages/airflow/example_dags/example_sensor_decorator.py took 0.102 seconds
[2025-01-02T19:01:41.530+0000] {processor.py:186} INFO - Started process (PID=253) to work on /home/airflow/.local/lib/python3.12/site-packages/airflow/example_dags/example_sensor_decorator.py
[2025-01-02T19:01:41.531+0000] {processor.py:914} INFO - Processing file /home/airflow/.local/lib/python3.12/site-packages/airflow/example_dags/example_sensor_decorator.py for tasks to queue
[2025-01-02T19:01:41.534+0000] {logging_mixin.py:190} INFO - [2025-01-02T19:01:41.533+0000] {dagbag.py:588} INFO - Filling up the DagBag from /home/airflow/.local/lib/python3.12/site-packages/airflow/example_dags/example_sensor_decorator.py
[2025-01-02T19:01:41.543+0000] {processor.py:925} INFO - DAG(s) 'example_sensor_decorator' retrieved from /home/airflow/.local/lib/python3.12/site-packages/airflow/example_dags/example_sensor_decorator.py
[2025-01-02T19:01:41.564+0000] {logging_mixin.py:190} INFO - [2025-01-02T19:01:41.564+0000] {dag.py:3239} INFO - Sync 1 DAGs
[2025-01-02T19:01:41.579+0000] {logging_mixin.py:190} INFO - [2025-01-02T19:01:41.579+0000] {dag.py:4180} INFO - Setting next_dagrun for example_sensor_decorator to None, run_after=None
[2025-01-02T19:01:41.598+0000] {processor.py:208} INFO - Processing /home/airflow/.local/lib/python3.12/site-packages/airflow/example_dags/example_sensor_decorator.py took 0.075 seconds
[2025-01-02T19:02:11.796+0000] {processor.py:186} INFO - Started process (PID=316) to work on /home/airflow/.local/lib/python3.12/site-packages/airflow/example_dags/example_sensor_decorator.py
[2025-01-02T19:02:11.815+0000] {processor.py:914} INFO - Processing file /home/airflow/.local/lib/python3.12/site-packages/airflow/example_dags/example_sensor_decorator.py for tasks to queue
[2025-01-02T19:02:11.818+0000] {logging_mixin.py:190} INFO - [2025-01-02T19:02:11.818+0000] {dagbag.py:588} INFO - Filling up the DagBag from /home/airflow/.local/lib/python3.12/site-packages/airflow/example_dags/example_sensor_decorator.py
[2025-01-02T19:02:11.850+0000] {processor.py:925} INFO - DAG(s) 'example_sensor_decorator' retrieved from /home/airflow/.local/lib/python3.12/site-packages/airflow/example_dags/example_sensor_decorator.py
[2025-01-02T19:02:11.916+0000] {logging_mixin.py:190} INFO - [2025-01-02T19:02:11.915+0000] {dag.py:3239} INFO - Sync 1 DAGs
[2025-01-02T19:02:11.952+0000] {logging_mixin.py:190} INFO - [2025-01-02T19:02:11.952+0000] {dag.py:4180} INFO - Setting next_dagrun for example_sensor_decorator to None, run_after=None
[2025-01-02T19:02:12.004+0000] {processor.py:208} INFO - Processing /home/airflow/.local/lib/python3.12/site-packages/airflow/example_dags/example_sensor_decorator.py took 0.224 seconds
[2025-01-02T19:02:42.662+0000] {processor.py:186} INFO - Started process (PID=379) to work on /home/airflow/.local/lib/python3.12/site-packages/airflow/example_dags/example_sensor_decorator.py
[2025-01-02T19:02:42.663+0000] {processor.py:914} INFO - Processing file /home/airflow/.local/lib/python3.12/site-packages/airflow/example_dags/example_sensor_decorator.py for tasks to queue
[2025-01-02T19:02:42.666+0000] {logging_mixin.py:190} INFO - [2025-01-02T19:02:42.665+0000] {dagbag.py:588} INFO - Filling up the DagBag from /home/airflow/.local/lib/python3.12/site-packages/airflow/example_dags/example_sensor_decorator.py
[2025-01-02T19:02:42.675+0000] {processor.py:925} INFO - DAG(s) 'example_sensor_decorator' retrieved from /home/airflow/.local/lib/python3.12/site-packages/airflow/example_dags/example_sensor_decorator.py
[2025-01-02T19:02:42.696+0000] {logging_mixin.py:190} INFO - [2025-01-02T19:02:42.696+0000] {dag.py:3239} INFO - Sync 1 DAGs
[2025-01-02T19:02:42.711+0000] {logging_mixin.py:190} INFO - [2025-01-02T19:02:42.711+0000] {dag.py:4180} INFO - Setting next_dagrun for example_sensor_decorator to None, run_after=None
[2025-01-02T19:02:42.730+0000] {processor.py:208} INFO - Processing /home/airflow/.local/lib/python3.12/site-packages/airflow/example_dags/example_sensor_decorator.py took 0.075 seconds
[2025-01-02T19:03:12.951+0000] {processor.py:186} INFO - Started process (PID=442) to work on /home/airflow/.local/lib/python3.12/site-packages/airflow/example_dags/example_sensor_decorator.py
[2025-01-02T19:03:12.983+0000] {processor.py:914} INFO - Processing file /home/airflow/.local/lib/python3.12/site-packages/airflow/example_dags/example_sensor_decorator.py for tasks to queue
[2025-01-02T19:03:12.986+0000] {logging_mixin.py:190} INFO - [2025-01-02T19:03:12.986+0000] {dagbag.py:588} INFO - Filling up the DagBag from /home/airflow/.local/lib/python3.12/site-packages/airflow/example_dags/example_sensor_decorator.py
[2025-01-02T19:03:12.996+0000] {processor.py:925} INFO - DAG(s) 'example_sensor_decorator' retrieved from /home/airflow/.local/lib/python3.12/site-packages/airflow/example_dags/example_sensor_decorator.py
[2025-01-02T19:03:13.017+0000] {logging_mixin.py:190} INFO - [2025-01-02T19:03:13.017+0000] {dag.py:3239} INFO - Sync 1 DAGs
[2025-01-02T19:03:13.033+0000] {logging_mixin.py:190} INFO - [2025-01-02T19:03:13.033+0000] {dag.py:4180} INFO - Setting next_dagrun for example_sensor_decorator to None, run_after=None
[2025-01-02T19:03:13.053+0000] {processor.py:208} INFO - Processing /home/airflow/.local/lib/python3.12/site-packages/airflow/example_dags/example_sensor_decorator.py took 0.109 seconds
[2025-01-02T19:03:43.729+0000] {processor.py:186} INFO - Started process (PID=505) to work on /home/airflow/.local/lib/python3.12/site-packages/airflow/example_dags/example_sensor_decorator.py
[2025-01-02T19:03:43.730+0000] {processor.py:914} INFO - Processing file /home/airflow/.local/lib/python3.12/site-packages/airflow/example_dags/example_sensor_decorator.py for tasks to queue
[2025-01-02T19:03:43.732+0000] {logging_mixin.py:190} INFO - [2025-01-02T19:03:43.732+0000] {dagbag.py:588} INFO - Filling up the DagBag from /home/airflow/.local/lib/python3.12/site-packages/airflow/example_dags/example_sensor_decorator.py
[2025-01-02T19:03:43.742+0000] {processor.py:925} INFO - DAG(s) 'example_sensor_decorator' retrieved from /home/airflow/.local/lib/python3.12/site-packages/airflow/example_dags/example_sensor_decorator.py
[2025-01-02T19:03:43.764+0000] {logging_mixin.py:190} INFO - [2025-01-02T19:03:43.764+0000] {dag.py:3239} INFO - Sync 1 DAGs
[2025-01-02T19:03:43.780+0000] {logging_mixin.py:190} INFO - [2025-01-02T19:03:43.780+0000] {dag.py:4180} INFO - Setting next_dagrun for example_sensor_decorator to None, run_after=None
[2025-01-02T19:03:43.800+0000] {processor.py:208} INFO - Processing /home/airflow/.local/lib/python3.12/site-packages/airflow/example_dags/example_sensor_decorator.py took 0.078 seconds
[2025-01-02T19:04:14.218+0000] {processor.py:186} INFO - Started process (PID=568) to work on /home/airflow/.local/lib/python3.12/site-packages/airflow/example_dags/example_sensor_decorator.py
[2025-01-02T19:04:14.249+0000] {processor.py:914} INFO - Processing file /home/airflow/.local/lib/python3.12/site-packages/airflow/example_dags/example_sensor_decorator.py for tasks to queue
[2025-01-02T19:04:14.251+0000] {logging_mixin.py:190} INFO - [2025-01-02T19:04:14.251+0000] {dagbag.py:588} INFO - Filling up the DagBag from /home/airflow/.local/lib/python3.12/site-packages/airflow/example_dags/example_sensor_decorator.py
[2025-01-02T19:04:14.261+0000] {processor.py:925} INFO - DAG(s) 'example_sensor_decorator' retrieved from /home/airflow/.local/lib/python3.12/site-packages/airflow/example_dags/example_sensor_decorator.py
[2025-01-02T19:04:14.281+0000] {logging_mixin.py:190} INFO - [2025-01-02T19:04:14.281+0000] {dag.py:3239} INFO - Sync 1 DAGs
[2025-01-02T19:04:14.296+0000] {logging_mixin.py:190} INFO - [2025-01-02T19:04:14.296+0000] {dag.py:4180} INFO - Setting next_dagrun for example_sensor_decorator to None, run_after=None
[2025-01-02T19:04:14.316+0000] {processor.py:208} INFO - Processing /home/airflow/.local/lib/python3.12/site-packages/airflow/example_dags/example_sensor_decorator.py took 0.105 seconds
[2025-01-02T19:04:44.632+0000] {processor.py:186} INFO - Started process (PID=631) to work on /home/airflow/.local/lib/python3.12/site-packages/airflow/example_dags/example_sensor_decorator.py
[2025-01-02T19:04:44.634+0000] {processor.py:914} INFO - Processing file /home/airflow/.local/lib/python3.12/site-packages/airflow/example_dags/example_sensor_decorator.py for tasks to queue
[2025-01-02T19:04:44.636+0000] {logging_mixin.py:190} INFO - [2025-01-02T19:04:44.636+0000] {dagbag.py:588} INFO - Filling up the DagBag from /home/airflow/.local/lib/python3.12/site-packages/airflow/example_dags/example_sensor_decorator.py
[2025-01-02T19:04:44.646+0000] {processor.py:925} INFO - DAG(s) 'example_sensor_decorator' retrieved from /home/airflow/.local/lib/python3.12/site-packages/airflow/example_dags/example_sensor_decorator.py
[2025-01-02T19:04:44.668+0000] {logging_mixin.py:190} INFO - [2025-01-02T19:04:44.668+0000] {dag.py:3239} INFO - Sync 1 DAGs
[2025-01-02T19:04:44.684+0000] {logging_mixin.py:190} INFO - [2025-01-02T19:04:44.683+0000] {dag.py:4180} INFO - Setting next_dagrun for example_sensor_decorator to None, run_after=None
[2025-01-02T19:04:44.707+0000] {processor.py:208} INFO - Processing /home/airflow/.local/lib/python3.12/site-packages/airflow/example_dags/example_sensor_decorator.py took 0.082 seconds
