[2025-01-02T18:55:38.730+0000] {processor.py:186} INFO - Started process (PID=104) to work on /home/airflow/.local/lib/python3.12/site-packages/airflow/example_dags/example_branch_day_of_week_operator.py
[2025-01-02T18:55:38.731+0000] {processor.py:914} INFO - Processing file /home/airflow/.local/lib/python3.12/site-packages/airflow/example_dags/example_branch_day_of_week_operator.py for tasks to queue
[2025-01-02T18:55:38.735+0000] {logging_mixin.py:190} INFO - [2025-01-02T18:55:38.734+0000] {dagbag.py:588} INFO - Filling up the DagBag from /home/airflow/.local/lib/python3.12/site-packages/airflow/example_dags/example_branch_day_of_week_operator.py
[2025-01-02T18:55:38.786+0000] {processor.py:925} INFO - DAG(s) 'example_weekday_branch_operator' retrieved from /home/airflow/.local/lib/python3.12/site-packages/airflow/example_dags/example_branch_day_of_week_operator.py
[2025-01-02T18:55:39.500+0000] {logging_mixin.py:190} INFO - [2025-01-02T18:55:39.499+0000] {override.py:1911} INFO - Created Permission View: can edit on DAG:example_weekday_branch_operator
[2025-01-02T18:55:39.551+0000] {logging_mixin.py:190} INFO - [2025-01-02T18:55:39.551+0000] {override.py:1911} INFO - Created Permission View: can delete on DAG:example_weekday_branch_operator
[2025-01-02T18:55:39.577+0000] {logging_mixin.py:190} INFO - [2025-01-02T18:55:39.577+0000] {override.py:1911} INFO - Created Permission View: can read on DAG:example_weekday_branch_operator
[2025-01-02T18:55:39.603+0000] {logging_mixin.py:190} INFO - [2025-01-02T18:55:39.602+0000] {override.py:1911} INFO - Created Permission View: can create on DAG Run:example_weekday_branch_operator
[2025-01-02T18:55:39.631+0000] {logging_mixin.py:190} INFO - [2025-01-02T18:55:39.630+0000] {override.py:1911} INFO - Created Permission View: can delete on DAG Run:example_weekday_branch_operator
[2025-01-02T18:55:39.660+0000] {logging_mixin.py:190} INFO - [2025-01-02T18:55:39.660+0000] {override.py:1911} INFO - Created Permission View: menu access on DAG Run:example_weekday_branch_operator
[2025-01-02T18:55:39.688+0000] {logging_mixin.py:190} INFO - [2025-01-02T18:55:39.687+0000] {override.py:1911} INFO - Created Permission View: can read on DAG Run:example_weekday_branch_operator
[2025-01-02T18:55:39.689+0000] {logging_mixin.py:190} INFO - [2025-01-02T18:55:39.688+0000] {dag.py:3239} INFO - Sync 1 DAGs
[2025-01-02T18:55:39.766+0000] {logging_mixin.py:190} INFO - [2025-01-02T18:55:39.766+0000] {dag.py:3262} INFO - Creating ORM DAG for example_weekday_branch_operator
[2025-01-02T18:55:39.861+0000] {logging_mixin.py:190} INFO - [2025-01-02T18:55:39.849+0000] {dag.py:4180} INFO - Setting next_dagrun for example_weekday_branch_operator to 2025-01-01 00:00:00+00:00, run_after=2025-01-02 00:00:00+00:00
[2025-01-02T18:55:39.941+0000] {processor.py:208} INFO - Processing /home/airflow/.local/lib/python3.12/site-packages/airflow/example_dags/example_branch_day_of_week_operator.py took 1.281 seconds
[2025-01-02T18:56:10.220+0000] {processor.py:186} INFO - Started process (PID=166) to work on /home/airflow/.local/lib/python3.12/site-packages/airflow/example_dags/example_branch_day_of_week_operator.py
[2025-01-02T18:56:10.221+0000] {processor.py:914} INFO - Processing file /home/airflow/.local/lib/python3.12/site-packages/airflow/example_dags/example_branch_day_of_week_operator.py for tasks to queue
[2025-01-02T18:56:10.223+0000] {logging_mixin.py:190} INFO - [2025-01-02T18:56:10.223+0000] {dagbag.py:588} INFO - Filling up the DagBag from /home/airflow/.local/lib/python3.12/site-packages/airflow/example_dags/example_branch_day_of_week_operator.py
[2025-01-02T18:56:10.235+0000] {processor.py:925} INFO - DAG(s) 'example_weekday_branch_operator' retrieved from /home/airflow/.local/lib/python3.12/site-packages/airflow/example_dags/example_branch_day_of_week_operator.py
[2025-01-02T18:56:10.258+0000] {logging_mixin.py:190} INFO - [2025-01-02T18:56:10.257+0000] {dag.py:3239} INFO - Sync 1 DAGs
[2025-01-02T18:56:10.284+0000] {logging_mixin.py:190} INFO - [2025-01-02T18:56:10.283+0000] {dag.py:4180} INFO - Setting next_dagrun for example_weekday_branch_operator to 2025-01-01 00:00:00+00:00, run_after=2025-01-02 00:00:00+00:00
[2025-01-02T18:56:10.305+0000] {processor.py:208} INFO - Processing /home/airflow/.local/lib/python3.12/site-packages/airflow/example_dags/example_branch_day_of_week_operator.py took 0.092 seconds
[2025-01-02T18:56:40.550+0000] {processor.py:186} INFO - Started process (PID=229) to work on /home/airflow/.local/lib/python3.12/site-packages/airflow/example_dags/example_branch_day_of_week_operator.py
[2025-01-02T18:56:40.577+0000] {processor.py:914} INFO - Processing file /home/airflow/.local/lib/python3.12/site-packages/airflow/example_dags/example_branch_day_of_week_operator.py for tasks to queue
[2025-01-02T18:56:40.583+0000] {logging_mixin.py:190} INFO - [2025-01-02T18:56:40.582+0000] {dagbag.py:588} INFO - Filling up the DagBag from /home/airflow/.local/lib/python3.12/site-packages/airflow/example_dags/example_branch_day_of_week_operator.py
[2025-01-02T18:56:40.599+0000] {processor.py:925} INFO - DAG(s) 'example_weekday_branch_operator' retrieved from /home/airflow/.local/lib/python3.12/site-packages/airflow/example_dags/example_branch_day_of_week_operator.py
[2025-01-02T18:56:40.627+0000] {logging_mixin.py:190} INFO - [2025-01-02T18:56:40.626+0000] {dag.py:3239} INFO - Sync 1 DAGs
[2025-01-02T18:56:40.654+0000] {logging_mixin.py:190} INFO - [2025-01-02T18:56:40.654+0000] {dag.py:4180} INFO - Setting next_dagrun for example_weekday_branch_operator to 2025-01-01 00:00:00+00:00, run_after=2025-01-02 00:00:00+00:00
[2025-01-02T18:56:40.672+0000] {processor.py:208} INFO - Processing /home/airflow/.local/lib/python3.12/site-packages/airflow/example_dags/example_branch_day_of_week_operator.py took 0.132 seconds
[2025-01-02T18:57:10.963+0000] {processor.py:186} INFO - Started process (PID=292) to work on /home/airflow/.local/lib/python3.12/site-packages/airflow/example_dags/example_branch_day_of_week_operator.py
[2025-01-02T18:57:10.964+0000] {processor.py:914} INFO - Processing file /home/airflow/.local/lib/python3.12/site-packages/airflow/example_dags/example_branch_day_of_week_operator.py for tasks to queue
[2025-01-02T18:57:10.967+0000] {logging_mixin.py:190} INFO - [2025-01-02T18:57:10.967+0000] {dagbag.py:588} INFO - Filling up the DagBag from /home/airflow/.local/lib/python3.12/site-packages/airflow/example_dags/example_branch_day_of_week_operator.py
[2025-01-02T18:57:10.983+0000] {processor.py:925} INFO - DAG(s) 'example_weekday_branch_operator' retrieved from /home/airflow/.local/lib/python3.12/site-packages/airflow/example_dags/example_branch_day_of_week_operator.py
[2025-01-02T18:57:11.013+0000] {logging_mixin.py:190} INFO - [2025-01-02T18:57:11.013+0000] {dag.py:3239} INFO - Sync 1 DAGs
[2025-01-02T18:57:11.051+0000] {logging_mixin.py:190} INFO - [2025-01-02T18:57:11.051+0000] {dag.py:4180} INFO - Setting next_dagrun for example_weekday_branch_operator to 2025-01-01 00:00:00+00:00, run_after=2025-01-02 00:00:00+00:00
[2025-01-02T18:57:11.075+0000] {processor.py:208} INFO - Processing /home/airflow/.local/lib/python3.12/site-packages/airflow/example_dags/example_branch_day_of_week_operator.py took 0.122 seconds
[2025-01-02T18:57:41.767+0000] {processor.py:186} INFO - Started process (PID=354) to work on /home/airflow/.local/lib/python3.12/site-packages/airflow/example_dags/example_branch_day_of_week_operator.py
[2025-01-02T18:57:41.784+0000] {processor.py:914} INFO - Processing file /home/airflow/.local/lib/python3.12/site-packages/airflow/example_dags/example_branch_day_of_week_operator.py for tasks to queue
[2025-01-02T18:57:41.788+0000] {logging_mixin.py:190} INFO - [2025-01-02T18:57:41.787+0000] {dagbag.py:588} INFO - Filling up the DagBag from /home/airflow/.local/lib/python3.12/site-packages/airflow/example_dags/example_branch_day_of_week_operator.py
[2025-01-02T18:57:41.799+0000] {processor.py:925} INFO - DAG(s) 'example_weekday_branch_operator' retrieved from /home/airflow/.local/lib/python3.12/site-packages/airflow/example_dags/example_branch_day_of_week_operator.py
[2025-01-02T18:57:41.822+0000] {logging_mixin.py:190} INFO - [2025-01-02T18:57:41.821+0000] {dag.py:3239} INFO - Sync 1 DAGs
[2025-01-02T18:57:41.848+0000] {logging_mixin.py:190} INFO - [2025-01-02T18:57:41.848+0000] {dag.py:4180} INFO - Setting next_dagrun for example_weekday_branch_operator to 2025-01-01 00:00:00+00:00, run_after=2025-01-02 00:00:00+00:00
[2025-01-02T18:57:41.867+0000] {processor.py:208} INFO - Processing /home/airflow/.local/lib/python3.12/site-packages/airflow/example_dags/example_branch_day_of_week_operator.py took 0.107 seconds
[2025-01-02T19:00:18.553+0000] {processor.py:186} INFO - Started process (PID=93) to work on /home/airflow/.local/lib/python3.12/site-packages/airflow/example_dags/example_branch_day_of_week_operator.py
[2025-01-02T19:00:18.556+0000] {processor.py:914} INFO - Processing file /home/airflow/.local/lib/python3.12/site-packages/airflow/example_dags/example_branch_day_of_week_operator.py for tasks to queue
[2025-01-02T19:00:18.560+0000] {logging_mixin.py:190} INFO - [2025-01-02T19:00:18.559+0000] {dagbag.py:588} INFO - Filling up the DagBag from /home/airflow/.local/lib/python3.12/site-packages/airflow/example_dags/example_branch_day_of_week_operator.py
[2025-01-02T19:00:18.590+0000] {processor.py:925} INFO - DAG(s) 'example_weekday_branch_operator' retrieved from /home/airflow/.local/lib/python3.12/site-packages/airflow/example_dags/example_branch_day_of_week_operator.py
[2025-01-02T19:00:18.642+0000] {logging_mixin.py:190} INFO - [2025-01-02T19:00:18.642+0000] {dag.py:3239} INFO - Sync 1 DAGs
[2025-01-02T19:00:18.708+0000] {logging_mixin.py:190} INFO - [2025-01-02T19:00:18.708+0000] {dag.py:4180} INFO - Setting next_dagrun for example_weekday_branch_operator to 2025-01-01 00:00:00+00:00, run_after=2025-01-02 00:00:00+00:00
[2025-01-02T19:00:18.752+0000] {processor.py:208} INFO - Processing /home/airflow/.local/lib/python3.12/site-packages/airflow/example_dags/example_branch_day_of_week_operator.py took 0.214 seconds
[2025-01-02T19:00:49.654+0000] {processor.py:186} INFO - Started process (PID=155) to work on /home/airflow/.local/lib/python3.12/site-packages/airflow/example_dags/example_branch_day_of_week_operator.py
[2025-01-02T19:00:49.657+0000] {processor.py:914} INFO - Processing file /home/airflow/.local/lib/python3.12/site-packages/airflow/example_dags/example_branch_day_of_week_operator.py for tasks to queue
[2025-01-02T19:00:49.660+0000] {logging_mixin.py:190} INFO - [2025-01-02T19:00:49.660+0000] {dagbag.py:588} INFO - Filling up the DagBag from /home/airflow/.local/lib/python3.12/site-packages/airflow/example_dags/example_branch_day_of_week_operator.py
[2025-01-02T19:00:49.675+0000] {processor.py:925} INFO - DAG(s) 'example_weekday_branch_operator' retrieved from /home/airflow/.local/lib/python3.12/site-packages/airflow/example_dags/example_branch_day_of_week_operator.py
[2025-01-02T19:00:49.702+0000] {logging_mixin.py:190} INFO - [2025-01-02T19:00:49.702+0000] {dag.py:3239} INFO - Sync 1 DAGs
[2025-01-02T19:00:49.735+0000] {logging_mixin.py:190} INFO - [2025-01-02T19:00:49.735+0000] {dag.py:4180} INFO - Setting next_dagrun for example_weekday_branch_operator to 2025-01-01 00:00:00+00:00, run_after=2025-01-02 00:00:00+00:00
[2025-01-02T19:00:49.757+0000] {processor.py:208} INFO - Processing /home/airflow/.local/lib/python3.12/site-packages/airflow/example_dags/example_branch_day_of_week_operator.py took 0.112 seconds
[2025-01-02T19:01:20.810+0000] {processor.py:186} INFO - Started process (PID=218) to work on /home/airflow/.local/lib/python3.12/site-packages/airflow/example_dags/example_branch_day_of_week_operator.py
[2025-01-02T19:01:20.811+0000] {processor.py:914} INFO - Processing file /home/airflow/.local/lib/python3.12/site-packages/airflow/example_dags/example_branch_day_of_week_operator.py for tasks to queue
[2025-01-02T19:01:20.814+0000] {logging_mixin.py:190} INFO - [2025-01-02T19:01:20.814+0000] {dagbag.py:588} INFO - Filling up the DagBag from /home/airflow/.local/lib/python3.12/site-packages/airflow/example_dags/example_branch_day_of_week_operator.py
[2025-01-02T19:01:20.829+0000] {processor.py:925} INFO - DAG(s) 'example_weekday_branch_operator' retrieved from /home/airflow/.local/lib/python3.12/site-packages/airflow/example_dags/example_branch_day_of_week_operator.py
[2025-01-02T19:01:20.857+0000] {logging_mixin.py:190} INFO - [2025-01-02T19:01:20.857+0000] {dag.py:3239} INFO - Sync 1 DAGs
[2025-01-02T19:01:20.892+0000] {logging_mixin.py:190} INFO - [2025-01-02T19:01:20.891+0000] {dag.py:4180} INFO - Setting next_dagrun for example_weekday_branch_operator to 2025-01-01 00:00:00+00:00, run_after=2025-01-02 00:00:00+00:00
[2025-01-02T19:01:20.916+0000] {processor.py:208} INFO - Processing /home/airflow/.local/lib/python3.12/site-packages/airflow/example_dags/example_branch_day_of_week_operator.py took 0.115 seconds
[2025-01-02T19:01:52.192+0000] {processor.py:186} INFO - Started process (PID=281) to work on /home/airflow/.local/lib/python3.12/site-packages/airflow/example_dags/example_branch_day_of_week_operator.py
[2025-01-02T19:01:52.219+0000] {processor.py:914} INFO - Processing file /home/airflow/.local/lib/python3.12/site-packages/airflow/example_dags/example_branch_day_of_week_operator.py for tasks to queue
[2025-01-02T19:01:52.222+0000] {logging_mixin.py:190} INFO - [2025-01-02T19:01:52.222+0000] {dagbag.py:588} INFO - Filling up the DagBag from /home/airflow/.local/lib/python3.12/site-packages/airflow/example_dags/example_branch_day_of_week_operator.py
[2025-01-02T19:01:52.237+0000] {processor.py:925} INFO - DAG(s) 'example_weekday_branch_operator' retrieved from /home/airflow/.local/lib/python3.12/site-packages/airflow/example_dags/example_branch_day_of_week_operator.py
[2025-01-02T19:01:52.266+0000] {logging_mixin.py:190} INFO - [2025-01-02T19:01:52.266+0000] {dag.py:3239} INFO - Sync 1 DAGs
[2025-01-02T19:01:52.301+0000] {logging_mixin.py:190} INFO - [2025-01-02T19:01:52.301+0000] {dag.py:4180} INFO - Setting next_dagrun for example_weekday_branch_operator to 2025-01-01 00:00:00+00:00, run_after=2025-01-02 00:00:00+00:00
[2025-01-02T19:01:52.324+0000] {processor.py:208} INFO - Processing /home/airflow/.local/lib/python3.12/site-packages/airflow/example_dags/example_branch_day_of_week_operator.py took 0.140 seconds
[2025-01-02T19:02:23.875+0000] {processor.py:186} INFO - Started process (PID=344) to work on /home/airflow/.local/lib/python3.12/site-packages/airflow/example_dags/example_branch_day_of_week_operator.py
[2025-01-02T19:02:23.876+0000] {processor.py:914} INFO - Processing file /home/airflow/.local/lib/python3.12/site-packages/airflow/example_dags/example_branch_day_of_week_operator.py for tasks to queue
[2025-01-02T19:02:23.879+0000] {logging_mixin.py:190} INFO - [2025-01-02T19:02:23.879+0000] {dagbag.py:588} INFO - Filling up the DagBag from /home/airflow/.local/lib/python3.12/site-packages/airflow/example_dags/example_branch_day_of_week_operator.py
[2025-01-02T19:02:23.894+0000] {processor.py:925} INFO - DAG(s) 'example_weekday_branch_operator' retrieved from /home/airflow/.local/lib/python3.12/site-packages/airflow/example_dags/example_branch_day_of_week_operator.py
[2025-01-02T19:02:23.922+0000] {logging_mixin.py:190} INFO - [2025-01-02T19:02:23.922+0000] {dag.py:3239} INFO - Sync 1 DAGs
[2025-01-02T19:02:23.957+0000] {logging_mixin.py:190} INFO - [2025-01-02T19:02:23.957+0000] {dag.py:4180} INFO - Setting next_dagrun for example_weekday_branch_operator to 2025-01-01 00:00:00+00:00, run_after=2025-01-02 00:00:00+00:00
[2025-01-02T19:02:23.980+0000] {processor.py:208} INFO - Processing /home/airflow/.local/lib/python3.12/site-packages/airflow/example_dags/example_branch_day_of_week_operator.py took 0.114 seconds
[2025-01-02T19:02:55.268+0000] {processor.py:186} INFO - Started process (PID=413) to work on /home/airflow/.local/lib/python3.12/site-packages/airflow/example_dags/example_branch_day_of_week_operator.py
[2025-01-02T19:02:55.270+0000] {processor.py:914} INFO - Processing file /home/airflow/.local/lib/python3.12/site-packages/airflow/example_dags/example_branch_day_of_week_operator.py for tasks to queue
[2025-01-02T19:02:55.274+0000] {logging_mixin.py:190} INFO - [2025-01-02T19:02:55.273+0000] {dagbag.py:588} INFO - Filling up the DagBag from /home/airflow/.local/lib/python3.12/site-packages/airflow/example_dags/example_branch_day_of_week_operator.py
[2025-01-02T19:02:55.289+0000] {processor.py:925} INFO - DAG(s) 'example_weekday_branch_operator' retrieved from /home/airflow/.local/lib/python3.12/site-packages/airflow/example_dags/example_branch_day_of_week_operator.py
[2025-01-02T19:02:55.321+0000] {logging_mixin.py:190} INFO - [2025-01-02T19:02:55.318+0000] {dag.py:3239} INFO - Sync 1 DAGs
[2025-01-02T19:02:55.367+0000] {logging_mixin.py:190} INFO - [2025-01-02T19:02:55.367+0000] {dag.py:4180} INFO - Setting next_dagrun for example_weekday_branch_operator to 2025-01-01 00:00:00+00:00, run_after=2025-01-02 00:00:00+00:00
[2025-01-02T19:02:55.391+0000] {processor.py:208} INFO - Processing /home/airflow/.local/lib/python3.12/site-packages/airflow/example_dags/example_branch_day_of_week_operator.py took 0.132 seconds
[2025-01-02T19:03:27.289+0000] {processor.py:186} INFO - Started process (PID=476) to work on /home/airflow/.local/lib/python3.12/site-packages/airflow/example_dags/example_branch_day_of_week_operator.py
[2025-01-02T19:03:27.290+0000] {processor.py:914} INFO - Processing file /home/airflow/.local/lib/python3.12/site-packages/airflow/example_dags/example_branch_day_of_week_operator.py for tasks to queue
[2025-01-02T19:03:27.294+0000] {logging_mixin.py:190} INFO - [2025-01-02T19:03:27.293+0000] {dagbag.py:588} INFO - Filling up the DagBag from /home/airflow/.local/lib/python3.12/site-packages/airflow/example_dags/example_branch_day_of_week_operator.py
[2025-01-02T19:03:27.308+0000] {processor.py:925} INFO - DAG(s) 'example_weekday_branch_operator' retrieved from /home/airflow/.local/lib/python3.12/site-packages/airflow/example_dags/example_branch_day_of_week_operator.py
[2025-01-02T19:03:27.338+0000] {logging_mixin.py:190} INFO - [2025-01-02T19:03:27.338+0000] {dag.py:3239} INFO - Sync 1 DAGs
[2025-01-02T19:03:27.375+0000] {logging_mixin.py:190} INFO - [2025-01-02T19:03:27.375+0000] {dag.py:4180} INFO - Setting next_dagrun for example_weekday_branch_operator to 2025-01-01 00:00:00+00:00, run_after=2025-01-02 00:00:00+00:00
[2025-01-02T19:03:27.398+0000] {processor.py:208} INFO - Processing /home/airflow/.local/lib/python3.12/site-packages/airflow/example_dags/example_branch_day_of_week_operator.py took 0.118 seconds
[2025-01-02T19:04:01.377+0000] {processor.py:186} INFO - Started process (PID=539) to work on /home/airflow/.local/lib/python3.12/site-packages/airflow/example_dags/example_branch_day_of_week_operator.py
[2025-01-02T19:04:01.391+0000] {processor.py:914} INFO - Processing file /home/airflow/.local/lib/python3.12/site-packages/airflow/example_dags/example_branch_day_of_week_operator.py for tasks to queue
[2025-01-02T19:04:01.394+0000] {logging_mixin.py:190} INFO - [2025-01-02T19:04:01.394+0000] {dagbag.py:588} INFO - Filling up the DagBag from /home/airflow/.local/lib/python3.12/site-packages/airflow/example_dags/example_branch_day_of_week_operator.py
[2025-01-02T19:04:01.447+0000] {processor.py:925} INFO - DAG(s) 'example_weekday_branch_operator' retrieved from /home/airflow/.local/lib/python3.12/site-packages/airflow/example_dags/example_branch_day_of_week_operator.py
[2025-01-02T19:04:01.535+0000] {logging_mixin.py:190} INFO - [2025-01-02T19:04:01.530+0000] {dag.py:3239} INFO - Sync 1 DAGs
[2025-01-02T19:04:01.643+0000] {logging_mixin.py:190} INFO - [2025-01-02T19:04:01.643+0000] {dag.py:4180} INFO - Setting next_dagrun for example_weekday_branch_operator to 2025-01-01 00:00:00+00:00, run_after=2025-01-02 00:00:00+00:00
[2025-01-02T19:04:01.726+0000] {processor.py:208} INFO - Processing /home/airflow/.local/lib/python3.12/site-packages/airflow/example_dags/example_branch_day_of_week_operator.py took 0.374 seconds
[2025-01-02T19:04:31.921+0000] {processor.py:186} INFO - Started process (PID=601) to work on /home/airflow/.local/lib/python3.12/site-packages/airflow/example_dags/example_branch_day_of_week_operator.py
[2025-01-02T19:04:31.922+0000] {processor.py:914} INFO - Processing file /home/airflow/.local/lib/python3.12/site-packages/airflow/example_dags/example_branch_day_of_week_operator.py for tasks to queue
[2025-01-02T19:04:31.925+0000] {logging_mixin.py:190} INFO - [2025-01-02T19:04:31.925+0000] {dagbag.py:588} INFO - Filling up the DagBag from /home/airflow/.local/lib/python3.12/site-packages/airflow/example_dags/example_branch_day_of_week_operator.py
[2025-01-02T19:04:31.959+0000] {processor.py:925} INFO - DAG(s) 'example_weekday_branch_operator' retrieved from /home/airflow/.local/lib/python3.12/site-packages/airflow/example_dags/example_branch_day_of_week_operator.py
[2025-01-02T19:04:31.991+0000] {logging_mixin.py:190} INFO - [2025-01-02T19:04:31.991+0000] {dag.py:3239} INFO - Sync 1 DAGs
[2025-01-02T19:04:32.038+0000] {logging_mixin.py:190} INFO - [2025-01-02T19:04:32.037+0000] {dag.py:4180} INFO - Setting next_dagrun for example_weekday_branch_operator to 2025-01-01 00:00:00+00:00, run_after=2025-01-02 00:00:00+00:00
[2025-01-02T19:04:32.077+0000] {processor.py:208} INFO - Processing /home/airflow/.local/lib/python3.12/site-packages/airflow/example_dags/example_branch_day_of_week_operator.py took 0.166 seconds
