[2025-01-02T18:55:36.100+0000] {processor.py:186} INFO - Started process (PID=103) to work on /home/airflow/.local/lib/python3.12/site-packages/airflow/example_dags/example_outlet_event_extra.py
[2025-01-02T18:55:36.106+0000] {processor.py:914} INFO - Processing file /home/airflow/.local/lib/python3.12/site-packages/airflow/example_dags/example_outlet_event_extra.py for tasks to queue
[2025-01-02T18:55:36.121+0000] {logging_mixin.py:190} INFO - [2025-01-02T18:55:36.115+0000] {dagbag.py:588} INFO - Filling up the DagBag from /home/airflow/.local/lib/python3.12/site-packages/airflow/example_dags/example_outlet_event_extra.py
[2025-01-02T18:55:40.426+0000] {processor.py:925} INFO - DAG(s) 'dataset_with_extra_by_context', 'dataset_with_extra_from_classic_operator', 'dataset_with_extra_by_yield' retrieved from /home/airflow/.local/lib/python3.12/site-packages/airflow/example_dags/example_outlet_event_extra.py
[2025-01-02T18:55:41.143+0000] {logging_mixin.py:190} INFO - [2025-01-02T18:55:41.141+0000] {override.py:1911} INFO - Created Permission View: can edit on DAG:dataset_with_extra_by_context
[2025-01-02T18:55:41.189+0000] {logging_mixin.py:190} INFO - [2025-01-02T18:55:41.188+0000] {override.py:1911} INFO - Created Permission View: can delete on DAG:dataset_with_extra_by_context
[2025-01-02T18:55:41.215+0000] {logging_mixin.py:190} INFO - [2025-01-02T18:55:41.214+0000] {override.py:1911} INFO - Created Permission View: can read on DAG:dataset_with_extra_by_context
[2025-01-02T18:55:41.247+0000] {logging_mixin.py:190} INFO - [2025-01-02T18:55:41.246+0000] {override.py:1911} INFO - Created Permission View: can create on DAG Run:dataset_with_extra_by_context
[2025-01-02T18:55:41.279+0000] {logging_mixin.py:190} INFO - [2025-01-02T18:55:41.279+0000] {override.py:1911} INFO - Created Permission View: can delete on DAG Run:dataset_with_extra_by_context
[2025-01-02T18:55:41.311+0000] {logging_mixin.py:190} INFO - [2025-01-02T18:55:41.310+0000] {override.py:1911} INFO - Created Permission View: menu access on DAG Run:dataset_with_extra_by_context
[2025-01-02T18:55:41.339+0000] {logging_mixin.py:190} INFO - [2025-01-02T18:55:41.339+0000] {override.py:1911} INFO - Created Permission View: can read on DAG Run:dataset_with_extra_by_context
[2025-01-02T18:55:41.405+0000] {logging_mixin.py:190} INFO - [2025-01-02T18:55:41.404+0000] {override.py:1911} INFO - Created Permission View: can edit on DAG:dataset_with_extra_from_classic_operator
[2025-01-02T18:55:41.436+0000] {logging_mixin.py:190} INFO - [2025-01-02T18:55:41.436+0000] {override.py:1911} INFO - Created Permission View: can delete on DAG:dataset_with_extra_from_classic_operator
[2025-01-02T18:55:41.456+0000] {logging_mixin.py:190} INFO - [2025-01-02T18:55:41.456+0000] {override.py:1911} INFO - Created Permission View: can read on DAG:dataset_with_extra_from_classic_operator
[2025-01-02T18:55:41.509+0000] {logging_mixin.py:190} INFO - [2025-01-02T18:55:41.509+0000] {override.py:1911} INFO - Created Permission View: can create on DAG Run:dataset_with_extra_from_classic_operator
[2025-01-02T18:55:41.598+0000] {logging_mixin.py:190} INFO - [2025-01-02T18:55:41.597+0000] {override.py:1911} INFO - Created Permission View: can delete on DAG Run:dataset_with_extra_from_classic_operator
[2025-01-02T18:55:41.649+0000] {logging_mixin.py:190} INFO - [2025-01-02T18:55:41.648+0000] {override.py:1911} INFO - Created Permission View: menu access on DAG Run:dataset_with_extra_from_classic_operator
[2025-01-02T18:55:41.695+0000] {logging_mixin.py:190} INFO - [2025-01-02T18:55:41.695+0000] {override.py:1911} INFO - Created Permission View: can read on DAG Run:dataset_with_extra_from_classic_operator
[2025-01-02T18:55:41.762+0000] {logging_mixin.py:190} INFO - [2025-01-02T18:55:41.761+0000] {override.py:1911} INFO - Created Permission View: can edit on DAG:dataset_with_extra_by_yield
[2025-01-02T18:55:41.796+0000] {logging_mixin.py:190} INFO - [2025-01-02T18:55:41.796+0000] {override.py:1911} INFO - Created Permission View: can delete on DAG:dataset_with_extra_by_yield
[2025-01-02T18:55:41.834+0000] {logging_mixin.py:190} INFO - [2025-01-02T18:55:41.833+0000] {override.py:1911} INFO - Created Permission View: can read on DAG:dataset_with_extra_by_yield
[2025-01-02T18:55:41.851+0000] {logging_mixin.py:190} INFO - [2025-01-02T18:55:41.850+0000] {override.py:1911} INFO - Created Permission View: can create on DAG Run:dataset_with_extra_by_yield
[2025-01-02T18:55:41.888+0000] {logging_mixin.py:190} INFO - [2025-01-02T18:55:41.888+0000] {override.py:1911} INFO - Created Permission View: can delete on DAG Run:dataset_with_extra_by_yield
[2025-01-02T18:55:41.922+0000] {logging_mixin.py:190} INFO - [2025-01-02T18:55:41.921+0000] {override.py:1911} INFO - Created Permission View: menu access on DAG Run:dataset_with_extra_by_yield
[2025-01-02T18:55:41.953+0000] {logging_mixin.py:190} INFO - [2025-01-02T18:55:41.953+0000] {override.py:1911} INFO - Created Permission View: can read on DAG Run:dataset_with_extra_by_yield
[2025-01-02T18:55:41.954+0000] {logging_mixin.py:190} INFO - [2025-01-02T18:55:41.954+0000] {dag.py:3239} INFO - Sync 3 DAGs
[2025-01-02T18:55:42.024+0000] {logging_mixin.py:190} INFO - [2025-01-02T18:55:42.023+0000] {dag.py:3262} INFO - Creating ORM DAG for dataset_with_extra_from_classic_operator
[2025-01-02T18:55:42.030+0000] {logging_mixin.py:190} INFO - [2025-01-02T18:55:42.029+0000] {dag.py:3262} INFO - Creating ORM DAG for dataset_with_extra_by_context
[2025-01-02T18:55:42.031+0000] {logging_mixin.py:190} INFO - [2025-01-02T18:55:42.030+0000] {dag.py:3262} INFO - Creating ORM DAG for dataset_with_extra_by_yield
[2025-01-02T18:55:42.105+0000] {logging_mixin.py:190} INFO - [2025-01-02T18:55:42.104+0000] {dag.py:4180} INFO - Setting next_dagrun for dataset_with_extra_by_context to 2025-01-01 00:00:00+00:00, run_after=2025-01-02 00:00:00+00:00
[2025-01-02T18:55:42.116+0000] {logging_mixin.py:190} INFO - [2025-01-02T18:55:42.115+0000] {dag.py:4180} INFO - Setting next_dagrun for dataset_with_extra_by_yield to 2025-01-01 00:00:00+00:00, run_after=2025-01-02 00:00:00+00:00
[2025-01-02T18:55:42.131+0000] {logging_mixin.py:190} INFO - [2025-01-02T18:55:42.131+0000] {dag.py:4180} INFO - Setting next_dagrun for dataset_with_extra_from_classic_operator to 2025-01-01 00:00:00+00:00, run_after=2025-01-02 00:00:00+00:00
[2025-01-02T18:55:42.296+0000] {processor.py:208} INFO - Processing /home/airflow/.local/lib/python3.12/site-packages/airflow/example_dags/example_outlet_event_extra.py took 6.245 seconds
[2025-01-02T18:56:13.356+0000] {processor.py:186} INFO - Started process (PID=168) to work on /home/airflow/.local/lib/python3.12/site-packages/airflow/example_dags/example_outlet_event_extra.py
[2025-01-02T18:56:13.361+0000] {processor.py:914} INFO - Processing file /home/airflow/.local/lib/python3.12/site-packages/airflow/example_dags/example_outlet_event_extra.py for tasks to queue
[2025-01-02T18:56:13.369+0000] {logging_mixin.py:190} INFO - [2025-01-02T18:56:13.364+0000] {dagbag.py:588} INFO - Filling up the DagBag from /home/airflow/.local/lib/python3.12/site-packages/airflow/example_dags/example_outlet_event_extra.py
[2025-01-02T18:56:14.097+0000] {processor.py:925} INFO - DAG(s) 'dataset_with_extra_from_classic_operator', 'dataset_with_extra_by_yield', 'dataset_with_extra_by_context' retrieved from /home/airflow/.local/lib/python3.12/site-packages/airflow/example_dags/example_outlet_event_extra.py
[2025-01-02T18:56:14.122+0000] {logging_mixin.py:190} INFO - [2025-01-02T18:56:14.122+0000] {dag.py:3239} INFO - Sync 3 DAGs
[2025-01-02T18:56:14.146+0000] {logging_mixin.py:190} INFO - [2025-01-02T18:56:14.146+0000] {dag.py:4180} INFO - Setting next_dagrun for dataset_with_extra_by_context to 2025-01-01 00:00:00+00:00, run_after=2025-01-02 00:00:00+00:00
[2025-01-02T18:56:14.151+0000] {logging_mixin.py:190} INFO - [2025-01-02T18:56:14.151+0000] {dag.py:4180} INFO - Setting next_dagrun for dataset_with_extra_by_yield to 2025-01-01 00:00:00+00:00, run_after=2025-01-02 00:00:00+00:00
[2025-01-02T18:56:14.154+0000] {logging_mixin.py:190} INFO - [2025-01-02T18:56:14.154+0000] {dag.py:4180} INFO - Setting next_dagrun for dataset_with_extra_from_classic_operator to 2025-01-01 00:00:00+00:00, run_after=2025-01-02 00:00:00+00:00
[2025-01-02T18:56:14.174+0000] {processor.py:208} INFO - Processing /home/airflow/.local/lib/python3.12/site-packages/airflow/example_dags/example_outlet_event_extra.py took 0.826 seconds
[2025-01-02T18:56:44.831+0000] {processor.py:186} INFO - Started process (PID=232) to work on /home/airflow/.local/lib/python3.12/site-packages/airflow/example_dags/example_outlet_event_extra.py
[2025-01-02T18:56:44.833+0000] {processor.py:914} INFO - Processing file /home/airflow/.local/lib/python3.12/site-packages/airflow/example_dags/example_outlet_event_extra.py for tasks to queue
[2025-01-02T18:56:44.841+0000] {logging_mixin.py:190} INFO - [2025-01-02T18:56:44.841+0000] {dagbag.py:588} INFO - Filling up the DagBag from /home/airflow/.local/lib/python3.12/site-packages/airflow/example_dags/example_outlet_event_extra.py
[2025-01-02T18:56:45.575+0000] {processor.py:925} INFO - DAG(s) 'dataset_with_extra_by_yield', 'dataset_with_extra_by_context', 'dataset_with_extra_from_classic_operator' retrieved from /home/airflow/.local/lib/python3.12/site-packages/airflow/example_dags/example_outlet_event_extra.py
[2025-01-02T18:56:45.601+0000] {logging_mixin.py:190} INFO - [2025-01-02T18:56:45.600+0000] {dag.py:3239} INFO - Sync 3 DAGs
[2025-01-02T18:56:45.625+0000] {logging_mixin.py:190} INFO - [2025-01-02T18:56:45.625+0000] {dag.py:4180} INFO - Setting next_dagrun for dataset_with_extra_by_context to 2025-01-01 00:00:00+00:00, run_after=2025-01-02 00:00:00+00:00
[2025-01-02T18:56:45.630+0000] {logging_mixin.py:190} INFO - [2025-01-02T18:56:45.630+0000] {dag.py:4180} INFO - Setting next_dagrun for dataset_with_extra_by_yield to 2025-01-01 00:00:00+00:00, run_after=2025-01-02 00:00:00+00:00
[2025-01-02T18:56:45.633+0000] {logging_mixin.py:190} INFO - [2025-01-02T18:56:45.633+0000] {dag.py:4180} INFO - Setting next_dagrun for dataset_with_extra_from_classic_operator to 2025-01-01 00:00:00+00:00, run_after=2025-01-02 00:00:00+00:00
[2025-01-02T18:56:45.652+0000] {processor.py:208} INFO - Processing /home/airflow/.local/lib/python3.12/site-packages/airflow/example_dags/example_outlet_event_extra.py took 0.829 seconds
[2025-01-02T18:57:16.298+0000] {processor.py:186} INFO - Started process (PID=297) to work on /home/airflow/.local/lib/python3.12/site-packages/airflow/example_dags/example_outlet_event_extra.py
[2025-01-02T18:57:16.299+0000] {processor.py:914} INFO - Processing file /home/airflow/.local/lib/python3.12/site-packages/airflow/example_dags/example_outlet_event_extra.py for tasks to queue
[2025-01-02T18:57:16.303+0000] {logging_mixin.py:190} INFO - [2025-01-02T18:57:16.303+0000] {dagbag.py:588} INFO - Filling up the DagBag from /home/airflow/.local/lib/python3.12/site-packages/airflow/example_dags/example_outlet_event_extra.py
[2025-01-02T18:57:17.121+0000] {processor.py:925} INFO - DAG(s) 'dataset_with_extra_by_yield', 'dataset_with_extra_by_context', 'dataset_with_extra_from_classic_operator' retrieved from /home/airflow/.local/lib/python3.12/site-packages/airflow/example_dags/example_outlet_event_extra.py
[2025-01-02T18:57:17.147+0000] {logging_mixin.py:190} INFO - [2025-01-02T18:57:17.147+0000] {dag.py:3239} INFO - Sync 3 DAGs
[2025-01-02T18:57:17.171+0000] {logging_mixin.py:190} INFO - [2025-01-02T18:57:17.171+0000] {dag.py:4180} INFO - Setting next_dagrun for dataset_with_extra_by_context to 2025-01-01 00:00:00+00:00, run_after=2025-01-02 00:00:00+00:00
[2025-01-02T18:57:17.176+0000] {logging_mixin.py:190} INFO - [2025-01-02T18:57:17.176+0000] {dag.py:4180} INFO - Setting next_dagrun for dataset_with_extra_by_yield to 2025-01-01 00:00:00+00:00, run_after=2025-01-02 00:00:00+00:00
[2025-01-02T18:57:17.179+0000] {logging_mixin.py:190} INFO - [2025-01-02T18:57:17.179+0000] {dag.py:4180} INFO - Setting next_dagrun for dataset_with_extra_from_classic_operator to 2025-01-01 00:00:00+00:00, run_after=2025-01-02 00:00:00+00:00
[2025-01-02T18:57:17.199+0000] {processor.py:208} INFO - Processing /home/airflow/.local/lib/python3.12/site-packages/airflow/example_dags/example_outlet_event_extra.py took 0.909 seconds
[2025-01-02T19:00:18.149+0000] {processor.py:186} INFO - Started process (PID=92) to work on /home/airflow/.local/lib/python3.12/site-packages/airflow/example_dags/example_outlet_event_extra.py
[2025-01-02T19:00:18.176+0000] {processor.py:914} INFO - Processing file /home/airflow/.local/lib/python3.12/site-packages/airflow/example_dags/example_outlet_event_extra.py for tasks to queue
[2025-01-02T19:00:18.180+0000] {logging_mixin.py:190} INFO - [2025-01-02T19:00:18.180+0000] {dagbag.py:588} INFO - Filling up the DagBag from /home/airflow/.local/lib/python3.12/site-packages/airflow/example_dags/example_outlet_event_extra.py
[2025-01-02T19:00:19.854+0000] {processor.py:925} INFO - DAG(s) 'dataset_with_extra_by_yield', 'dataset_with_extra_from_classic_operator', 'dataset_with_extra_by_context' retrieved from /home/airflow/.local/lib/python3.12/site-packages/airflow/example_dags/example_outlet_event_extra.py
[2025-01-02T19:00:19.948+0000] {logging_mixin.py:190} INFO - [2025-01-02T19:00:19.947+0000] {dag.py:3239} INFO - Sync 3 DAGs
[2025-01-02T19:00:19.990+0000] {logging_mixin.py:190} INFO - [2025-01-02T19:00:19.990+0000] {dag.py:4180} INFO - Setting next_dagrun for dataset_with_extra_by_context to 2025-01-01 00:00:00+00:00, run_after=2025-01-02 00:00:00+00:00
[2025-01-02T19:00:20.011+0000] {logging_mixin.py:190} INFO - [2025-01-02T19:00:20.011+0000] {dag.py:4180} INFO - Setting next_dagrun for dataset_with_extra_by_yield to 2025-01-01 00:00:00+00:00, run_after=2025-01-02 00:00:00+00:00
[2025-01-02T19:00:20.019+0000] {logging_mixin.py:190} INFO - [2025-01-02T19:00:20.018+0000] {dag.py:4180} INFO - Setting next_dagrun for dataset_with_extra_from_classic_operator to 2025-01-01 00:00:00+00:00, run_after=2025-01-02 00:00:00+00:00
[2025-01-02T19:00:20.084+0000] {processor.py:208} INFO - Processing /home/airflow/.local/lib/python3.12/site-packages/airflow/example_dags/example_outlet_event_extra.py took 1.955 seconds
[2025-01-02T19:00:51.047+0000] {processor.py:186} INFO - Started process (PID=160) to work on /home/airflow/.local/lib/python3.12/site-packages/airflow/example_dags/example_outlet_event_extra.py
[2025-01-02T19:00:51.049+0000] {processor.py:914} INFO - Processing file /home/airflow/.local/lib/python3.12/site-packages/airflow/example_dags/example_outlet_event_extra.py for tasks to queue
[2025-01-02T19:00:51.052+0000] {logging_mixin.py:190} INFO - [2025-01-02T19:00:51.052+0000] {dagbag.py:588} INFO - Filling up the DagBag from /home/airflow/.local/lib/python3.12/site-packages/airflow/example_dags/example_outlet_event_extra.py
[2025-01-02T19:00:52.008+0000] {processor.py:925} INFO - DAG(s) 'dataset_with_extra_by_yield', 'dataset_with_extra_from_classic_operator', 'dataset_with_extra_by_context' retrieved from /home/airflow/.local/lib/python3.12/site-packages/airflow/example_dags/example_outlet_event_extra.py
[2025-01-02T19:00:52.059+0000] {logging_mixin.py:190} INFO - [2025-01-02T19:00:52.059+0000] {dag.py:3239} INFO - Sync 3 DAGs
[2025-01-02T19:00:52.099+0000] {logging_mixin.py:190} INFO - [2025-01-02T19:00:52.099+0000] {dag.py:4180} INFO - Setting next_dagrun for dataset_with_extra_by_context to 2025-01-01 00:00:00+00:00, run_after=2025-01-02 00:00:00+00:00
[2025-01-02T19:00:52.107+0000] {logging_mixin.py:190} INFO - [2025-01-02T19:00:52.107+0000] {dag.py:4180} INFO - Setting next_dagrun for dataset_with_extra_by_yield to 2025-01-01 00:00:00+00:00, run_after=2025-01-02 00:00:00+00:00
[2025-01-02T19:00:52.111+0000] {logging_mixin.py:190} INFO - [2025-01-02T19:00:52.111+0000] {dag.py:4180} INFO - Setting next_dagrun for dataset_with_extra_from_classic_operator to 2025-01-01 00:00:00+00:00, run_after=2025-01-02 00:00:00+00:00
[2025-01-02T19:00:52.139+0000] {processor.py:208} INFO - Processing /home/airflow/.local/lib/python3.12/site-packages/airflow/example_dags/example_outlet_event_extra.py took 1.102 seconds
[2025-01-02T19:01:22.326+0000] {processor.py:186} INFO - Started process (PID=224) to work on /home/airflow/.local/lib/python3.12/site-packages/airflow/example_dags/example_outlet_event_extra.py
[2025-01-02T19:01:22.328+0000] {processor.py:914} INFO - Processing file /home/airflow/.local/lib/python3.12/site-packages/airflow/example_dags/example_outlet_event_extra.py for tasks to queue
[2025-01-02T19:01:22.332+0000] {logging_mixin.py:190} INFO - [2025-01-02T19:01:22.331+0000] {dagbag.py:588} INFO - Filling up the DagBag from /home/airflow/.local/lib/python3.12/site-packages/airflow/example_dags/example_outlet_event_extra.py
[2025-01-02T19:01:23.224+0000] {processor.py:925} INFO - DAG(s) 'dataset_with_extra_by_yield', 'dataset_with_extra_from_classic_operator', 'dataset_with_extra_by_context' retrieved from /home/airflow/.local/lib/python3.12/site-packages/airflow/example_dags/example_outlet_event_extra.py
[2025-01-02T19:01:23.259+0000] {logging_mixin.py:190} INFO - [2025-01-02T19:01:23.259+0000] {dag.py:3239} INFO - Sync 3 DAGs
[2025-01-02T19:01:23.294+0000] {logging_mixin.py:190} INFO - [2025-01-02T19:01:23.294+0000] {dag.py:4180} INFO - Setting next_dagrun for dataset_with_extra_by_context to 2025-01-01 00:00:00+00:00, run_after=2025-01-02 00:00:00+00:00
[2025-01-02T19:01:23.301+0000] {logging_mixin.py:190} INFO - [2025-01-02T19:01:23.301+0000] {dag.py:4180} INFO - Setting next_dagrun for dataset_with_extra_by_yield to 2025-01-01 00:00:00+00:00, run_after=2025-01-02 00:00:00+00:00
[2025-01-02T19:01:23.305+0000] {logging_mixin.py:190} INFO - [2025-01-02T19:01:23.305+0000] {dag.py:4180} INFO - Setting next_dagrun for dataset_with_extra_from_classic_operator to 2025-01-01 00:00:00+00:00, run_after=2025-01-02 00:00:00+00:00
[2025-01-02T19:01:23.333+0000] {processor.py:208} INFO - Processing /home/airflow/.local/lib/python3.12/site-packages/airflow/example_dags/example_outlet_event_extra.py took 1.015 seconds
[2025-01-02T19:01:54.027+0000] {processor.py:186} INFO - Started process (PID=290) to work on /home/airflow/.local/lib/python3.12/site-packages/airflow/example_dags/example_outlet_event_extra.py
[2025-01-02T19:01:54.029+0000] {processor.py:914} INFO - Processing file /home/airflow/.local/lib/python3.12/site-packages/airflow/example_dags/example_outlet_event_extra.py for tasks to queue
[2025-01-02T19:01:54.033+0000] {logging_mixin.py:190} INFO - [2025-01-02T19:01:54.032+0000] {dagbag.py:588} INFO - Filling up the DagBag from /home/airflow/.local/lib/python3.12/site-packages/airflow/example_dags/example_outlet_event_extra.py
[2025-01-02T19:01:55.099+0000] {processor.py:925} INFO - DAG(s) 'dataset_with_extra_by_yield', 'dataset_with_extra_from_classic_operator', 'dataset_with_extra_by_context' retrieved from /home/airflow/.local/lib/python3.12/site-packages/airflow/example_dags/example_outlet_event_extra.py
[2025-01-02T19:01:55.132+0000] {logging_mixin.py:190} INFO - [2025-01-02T19:01:55.131+0000] {dag.py:3239} INFO - Sync 3 DAGs
[2025-01-02T19:01:55.171+0000] {logging_mixin.py:190} INFO - [2025-01-02T19:01:55.171+0000] {dag.py:4180} INFO - Setting next_dagrun for dataset_with_extra_by_context to 2025-01-01 00:00:00+00:00, run_after=2025-01-02 00:00:00+00:00
[2025-01-02T19:01:55.181+0000] {logging_mixin.py:190} INFO - [2025-01-02T19:01:55.180+0000] {dag.py:4180} INFO - Setting next_dagrun for dataset_with_extra_by_yield to 2025-01-01 00:00:00+00:00, run_after=2025-01-02 00:00:00+00:00
[2025-01-02T19:01:55.185+0000] {logging_mixin.py:190} INFO - [2025-01-02T19:01:55.185+0000] {dag.py:4180} INFO - Setting next_dagrun for dataset_with_extra_from_classic_operator to 2025-01-01 00:00:00+00:00, run_after=2025-01-02 00:00:00+00:00
[2025-01-02T19:01:55.213+0000] {processor.py:208} INFO - Processing /home/airflow/.local/lib/python3.12/site-packages/airflow/example_dags/example_outlet_event_extra.py took 1.194 seconds
[2025-01-02T19:02:25.307+0000] {processor.py:186} INFO - Started process (PID=365) to work on /home/airflow/.local/lib/python3.12/site-packages/airflow/example_dags/example_outlet_event_extra.py
[2025-01-02T19:02:25.308+0000] {processor.py:914} INFO - Processing file /home/airflow/.local/lib/python3.12/site-packages/airflow/example_dags/example_outlet_event_extra.py for tasks to queue
[2025-01-02T19:02:25.310+0000] {logging_mixin.py:190} INFO - [2025-01-02T19:02:25.310+0000] {dagbag.py:588} INFO - Filling up the DagBag from /home/airflow/.local/lib/python3.12/site-packages/airflow/example_dags/example_outlet_event_extra.py
[2025-01-02T19:02:25.925+0000] {processor.py:925} INFO - DAG(s) 'dataset_with_extra_by_context', 'dataset_with_extra_by_yield', 'dataset_with_extra_from_classic_operator' retrieved from /home/airflow/.local/lib/python3.12/site-packages/airflow/example_dags/example_outlet_event_extra.py
[2025-01-02T19:02:25.951+0000] {logging_mixin.py:190} INFO - [2025-01-02T19:02:25.950+0000] {dag.py:3239} INFO - Sync 3 DAGs
[2025-01-02T19:02:25.975+0000] {logging_mixin.py:190} INFO - [2025-01-02T19:02:25.975+0000] {dag.py:4180} INFO - Setting next_dagrun for dataset_with_extra_by_context to 2025-01-01 00:00:00+00:00, run_after=2025-01-02 00:00:00+00:00
[2025-01-02T19:02:25.980+0000] {logging_mixin.py:190} INFO - [2025-01-02T19:02:25.980+0000] {dag.py:4180} INFO - Setting next_dagrun for dataset_with_extra_by_yield to 2025-01-01 00:00:00+00:00, run_after=2025-01-02 00:00:00+00:00
[2025-01-02T19:02:25.982+0000] {logging_mixin.py:190} INFO - [2025-01-02T19:02:25.982+0000] {dag.py:4180} INFO - Setting next_dagrun for dataset_with_extra_from_classic_operator to 2025-01-01 00:00:00+00:00, run_after=2025-01-02 00:00:00+00:00
[2025-01-02T19:02:26.002+0000] {processor.py:208} INFO - Processing /home/airflow/.local/lib/python3.12/site-packages/airflow/example_dags/example_outlet_event_extra.py took 0.702 seconds
[2025-01-02T19:02:56.607+0000] {processor.py:186} INFO - Started process (PID=428) to work on /home/airflow/.local/lib/python3.12/site-packages/airflow/example_dags/example_outlet_event_extra.py
[2025-01-02T19:02:56.609+0000] {processor.py:914} INFO - Processing file /home/airflow/.local/lib/python3.12/site-packages/airflow/example_dags/example_outlet_event_extra.py for tasks to queue
[2025-01-02T19:02:56.615+0000] {logging_mixin.py:190} INFO - [2025-01-02T19:02:56.615+0000] {dagbag.py:588} INFO - Filling up the DagBag from /home/airflow/.local/lib/python3.12/site-packages/airflow/example_dags/example_outlet_event_extra.py
[2025-01-02T19:02:57.230+0000] {processor.py:925} INFO - DAG(s) 'dataset_with_extra_from_classic_operator', 'dataset_with_extra_by_yield', 'dataset_with_extra_by_context' retrieved from /home/airflow/.local/lib/python3.12/site-packages/airflow/example_dags/example_outlet_event_extra.py
[2025-01-02T19:02:57.254+0000] {logging_mixin.py:190} INFO - [2025-01-02T19:02:57.254+0000] {dag.py:3239} INFO - Sync 3 DAGs
[2025-01-02T19:02:57.280+0000] {logging_mixin.py:190} INFO - [2025-01-02T19:02:57.280+0000] {dag.py:4180} INFO - Setting next_dagrun for dataset_with_extra_by_context to 2025-01-01 00:00:00+00:00, run_after=2025-01-02 00:00:00+00:00
[2025-01-02T19:02:57.285+0000] {logging_mixin.py:190} INFO - [2025-01-02T19:02:57.285+0000] {dag.py:4180} INFO - Setting next_dagrun for dataset_with_extra_by_yield to 2025-01-01 00:00:00+00:00, run_after=2025-01-02 00:00:00+00:00
[2025-01-02T19:02:57.288+0000] {logging_mixin.py:190} INFO - [2025-01-02T19:02:57.288+0000] {dag.py:4180} INFO - Setting next_dagrun for dataset_with_extra_from_classic_operator to 2025-01-01 00:00:00+00:00, run_after=2025-01-02 00:00:00+00:00
[2025-01-02T19:02:57.309+0000] {processor.py:208} INFO - Processing /home/airflow/.local/lib/python3.12/site-packages/airflow/example_dags/example_outlet_event_extra.py took 0.709 seconds
[2025-01-02T19:03:27.573+0000] {processor.py:186} INFO - Started process (PID=479) to work on /home/airflow/.local/lib/python3.12/site-packages/airflow/example_dags/example_outlet_event_extra.py
[2025-01-02T19:03:27.574+0000] {processor.py:914} INFO - Processing file /home/airflow/.local/lib/python3.12/site-packages/airflow/example_dags/example_outlet_event_extra.py for tasks to queue
[2025-01-02T19:03:27.579+0000] {logging_mixin.py:190} INFO - [2025-01-02T19:03:27.578+0000] {dagbag.py:588} INFO - Filling up the DagBag from /home/airflow/.local/lib/python3.12/site-packages/airflow/example_dags/example_outlet_event_extra.py
[2025-01-02T19:03:28.477+0000] {processor.py:925} INFO - DAG(s) 'dataset_with_extra_by_yield', 'dataset_with_extra_from_classic_operator', 'dataset_with_extra_by_context' retrieved from /home/airflow/.local/lib/python3.12/site-packages/airflow/example_dags/example_outlet_event_extra.py
[2025-01-02T19:03:28.510+0000] {logging_mixin.py:190} INFO - [2025-01-02T19:03:28.509+0000] {dag.py:3239} INFO - Sync 3 DAGs
[2025-01-02T19:03:28.548+0000] {logging_mixin.py:190} INFO - [2025-01-02T19:03:28.548+0000] {dag.py:4180} INFO - Setting next_dagrun for dataset_with_extra_by_context to 2025-01-01 00:00:00+00:00, run_after=2025-01-02 00:00:00+00:00
[2025-01-02T19:03:28.556+0000] {logging_mixin.py:190} INFO - [2025-01-02T19:03:28.555+0000] {dag.py:4180} INFO - Setting next_dagrun for dataset_with_extra_by_yield to 2025-01-01 00:00:00+00:00, run_after=2025-01-02 00:00:00+00:00
[2025-01-02T19:03:28.560+0000] {logging_mixin.py:190} INFO - [2025-01-02T19:03:28.560+0000] {dag.py:4180} INFO - Setting next_dagrun for dataset_with_extra_from_classic_operator to 2025-01-01 00:00:00+00:00, run_after=2025-01-02 00:00:00+00:00
[2025-01-02T19:03:28.588+0000] {processor.py:208} INFO - Processing /home/airflow/.local/lib/python3.12/site-packages/airflow/example_dags/example_outlet_event_extra.py took 1.023 seconds
[2025-01-02T19:04:02.194+0000] {processor.py:186} INFO - Started process (PID=542) to work on /home/airflow/.local/lib/python3.12/site-packages/airflow/example_dags/example_outlet_event_extra.py
[2025-01-02T19:04:02.195+0000] {processor.py:914} INFO - Processing file /home/airflow/.local/lib/python3.12/site-packages/airflow/example_dags/example_outlet_event_extra.py for tasks to queue
[2025-01-02T19:04:02.218+0000] {logging_mixin.py:190} INFO - [2025-01-02T19:04:02.217+0000] {dagbag.py:588} INFO - Filling up the DagBag from /home/airflow/.local/lib/python3.12/site-packages/airflow/example_dags/example_outlet_event_extra.py
[2025-01-02T19:04:03.922+0000] {processor.py:925} INFO - DAG(s) 'dataset_with_extra_by_context', 'dataset_with_extra_from_classic_operator', 'dataset_with_extra_by_yield' retrieved from /home/airflow/.local/lib/python3.12/site-packages/airflow/example_dags/example_outlet_event_extra.py
[2025-01-02T19:04:03.989+0000] {logging_mixin.py:190} INFO - [2025-01-02T19:04:03.989+0000] {dag.py:3239} INFO - Sync 3 DAGs
[2025-01-02T19:04:04.049+0000] {logging_mixin.py:190} INFO - [2025-01-02T19:04:04.048+0000] {dag.py:4180} INFO - Setting next_dagrun for dataset_with_extra_by_context to 2025-01-01 00:00:00+00:00, run_after=2025-01-02 00:00:00+00:00
[2025-01-02T19:04:04.056+0000] {logging_mixin.py:190} INFO - [2025-01-02T19:04:04.056+0000] {dag.py:4180} INFO - Setting next_dagrun for dataset_with_extra_by_yield to 2025-01-01 00:00:00+00:00, run_after=2025-01-02 00:00:00+00:00
[2025-01-02T19:04:04.060+0000] {logging_mixin.py:190} INFO - [2025-01-02T19:04:04.060+0000] {dag.py:4180} INFO - Setting next_dagrun for dataset_with_extra_from_classic_operator to 2025-01-01 00:00:00+00:00, run_after=2025-01-02 00:00:00+00:00
[2025-01-02T19:04:04.088+0000] {processor.py:208} INFO - Processing /home/airflow/.local/lib/python3.12/site-packages/airflow/example_dags/example_outlet_event_extra.py took 1.918 seconds
[2025-01-02T19:04:35.376+0000] {processor.py:186} INFO - Started process (PID=607) to work on /home/airflow/.local/lib/python3.12/site-packages/airflow/example_dags/example_outlet_event_extra.py
[2025-01-02T19:04:35.390+0000] {processor.py:914} INFO - Processing file /home/airflow/.local/lib/python3.12/site-packages/airflow/example_dags/example_outlet_event_extra.py for tasks to queue
[2025-01-02T19:04:35.394+0000] {logging_mixin.py:190} INFO - [2025-01-02T19:04:35.394+0000] {dagbag.py:588} INFO - Filling up the DagBag from /home/airflow/.local/lib/python3.12/site-packages/airflow/example_dags/example_outlet_event_extra.py
[2025-01-02T19:04:38.281+0000] {processor.py:925} INFO - DAG(s) 'dataset_with_extra_from_classic_operator', 'dataset_with_extra_by_context', 'dataset_with_extra_by_yield' retrieved from /home/airflow/.local/lib/python3.12/site-packages/airflow/example_dags/example_outlet_event_extra.py
[2025-01-02T19:04:38.386+0000] {logging_mixin.py:190} INFO - [2025-01-02T19:04:38.385+0000] {dag.py:3239} INFO - Sync 3 DAGs
[2025-01-02T19:04:38.484+0000] {logging_mixin.py:190} INFO - [2025-01-02T19:04:38.484+0000] {dag.py:4180} INFO - Setting next_dagrun for dataset_with_extra_by_context to 2025-01-01 00:00:00+00:00, run_after=2025-01-02 00:00:00+00:00
[2025-01-02T19:04:38.508+0000] {logging_mixin.py:190} INFO - [2025-01-02T19:04:38.508+0000] {dag.py:4180} INFO - Setting next_dagrun for dataset_with_extra_by_yield to 2025-01-01 00:00:00+00:00, run_after=2025-01-02 00:00:00+00:00
[2025-01-02T19:04:38.532+0000] {logging_mixin.py:190} INFO - [2025-01-02T19:04:38.532+0000] {dag.py:4180} INFO - Setting next_dagrun for dataset_with_extra_from_classic_operator to 2025-01-01 00:00:00+00:00, run_after=2025-01-02 00:00:00+00:00
[2025-01-02T19:04:38.625+0000] {processor.py:208} INFO - Processing /home/airflow/.local/lib/python3.12/site-packages/airflow/example_dags/example_outlet_event_extra.py took 3.266 seconds
