[2025-01-02T18:55:48.089+0000] {processor.py:186} INFO - Started process (PID=119) to work on /home/airflow/.local/lib/python3.12/site-packages/airflow/example_dags/example_kubernetes_executor.py
[2025-01-02T18:55:48.090+0000] {processor.py:914} INFO - Processing file /home/airflow/.local/lib/python3.12/site-packages/airflow/example_dags/example_kubernetes_executor.py for tasks to queue
[2025-01-02T18:55:48.105+0000] {logging_mixin.py:190} INFO - [2025-01-02T18:55:48.093+0000] {dagbag.py:588} INFO - Filling up the DagBag from /home/airflow/.local/lib/python3.12/site-packages/airflow/example_dags/example_kubernetes_executor.py
[2025-01-02T18:55:48.151+0000] {processor.py:925} INFO - DAG(s) 'example_kubernetes_executor' retrieved from /home/airflow/.local/lib/python3.12/site-packages/airflow/example_dags/example_kubernetes_executor.py
[2025-01-02T18:55:48.575+0000] {logging_mixin.py:190} INFO - [2025-01-02T18:55:48.575+0000] {override.py:1911} INFO - Created Permission View: can edit on DAG:example_kubernetes_executor
[2025-01-02T18:55:48.604+0000] {logging_mixin.py:190} INFO - [2025-01-02T18:55:48.604+0000] {override.py:1911} INFO - Created Permission View: can delete on DAG:example_kubernetes_executor
[2025-01-02T18:55:48.617+0000] {logging_mixin.py:190} INFO - [2025-01-02T18:55:48.616+0000] {override.py:1911} INFO - Created Permission View: can read on DAG:example_kubernetes_executor
[2025-01-02T18:55:48.635+0000] {logging_mixin.py:190} INFO - [2025-01-02T18:55:48.635+0000] {override.py:1911} INFO - Created Permission View: can create on DAG Run:example_kubernetes_executor
[2025-01-02T18:55:48.647+0000] {logging_mixin.py:190} INFO - [2025-01-02T18:55:48.646+0000] {override.py:1911} INFO - Created Permission View: can delete on DAG Run:example_kubernetes_executor
[2025-01-02T18:55:48.666+0000] {logging_mixin.py:190} INFO - [2025-01-02T18:55:48.665+0000] {override.py:1911} INFO - Created Permission View: menu access on DAG Run:example_kubernetes_executor
[2025-01-02T18:55:48.683+0000] {logging_mixin.py:190} INFO - [2025-01-02T18:55:48.683+0000] {override.py:1911} INFO - Created Permission View: can read on DAG Run:example_kubernetes_executor
[2025-01-02T18:55:48.684+0000] {logging_mixin.py:190} INFO - [2025-01-02T18:55:48.684+0000] {dag.py:3239} INFO - Sync 1 DAGs
[2025-01-02T18:55:48.724+0000] {logging_mixin.py:190} INFO - [2025-01-02T18:55:48.723+0000] {dag.py:3262} INFO - Creating ORM DAG for example_kubernetes_executor
[2025-01-02T18:55:48.725+0000] {logging_mixin.py:190} INFO - [2025-01-02T18:55:48.724+0000] {dag.py:4180} INFO - Setting next_dagrun for example_kubernetes_executor to None, run_after=None
[2025-01-02T18:55:48.762+0000] {processor.py:208} INFO - Processing /home/airflow/.local/lib/python3.12/site-packages/airflow/example_dags/example_kubernetes_executor.py took 0.691 seconds
[2025-01-02T18:56:19.183+0000] {processor.py:186} INFO - Started process (PID=182) to work on /home/airflow/.local/lib/python3.12/site-packages/airflow/example_dags/example_kubernetes_executor.py
[2025-01-02T18:56:19.185+0000] {processor.py:914} INFO - Processing file /home/airflow/.local/lib/python3.12/site-packages/airflow/example_dags/example_kubernetes_executor.py for tasks to queue
[2025-01-02T18:56:19.200+0000] {logging_mixin.py:190} INFO - [2025-01-02T18:56:19.200+0000] {dagbag.py:588} INFO - Filling up the DagBag from /home/airflow/.local/lib/python3.12/site-packages/airflow/example_dags/example_kubernetes_executor.py
[2025-01-02T18:56:19.284+0000] {processor.py:925} INFO - DAG(s) 'example_kubernetes_executor' retrieved from /home/airflow/.local/lib/python3.12/site-packages/airflow/example_dags/example_kubernetes_executor.py
[2025-01-02T18:56:19.422+0000] {logging_mixin.py:190} INFO - [2025-01-02T18:56:19.422+0000] {dag.py:3239} INFO - Sync 1 DAGs
[2025-01-02T18:56:19.492+0000] {logging_mixin.py:190} INFO - [2025-01-02T18:56:19.492+0000] {dag.py:4180} INFO - Setting next_dagrun for example_kubernetes_executor to None, run_after=None
[2025-01-02T18:56:19.565+0000] {processor.py:208} INFO - Processing /home/airflow/.local/lib/python3.12/site-packages/airflow/example_dags/example_kubernetes_executor.py took 0.411 seconds
[2025-01-02T18:56:50.553+0000] {processor.py:186} INFO - Started process (PID=245) to work on /home/airflow/.local/lib/python3.12/site-packages/airflow/example_dags/example_kubernetes_executor.py
[2025-01-02T18:56:50.588+0000] {processor.py:914} INFO - Processing file /home/airflow/.local/lib/python3.12/site-packages/airflow/example_dags/example_kubernetes_executor.py for tasks to queue
[2025-01-02T18:56:50.591+0000] {logging_mixin.py:190} INFO - [2025-01-02T18:56:50.591+0000] {dagbag.py:588} INFO - Filling up the DagBag from /home/airflow/.local/lib/python3.12/site-packages/airflow/example_dags/example_kubernetes_executor.py
[2025-01-02T18:56:50.608+0000] {processor.py:925} INFO - DAG(s) 'example_kubernetes_executor' retrieved from /home/airflow/.local/lib/python3.12/site-packages/airflow/example_dags/example_kubernetes_executor.py
[2025-01-02T18:56:50.644+0000] {logging_mixin.py:190} INFO - [2025-01-02T18:56:50.643+0000] {dag.py:3239} INFO - Sync 1 DAGs
[2025-01-02T18:56:50.665+0000] {logging_mixin.py:190} INFO - [2025-01-02T18:56:50.665+0000] {dag.py:4180} INFO - Setting next_dagrun for example_kubernetes_executor to None, run_after=None
[2025-01-02T18:56:50.691+0000] {processor.py:208} INFO - Processing /home/airflow/.local/lib/python3.12/site-packages/airflow/example_dags/example_kubernetes_executor.py took 0.147 seconds
[2025-01-02T18:57:20.801+0000] {processor.py:186} INFO - Started process (PID=308) to work on /home/airflow/.local/lib/python3.12/site-packages/airflow/example_dags/example_kubernetes_executor.py
[2025-01-02T18:57:20.802+0000] {processor.py:914} INFO - Processing file /home/airflow/.local/lib/python3.12/site-packages/airflow/example_dags/example_kubernetes_executor.py for tasks to queue
[2025-01-02T18:57:20.806+0000] {logging_mixin.py:190} INFO - [2025-01-02T18:57:20.805+0000] {dagbag.py:588} INFO - Filling up the DagBag from /home/airflow/.local/lib/python3.12/site-packages/airflow/example_dags/example_kubernetes_executor.py
[2025-01-02T18:57:20.830+0000] {processor.py:925} INFO - DAG(s) 'example_kubernetes_executor' retrieved from /home/airflow/.local/lib/python3.12/site-packages/airflow/example_dags/example_kubernetes_executor.py
[2025-01-02T18:57:20.868+0000] {logging_mixin.py:190} INFO - [2025-01-02T18:57:20.868+0000] {dag.py:3239} INFO - Sync 1 DAGs
[2025-01-02T18:57:20.890+0000] {logging_mixin.py:190} INFO - [2025-01-02T18:57:20.890+0000] {dag.py:4180} INFO - Setting next_dagrun for example_kubernetes_executor to None, run_after=None
[2025-01-02T18:57:20.914+0000] {processor.py:208} INFO - Processing /home/airflow/.local/lib/python3.12/site-packages/airflow/example_dags/example_kubernetes_executor.py took 0.122 seconds
[2025-01-02T19:00:21.779+0000] {processor.py:186} INFO - Started process (PID=108) to work on /home/airflow/.local/lib/python3.12/site-packages/airflow/example_dags/example_kubernetes_executor.py
[2025-01-02T19:00:21.793+0000] {processor.py:914} INFO - Processing file /home/airflow/.local/lib/python3.12/site-packages/airflow/example_dags/example_kubernetes_executor.py for tasks to queue
[2025-01-02T19:00:21.796+0000] {logging_mixin.py:190} INFO - [2025-01-02T19:00:21.795+0000] {dagbag.py:588} INFO - Filling up the DagBag from /home/airflow/.local/lib/python3.12/site-packages/airflow/example_dags/example_kubernetes_executor.py
[2025-01-02T19:00:21.866+0000] {processor.py:925} INFO - DAG(s) 'example_kubernetes_executor' retrieved from /home/airflow/.local/lib/python3.12/site-packages/airflow/example_dags/example_kubernetes_executor.py
[2025-01-02T19:00:21.942+0000] {logging_mixin.py:190} INFO - [2025-01-02T19:00:21.942+0000] {dag.py:3239} INFO - Sync 1 DAGs
[2025-01-02T19:00:21.966+0000] {logging_mixin.py:190} INFO - [2025-01-02T19:00:21.966+0000] {dag.py:4180} INFO - Setting next_dagrun for example_kubernetes_executor to None, run_after=None
[2025-01-02T19:00:22.034+0000] {processor.py:208} INFO - Processing /home/airflow/.local/lib/python3.12/site-packages/airflow/example_dags/example_kubernetes_executor.py took 0.276 seconds
[2025-01-02T19:00:52.516+0000] {processor.py:186} INFO - Started process (PID=171) to work on /home/airflow/.local/lib/python3.12/site-packages/airflow/example_dags/example_kubernetes_executor.py
[2025-01-02T19:00:52.517+0000] {processor.py:914} INFO - Processing file /home/airflow/.local/lib/python3.12/site-packages/airflow/example_dags/example_kubernetes_executor.py for tasks to queue
[2025-01-02T19:00:52.520+0000] {logging_mixin.py:190} INFO - [2025-01-02T19:00:52.520+0000] {dagbag.py:588} INFO - Filling up the DagBag from /home/airflow/.local/lib/python3.12/site-packages/airflow/example_dags/example_kubernetes_executor.py
[2025-01-02T19:00:52.543+0000] {processor.py:925} INFO - DAG(s) 'example_kubernetes_executor' retrieved from /home/airflow/.local/lib/python3.12/site-packages/airflow/example_dags/example_kubernetes_executor.py
[2025-01-02T19:00:52.577+0000] {logging_mixin.py:190} INFO - [2025-01-02T19:00:52.577+0000] {dag.py:3239} INFO - Sync 1 DAGs
[2025-01-02T19:00:52.599+0000] {logging_mixin.py:190} INFO - [2025-01-02T19:00:52.598+0000] {dag.py:4180} INFO - Setting next_dagrun for example_kubernetes_executor to None, run_after=None
[2025-01-02T19:00:52.624+0000] {processor.py:208} INFO - Processing /home/airflow/.local/lib/python3.12/site-packages/airflow/example_dags/example_kubernetes_executor.py took 0.116 seconds
[2025-01-02T19:01:23.619+0000] {processor.py:186} INFO - Started process (PID=234) to work on /home/airflow/.local/lib/python3.12/site-packages/airflow/example_dags/example_kubernetes_executor.py
[2025-01-02T19:01:23.621+0000] {processor.py:914} INFO - Processing file /home/airflow/.local/lib/python3.12/site-packages/airflow/example_dags/example_kubernetes_executor.py for tasks to queue
[2025-01-02T19:01:23.624+0000] {logging_mixin.py:190} INFO - [2025-01-02T19:01:23.624+0000] {dagbag.py:588} INFO - Filling up the DagBag from /home/airflow/.local/lib/python3.12/site-packages/airflow/example_dags/example_kubernetes_executor.py
[2025-01-02T19:01:23.646+0000] {processor.py:925} INFO - DAG(s) 'example_kubernetes_executor' retrieved from /home/airflow/.local/lib/python3.12/site-packages/airflow/example_dags/example_kubernetes_executor.py
[2025-01-02T19:01:23.680+0000] {logging_mixin.py:190} INFO - [2025-01-02T19:01:23.680+0000] {dag.py:3239} INFO - Sync 1 DAGs
[2025-01-02T19:01:23.702+0000] {logging_mixin.py:190} INFO - [2025-01-02T19:01:23.702+0000] {dag.py:4180} INFO - Setting next_dagrun for example_kubernetes_executor to None, run_after=None
[2025-01-02T19:01:23.738+0000] {processor.py:208} INFO - Processing /home/airflow/.local/lib/python3.12/site-packages/airflow/example_dags/example_kubernetes_executor.py took 0.128 seconds
[2025-01-02T19:01:54.993+0000] {processor.py:186} INFO - Started process (PID=303) to work on /home/airflow/.local/lib/python3.12/site-packages/airflow/example_dags/example_kubernetes_executor.py
[2025-01-02T19:01:54.994+0000] {processor.py:914} INFO - Processing file /home/airflow/.local/lib/python3.12/site-packages/airflow/example_dags/example_kubernetes_executor.py for tasks to queue
[2025-01-02T19:01:54.997+0000] {logging_mixin.py:190} INFO - [2025-01-02T19:01:54.997+0000] {dagbag.py:588} INFO - Filling up the DagBag from /home/airflow/.local/lib/python3.12/site-packages/airflow/example_dags/example_kubernetes_executor.py
[2025-01-02T19:01:55.026+0000] {processor.py:925} INFO - DAG(s) 'example_kubernetes_executor' retrieved from /home/airflow/.local/lib/python3.12/site-packages/airflow/example_dags/example_kubernetes_executor.py
[2025-01-02T19:01:55.074+0000] {logging_mixin.py:190} INFO - [2025-01-02T19:01:55.074+0000] {dag.py:3239} INFO - Sync 1 DAGs
[2025-01-02T19:01:55.096+0000] {logging_mixin.py:190} INFO - [2025-01-02T19:01:55.095+0000] {dag.py:4180} INFO - Setting next_dagrun for example_kubernetes_executor to None, run_after=None
[2025-01-02T19:01:55.127+0000] {processor.py:208} INFO - Processing /home/airflow/.local/lib/python3.12/site-packages/airflow/example_dags/example_kubernetes_executor.py took 0.143 seconds
[2025-01-02T19:02:26.038+0000] {processor.py:186} INFO - Started process (PID=366) to work on /home/airflow/.local/lib/python3.12/site-packages/airflow/example_dags/example_kubernetes_executor.py
[2025-01-02T19:02:26.040+0000] {processor.py:914} INFO - Processing file /home/airflow/.local/lib/python3.12/site-packages/airflow/example_dags/example_kubernetes_executor.py for tasks to queue
[2025-01-02T19:02:26.043+0000] {logging_mixin.py:190} INFO - [2025-01-02T19:02:26.042+0000] {dagbag.py:588} INFO - Filling up the DagBag from /home/airflow/.local/lib/python3.12/site-packages/airflow/example_dags/example_kubernetes_executor.py
[2025-01-02T19:02:26.058+0000] {processor.py:925} INFO - DAG(s) 'example_kubernetes_executor' retrieved from /home/airflow/.local/lib/python3.12/site-packages/airflow/example_dags/example_kubernetes_executor.py
[2025-01-02T19:02:26.085+0000] {logging_mixin.py:190} INFO - [2025-01-02T19:02:26.085+0000] {dag.py:3239} INFO - Sync 1 DAGs
[2025-01-02T19:02:26.101+0000] {logging_mixin.py:190} INFO - [2025-01-02T19:02:26.101+0000] {dag.py:4180} INFO - Setting next_dagrun for example_kubernetes_executor to None, run_after=None
[2025-01-02T19:02:26.120+0000] {processor.py:208} INFO - Processing /home/airflow/.local/lib/python3.12/site-packages/airflow/example_dags/example_kubernetes_executor.py took 0.088 seconds
[2025-01-02T19:02:57.348+0000] {processor.py:186} INFO - Started process (PID=429) to work on /home/airflow/.local/lib/python3.12/site-packages/airflow/example_dags/example_kubernetes_executor.py
[2025-01-02T19:02:57.350+0000] {processor.py:914} INFO - Processing file /home/airflow/.local/lib/python3.12/site-packages/airflow/example_dags/example_kubernetes_executor.py for tasks to queue
[2025-01-02T19:02:57.353+0000] {logging_mixin.py:190} INFO - [2025-01-02T19:02:57.353+0000] {dagbag.py:588} INFO - Filling up the DagBag from /home/airflow/.local/lib/python3.12/site-packages/airflow/example_dags/example_kubernetes_executor.py
[2025-01-02T19:02:57.375+0000] {processor.py:925} INFO - DAG(s) 'example_kubernetes_executor' retrieved from /home/airflow/.local/lib/python3.12/site-packages/airflow/example_dags/example_kubernetes_executor.py
[2025-01-02T19:02:57.412+0000] {logging_mixin.py:190} INFO - [2025-01-02T19:02:57.412+0000] {dag.py:3239} INFO - Sync 1 DAGs
[2025-01-02T19:02:57.434+0000] {logging_mixin.py:190} INFO - [2025-01-02T19:02:57.433+0000] {dag.py:4180} INFO - Setting next_dagrun for example_kubernetes_executor to None, run_after=None
[2025-01-02T19:02:57.458+0000] {processor.py:208} INFO - Processing /home/airflow/.local/lib/python3.12/site-packages/airflow/example_dags/example_kubernetes_executor.py took 0.119 seconds
[2025-01-02T19:03:29.136+0000] {processor.py:186} INFO - Started process (PID=492) to work on /home/airflow/.local/lib/python3.12/site-packages/airflow/example_dags/example_kubernetes_executor.py
[2025-01-02T19:03:29.139+0000] {processor.py:914} INFO - Processing file /home/airflow/.local/lib/python3.12/site-packages/airflow/example_dags/example_kubernetes_executor.py for tasks to queue
[2025-01-02T19:03:29.142+0000] {logging_mixin.py:190} INFO - [2025-01-02T19:03:29.142+0000] {dagbag.py:588} INFO - Filling up the DagBag from /home/airflow/.local/lib/python3.12/site-packages/airflow/example_dags/example_kubernetes_executor.py
[2025-01-02T19:03:29.164+0000] {processor.py:925} INFO - DAG(s) 'example_kubernetes_executor' retrieved from /home/airflow/.local/lib/python3.12/site-packages/airflow/example_dags/example_kubernetes_executor.py
[2025-01-02T19:03:29.198+0000] {logging_mixin.py:190} INFO - [2025-01-02T19:03:29.198+0000] {dag.py:3239} INFO - Sync 1 DAGs
[2025-01-02T19:03:29.221+0000] {logging_mixin.py:190} INFO - [2025-01-02T19:03:29.221+0000] {dag.py:4180} INFO - Setting next_dagrun for example_kubernetes_executor to None, run_after=None
[2025-01-02T19:03:29.245+0000] {processor.py:208} INFO - Processing /home/airflow/.local/lib/python3.12/site-packages/airflow/example_dags/example_kubernetes_executor.py took 0.118 seconds
[2025-01-02T19:04:04.626+0000] {processor.py:186} INFO - Started process (PID=555) to work on /home/airflow/.local/lib/python3.12/site-packages/airflow/example_dags/example_kubernetes_executor.py
[2025-01-02T19:04:04.628+0000] {processor.py:914} INFO - Processing file /home/airflow/.local/lib/python3.12/site-packages/airflow/example_dags/example_kubernetes_executor.py for tasks to queue
[2025-01-02T19:04:04.631+0000] {logging_mixin.py:190} INFO - [2025-01-02T19:04:04.631+0000] {dagbag.py:588} INFO - Filling up the DagBag from /home/airflow/.local/lib/python3.12/site-packages/airflow/example_dags/example_kubernetes_executor.py
[2025-01-02T19:04:04.654+0000] {processor.py:925} INFO - DAG(s) 'example_kubernetes_executor' retrieved from /home/airflow/.local/lib/python3.12/site-packages/airflow/example_dags/example_kubernetes_executor.py
[2025-01-02T19:04:04.689+0000] {logging_mixin.py:190} INFO - [2025-01-02T19:04:04.689+0000] {dag.py:3239} INFO - Sync 1 DAGs
[2025-01-02T19:04:04.711+0000] {logging_mixin.py:190} INFO - [2025-01-02T19:04:04.710+0000] {dag.py:4180} INFO - Setting next_dagrun for example_kubernetes_executor to None, run_after=None
[2025-01-02T19:04:04.746+0000] {processor.py:208} INFO - Processing /home/airflow/.local/lib/python3.12/site-packages/airflow/example_dags/example_kubernetes_executor.py took 0.129 seconds
[2025-01-02T19:04:39.442+0000] {processor.py:186} INFO - Started process (PID=618) to work on /home/airflow/.local/lib/python3.12/site-packages/airflow/example_dags/example_kubernetes_executor.py
[2025-01-02T19:04:39.444+0000] {processor.py:914} INFO - Processing file /home/airflow/.local/lib/python3.12/site-packages/airflow/example_dags/example_kubernetes_executor.py for tasks to queue
[2025-01-02T19:04:39.448+0000] {logging_mixin.py:190} INFO - [2025-01-02T19:04:39.447+0000] {dagbag.py:588} INFO - Filling up the DagBag from /home/airflow/.local/lib/python3.12/site-packages/airflow/example_dags/example_kubernetes_executor.py
[2025-01-02T19:04:39.492+0000] {processor.py:925} INFO - DAG(s) 'example_kubernetes_executor' retrieved from /home/airflow/.local/lib/python3.12/site-packages/airflow/example_dags/example_kubernetes_executor.py
[2025-01-02T19:04:39.546+0000] {logging_mixin.py:190} INFO - [2025-01-02T19:04:39.546+0000] {dag.py:3239} INFO - Sync 1 DAGs
[2025-01-02T19:04:39.576+0000] {logging_mixin.py:190} INFO - [2025-01-02T19:04:39.576+0000] {dag.py:4180} INFO - Setting next_dagrun for example_kubernetes_executor to None, run_after=None
[2025-01-02T19:04:39.623+0000] {processor.py:208} INFO - Processing /home/airflow/.local/lib/python3.12/site-packages/airflow/example_dags/example_kubernetes_executor.py took 0.204 seconds
