[2025-01-02T18:55:41.518+0000] {processor.py:186} INFO - Started process (PID=106) to work on /home/airflow/.local/lib/python3.12/site-packages/airflow/example_dags/example_latest_only.py
[2025-01-02T18:55:41.520+0000] {processor.py:914} INFO - Processing file /home/airflow/.local/lib/python3.12/site-packages/airflow/example_dags/example_latest_only.py for tasks to queue
[2025-01-02T18:55:41.539+0000] {logging_mixin.py:190} INFO - [2025-01-02T18:55:41.538+0000] {dagbag.py:588} INFO - Filling up the DagBag from /home/airflow/.local/lib/python3.12/site-packages/airflow/example_dags/example_latest_only.py
[2025-01-02T18:55:41.608+0000] {processor.py:925} INFO - DAG(s) 'latest_only' retrieved from /home/airflow/.local/lib/python3.12/site-packages/airflow/example_dags/example_latest_only.py
[2025-01-02T18:55:42.306+0000] {logging_mixin.py:190} INFO - [2025-01-02T18:55:42.305+0000] {override.py:1911} INFO - Created Permission View: can edit on DAG:latest_only
[2025-01-02T18:55:42.364+0000] {logging_mixin.py:190} INFO - [2025-01-02T18:55:42.363+0000] {override.py:1911} INFO - Created Permission View: can delete on DAG:latest_only
[2025-01-02T18:55:42.419+0000] {logging_mixin.py:190} INFO - [2025-01-02T18:55:42.419+0000] {override.py:1911} INFO - Created Permission View: can read on DAG:latest_only
[2025-01-02T18:55:42.437+0000] {logging_mixin.py:190} INFO - [2025-01-02T18:55:42.436+0000] {override.py:1911} INFO - Created Permission View: can create on DAG Run:latest_only
[2025-01-02T18:55:42.453+0000] {logging_mixin.py:190} INFO - [2025-01-02T18:55:42.453+0000] {override.py:1911} INFO - Created Permission View: can delete on DAG Run:latest_only
[2025-01-02T18:55:42.470+0000] {logging_mixin.py:190} INFO - [2025-01-02T18:55:42.469+0000] {override.py:1911} INFO - Created Permission View: menu access on DAG Run:latest_only
[2025-01-02T18:55:42.486+0000] {logging_mixin.py:190} INFO - [2025-01-02T18:55:42.485+0000] {override.py:1911} INFO - Created Permission View: can read on DAG Run:latest_only
[2025-01-02T18:55:42.486+0000] {logging_mixin.py:190} INFO - [2025-01-02T18:55:42.486+0000] {dag.py:3239} INFO - Sync 1 DAGs
[2025-01-02T18:55:42.535+0000] {logging_mixin.py:190} INFO - [2025-01-02T18:55:42.535+0000] {dag.py:3262} INFO - Creating ORM DAG for latest_only
[2025-01-02T18:55:42.583+0000] {logging_mixin.py:190} INFO - [2025-01-02T18:55:42.582+0000] {dag.py:4180} INFO - Setting next_dagrun for latest_only to 2025-01-02 12:00:00+00:00, run_after=2025-01-02 16:00:00+00:00
[2025-01-02T18:55:42.642+0000] {processor.py:208} INFO - Processing /home/airflow/.local/lib/python3.12/site-packages/airflow/example_dags/example_latest_only.py took 1.149 seconds
[2025-01-02T18:56:13.375+0000] {processor.py:186} INFO - Started process (PID=169) to work on /home/airflow/.local/lib/python3.12/site-packages/airflow/example_dags/example_latest_only.py
[2025-01-02T18:56:13.377+0000] {processor.py:914} INFO - Processing file /home/airflow/.local/lib/python3.12/site-packages/airflow/example_dags/example_latest_only.py for tasks to queue
[2025-01-02T18:56:13.381+0000] {logging_mixin.py:190} INFO - [2025-01-02T18:56:13.380+0000] {dagbag.py:588} INFO - Filling up the DagBag from /home/airflow/.local/lib/python3.12/site-packages/airflow/example_dags/example_latest_only.py
[2025-01-02T18:56:13.391+0000] {processor.py:925} INFO - DAG(s) 'latest_only' retrieved from /home/airflow/.local/lib/python3.12/site-packages/airflow/example_dags/example_latest_only.py
[2025-01-02T18:56:13.424+0000] {logging_mixin.py:190} INFO - [2025-01-02T18:56:13.423+0000] {dag.py:3239} INFO - Sync 1 DAGs
[2025-01-02T18:56:13.460+0000] {logging_mixin.py:190} INFO - [2025-01-02T18:56:13.459+0000] {dag.py:4180} INFO - Setting next_dagrun for latest_only to 2025-01-02 12:00:00+00:00, run_after=2025-01-02 16:00:00+00:00
[2025-01-02T18:56:13.485+0000] {processor.py:208} INFO - Processing /home/airflow/.local/lib/python3.12/site-packages/airflow/example_dags/example_latest_only.py took 0.118 seconds
[2025-01-02T18:56:43.723+0000] {processor.py:186} INFO - Started process (PID=231) to work on /home/airflow/.local/lib/python3.12/site-packages/airflow/example_dags/example_latest_only.py
[2025-01-02T18:56:43.725+0000] {processor.py:914} INFO - Processing file /home/airflow/.local/lib/python3.12/site-packages/airflow/example_dags/example_latest_only.py for tasks to queue
[2025-01-02T18:56:43.727+0000] {logging_mixin.py:190} INFO - [2025-01-02T18:56:43.727+0000] {dagbag.py:588} INFO - Filling up the DagBag from /home/airflow/.local/lib/python3.12/site-packages/airflow/example_dags/example_latest_only.py
[2025-01-02T18:56:43.736+0000] {processor.py:925} INFO - DAG(s) 'latest_only' retrieved from /home/airflow/.local/lib/python3.12/site-packages/airflow/example_dags/example_latest_only.py
[2025-01-02T18:56:43.758+0000] {logging_mixin.py:190} INFO - [2025-01-02T18:56:43.757+0000] {dag.py:3239} INFO - Sync 1 DAGs
[2025-01-02T18:56:43.782+0000] {logging_mixin.py:190} INFO - [2025-01-02T18:56:43.782+0000] {dag.py:4180} INFO - Setting next_dagrun for latest_only to 2025-01-02 12:00:00+00:00, run_after=2025-01-02 16:00:00+00:00
[2025-01-02T18:56:43.813+0000] {processor.py:208} INFO - Processing /home/airflow/.local/lib/python3.12/site-packages/airflow/example_dags/example_latest_only.py took 0.098 seconds
[2025-01-02T18:57:14.144+0000] {processor.py:186} INFO - Started process (PID=294) to work on /home/airflow/.local/lib/python3.12/site-packages/airflow/example_dags/example_latest_only.py
[2025-01-02T18:57:14.146+0000] {processor.py:914} INFO - Processing file /home/airflow/.local/lib/python3.12/site-packages/airflow/example_dags/example_latest_only.py for tasks to queue
[2025-01-02T18:57:14.148+0000] {logging_mixin.py:190} INFO - [2025-01-02T18:57:14.148+0000] {dagbag.py:588} INFO - Filling up the DagBag from /home/airflow/.local/lib/python3.12/site-packages/airflow/example_dags/example_latest_only.py
[2025-01-02T18:57:14.157+0000] {processor.py:925} INFO - DAG(s) 'latest_only' retrieved from /home/airflow/.local/lib/python3.12/site-packages/airflow/example_dags/example_latest_only.py
[2025-01-02T18:57:14.180+0000] {logging_mixin.py:190} INFO - [2025-01-02T18:57:14.180+0000] {dag.py:3239} INFO - Sync 1 DAGs
[2025-01-02T18:57:14.204+0000] {logging_mixin.py:190} INFO - [2025-01-02T18:57:14.204+0000] {dag.py:4180} INFO - Setting next_dagrun for latest_only to 2025-01-02 12:00:00+00:00, run_after=2025-01-02 16:00:00+00:00
[2025-01-02T18:57:14.222+0000] {processor.py:208} INFO - Processing /home/airflow/.local/lib/python3.12/site-packages/airflow/example_dags/example_latest_only.py took 0.086 seconds
[2025-01-02T19:00:19.122+0000] {processor.py:186} INFO - Started process (PID=95) to work on /home/airflow/.local/lib/python3.12/site-packages/airflow/example_dags/example_latest_only.py
[2025-01-02T19:00:19.129+0000] {processor.py:914} INFO - Processing file /home/airflow/.local/lib/python3.12/site-packages/airflow/example_dags/example_latest_only.py for tasks to queue
[2025-01-02T19:00:19.141+0000] {logging_mixin.py:190} INFO - [2025-01-02T19:00:19.133+0000] {dagbag.py:588} INFO - Filling up the DagBag from /home/airflow/.local/lib/python3.12/site-packages/airflow/example_dags/example_latest_only.py
[2025-01-02T19:00:19.155+0000] {processor.py:925} INFO - DAG(s) 'latest_only' retrieved from /home/airflow/.local/lib/python3.12/site-packages/airflow/example_dags/example_latest_only.py
[2025-01-02T19:00:19.236+0000] {logging_mixin.py:190} INFO - [2025-01-02T19:00:19.235+0000] {dag.py:3239} INFO - Sync 1 DAGs
[2025-01-02T19:00:19.295+0000] {logging_mixin.py:190} INFO - [2025-01-02T19:00:19.294+0000] {dag.py:4180} INFO - Setting next_dagrun for latest_only to 2025-01-02 12:00:00+00:00, run_after=2025-01-02 16:00:00+00:00
[2025-01-02T19:00:19.343+0000] {processor.py:208} INFO - Processing /home/airflow/.local/lib/python3.12/site-packages/airflow/example_dags/example_latest_only.py took 0.237 seconds
[2025-01-02T19:00:49.803+0000] {processor.py:186} INFO - Started process (PID=157) to work on /home/airflow/.local/lib/python3.12/site-packages/airflow/example_dags/example_latest_only.py
[2025-01-02T19:00:49.804+0000] {processor.py:914} INFO - Processing file /home/airflow/.local/lib/python3.12/site-packages/airflow/example_dags/example_latest_only.py for tasks to queue
[2025-01-02T19:00:49.807+0000] {logging_mixin.py:190} INFO - [2025-01-02T19:00:49.807+0000] {dagbag.py:588} INFO - Filling up the DagBag from /home/airflow/.local/lib/python3.12/site-packages/airflow/example_dags/example_latest_only.py
[2025-01-02T19:00:49.818+0000] {processor.py:925} INFO - DAG(s) 'latest_only' retrieved from /home/airflow/.local/lib/python3.12/site-packages/airflow/example_dags/example_latest_only.py
[2025-01-02T19:00:49.844+0000] {logging_mixin.py:190} INFO - [2025-01-02T19:00:49.844+0000] {dag.py:3239} INFO - Sync 1 DAGs
[2025-01-02T19:00:49.878+0000] {logging_mixin.py:190} INFO - [2025-01-02T19:00:49.878+0000] {dag.py:4180} INFO - Setting next_dagrun for latest_only to 2025-01-02 12:00:00+00:00, run_after=2025-01-02 16:00:00+00:00
[2025-01-02T19:00:49.902+0000] {processor.py:208} INFO - Processing /home/airflow/.local/lib/python3.12/site-packages/airflow/example_dags/example_latest_only.py took 0.108 seconds
[2025-01-02T19:01:20.962+0000] {processor.py:186} INFO - Started process (PID=220) to work on /home/airflow/.local/lib/python3.12/site-packages/airflow/example_dags/example_latest_only.py
[2025-01-02T19:01:21.013+0000] {processor.py:914} INFO - Processing file /home/airflow/.local/lib/python3.12/site-packages/airflow/example_dags/example_latest_only.py for tasks to queue
[2025-01-02T19:01:21.017+0000] {logging_mixin.py:190} INFO - [2025-01-02T19:01:21.016+0000] {dagbag.py:588} INFO - Filling up the DagBag from /home/airflow/.local/lib/python3.12/site-packages/airflow/example_dags/example_latest_only.py
[2025-01-02T19:01:21.029+0000] {processor.py:925} INFO - DAG(s) 'latest_only' retrieved from /home/airflow/.local/lib/python3.12/site-packages/airflow/example_dags/example_latest_only.py
[2025-01-02T19:01:21.058+0000] {logging_mixin.py:190} INFO - [2025-01-02T19:01:21.057+0000] {dag.py:3239} INFO - Sync 1 DAGs
[2025-01-02T19:01:21.093+0000] {logging_mixin.py:190} INFO - [2025-01-02T19:01:21.093+0000] {dag.py:4180} INFO - Setting next_dagrun for latest_only to 2025-01-02 12:00:00+00:00, run_after=2025-01-02 16:00:00+00:00
[2025-01-02T19:01:21.117+0000] {processor.py:208} INFO - Processing /home/airflow/.local/lib/python3.12/site-packages/airflow/example_dags/example_latest_only.py took 0.164 seconds
[2025-01-02T19:01:52.363+0000] {processor.py:186} INFO - Started process (PID=283) to work on /home/airflow/.local/lib/python3.12/site-packages/airflow/example_dags/example_latest_only.py
[2025-01-02T19:01:52.364+0000] {processor.py:914} INFO - Processing file /home/airflow/.local/lib/python3.12/site-packages/airflow/example_dags/example_latest_only.py for tasks to queue
[2025-01-02T19:01:52.368+0000] {logging_mixin.py:190} INFO - [2025-01-02T19:01:52.367+0000] {dagbag.py:588} INFO - Filling up the DagBag from /home/airflow/.local/lib/python3.12/site-packages/airflow/example_dags/example_latest_only.py
[2025-01-02T19:01:52.379+0000] {processor.py:925} INFO - DAG(s) 'latest_only' retrieved from /home/airflow/.local/lib/python3.12/site-packages/airflow/example_dags/example_latest_only.py
[2025-01-02T19:01:52.406+0000] {logging_mixin.py:190} INFO - [2025-01-02T19:01:52.406+0000] {dag.py:3239} INFO - Sync 1 DAGs
[2025-01-02T19:01:52.442+0000] {logging_mixin.py:190} INFO - [2025-01-02T19:01:52.442+0000] {dag.py:4180} INFO - Setting next_dagrun for latest_only to 2025-01-02 12:00:00+00:00, run_after=2025-01-02 16:00:00+00:00
[2025-01-02T19:01:52.465+0000] {processor.py:208} INFO - Processing /home/airflow/.local/lib/python3.12/site-packages/airflow/example_dags/example_latest_only.py took 0.110 seconds
[2025-01-02T19:02:24.024+0000] {processor.py:186} INFO - Started process (PID=346) to work on /home/airflow/.local/lib/python3.12/site-packages/airflow/example_dags/example_latest_only.py
[2025-01-02T19:02:24.036+0000] {processor.py:914} INFO - Processing file /home/airflow/.local/lib/python3.12/site-packages/airflow/example_dags/example_latest_only.py for tasks to queue
[2025-01-02T19:02:24.040+0000] {logging_mixin.py:190} INFO - [2025-01-02T19:02:24.039+0000] {dagbag.py:588} INFO - Filling up the DagBag from /home/airflow/.local/lib/python3.12/site-packages/airflow/example_dags/example_latest_only.py
[2025-01-02T19:02:24.051+0000] {processor.py:925} INFO - DAG(s) 'latest_only' retrieved from /home/airflow/.local/lib/python3.12/site-packages/airflow/example_dags/example_latest_only.py
[2025-01-02T19:02:24.079+0000] {logging_mixin.py:190} INFO - [2025-01-02T19:02:24.078+0000] {dag.py:3239} INFO - Sync 1 DAGs
[2025-01-02T19:02:24.112+0000] {logging_mixin.py:190} INFO - [2025-01-02T19:02:24.112+0000] {dag.py:4180} INFO - Setting next_dagrun for latest_only to 2025-01-02 12:00:00+00:00, run_after=2025-01-02 16:00:00+00:00
[2025-01-02T19:02:24.135+0000] {processor.py:208} INFO - Processing /home/airflow/.local/lib/python3.12/site-packages/airflow/example_dags/example_latest_only.py took 0.120 seconds
[2025-01-02T19:02:55.436+0000] {processor.py:186} INFO - Started process (PID=415) to work on /home/airflow/.local/lib/python3.12/site-packages/airflow/example_dags/example_latest_only.py
[2025-01-02T19:02:55.437+0000] {processor.py:914} INFO - Processing file /home/airflow/.local/lib/python3.12/site-packages/airflow/example_dags/example_latest_only.py for tasks to queue
[2025-01-02T19:02:55.440+0000] {logging_mixin.py:190} INFO - [2025-01-02T19:02:55.439+0000] {dagbag.py:588} INFO - Filling up the DagBag from /home/airflow/.local/lib/python3.12/site-packages/airflow/example_dags/example_latest_only.py
[2025-01-02T19:02:55.451+0000] {processor.py:925} INFO - DAG(s) 'latest_only' retrieved from /home/airflow/.local/lib/python3.12/site-packages/airflow/example_dags/example_latest_only.py
[2025-01-02T19:02:55.478+0000] {logging_mixin.py:190} INFO - [2025-01-02T19:02:55.477+0000] {dag.py:3239} INFO - Sync 1 DAGs
[2025-01-02T19:02:55.511+0000] {logging_mixin.py:190} INFO - [2025-01-02T19:02:55.511+0000] {dag.py:4180} INFO - Setting next_dagrun for latest_only to 2025-01-02 12:00:00+00:00, run_after=2025-01-02 16:00:00+00:00
[2025-01-02T19:02:55.534+0000] {processor.py:208} INFO - Processing /home/airflow/.local/lib/python3.12/site-packages/airflow/example_dags/example_latest_only.py took 0.107 seconds
[2025-01-02T19:03:27.446+0000] {processor.py:186} INFO - Started process (PID=478) to work on /home/airflow/.local/lib/python3.12/site-packages/airflow/example_dags/example_latest_only.py
[2025-01-02T19:03:27.462+0000] {processor.py:914} INFO - Processing file /home/airflow/.local/lib/python3.12/site-packages/airflow/example_dags/example_latest_only.py for tasks to queue
[2025-01-02T19:03:27.466+0000] {logging_mixin.py:190} INFO - [2025-01-02T19:03:27.465+0000] {dagbag.py:588} INFO - Filling up the DagBag from /home/airflow/.local/lib/python3.12/site-packages/airflow/example_dags/example_latest_only.py
[2025-01-02T19:03:27.477+0000] {processor.py:925} INFO - DAG(s) 'latest_only' retrieved from /home/airflow/.local/lib/python3.12/site-packages/airflow/example_dags/example_latest_only.py
[2025-01-02T19:03:27.505+0000] {logging_mixin.py:190} INFO - [2025-01-02T19:03:27.504+0000] {dag.py:3239} INFO - Sync 1 DAGs
[2025-01-02T19:03:27.540+0000] {logging_mixin.py:190} INFO - [2025-01-02T19:03:27.539+0000] {dag.py:4180} INFO - Setting next_dagrun for latest_only to 2025-01-02 12:00:00+00:00, run_after=2025-01-02 16:00:00+00:00
[2025-01-02T19:03:27.562+0000] {processor.py:208} INFO - Processing /home/airflow/.local/lib/python3.12/site-packages/airflow/example_dags/example_latest_only.py took 0.125 seconds
[2025-01-02T19:04:01.998+0000] {processor.py:186} INFO - Started process (PID=541) to work on /home/airflow/.local/lib/python3.12/site-packages/airflow/example_dags/example_latest_only.py
[2025-01-02T19:04:02.005+0000] {processor.py:914} INFO - Processing file /home/airflow/.local/lib/python3.12/site-packages/airflow/example_dags/example_latest_only.py for tasks to queue
[2025-01-02T19:04:02.013+0000] {logging_mixin.py:190} INFO - [2025-01-02T19:04:02.008+0000] {dagbag.py:588} INFO - Filling up the DagBag from /home/airflow/.local/lib/python3.12/site-packages/airflow/example_dags/example_latest_only.py
[2025-01-02T19:04:02.029+0000] {processor.py:925} INFO - DAG(s) 'latest_only' retrieved from /home/airflow/.local/lib/python3.12/site-packages/airflow/example_dags/example_latest_only.py
[2025-01-02T19:04:02.106+0000] {logging_mixin.py:190} INFO - [2025-01-02T19:04:02.106+0000] {dag.py:3239} INFO - Sync 1 DAGs
[2025-01-02T19:04:02.152+0000] {logging_mixin.py:190} INFO - [2025-01-02T19:04:02.152+0000] {dag.py:4180} INFO - Setting next_dagrun for latest_only to 2025-01-02 12:00:00+00:00, run_after=2025-01-02 16:00:00+00:00
[2025-01-02T19:04:02.203+0000] {processor.py:208} INFO - Processing /home/airflow/.local/lib/python3.12/site-packages/airflow/example_dags/example_latest_only.py took 0.217 seconds
[2025-01-02T19:04:34.366+0000] {processor.py:186} INFO - Started process (PID=604) to work on /home/airflow/.local/lib/python3.12/site-packages/airflow/example_dags/example_latest_only.py
[2025-01-02T19:04:34.379+0000] {processor.py:914} INFO - Processing file /home/airflow/.local/lib/python3.12/site-packages/airflow/example_dags/example_latest_only.py for tasks to queue
[2025-01-02T19:04:34.382+0000] {logging_mixin.py:190} INFO - [2025-01-02T19:04:34.382+0000] {dagbag.py:588} INFO - Filling up the DagBag from /home/airflow/.local/lib/python3.12/site-packages/airflow/example_dags/example_latest_only.py
[2025-01-02T19:04:34.415+0000] {processor.py:925} INFO - DAG(s) 'latest_only' retrieved from /home/airflow/.local/lib/python3.12/site-packages/airflow/example_dags/example_latest_only.py
[2025-01-02T19:04:34.493+0000] {logging_mixin.py:190} INFO - [2025-01-02T19:04:34.493+0000] {dag.py:3239} INFO - Sync 1 DAGs
[2025-01-02T19:04:34.623+0000] {logging_mixin.py:190} INFO - [2025-01-02T19:04:34.623+0000] {dag.py:4180} INFO - Setting next_dagrun for latest_only to 2025-01-02 12:00:00+00:00, run_after=2025-01-02 16:00:00+00:00
[2025-01-02T19:04:34.702+0000] {processor.py:208} INFO - Processing /home/airflow/.local/lib/python3.12/site-packages/airflow/example_dags/example_latest_only.py took 0.365 seconds
