[2025-01-02T18:55:29.590+0000] {processor.py:186} INFO - Started process (PID=98) to work on /home/airflow/.local/lib/python3.12/site-packages/airflow/example_dags/example_sensors.py
[2025-01-02T18:55:29.605+0000] {processor.py:914} INFO - Processing file /home/airflow/.local/lib/python3.12/site-packages/airflow/example_dags/example_sensors.py for tasks to queue
[2025-01-02T18:55:29.609+0000] {logging_mixin.py:190} INFO - [2025-01-02T18:55:29.608+0000] {dagbag.py:588} INFO - Filling up the DagBag from /home/airflow/.local/lib/python3.12/site-packages/airflow/example_dags/example_sensors.py
[2025-01-02T18:55:29.682+0000] {processor.py:925} INFO - DAG(s) 'example_sensors' retrieved from /home/airflow/.local/lib/python3.12/site-packages/airflow/example_dags/example_sensors.py
[2025-01-02T18:55:30.201+0000] {logging_mixin.py:190} INFO - [2025-01-02T18:55:30.201+0000] {override.py:1911} INFO - Created Permission View: can edit on DAG:example_sensors
[2025-01-02T18:55:30.237+0000] {logging_mixin.py:190} INFO - [2025-01-02T18:55:30.236+0000] {override.py:1911} INFO - Created Permission View: can delete on DAG:example_sensors
[2025-01-02T18:55:30.252+0000] {logging_mixin.py:190} INFO - [2025-01-02T18:55:30.251+0000] {override.py:1911} INFO - Created Permission View: can read on DAG:example_sensors
[2025-01-02T18:55:30.273+0000] {logging_mixin.py:190} INFO - [2025-01-02T18:55:30.272+0000] {override.py:1911} INFO - Created Permission View: can create on DAG Run:example_sensors
[2025-01-02T18:55:30.292+0000] {logging_mixin.py:190} INFO - [2025-01-02T18:55:30.292+0000] {override.py:1911} INFO - Created Permission View: can delete on DAG Run:example_sensors
[2025-01-02T18:55:30.312+0000] {logging_mixin.py:190} INFO - [2025-01-02T18:55:30.311+0000] {override.py:1911} INFO - Created Permission View: menu access on DAG Run:example_sensors
[2025-01-02T18:55:30.328+0000] {logging_mixin.py:190} INFO - [2025-01-02T18:55:30.326+0000] {override.py:1911} INFO - Created Permission View: can read on DAG Run:example_sensors
[2025-01-02T18:55:30.330+0000] {logging_mixin.py:190} INFO - [2025-01-02T18:55:30.329+0000] {dag.py:3239} INFO - Sync 1 DAGs
[2025-01-02T18:55:30.379+0000] {logging_mixin.py:190} INFO - [2025-01-02T18:55:30.379+0000] {dag.py:3262} INFO - Creating ORM DAG for example_sensors
[2025-01-02T18:55:30.380+0000] {logging_mixin.py:190} INFO - [2025-01-02T18:55:30.380+0000] {dag.py:4180} INFO - Setting next_dagrun for example_sensors to None, run_after=None
[2025-01-02T18:55:30.454+0000] {processor.py:208} INFO - Processing /home/airflow/.local/lib/python3.12/site-packages/airflow/example_dags/example_sensors.py took 0.897 seconds
[2025-01-02T18:56:00.889+0000] {processor.py:186} INFO - Started process (PID=161) to work on /home/airflow/.local/lib/python3.12/site-packages/airflow/example_dags/example_sensors.py
[2025-01-02T18:56:00.890+0000] {processor.py:914} INFO - Processing file /home/airflow/.local/lib/python3.12/site-packages/airflow/example_dags/example_sensors.py for tasks to queue
[2025-01-02T18:56:00.894+0000] {logging_mixin.py:190} INFO - [2025-01-02T18:56:00.893+0000] {dagbag.py:588} INFO - Filling up the DagBag from /home/airflow/.local/lib/python3.12/site-packages/airflow/example_dags/example_sensors.py
[2025-01-02T18:56:00.914+0000] {processor.py:925} INFO - DAG(s) 'example_sensors' retrieved from /home/airflow/.local/lib/python3.12/site-packages/airflow/example_dags/example_sensors.py
[2025-01-02T18:56:00.954+0000] {logging_mixin.py:190} INFO - [2025-01-02T18:56:00.953+0000] {dag.py:3239} INFO - Sync 1 DAGs
[2025-01-02T18:56:00.975+0000] {logging_mixin.py:190} INFO - [2025-01-02T18:56:00.975+0000] {dag.py:4180} INFO - Setting next_dagrun for example_sensors to None, run_after=None
[2025-01-02T18:56:00.998+0000] {processor.py:208} INFO - Processing /home/airflow/.local/lib/python3.12/site-packages/airflow/example_dags/example_sensors.py took 0.119 seconds
[2025-01-02T18:56:31.424+0000] {processor.py:186} INFO - Started process (PID=224) to work on /home/airflow/.local/lib/python3.12/site-packages/airflow/example_dags/example_sensors.py
[2025-01-02T18:56:31.445+0000] {processor.py:914} INFO - Processing file /home/airflow/.local/lib/python3.12/site-packages/airflow/example_dags/example_sensors.py for tasks to queue
[2025-01-02T18:56:31.448+0000] {logging_mixin.py:190} INFO - [2025-01-02T18:56:31.448+0000] {dagbag.py:588} INFO - Filling up the DagBag from /home/airflow/.local/lib/python3.12/site-packages/airflow/example_dags/example_sensors.py
[2025-01-02T18:56:31.466+0000] {processor.py:925} INFO - DAG(s) 'example_sensors' retrieved from /home/airflow/.local/lib/python3.12/site-packages/airflow/example_dags/example_sensors.py
[2025-01-02T18:56:31.505+0000] {logging_mixin.py:190} INFO - [2025-01-02T18:56:31.505+0000] {dag.py:3239} INFO - Sync 1 DAGs
[2025-01-02T18:56:31.527+0000] {logging_mixin.py:190} INFO - [2025-01-02T18:56:31.526+0000] {dag.py:4180} INFO - Setting next_dagrun for example_sensors to None, run_after=None
[2025-01-02T18:56:31.550+0000] {processor.py:208} INFO - Processing /home/airflow/.local/lib/python3.12/site-packages/airflow/example_dags/example_sensors.py took 0.135 seconds
[2025-01-02T18:57:01.839+0000] {processor.py:186} INFO - Started process (PID=287) to work on /home/airflow/.local/lib/python3.12/site-packages/airflow/example_dags/example_sensors.py
[2025-01-02T18:57:01.840+0000] {processor.py:914} INFO - Processing file /home/airflow/.local/lib/python3.12/site-packages/airflow/example_dags/example_sensors.py for tasks to queue
[2025-01-02T18:57:01.843+0000] {logging_mixin.py:190} INFO - [2025-01-02T18:57:01.843+0000] {dagbag.py:588} INFO - Filling up the DagBag from /home/airflow/.local/lib/python3.12/site-packages/airflow/example_dags/example_sensors.py
[2025-01-02T18:57:01.861+0000] {processor.py:925} INFO - DAG(s) 'example_sensors' retrieved from /home/airflow/.local/lib/python3.12/site-packages/airflow/example_dags/example_sensors.py
[2025-01-02T18:57:01.901+0000] {logging_mixin.py:190} INFO - [2025-01-02T18:57:01.901+0000] {dag.py:3239} INFO - Sync 1 DAGs
[2025-01-02T18:57:01.923+0000] {logging_mixin.py:190} INFO - [2025-01-02T18:57:01.923+0000] {dag.py:4180} INFO - Setting next_dagrun for example_sensors to None, run_after=None
[2025-01-02T18:57:01.949+0000] {processor.py:208} INFO - Processing /home/airflow/.local/lib/python3.12/site-packages/airflow/example_dags/example_sensors.py took 0.120 seconds
[2025-01-02T18:57:32.195+0000] {processor.py:186} INFO - Started process (PID=349) to work on /home/airflow/.local/lib/python3.12/site-packages/airflow/example_dags/example_sensors.py
[2025-01-02T18:57:32.204+0000] {processor.py:914} INFO - Processing file /home/airflow/.local/lib/python3.12/site-packages/airflow/example_dags/example_sensors.py for tasks to queue
[2025-01-02T18:57:32.211+0000] {logging_mixin.py:190} INFO - [2025-01-02T18:57:32.210+0000] {dagbag.py:588} INFO - Filling up the DagBag from /home/airflow/.local/lib/python3.12/site-packages/airflow/example_dags/example_sensors.py
[2025-01-02T18:57:32.257+0000] {processor.py:925} INFO - DAG(s) 'example_sensors' retrieved from /home/airflow/.local/lib/python3.12/site-packages/airflow/example_dags/example_sensors.py
[2025-01-02T18:57:32.337+0000] {logging_mixin.py:190} INFO - [2025-01-02T18:57:32.336+0000] {dag.py:3239} INFO - Sync 1 DAGs
[2025-01-02T18:57:32.397+0000] {logging_mixin.py:190} INFO - [2025-01-02T18:57:32.397+0000] {dag.py:4180} INFO - Setting next_dagrun for example_sensors to None, run_after=None
[2025-01-02T18:57:32.474+0000] {processor.py:208} INFO - Processing /home/airflow/.local/lib/python3.12/site-packages/airflow/example_dags/example_sensors.py took 0.297 seconds
[2025-01-02T19:00:15.784+0000] {processor.py:186} INFO - Started process (PID=87) to work on /home/airflow/.local/lib/python3.12/site-packages/airflow/example_dags/example_sensors.py
[2025-01-02T19:00:15.801+0000] {processor.py:914} INFO - Processing file /home/airflow/.local/lib/python3.12/site-packages/airflow/example_dags/example_sensors.py for tasks to queue
[2025-01-02T19:00:15.805+0000] {logging_mixin.py:190} INFO - [2025-01-02T19:00:15.804+0000] {dagbag.py:588} INFO - Filling up the DagBag from /home/airflow/.local/lib/python3.12/site-packages/airflow/example_dags/example_sensors.py
[2025-01-02T19:00:15.842+0000] {processor.py:925} INFO - DAG(s) 'example_sensors' retrieved from /home/airflow/.local/lib/python3.12/site-packages/airflow/example_dags/example_sensors.py
[2025-01-02T19:00:15.913+0000] {logging_mixin.py:190} INFO - [2025-01-02T19:00:15.913+0000] {dag.py:3239} INFO - Sync 1 DAGs
[2025-01-02T19:00:15.958+0000] {logging_mixin.py:190} INFO - [2025-01-02T19:00:15.958+0000] {dag.py:4180} INFO - Setting next_dagrun for example_sensors to None, run_after=None
[2025-01-02T19:00:16.036+0000] {processor.py:208} INFO - Processing /home/airflow/.local/lib/python3.12/site-packages/airflow/example_dags/example_sensors.py took 0.263 seconds
[2025-01-02T19:00:46.311+0000] {processor.py:186} INFO - Started process (PID=150) to work on /home/airflow/.local/lib/python3.12/site-packages/airflow/example_dags/example_sensors.py
[2025-01-02T19:00:46.312+0000] {processor.py:914} INFO - Processing file /home/airflow/.local/lib/python3.12/site-packages/airflow/example_dags/example_sensors.py for tasks to queue
[2025-01-02T19:00:46.315+0000] {logging_mixin.py:190} INFO - [2025-01-02T19:00:46.315+0000] {dagbag.py:588} INFO - Filling up the DagBag from /home/airflow/.local/lib/python3.12/site-packages/airflow/example_dags/example_sensors.py
[2025-01-02T19:00:46.334+0000] {processor.py:925} INFO - DAG(s) 'example_sensors' retrieved from /home/airflow/.local/lib/python3.12/site-packages/airflow/example_dags/example_sensors.py
[2025-01-02T19:00:46.372+0000] {logging_mixin.py:190} INFO - [2025-01-02T19:00:46.371+0000] {dag.py:3239} INFO - Sync 1 DAGs
[2025-01-02T19:00:46.393+0000] {logging_mixin.py:190} INFO - [2025-01-02T19:00:46.392+0000] {dag.py:4180} INFO - Setting next_dagrun for example_sensors to None, run_after=None
[2025-01-02T19:00:46.417+0000] {processor.py:208} INFO - Processing /home/airflow/.local/lib/python3.12/site-packages/airflow/example_dags/example_sensors.py took 0.115 seconds
[2025-01-02T19:01:17.155+0000] {processor.py:186} INFO - Started process (PID=213) to work on /home/airflow/.local/lib/python3.12/site-packages/airflow/example_dags/example_sensors.py
[2025-01-02T19:01:17.157+0000] {processor.py:914} INFO - Processing file /home/airflow/.local/lib/python3.12/site-packages/airflow/example_dags/example_sensors.py for tasks to queue
[2025-01-02T19:01:17.160+0000] {logging_mixin.py:190} INFO - [2025-01-02T19:01:17.160+0000] {dagbag.py:588} INFO - Filling up the DagBag from /home/airflow/.local/lib/python3.12/site-packages/airflow/example_dags/example_sensors.py
[2025-01-02T19:01:17.178+0000] {processor.py:925} INFO - DAG(s) 'example_sensors' retrieved from /home/airflow/.local/lib/python3.12/site-packages/airflow/example_dags/example_sensors.py
[2025-01-02T19:01:17.218+0000] {logging_mixin.py:190} INFO - [2025-01-02T19:01:17.217+0000] {dag.py:3239} INFO - Sync 1 DAGs
[2025-01-02T19:01:17.241+0000] {logging_mixin.py:190} INFO - [2025-01-02T19:01:17.241+0000] {dag.py:4180} INFO - Setting next_dagrun for example_sensors to None, run_after=None
[2025-01-02T19:01:17.269+0000] {processor.py:208} INFO - Processing /home/airflow/.local/lib/python3.12/site-packages/airflow/example_dags/example_sensors.py took 0.122 seconds
[2025-01-02T19:01:48.190+0000] {processor.py:186} INFO - Started process (PID=276) to work on /home/airflow/.local/lib/python3.12/site-packages/airflow/example_dags/example_sensors.py
[2025-01-02T19:01:48.191+0000] {processor.py:914} INFO - Processing file /home/airflow/.local/lib/python3.12/site-packages/airflow/example_dags/example_sensors.py for tasks to queue
[2025-01-02T19:01:48.195+0000] {logging_mixin.py:190} INFO - [2025-01-02T19:01:48.194+0000] {dagbag.py:588} INFO - Filling up the DagBag from /home/airflow/.local/lib/python3.12/site-packages/airflow/example_dags/example_sensors.py
[2025-01-02T19:01:48.211+0000] {processor.py:925} INFO - DAG(s) 'example_sensors' retrieved from /home/airflow/.local/lib/python3.12/site-packages/airflow/example_dags/example_sensors.py
[2025-01-02T19:01:48.248+0000] {logging_mixin.py:190} INFO - [2025-01-02T19:01:48.248+0000] {dag.py:3239} INFO - Sync 1 DAGs
[2025-01-02T19:01:48.270+0000] {logging_mixin.py:190} INFO - [2025-01-02T19:01:48.269+0000] {dag.py:4180} INFO - Setting next_dagrun for example_sensors to None, run_after=None
[2025-01-02T19:01:48.295+0000] {processor.py:208} INFO - Processing /home/airflow/.local/lib/python3.12/site-packages/airflow/example_dags/example_sensors.py took 0.113 seconds
[2025-01-02T19:02:18.756+0000] {processor.py:186} INFO - Started process (PID=338) to work on /home/airflow/.local/lib/python3.12/site-packages/airflow/example_dags/example_sensors.py
[2025-01-02T19:02:18.758+0000] {processor.py:914} INFO - Processing file /home/airflow/.local/lib/python3.12/site-packages/airflow/example_dags/example_sensors.py for tasks to queue
[2025-01-02T19:02:18.762+0000] {logging_mixin.py:190} INFO - [2025-01-02T19:02:18.762+0000] {dagbag.py:588} INFO - Filling up the DagBag from /home/airflow/.local/lib/python3.12/site-packages/airflow/example_dags/example_sensors.py
[2025-01-02T19:02:18.781+0000] {processor.py:925} INFO - DAG(s) 'example_sensors' retrieved from /home/airflow/.local/lib/python3.12/site-packages/airflow/example_dags/example_sensors.py
[2025-01-02T19:02:18.818+0000] {logging_mixin.py:190} INFO - [2025-01-02T19:02:18.818+0000] {dag.py:3239} INFO - Sync 1 DAGs
[2025-01-02T19:02:18.839+0000] {logging_mixin.py:190} INFO - [2025-01-02T19:02:18.838+0000] {dag.py:4180} INFO - Setting next_dagrun for example_sensors to None, run_after=None
[2025-01-02T19:02:18.862+0000] {processor.py:208} INFO - Processing /home/airflow/.local/lib/python3.12/site-packages/airflow/example_dags/example_sensors.py took 0.115 seconds
[2025-01-02T19:02:49.607+0000] {processor.py:186} INFO - Started process (PID=401) to work on /home/airflow/.local/lib/python3.12/site-packages/airflow/example_dags/example_sensors.py
[2025-01-02T19:02:49.608+0000] {processor.py:914} INFO - Processing file /home/airflow/.local/lib/python3.12/site-packages/airflow/example_dags/example_sensors.py for tasks to queue
[2025-01-02T19:02:49.623+0000] {logging_mixin.py:190} INFO - [2025-01-02T19:02:49.623+0000] {dagbag.py:588} INFO - Filling up the DagBag from /home/airflow/.local/lib/python3.12/site-packages/airflow/example_dags/example_sensors.py
[2025-01-02T19:02:49.653+0000] {processor.py:925} INFO - DAG(s) 'example_sensors' retrieved from /home/airflow/.local/lib/python3.12/site-packages/airflow/example_dags/example_sensors.py
[2025-01-02T19:02:49.729+0000] {logging_mixin.py:190} INFO - [2025-01-02T19:02:49.729+0000] {dag.py:3239} INFO - Sync 1 DAGs
[2025-01-02T19:02:49.779+0000] {logging_mixin.py:190} INFO - [2025-01-02T19:02:49.779+0000] {dag.py:4180} INFO - Setting next_dagrun for example_sensors to None, run_after=None
[2025-01-02T19:02:49.843+0000] {processor.py:208} INFO - Processing /home/airflow/.local/lib/python3.12/site-packages/airflow/example_dags/example_sensors.py took 0.253 seconds
[2025-01-02T19:03:20.581+0000] {processor.py:186} INFO - Started process (PID=464) to work on /home/airflow/.local/lib/python3.12/site-packages/airflow/example_dags/example_sensors.py
[2025-01-02T19:03:20.587+0000] {processor.py:914} INFO - Processing file /home/airflow/.local/lib/python3.12/site-packages/airflow/example_dags/example_sensors.py for tasks to queue
[2025-01-02T19:03:20.603+0000] {logging_mixin.py:190} INFO - [2025-01-02T19:03:20.603+0000] {dagbag.py:588} INFO - Filling up the DagBag from /home/airflow/.local/lib/python3.12/site-packages/airflow/example_dags/example_sensors.py
[2025-01-02T19:03:20.654+0000] {processor.py:925} INFO - DAG(s) 'example_sensors' retrieved from /home/airflow/.local/lib/python3.12/site-packages/airflow/example_dags/example_sensors.py
[2025-01-02T19:03:20.775+0000] {logging_mixin.py:190} INFO - [2025-01-02T19:03:20.775+0000] {dag.py:3239} INFO - Sync 1 DAGs
[2025-01-02T19:03:20.868+0000] {logging_mixin.py:190} INFO - [2025-01-02T19:03:20.867+0000] {dag.py:4180} INFO - Setting next_dagrun for example_sensors to None, run_after=None
[2025-01-02T19:03:20.998+0000] {processor.py:208} INFO - Processing /home/airflow/.local/lib/python3.12/site-packages/airflow/example_dags/example_sensors.py took 0.451 seconds
[2025-01-02T19:03:51.269+0000] {processor.py:186} INFO - Started process (PID=527) to work on /home/airflow/.local/lib/python3.12/site-packages/airflow/example_dags/example_sensors.py
[2025-01-02T19:03:51.270+0000] {processor.py:914} INFO - Processing file /home/airflow/.local/lib/python3.12/site-packages/airflow/example_dags/example_sensors.py for tasks to queue
[2025-01-02T19:03:51.273+0000] {logging_mixin.py:190} INFO - [2025-01-02T19:03:51.273+0000] {dagbag.py:588} INFO - Filling up the DagBag from /home/airflow/.local/lib/python3.12/site-packages/airflow/example_dags/example_sensors.py
[2025-01-02T19:03:51.291+0000] {processor.py:925} INFO - DAG(s) 'example_sensors' retrieved from /home/airflow/.local/lib/python3.12/site-packages/airflow/example_dags/example_sensors.py
[2025-01-02T19:03:51.338+0000] {logging_mixin.py:190} INFO - [2025-01-02T19:03:51.338+0000] {dag.py:3239} INFO - Sync 1 DAGs
[2025-01-02T19:03:51.360+0000] {logging_mixin.py:190} INFO - [2025-01-02T19:03:51.360+0000] {dag.py:4180} INFO - Setting next_dagrun for example_sensors to None, run_after=None
[2025-01-02T19:03:51.387+0000] {processor.py:208} INFO - Processing /home/airflow/.local/lib/python3.12/site-packages/airflow/example_dags/example_sensors.py took 0.127 seconds
[2025-01-02T19:04:21.677+0000] {processor.py:186} INFO - Started process (PID=590) to work on /home/airflow/.local/lib/python3.12/site-packages/airflow/example_dags/example_sensors.py
[2025-01-02T19:04:21.679+0000] {processor.py:914} INFO - Processing file /home/airflow/.local/lib/python3.12/site-packages/airflow/example_dags/example_sensors.py for tasks to queue
[2025-01-02T19:04:21.683+0000] {logging_mixin.py:190} INFO - [2025-01-02T19:04:21.682+0000] {dagbag.py:588} INFO - Filling up the DagBag from /home/airflow/.local/lib/python3.12/site-packages/airflow/example_dags/example_sensors.py
[2025-01-02T19:04:21.702+0000] {processor.py:925} INFO - DAG(s) 'example_sensors' retrieved from /home/airflow/.local/lib/python3.12/site-packages/airflow/example_dags/example_sensors.py
[2025-01-02T19:04:21.780+0000] {logging_mixin.py:190} INFO - [2025-01-02T19:04:21.780+0000] {dag.py:3239} INFO - Sync 1 DAGs
[2025-01-02T19:04:21.800+0000] {logging_mixin.py:190} INFO - [2025-01-02T19:04:21.800+0000] {dag.py:4180} INFO - Setting next_dagrun for example_sensors to None, run_after=None
[2025-01-02T19:04:21.824+0000] {processor.py:208} INFO - Processing /home/airflow/.local/lib/python3.12/site-packages/airflow/example_dags/example_sensors.py took 0.156 seconds
[2025-01-02T19:04:52.104+0000] {processor.py:186} INFO - Started process (PID=653) to work on /home/airflow/.local/lib/python3.12/site-packages/airflow/example_dags/example_sensors.py
[2025-01-02T19:04:52.105+0000] {processor.py:914} INFO - Processing file /home/airflow/.local/lib/python3.12/site-packages/airflow/example_dags/example_sensors.py for tasks to queue
[2025-01-02T19:04:52.109+0000] {logging_mixin.py:190} INFO - [2025-01-02T19:04:52.108+0000] {dagbag.py:588} INFO - Filling up the DagBag from /home/airflow/.local/lib/python3.12/site-packages/airflow/example_dags/example_sensors.py
[2025-01-02T19:04:52.126+0000] {processor.py:925} INFO - DAG(s) 'example_sensors' retrieved from /home/airflow/.local/lib/python3.12/site-packages/airflow/example_dags/example_sensors.py
[2025-01-02T19:04:52.183+0000] {logging_mixin.py:190} INFO - [2025-01-02T19:04:52.182+0000] {dag.py:3239} INFO - Sync 1 DAGs
[2025-01-02T19:04:52.218+0000] {logging_mixin.py:190} INFO - [2025-01-02T19:04:52.218+0000] {dag.py:4180} INFO - Setting next_dagrun for example_sensors to None, run_after=None
[2025-01-02T19:04:52.247+0000] {processor.py:208} INFO - Processing /home/airflow/.local/lib/python3.12/site-packages/airflow/example_dags/example_sensors.py took 0.152 seconds
