[2025-01-02T18:55:31.738+0000] {processor.py:186} INFO - Started process (PID=101) to work on /home/airflow/.local/lib/python3.12/site-packages/airflow/example_dags/example_inlet_event_extra.py
[2025-01-02T18:55:31.739+0000] {processor.py:914} INFO - Processing file /home/airflow/.local/lib/python3.12/site-packages/airflow/example_dags/example_inlet_event_extra.py for tasks to queue
[2025-01-02T18:55:31.752+0000] {logging_mixin.py:190} INFO - [2025-01-02T18:55:31.751+0000] {dagbag.py:588} INFO - Filling up the DagBag from /home/airflow/.local/lib/python3.12/site-packages/airflow/example_dags/example_inlet_event_extra.py
[2025-01-02T18:55:34.830+0000] {processor.py:925} INFO - DAG(s) 'read_dataset_event', 'read_dataset_event_from_classic' retrieved from /home/airflow/.local/lib/python3.12/site-packages/airflow/example_dags/example_inlet_event_extra.py
[2025-01-02T18:55:35.372+0000] {logging_mixin.py:190} INFO - [2025-01-02T18:55:35.371+0000] {override.py:1911} INFO - Created Permission View: can edit on DAG:read_dataset_event
[2025-01-02T18:55:35.413+0000] {logging_mixin.py:190} INFO - [2025-01-02T18:55:35.412+0000] {override.py:1911} INFO - Created Permission View: can delete on DAG:read_dataset_event
[2025-01-02T18:55:35.436+0000] {logging_mixin.py:190} INFO - [2025-01-02T18:55:35.436+0000] {override.py:1911} INFO - Created Permission View: can read on DAG:read_dataset_event
[2025-01-02T18:55:35.465+0000] {logging_mixin.py:190} INFO - [2025-01-02T18:55:35.465+0000] {override.py:1911} INFO - Created Permission View: can create on DAG Run:read_dataset_event
[2025-01-02T18:55:35.493+0000] {logging_mixin.py:190} INFO - [2025-01-02T18:55:35.492+0000] {override.py:1911} INFO - Created Permission View: can delete on DAG Run:read_dataset_event
[2025-01-02T18:55:35.515+0000] {logging_mixin.py:190} INFO - [2025-01-02T18:55:35.515+0000] {override.py:1911} INFO - Created Permission View: menu access on DAG Run:read_dataset_event
[2025-01-02T18:55:35.539+0000] {logging_mixin.py:190} INFO - [2025-01-02T18:55:35.538+0000] {override.py:1911} INFO - Created Permission View: can read on DAG Run:read_dataset_event
[2025-01-02T18:55:35.582+0000] {logging_mixin.py:190} INFO - [2025-01-02T18:55:35.582+0000] {override.py:1911} INFO - Created Permission View: can edit on DAG:read_dataset_event_from_classic
[2025-01-02T18:55:35.603+0000] {logging_mixin.py:190} INFO - [2025-01-02T18:55:35.603+0000] {override.py:1911} INFO - Created Permission View: can delete on DAG:read_dataset_event_from_classic
[2025-01-02T18:55:35.634+0000] {logging_mixin.py:190} INFO - [2025-01-02T18:55:35.634+0000] {override.py:1911} INFO - Created Permission View: can read on DAG:read_dataset_event_from_classic
[2025-01-02T18:55:35.665+0000] {logging_mixin.py:190} INFO - [2025-01-02T18:55:35.664+0000] {override.py:1911} INFO - Created Permission View: can create on DAG Run:read_dataset_event_from_classic
[2025-01-02T18:55:35.683+0000] {logging_mixin.py:190} INFO - [2025-01-02T18:55:35.682+0000] {override.py:1911} INFO - Created Permission View: can delete on DAG Run:read_dataset_event_from_classic
[2025-01-02T18:55:35.703+0000] {logging_mixin.py:190} INFO - [2025-01-02T18:55:35.702+0000] {override.py:1911} INFO - Created Permission View: menu access on DAG Run:read_dataset_event_from_classic
[2025-01-02T18:55:35.727+0000] {logging_mixin.py:190} INFO - [2025-01-02T18:55:35.727+0000] {override.py:1911} INFO - Created Permission View: can read on DAG Run:read_dataset_event_from_classic
[2025-01-02T18:55:35.728+0000] {logging_mixin.py:190} INFO - [2025-01-02T18:55:35.727+0000] {dag.py:3239} INFO - Sync 2 DAGs
[2025-01-02T18:55:35.787+0000] {logging_mixin.py:190} INFO - [2025-01-02T18:55:35.786+0000] {dag.py:3262} INFO - Creating ORM DAG for read_dataset_event
[2025-01-02T18:55:35.788+0000] {logging_mixin.py:190} INFO - [2025-01-02T18:55:35.788+0000] {dag.py:3262} INFO - Creating ORM DAG for read_dataset_event_from_classic
[2025-01-02T18:55:35.854+0000] {logging_mixin.py:190} INFO - [2025-01-02T18:55:35.853+0000] {dag.py:4180} INFO - Setting next_dagrun for read_dataset_event to 2025-01-01 00:00:00+00:00, run_after=2025-01-02 00:00:00+00:00
[2025-01-02T18:55:35.857+0000] {logging_mixin.py:190} INFO - [2025-01-02T18:55:35.856+0000] {dag.py:4180} INFO - Setting next_dagrun for read_dataset_event_from_classic to 2025-01-01 00:00:00+00:00, run_after=2025-01-02 00:00:00+00:00
[2025-01-02T18:55:35.946+0000] {processor.py:208} INFO - Processing /home/airflow/.local/lib/python3.12/site-packages/airflow/example_dags/example_inlet_event_extra.py took 4.250 seconds
[2025-01-02T18:56:06.177+0000] {processor.py:186} INFO - Started process (PID=164) to work on /home/airflow/.local/lib/python3.12/site-packages/airflow/example_dags/example_inlet_event_extra.py
[2025-01-02T18:56:06.179+0000] {processor.py:914} INFO - Processing file /home/airflow/.local/lib/python3.12/site-packages/airflow/example_dags/example_inlet_event_extra.py for tasks to queue
[2025-01-02T18:56:06.181+0000] {logging_mixin.py:190} INFO - [2025-01-02T18:56:06.181+0000] {dagbag.py:588} INFO - Filling up the DagBag from /home/airflow/.local/lib/python3.12/site-packages/airflow/example_dags/example_inlet_event_extra.py
[2025-01-02T18:56:06.816+0000] {processor.py:925} INFO - DAG(s) 'read_dataset_event_from_classic', 'read_dataset_event' retrieved from /home/airflow/.local/lib/python3.12/site-packages/airflow/example_dags/example_inlet_event_extra.py
[2025-01-02T18:56:06.839+0000] {logging_mixin.py:190} INFO - [2025-01-02T18:56:06.838+0000] {dag.py:3239} INFO - Sync 2 DAGs
[2025-01-02T18:56:06.863+0000] {logging_mixin.py:190} INFO - [2025-01-02T18:56:06.863+0000] {dag.py:4180} INFO - Setting next_dagrun for read_dataset_event to 2025-01-01 00:00:00+00:00, run_after=2025-01-02 00:00:00+00:00
[2025-01-02T18:56:06.869+0000] {logging_mixin.py:190} INFO - [2025-01-02T18:56:06.868+0000] {dag.py:4180} INFO - Setting next_dagrun for read_dataset_event_from_classic to 2025-01-01 00:00:00+00:00, run_after=2025-01-02 00:00:00+00:00
[2025-01-02T18:56:06.885+0000] {processor.py:208} INFO - Processing /home/airflow/.local/lib/python3.12/site-packages/airflow/example_dags/example_inlet_event_extra.py took 0.718 seconds
[2025-01-02T18:56:37.768+0000] {processor.py:186} INFO - Started process (PID=227) to work on /home/airflow/.local/lib/python3.12/site-packages/airflow/example_dags/example_inlet_event_extra.py
[2025-01-02T18:56:37.769+0000] {processor.py:914} INFO - Processing file /home/airflow/.local/lib/python3.12/site-packages/airflow/example_dags/example_inlet_event_extra.py for tasks to queue
[2025-01-02T18:56:37.772+0000] {logging_mixin.py:190} INFO - [2025-01-02T18:56:37.772+0000] {dagbag.py:588} INFO - Filling up the DagBag from /home/airflow/.local/lib/python3.12/site-packages/airflow/example_dags/example_inlet_event_extra.py
[2025-01-02T18:56:38.414+0000] {processor.py:925} INFO - DAG(s) 'read_dataset_event_from_classic', 'read_dataset_event' retrieved from /home/airflow/.local/lib/python3.12/site-packages/airflow/example_dags/example_inlet_event_extra.py
[2025-01-02T18:56:38.436+0000] {logging_mixin.py:190} INFO - [2025-01-02T18:56:38.436+0000] {dag.py:3239} INFO - Sync 2 DAGs
[2025-01-02T18:56:38.463+0000] {logging_mixin.py:190} INFO - [2025-01-02T18:56:38.462+0000] {dag.py:4180} INFO - Setting next_dagrun for read_dataset_event to 2025-01-01 00:00:00+00:00, run_after=2025-01-02 00:00:00+00:00
[2025-01-02T18:56:38.468+0000] {logging_mixin.py:190} INFO - [2025-01-02T18:56:38.467+0000] {dag.py:4180} INFO - Setting next_dagrun for read_dataset_event_from_classic to 2025-01-01 00:00:00+00:00, run_after=2025-01-02 00:00:00+00:00
[2025-01-02T18:56:38.484+0000] {processor.py:208} INFO - Processing /home/airflow/.local/lib/python3.12/site-packages/airflow/example_dags/example_inlet_event_extra.py took 0.722 seconds
[2025-01-02T18:57:09.201+0000] {processor.py:186} INFO - Started process (PID=290) to work on /home/airflow/.local/lib/python3.12/site-packages/airflow/example_dags/example_inlet_event_extra.py
[2025-01-02T18:57:09.203+0000] {processor.py:914} INFO - Processing file /home/airflow/.local/lib/python3.12/site-packages/airflow/example_dags/example_inlet_event_extra.py for tasks to queue
[2025-01-02T18:57:09.206+0000] {logging_mixin.py:190} INFO - [2025-01-02T18:57:09.206+0000] {dagbag.py:588} INFO - Filling up the DagBag from /home/airflow/.local/lib/python3.12/site-packages/airflow/example_dags/example_inlet_event_extra.py
[2025-01-02T18:57:09.826+0000] {processor.py:925} INFO - DAG(s) 'read_dataset_event_from_classic', 'read_dataset_event' retrieved from /home/airflow/.local/lib/python3.12/site-packages/airflow/example_dags/example_inlet_event_extra.py
[2025-01-02T18:57:09.847+0000] {logging_mixin.py:190} INFO - [2025-01-02T18:57:09.847+0000] {dag.py:3239} INFO - Sync 2 DAGs
[2025-01-02T18:57:09.873+0000] {logging_mixin.py:190} INFO - [2025-01-02T18:57:09.873+0000] {dag.py:4180} INFO - Setting next_dagrun for read_dataset_event to 2025-01-01 00:00:00+00:00, run_after=2025-01-02 00:00:00+00:00
[2025-01-02T18:57:09.878+0000] {logging_mixin.py:190} INFO - [2025-01-02T18:57:09.878+0000] {dag.py:4180} INFO - Setting next_dagrun for read_dataset_event_from_classic to 2025-01-01 00:00:00+00:00, run_after=2025-01-02 00:00:00+00:00
[2025-01-02T18:57:09.895+0000] {processor.py:208} INFO - Processing /home/airflow/.local/lib/python3.12/site-packages/airflow/example_dags/example_inlet_event_extra.py took 0.703 seconds
[2025-01-02T18:57:40.020+0000] {processor.py:186} INFO - Started process (PID=353) to work on /home/airflow/.local/lib/python3.12/site-packages/airflow/example_dags/example_inlet_event_extra.py
[2025-01-02T18:57:40.022+0000] {processor.py:914} INFO - Processing file /home/airflow/.local/lib/python3.12/site-packages/airflow/example_dags/example_inlet_event_extra.py for tasks to queue
[2025-01-02T18:57:40.025+0000] {logging_mixin.py:190} INFO - [2025-01-02T18:57:40.025+0000] {dagbag.py:588} INFO - Filling up the DagBag from /home/airflow/.local/lib/python3.12/site-packages/airflow/example_dags/example_inlet_event_extra.py
[2025-01-02T18:57:40.655+0000] {processor.py:925} INFO - DAG(s) 'read_dataset_event_from_classic', 'read_dataset_event' retrieved from /home/airflow/.local/lib/python3.12/site-packages/airflow/example_dags/example_inlet_event_extra.py
[2025-01-02T18:57:40.675+0000] {logging_mixin.py:190} INFO - [2025-01-02T18:57:40.675+0000] {dag.py:3239} INFO - Sync 2 DAGs
[2025-01-02T18:57:40.704+0000] {logging_mixin.py:190} INFO - [2025-01-02T18:57:40.704+0000] {dag.py:4180} INFO - Setting next_dagrun for read_dataset_event to 2025-01-01 00:00:00+00:00, run_after=2025-01-02 00:00:00+00:00
[2025-01-02T18:57:40.710+0000] {logging_mixin.py:190} INFO - [2025-01-02T18:57:40.709+0000] {dag.py:4180} INFO - Setting next_dagrun for read_dataset_event_from_classic to 2025-01-01 00:00:00+00:00, run_after=2025-01-02 00:00:00+00:00
[2025-01-02T18:57:40.725+0000] {processor.py:208} INFO - Processing /home/airflow/.local/lib/python3.12/site-packages/airflow/example_dags/example_inlet_event_extra.py took 0.714 seconds
[2025-01-02T19:00:16.327+0000] {processor.py:186} INFO - Started process (PID=90) to work on /home/airflow/.local/lib/python3.12/site-packages/airflow/example_dags/example_inlet_event_extra.py
[2025-01-02T19:00:16.341+0000] {processor.py:914} INFO - Processing file /home/airflow/.local/lib/python3.12/site-packages/airflow/example_dags/example_inlet_event_extra.py for tasks to queue
[2025-01-02T19:00:16.354+0000] {logging_mixin.py:190} INFO - [2025-01-02T19:00:16.354+0000] {dagbag.py:588} INFO - Filling up the DagBag from /home/airflow/.local/lib/python3.12/site-packages/airflow/example_dags/example_inlet_event_extra.py
[2025-01-02T19:00:17.899+0000] {processor.py:925} INFO - DAG(s) 'read_dataset_event', 'read_dataset_event_from_classic' retrieved from /home/airflow/.local/lib/python3.12/site-packages/airflow/example_dags/example_inlet_event_extra.py
[2025-01-02T19:00:17.929+0000] {logging_mixin.py:190} INFO - [2025-01-02T19:00:17.929+0000] {dag.py:3239} INFO - Sync 2 DAGs
[2025-01-02T19:00:17.965+0000] {logging_mixin.py:190} INFO - [2025-01-02T19:00:17.965+0000] {dag.py:4180} INFO - Setting next_dagrun for read_dataset_event to 2025-01-01 00:00:00+00:00, run_after=2025-01-02 00:00:00+00:00
[2025-01-02T19:00:17.974+0000] {logging_mixin.py:190} INFO - [2025-01-02T19:00:17.973+0000] {dag.py:4180} INFO - Setting next_dagrun for read_dataset_event_from_classic to 2025-01-01 00:00:00+00:00, run_after=2025-01-02 00:00:00+00:00
[2025-01-02T19:00:18.026+0000] {processor.py:208} INFO - Processing /home/airflow/.local/lib/python3.12/site-packages/airflow/example_dags/example_inlet_event_extra.py took 1.714 seconds
[2025-01-02T19:00:48.593+0000] {processor.py:186} INFO - Started process (PID=153) to work on /home/airflow/.local/lib/python3.12/site-packages/airflow/example_dags/example_inlet_event_extra.py
[2025-01-02T19:00:48.594+0000] {processor.py:914} INFO - Processing file /home/airflow/.local/lib/python3.12/site-packages/airflow/example_dags/example_inlet_event_extra.py for tasks to queue
[2025-01-02T19:00:48.598+0000] {logging_mixin.py:190} INFO - [2025-01-02T19:00:48.598+0000] {dagbag.py:588} INFO - Filling up the DagBag from /home/airflow/.local/lib/python3.12/site-packages/airflow/example_dags/example_inlet_event_extra.py
[2025-01-02T19:00:49.503+0000] {processor.py:925} INFO - DAG(s) 'read_dataset_event_from_classic', 'read_dataset_event' retrieved from /home/airflow/.local/lib/python3.12/site-packages/airflow/example_dags/example_inlet_event_extra.py
[2025-01-02T19:00:49.536+0000] {logging_mixin.py:190} INFO - [2025-01-02T19:00:49.536+0000] {dag.py:3239} INFO - Sync 2 DAGs
[2025-01-02T19:00:49.573+0000] {logging_mixin.py:190} INFO - [2025-01-02T19:00:49.572+0000] {dag.py:4180} INFO - Setting next_dagrun for read_dataset_event to 2025-01-01 00:00:00+00:00, run_after=2025-01-02 00:00:00+00:00
[2025-01-02T19:00:49.580+0000] {logging_mixin.py:190} INFO - [2025-01-02T19:00:49.580+0000] {dag.py:4180} INFO - Setting next_dagrun for read_dataset_event_from_classic to 2025-01-01 00:00:00+00:00, run_after=2025-01-02 00:00:00+00:00
[2025-01-02T19:00:49.607+0000] {processor.py:208} INFO - Processing /home/airflow/.local/lib/python3.12/site-packages/airflow/example_dags/example_inlet_event_extra.py took 1.022 seconds
[2025-01-02T19:01:19.674+0000] {processor.py:186} INFO - Started process (PID=216) to work on /home/airflow/.local/lib/python3.12/site-packages/airflow/example_dags/example_inlet_event_extra.py
[2025-01-02T19:01:19.676+0000] {processor.py:914} INFO - Processing file /home/airflow/.local/lib/python3.12/site-packages/airflow/example_dags/example_inlet_event_extra.py for tasks to queue
[2025-01-02T19:01:19.679+0000] {logging_mixin.py:190} INFO - [2025-01-02T19:01:19.678+0000] {dagbag.py:588} INFO - Filling up the DagBag from /home/airflow/.local/lib/python3.12/site-packages/airflow/example_dags/example_inlet_event_extra.py
[2025-01-02T19:01:20.652+0000] {processor.py:925} INFO - DAG(s) 'read_dataset_event_from_classic', 'read_dataset_event' retrieved from /home/airflow/.local/lib/python3.12/site-packages/airflow/example_dags/example_inlet_event_extra.py
[2025-01-02T19:01:20.689+0000] {logging_mixin.py:190} INFO - [2025-01-02T19:01:20.689+0000] {dag.py:3239} INFO - Sync 2 DAGs
[2025-01-02T19:01:20.729+0000] {logging_mixin.py:190} INFO - [2025-01-02T19:01:20.728+0000] {dag.py:4180} INFO - Setting next_dagrun for read_dataset_event to 2025-01-01 00:00:00+00:00, run_after=2025-01-02 00:00:00+00:00
[2025-01-02T19:01:20.736+0000] {logging_mixin.py:190} INFO - [2025-01-02T19:01:20.736+0000] {dag.py:4180} INFO - Setting next_dagrun for read_dataset_event_from_classic to 2025-01-01 00:00:00+00:00, run_after=2025-01-02 00:00:00+00:00
[2025-01-02T19:01:20.761+0000] {processor.py:208} INFO - Processing /home/airflow/.local/lib/python3.12/site-packages/airflow/example_dags/example_inlet_event_extra.py took 1.093 seconds
[2025-01-02T19:01:51.030+0000] {processor.py:186} INFO - Started process (PID=279) to work on /home/airflow/.local/lib/python3.12/site-packages/airflow/example_dags/example_inlet_event_extra.py
[2025-01-02T19:01:51.032+0000] {processor.py:914} INFO - Processing file /home/airflow/.local/lib/python3.12/site-packages/airflow/example_dags/example_inlet_event_extra.py for tasks to queue
[2025-01-02T19:01:51.036+0000] {logging_mixin.py:190} INFO - [2025-01-02T19:01:51.036+0000] {dagbag.py:588} INFO - Filling up the DagBag from /home/airflow/.local/lib/python3.12/site-packages/airflow/example_dags/example_inlet_event_extra.py
[2025-01-02T19:01:52.041+0000] {processor.py:925} INFO - DAG(s) 'read_dataset_event_from_classic', 'read_dataset_event' retrieved from /home/airflow/.local/lib/python3.12/site-packages/airflow/example_dags/example_inlet_event_extra.py
[2025-01-02T19:01:52.068+0000] {logging_mixin.py:190} INFO - [2025-01-02T19:01:52.068+0000] {dag.py:3239} INFO - Sync 2 DAGs
[2025-01-02T19:01:52.106+0000] {logging_mixin.py:190} INFO - [2025-01-02T19:01:52.106+0000] {dag.py:4180} INFO - Setting next_dagrun for read_dataset_event to 2025-01-01 00:00:00+00:00, run_after=2025-01-02 00:00:00+00:00
[2025-01-02T19:01:52.113+0000] {logging_mixin.py:190} INFO - [2025-01-02T19:01:52.113+0000] {dag.py:4180} INFO - Setting next_dagrun for read_dataset_event_from_classic to 2025-01-01 00:00:00+00:00, run_after=2025-01-02 00:00:00+00:00
[2025-01-02T19:01:52.136+0000] {processor.py:208} INFO - Processing /home/airflow/.local/lib/python3.12/site-packages/airflow/example_dags/example_inlet_event_extra.py took 1.114 seconds
[2025-01-02T19:02:22.816+0000] {processor.py:186} INFO - Started process (PID=342) to work on /home/airflow/.local/lib/python3.12/site-packages/airflow/example_dags/example_inlet_event_extra.py
[2025-01-02T19:02:22.818+0000] {processor.py:914} INFO - Processing file /home/airflow/.local/lib/python3.12/site-packages/airflow/example_dags/example_inlet_event_extra.py for tasks to queue
[2025-01-02T19:02:22.821+0000] {logging_mixin.py:190} INFO - [2025-01-02T19:02:22.821+0000] {dagbag.py:588} INFO - Filling up the DagBag from /home/airflow/.local/lib/python3.12/site-packages/airflow/example_dags/example_inlet_event_extra.py
[2025-01-02T19:02:23.719+0000] {processor.py:925} INFO - DAG(s) 'read_dataset_event', 'read_dataset_event_from_classic' retrieved from /home/airflow/.local/lib/python3.12/site-packages/airflow/example_dags/example_inlet_event_extra.py
[2025-01-02T19:02:23.758+0000] {logging_mixin.py:190} INFO - [2025-01-02T19:02:23.757+0000] {dag.py:3239} INFO - Sync 2 DAGs
[2025-01-02T19:02:23.797+0000] {logging_mixin.py:190} INFO - [2025-01-02T19:02:23.796+0000] {dag.py:4180} INFO - Setting next_dagrun for read_dataset_event to 2025-01-01 00:00:00+00:00, run_after=2025-01-02 00:00:00+00:00
[2025-01-02T19:02:23.804+0000] {logging_mixin.py:190} INFO - [2025-01-02T19:02:23.804+0000] {dag.py:4180} INFO - Setting next_dagrun for read_dataset_event_from_classic to 2025-01-01 00:00:00+00:00, run_after=2025-01-02 00:00:00+00:00
[2025-01-02T19:02:23.827+0000] {processor.py:208} INFO - Processing /home/airflow/.local/lib/python3.12/site-packages/airflow/example_dags/example_inlet_event_extra.py took 1.019 seconds
[2025-01-02T19:02:54.109+0000] {processor.py:186} INFO - Started process (PID=405) to work on /home/airflow/.local/lib/python3.12/site-packages/airflow/example_dags/example_inlet_event_extra.py
[2025-01-02T19:02:54.111+0000] {processor.py:914} INFO - Processing file /home/airflow/.local/lib/python3.12/site-packages/airflow/example_dags/example_inlet_event_extra.py for tasks to queue
[2025-01-02T19:02:54.115+0000] {logging_mixin.py:190} INFO - [2025-01-02T19:02:54.115+0000] {dagbag.py:588} INFO - Filling up the DagBag from /home/airflow/.local/lib/python3.12/site-packages/airflow/example_dags/example_inlet_event_extra.py
[2025-01-02T19:02:55.124+0000] {processor.py:925} INFO - DAG(s) 'read_dataset_event_from_classic', 'read_dataset_event' retrieved from /home/airflow/.local/lib/python3.12/site-packages/airflow/example_dags/example_inlet_event_extra.py
[2025-01-02T19:02:55.152+0000] {logging_mixin.py:190} INFO - [2025-01-02T19:02:55.152+0000] {dag.py:3239} INFO - Sync 2 DAGs
[2025-01-02T19:02:55.191+0000] {logging_mixin.py:190} INFO - [2025-01-02T19:02:55.190+0000] {dag.py:4180} INFO - Setting next_dagrun for read_dataset_event to 2025-01-01 00:00:00+00:00, run_after=2025-01-02 00:00:00+00:00
[2025-01-02T19:02:55.198+0000] {logging_mixin.py:190} INFO - [2025-01-02T19:02:55.198+0000] {dag.py:4180} INFO - Setting next_dagrun for read_dataset_event_from_classic to 2025-01-01 00:00:00+00:00, run_after=2025-01-02 00:00:00+00:00
[2025-01-02T19:02:55.218+0000] {processor.py:208} INFO - Processing /home/airflow/.local/lib/python3.12/site-packages/airflow/example_dags/example_inlet_event_extra.py took 1.117 seconds
[2025-01-02T19:03:25.674+0000] {processor.py:186} INFO - Started process (PID=474) to work on /home/airflow/.local/lib/python3.12/site-packages/airflow/example_dags/example_inlet_event_extra.py
[2025-01-02T19:03:25.675+0000] {processor.py:914} INFO - Processing file /home/airflow/.local/lib/python3.12/site-packages/airflow/example_dags/example_inlet_event_extra.py for tasks to queue
[2025-01-02T19:03:25.679+0000] {logging_mixin.py:190} INFO - [2025-01-02T19:03:25.678+0000] {dagbag.py:588} INFO - Filling up the DagBag from /home/airflow/.local/lib/python3.12/site-packages/airflow/example_dags/example_inlet_event_extra.py
[2025-01-02T19:03:27.144+0000] {processor.py:925} INFO - DAG(s) 'read_dataset_event', 'read_dataset_event_from_classic' retrieved from /home/airflow/.local/lib/python3.12/site-packages/airflow/example_dags/example_inlet_event_extra.py
[2025-01-02T19:03:27.172+0000] {logging_mixin.py:190} INFO - [2025-01-02T19:03:27.172+0000] {dag.py:3239} INFO - Sync 2 DAGs
[2025-01-02T19:03:27.211+0000] {logging_mixin.py:190} INFO - [2025-01-02T19:03:27.211+0000] {dag.py:4180} INFO - Setting next_dagrun for read_dataset_event to 2025-01-01 00:00:00+00:00, run_after=2025-01-02 00:00:00+00:00
[2025-01-02T19:03:27.220+0000] {logging_mixin.py:190} INFO - [2025-01-02T19:03:27.219+0000] {dag.py:4180} INFO - Setting next_dagrun for read_dataset_event_from_classic to 2025-01-01 00:00:00+00:00, run_after=2025-01-02 00:00:00+00:00
[2025-01-02T19:03:27.240+0000] {processor.py:208} INFO - Processing /home/airflow/.local/lib/python3.12/site-packages/airflow/example_dags/example_inlet_event_extra.py took 1.579 seconds
[2025-01-02T19:03:57.415+0000] {processor.py:186} INFO - Started process (PID=537) to work on /home/airflow/.local/lib/python3.12/site-packages/airflow/example_dags/example_inlet_event_extra.py
[2025-01-02T19:03:57.450+0000] {processor.py:914} INFO - Processing file /home/airflow/.local/lib/python3.12/site-packages/airflow/example_dags/example_inlet_event_extra.py for tasks to queue
[2025-01-02T19:03:57.454+0000] {logging_mixin.py:190} INFO - [2025-01-02T19:03:57.453+0000] {dagbag.py:588} INFO - Filling up the DagBag from /home/airflow/.local/lib/python3.12/site-packages/airflow/example_dags/example_inlet_event_extra.py
[2025-01-02T19:04:00.804+0000] {processor.py:925} INFO - DAG(s) 'read_dataset_event_from_classic', 'read_dataset_event' retrieved from /home/airflow/.local/lib/python3.12/site-packages/airflow/example_dags/example_inlet_event_extra.py
[2025-01-02T19:04:00.898+0000] {logging_mixin.py:190} INFO - [2025-01-02T19:04:00.897+0000] {dag.py:3239} INFO - Sync 2 DAGs
[2025-01-02T19:04:01.160+0000] {logging_mixin.py:190} INFO - [2025-01-02T19:04:01.159+0000] {dag.py:4180} INFO - Setting next_dagrun for read_dataset_event to 2025-01-01 00:00:00+00:00, run_after=2025-01-02 00:00:00+00:00
[2025-01-02T19:04:01.181+0000] {logging_mixin.py:190} INFO - [2025-01-02T19:04:01.181+0000] {dag.py:4180} INFO - Setting next_dagrun for read_dataset_event_from_classic to 2025-01-01 00:00:00+00:00, run_after=2025-01-02 00:00:00+00:00
[2025-01-02T19:04:01.254+0000] {processor.py:208} INFO - Processing /home/airflow/.local/lib/python3.12/site-packages/airflow/example_dags/example_inlet_event_extra.py took 3.856 seconds
[2025-01-02T19:04:31.928+0000] {processor.py:186} INFO - Started process (PID=600) to work on /home/airflow/.local/lib/python3.12/site-packages/airflow/example_dags/example_inlet_event_extra.py
[2025-01-02T19:04:31.934+0000] {processor.py:914} INFO - Processing file /home/airflow/.local/lib/python3.12/site-packages/airflow/example_dags/example_inlet_event_extra.py for tasks to queue
[2025-01-02T19:04:31.938+0000] {logging_mixin.py:190} INFO - [2025-01-02T19:04:31.937+0000] {dagbag.py:588} INFO - Filling up the DagBag from /home/airflow/.local/lib/python3.12/site-packages/airflow/example_dags/example_inlet_event_extra.py
[2025-01-02T19:04:33.959+0000] {processor.py:925} INFO - DAG(s) 'read_dataset_event', 'read_dataset_event_from_classic' retrieved from /home/airflow/.local/lib/python3.12/site-packages/airflow/example_dags/example_inlet_event_extra.py
[2025-01-02T19:04:34.038+0000] {logging_mixin.py:190} INFO - [2025-01-02T19:04:34.038+0000] {dag.py:3239} INFO - Sync 2 DAGs
[2025-01-02T19:04:34.156+0000] {logging_mixin.py:190} INFO - [2025-01-02T19:04:34.155+0000] {dag.py:4180} INFO - Setting next_dagrun for read_dataset_event to 2025-01-01 00:00:00+00:00, run_after=2025-01-02 00:00:00+00:00
[2025-01-02T19:04:34.177+0000] {logging_mixin.py:190} INFO - [2025-01-02T19:04:34.176+0000] {dag.py:4180} INFO - Setting next_dagrun for read_dataset_event_from_classic to 2025-01-01 00:00:00+00:00, run_after=2025-01-02 00:00:00+00:00
[2025-01-02T19:04:34.224+0000] {processor.py:208} INFO - Processing /home/airflow/.local/lib/python3.12/site-packages/airflow/example_dags/example_inlet_event_extra.py took 2.313 seconds
