[2025-01-02T18:55:44.022+0000] {processor.py:186} INFO - Started process (PID=110) to work on /home/airflow/.local/lib/python3.12/site-packages/airflow/example_dags/example_dag_decorator.py
[2025-01-02T18:55:44.024+0000] {processor.py:914} INFO - Processing file /home/airflow/.local/lib/python3.12/site-packages/airflow/example_dags/example_dag_decorator.py for tasks to queue
[2025-01-02T18:55:44.047+0000] {logging_mixin.py:190} INFO - [2025-01-02T18:55:44.047+0000] {dagbag.py:588} INFO - Filling up the DagBag from /home/airflow/.local/lib/python3.12/site-packages/airflow/example_dags/example_dag_decorator.py
[2025-01-02T18:55:44.120+0000] {processor.py:925} INFO - DAG(s) 'example_dag_decorator' retrieved from /home/airflow/.local/lib/python3.12/site-packages/airflow/example_dags/example_dag_decorator.py
[2025-01-02T18:55:44.610+0000] {logging_mixin.py:190} INFO - [2025-01-02T18:55:44.609+0000] {override.py:1911} INFO - Created Permission View: can edit on DAG:example_dag_decorator
[2025-01-02T18:55:44.643+0000] {logging_mixin.py:190} INFO - [2025-01-02T18:55:44.642+0000] {override.py:1911} INFO - Created Permission View: can delete on DAG:example_dag_decorator
[2025-01-02T18:55:44.664+0000] {logging_mixin.py:190} INFO - [2025-01-02T18:55:44.663+0000] {override.py:1911} INFO - Created Permission View: can read on DAG:example_dag_decorator
[2025-01-02T18:55:44.679+0000] {logging_mixin.py:190} INFO - [2025-01-02T18:55:44.678+0000] {override.py:1911} INFO - Created Permission View: can create on DAG Run:example_dag_decorator
[2025-01-02T18:55:44.695+0000] {logging_mixin.py:190} INFO - [2025-01-02T18:55:44.695+0000] {override.py:1911} INFO - Created Permission View: can delete on DAG Run:example_dag_decorator
[2025-01-02T18:55:44.708+0000] {logging_mixin.py:190} INFO - [2025-01-02T18:55:44.708+0000] {override.py:1911} INFO - Created Permission View: menu access on DAG Run:example_dag_decorator
[2025-01-02T18:55:44.726+0000] {logging_mixin.py:190} INFO - [2025-01-02T18:55:44.726+0000] {override.py:1911} INFO - Created Permission View: can read on DAG Run:example_dag_decorator
[2025-01-02T18:55:44.727+0000] {logging_mixin.py:190} INFO - [2025-01-02T18:55:44.726+0000] {dag.py:3239} INFO - Sync 1 DAGs
[2025-01-02T18:55:44.778+0000] {logging_mixin.py:190} INFO - [2025-01-02T18:55:44.778+0000] {dag.py:3262} INFO - Creating ORM DAG for example_dag_decorator
[2025-01-02T18:55:44.779+0000] {logging_mixin.py:190} INFO - [2025-01-02T18:55:44.779+0000] {dag.py:4180} INFO - Setting next_dagrun for example_dag_decorator to None, run_after=None
[2025-01-02T18:55:44.838+0000] {processor.py:208} INFO - Processing /home/airflow/.local/lib/python3.12/site-packages/airflow/example_dags/example_dag_decorator.py took 0.847 seconds
[2025-01-02T18:56:15.403+0000] {processor.py:186} INFO - Started process (PID=173) to work on /home/airflow/.local/lib/python3.12/site-packages/airflow/example_dags/example_dag_decorator.py
[2025-01-02T18:56:15.405+0000] {processor.py:914} INFO - Processing file /home/airflow/.local/lib/python3.12/site-packages/airflow/example_dags/example_dag_decorator.py for tasks to queue
[2025-01-02T18:56:15.408+0000] {logging_mixin.py:190} INFO - [2025-01-02T18:56:15.408+0000] {dagbag.py:588} INFO - Filling up the DagBag from /home/airflow/.local/lib/python3.12/site-packages/airflow/example_dags/example_dag_decorator.py
[2025-01-02T18:56:15.427+0000] {processor.py:925} INFO - DAG(s) 'example_dag_decorator' retrieved from /home/airflow/.local/lib/python3.12/site-packages/airflow/example_dags/example_dag_decorator.py
[2025-01-02T18:56:15.571+0000] {logging_mixin.py:190} INFO - [2025-01-02T18:56:15.571+0000] {dag.py:3239} INFO - Sync 1 DAGs
[2025-01-02T18:56:15.584+0000] {logging_mixin.py:190} INFO - [2025-01-02T18:56:15.583+0000] {dag.py:4180} INFO - Setting next_dagrun for example_dag_decorator to None, run_after=None
[2025-01-02T18:56:15.604+0000] {processor.py:208} INFO - Processing /home/airflow/.local/lib/python3.12/site-packages/airflow/example_dags/example_dag_decorator.py took 0.215 seconds
[2025-01-02T18:56:45.701+0000] {processor.py:186} INFO - Started process (PID=236) to work on /home/airflow/.local/lib/python3.12/site-packages/airflow/example_dags/example_dag_decorator.py
[2025-01-02T18:56:45.713+0000] {processor.py:914} INFO - Processing file /home/airflow/.local/lib/python3.12/site-packages/airflow/example_dags/example_dag_decorator.py for tasks to queue
[2025-01-02T18:56:45.717+0000] {logging_mixin.py:190} INFO - [2025-01-02T18:56:45.716+0000] {dagbag.py:588} INFO - Filling up the DagBag from /home/airflow/.local/lib/python3.12/site-packages/airflow/example_dags/example_dag_decorator.py
[2025-01-02T18:56:45.737+0000] {processor.py:925} INFO - DAG(s) 'example_dag_decorator' retrieved from /home/airflow/.local/lib/python3.12/site-packages/airflow/example_dags/example_dag_decorator.py
[2025-01-02T18:56:45.900+0000] {logging_mixin.py:190} INFO - [2025-01-02T18:56:45.900+0000] {dag.py:3239} INFO - Sync 1 DAGs
[2025-01-02T18:56:45.917+0000] {logging_mixin.py:190} INFO - [2025-01-02T18:56:45.917+0000] {dag.py:4180} INFO - Setting next_dagrun for example_dag_decorator to None, run_after=None
[2025-01-02T18:56:45.958+0000] {processor.py:208} INFO - Processing /home/airflow/.local/lib/python3.12/site-packages/airflow/example_dags/example_dag_decorator.py took 0.264 seconds
[2025-01-02T18:57:16.478+0000] {processor.py:186} INFO - Started process (PID=299) to work on /home/airflow/.local/lib/python3.12/site-packages/airflow/example_dags/example_dag_decorator.py
[2025-01-02T18:57:16.479+0000] {processor.py:914} INFO - Processing file /home/airflow/.local/lib/python3.12/site-packages/airflow/example_dags/example_dag_decorator.py for tasks to queue
[2025-01-02T18:57:16.483+0000] {logging_mixin.py:190} INFO - [2025-01-02T18:57:16.482+0000] {dagbag.py:588} INFO - Filling up the DagBag from /home/airflow/.local/lib/python3.12/site-packages/airflow/example_dags/example_dag_decorator.py
[2025-01-02T18:57:16.503+0000] {processor.py:925} INFO - DAG(s) 'example_dag_decorator' retrieved from /home/airflow/.local/lib/python3.12/site-packages/airflow/example_dags/example_dag_decorator.py
[2025-01-02T18:57:16.674+0000] {logging_mixin.py:190} INFO - [2025-01-02T18:57:16.673+0000] {dag.py:3239} INFO - Sync 1 DAGs
[2025-01-02T18:57:16.692+0000] {logging_mixin.py:190} INFO - [2025-01-02T18:57:16.691+0000] {dag.py:4180} INFO - Setting next_dagrun for example_dag_decorator to None, run_after=None
[2025-01-02T18:57:16.716+0000] {processor.py:208} INFO - Processing /home/airflow/.local/lib/python3.12/site-packages/airflow/example_dags/example_dag_decorator.py took 0.247 seconds
[2025-01-02T19:00:20.215+0000] {processor.py:186} INFO - Started process (PID=99) to work on /home/airflow/.local/lib/python3.12/site-packages/airflow/example_dags/example_dag_decorator.py
[2025-01-02T19:00:20.227+0000] {processor.py:914} INFO - Processing file /home/airflow/.local/lib/python3.12/site-packages/airflow/example_dags/example_dag_decorator.py for tasks to queue
[2025-01-02T19:00:20.231+0000] {logging_mixin.py:190} INFO - [2025-01-02T19:00:20.230+0000] {dagbag.py:588} INFO - Filling up the DagBag from /home/airflow/.local/lib/python3.12/site-packages/airflow/example_dags/example_dag_decorator.py
[2025-01-02T19:00:20.292+0000] {processor.py:925} INFO - DAG(s) 'example_dag_decorator' retrieved from /home/airflow/.local/lib/python3.12/site-packages/airflow/example_dags/example_dag_decorator.py
[2025-01-02T19:00:20.625+0000] {logging_mixin.py:190} INFO - [2025-01-02T19:00:20.624+0000] {dag.py:3239} INFO - Sync 1 DAGs
[2025-01-02T19:00:20.644+0000] {logging_mixin.py:190} INFO - [2025-01-02T19:00:20.643+0000] {dag.py:4180} INFO - Setting next_dagrun for example_dag_decorator to None, run_after=None
[2025-01-02T19:00:20.709+0000] {processor.py:208} INFO - Processing /home/airflow/.local/lib/python3.12/site-packages/airflow/example_dags/example_dag_decorator.py took 0.535 seconds
[2025-01-02T19:00:51.194+0000] {processor.py:186} INFO - Started process (PID=162) to work on /home/airflow/.local/lib/python3.12/site-packages/airflow/example_dags/example_dag_decorator.py
[2025-01-02T19:00:51.195+0000] {processor.py:914} INFO - Processing file /home/airflow/.local/lib/python3.12/site-packages/airflow/example_dags/example_dag_decorator.py for tasks to queue
[2025-01-02T19:00:51.199+0000] {logging_mixin.py:190} INFO - [2025-01-02T19:00:51.198+0000] {dagbag.py:588} INFO - Filling up the DagBag from /home/airflow/.local/lib/python3.12/site-packages/airflow/example_dags/example_dag_decorator.py
[2025-01-02T19:00:51.217+0000] {processor.py:925} INFO - DAG(s) 'example_dag_decorator' retrieved from /home/airflow/.local/lib/python3.12/site-packages/airflow/example_dags/example_dag_decorator.py
[2025-01-02T19:00:51.474+0000] {logging_mixin.py:190} INFO - [2025-01-02T19:00:51.474+0000] {dag.py:3239} INFO - Sync 1 DAGs
[2025-01-02T19:00:51.493+0000] {logging_mixin.py:190} INFO - [2025-01-02T19:00:51.492+0000] {dag.py:4180} INFO - Setting next_dagrun for example_dag_decorator to None, run_after=None
[2025-01-02T19:00:51.517+0000] {processor.py:208} INFO - Processing /home/airflow/.local/lib/python3.12/site-packages/airflow/example_dags/example_dag_decorator.py took 0.331 seconds
[2025-01-02T19:01:22.347+0000] {processor.py:186} INFO - Started process (PID=225) to work on /home/airflow/.local/lib/python3.12/site-packages/airflow/example_dags/example_dag_decorator.py
[2025-01-02T19:01:22.349+0000] {processor.py:914} INFO - Processing file /home/airflow/.local/lib/python3.12/site-packages/airflow/example_dags/example_dag_decorator.py for tasks to queue
[2025-01-02T19:01:22.352+0000] {logging_mixin.py:190} INFO - [2025-01-02T19:01:22.352+0000] {dagbag.py:588} INFO - Filling up the DagBag from /home/airflow/.local/lib/python3.12/site-packages/airflow/example_dags/example_dag_decorator.py
[2025-01-02T19:01:22.370+0000] {processor.py:925} INFO - DAG(s) 'example_dag_decorator' retrieved from /home/airflow/.local/lib/python3.12/site-packages/airflow/example_dags/example_dag_decorator.py
[2025-01-02T19:01:22.540+0000] {logging_mixin.py:190} INFO - [2025-01-02T19:01:22.539+0000] {dag.py:3239} INFO - Sync 1 DAGs
[2025-01-02T19:01:22.558+0000] {logging_mixin.py:190} INFO - [2025-01-02T19:01:22.558+0000] {dag.py:4180} INFO - Setting next_dagrun for example_dag_decorator to None, run_after=None
[2025-01-02T19:01:22.583+0000] {processor.py:208} INFO - Processing /home/airflow/.local/lib/python3.12/site-packages/airflow/example_dags/example_dag_decorator.py took 0.249 seconds
[2025-01-02T19:01:52.667+0000] {processor.py:186} INFO - Started process (PID=287) to work on /home/airflow/.local/lib/python3.12/site-packages/airflow/example_dags/example_dag_decorator.py
[2025-01-02T19:01:52.668+0000] {processor.py:914} INFO - Processing file /home/airflow/.local/lib/python3.12/site-packages/airflow/example_dags/example_dag_decorator.py for tasks to queue
[2025-01-02T19:01:52.670+0000] {logging_mixin.py:190} INFO - [2025-01-02T19:01:52.670+0000] {dagbag.py:588} INFO - Filling up the DagBag from /home/airflow/.local/lib/python3.12/site-packages/airflow/example_dags/example_dag_decorator.py
[2025-01-02T19:01:52.684+0000] {processor.py:925} INFO - DAG(s) 'example_dag_decorator' retrieved from /home/airflow/.local/lib/python3.12/site-packages/airflow/example_dags/example_dag_decorator.py
[2025-01-02T19:01:52.809+0000] {logging_mixin.py:190} INFO - [2025-01-02T19:01:52.809+0000] {dag.py:3239} INFO - Sync 1 DAGs
[2025-01-02T19:01:52.822+0000] {logging_mixin.py:190} INFO - [2025-01-02T19:01:52.822+0000] {dag.py:4180} INFO - Setting next_dagrun for example_dag_decorator to None, run_after=None
[2025-01-02T19:01:52.842+0000] {processor.py:208} INFO - Processing /home/airflow/.local/lib/python3.12/site-packages/airflow/example_dags/example_dag_decorator.py took 0.182 seconds
[2025-01-02T19:02:24.353+0000] {processor.py:186} INFO - Started process (PID=350) to work on /home/airflow/.local/lib/python3.12/site-packages/airflow/example_dags/example_dag_decorator.py
[2025-01-02T19:02:24.355+0000] {processor.py:914} INFO - Processing file /home/airflow/.local/lib/python3.12/site-packages/airflow/example_dags/example_dag_decorator.py for tasks to queue
[2025-01-02T19:02:24.358+0000] {logging_mixin.py:190} INFO - [2025-01-02T19:02:24.358+0000] {dagbag.py:588} INFO - Filling up the DagBag from /home/airflow/.local/lib/python3.12/site-packages/airflow/example_dags/example_dag_decorator.py
[2025-01-02T19:02:24.376+0000] {processor.py:925} INFO - DAG(s) 'example_dag_decorator' retrieved from /home/airflow/.local/lib/python3.12/site-packages/airflow/example_dags/example_dag_decorator.py
[2025-01-02T19:02:24.549+0000] {logging_mixin.py:190} INFO - [2025-01-02T19:02:24.548+0000] {dag.py:3239} INFO - Sync 1 DAGs
[2025-01-02T19:02:24.567+0000] {logging_mixin.py:190} INFO - [2025-01-02T19:02:24.566+0000] {dag.py:4180} INFO - Setting next_dagrun for example_dag_decorator to None, run_after=None
[2025-01-02T19:02:24.591+0000] {processor.py:208} INFO - Processing /home/airflow/.local/lib/python3.12/site-packages/airflow/example_dags/example_dag_decorator.py took 0.247 seconds
[2025-01-02T19:02:55.749+0000] {processor.py:186} INFO - Started process (PID=419) to work on /home/airflow/.local/lib/python3.12/site-packages/airflow/example_dags/example_dag_decorator.py
[2025-01-02T19:02:55.750+0000] {processor.py:914} INFO - Processing file /home/airflow/.local/lib/python3.12/site-packages/airflow/example_dags/example_dag_decorator.py for tasks to queue
[2025-01-02T19:02:55.754+0000] {logging_mixin.py:190} INFO - [2025-01-02T19:02:55.753+0000] {dagbag.py:588} INFO - Filling up the DagBag from /home/airflow/.local/lib/python3.12/site-packages/airflow/example_dags/example_dag_decorator.py
[2025-01-02T19:02:55.772+0000] {processor.py:925} INFO - DAG(s) 'example_dag_decorator' retrieved from /home/airflow/.local/lib/python3.12/site-packages/airflow/example_dags/example_dag_decorator.py
[2025-01-02T19:02:55.943+0000] {logging_mixin.py:190} INFO - [2025-01-02T19:02:55.942+0000] {dag.py:3239} INFO - Sync 1 DAGs
[2025-01-02T19:02:55.961+0000] {logging_mixin.py:190} INFO - [2025-01-02T19:02:55.961+0000] {dag.py:4180} INFO - Setting next_dagrun for example_dag_decorator to None, run_after=None
[2025-01-02T19:02:55.984+0000] {processor.py:208} INFO - Processing /home/airflow/.local/lib/python3.12/site-packages/airflow/example_dags/example_dag_decorator.py took 0.243 seconds
[2025-01-02T19:03:28.098+0000] {processor.py:186} INFO - Started process (PID=483) to work on /home/airflow/.local/lib/python3.12/site-packages/airflow/example_dags/example_dag_decorator.py
[2025-01-02T19:03:28.100+0000] {processor.py:914} INFO - Processing file /home/airflow/.local/lib/python3.12/site-packages/airflow/example_dags/example_dag_decorator.py for tasks to queue
[2025-01-02T19:03:28.104+0000] {logging_mixin.py:190} INFO - [2025-01-02T19:03:28.103+0000] {dagbag.py:588} INFO - Filling up the DagBag from /home/airflow/.local/lib/python3.12/site-packages/airflow/example_dags/example_dag_decorator.py
[2025-01-02T19:03:28.124+0000] {processor.py:925} INFO - DAG(s) 'example_dag_decorator' retrieved from /home/airflow/.local/lib/python3.12/site-packages/airflow/example_dags/example_dag_decorator.py
[2025-01-02T19:03:28.302+0000] {logging_mixin.py:190} INFO - [2025-01-02T19:03:28.302+0000] {dag.py:3239} INFO - Sync 1 DAGs
[2025-01-02T19:03:28.322+0000] {logging_mixin.py:190} INFO - [2025-01-02T19:03:28.321+0000] {dag.py:4180} INFO - Setting next_dagrun for example_dag_decorator to None, run_after=None
[2025-01-02T19:03:28.346+0000] {processor.py:208} INFO - Processing /home/airflow/.local/lib/python3.12/site-packages/airflow/example_dags/example_dag_decorator.py took 0.258 seconds
[2025-01-02T19:04:03.186+0000] {processor.py:186} INFO - Started process (PID=546) to work on /home/airflow/.local/lib/python3.12/site-packages/airflow/example_dags/example_dag_decorator.py
[2025-01-02T19:04:03.189+0000] {processor.py:914} INFO - Processing file /home/airflow/.local/lib/python3.12/site-packages/airflow/example_dags/example_dag_decorator.py for tasks to queue
[2025-01-02T19:04:03.193+0000] {logging_mixin.py:190} INFO - [2025-01-02T19:04:03.192+0000] {dagbag.py:588} INFO - Filling up the DagBag from /home/airflow/.local/lib/python3.12/site-packages/airflow/example_dags/example_dag_decorator.py
[2025-01-02T19:04:03.231+0000] {processor.py:925} INFO - DAG(s) 'example_dag_decorator' retrieved from /home/airflow/.local/lib/python3.12/site-packages/airflow/example_dags/example_dag_decorator.py
[2025-01-02T19:04:03.626+0000] {logging_mixin.py:190} INFO - [2025-01-02T19:04:03.626+0000] {dag.py:3239} INFO - Sync 1 DAGs
[2025-01-02T19:04:03.657+0000] {logging_mixin.py:190} INFO - [2025-01-02T19:04:03.657+0000] {dag.py:4180} INFO - Setting next_dagrun for example_dag_decorator to None, run_after=None
[2025-01-02T19:04:03.713+0000] {processor.py:208} INFO - Processing /home/airflow/.local/lib/python3.12/site-packages/airflow/example_dags/example_dag_decorator.py took 0.553 seconds
[2025-01-02T19:04:35.949+0000] {processor.py:186} INFO - Started process (PID=609) to work on /home/airflow/.local/lib/python3.12/site-packages/airflow/example_dags/example_dag_decorator.py
[2025-01-02T19:04:35.951+0000] {processor.py:914} INFO - Processing file /home/airflow/.local/lib/python3.12/site-packages/airflow/example_dags/example_dag_decorator.py for tasks to queue
[2025-01-02T19:04:35.954+0000] {logging_mixin.py:190} INFO - [2025-01-02T19:04:35.954+0000] {dagbag.py:588} INFO - Filling up the DagBag from /home/airflow/.local/lib/python3.12/site-packages/airflow/example_dags/example_dag_decorator.py
[2025-01-02T19:04:36.019+0000] {processor.py:925} INFO - DAG(s) 'example_dag_decorator' retrieved from /home/airflow/.local/lib/python3.12/site-packages/airflow/example_dags/example_dag_decorator.py
[2025-01-02T19:04:36.558+0000] {logging_mixin.py:190} INFO - [2025-01-02T19:04:36.557+0000] {dag.py:3239} INFO - Sync 1 DAGs
[2025-01-02T19:04:36.608+0000] {logging_mixin.py:190} INFO - [2025-01-02T19:04:36.607+0000] {dag.py:4180} INFO - Setting next_dagrun for example_dag_decorator to None, run_after=None
[2025-01-02T19:04:36.693+0000] {processor.py:208} INFO - Processing /home/airflow/.local/lib/python3.12/site-packages/airflow/example_dags/example_dag_decorator.py took 0.794 seconds
