[2025-01-02T18:55:48.811+0000] {processor.py:186} INFO - Started process (PID=121) to work on /home/airflow/.local/lib/python3.12/site-packages/airflow/example_dags/example_workday_timetable.py
[2025-01-02T18:55:48.812+0000] {processor.py:914} INFO - Processing file /home/airflow/.local/lib/python3.12/site-packages/airflow/example_dags/example_workday_timetable.py for tasks to queue
[2025-01-02T18:55:48.819+0000] {logging_mixin.py:190} INFO - [2025-01-02T18:55:48.819+0000] {dagbag.py:588} INFO - Filling up the DagBag from /home/airflow/.local/lib/python3.12/site-packages/airflow/example_dags/example_workday_timetable.py
[2025-01-02T18:55:48.828+0000] {processor.py:925} INFO - DAG(s) 'example_workday_timetable' retrieved from /home/airflow/.local/lib/python3.12/site-packages/airflow/example_dags/example_workday_timetable.py
[2025-01-02T18:55:49.132+0000] {logging_mixin.py:190} INFO - [2025-01-02T18:55:49.131+0000] {override.py:1911} INFO - Created Permission View: can edit on DAG:example_workday_timetable
[2025-01-02T18:55:49.156+0000] {logging_mixin.py:190} INFO - [2025-01-02T18:55:49.155+0000] {override.py:1911} INFO - Created Permission View: can delete on DAG:example_workday_timetable
[2025-01-02T18:55:49.171+0000] {logging_mixin.py:190} INFO - [2025-01-02T18:55:49.171+0000] {override.py:1911} INFO - Created Permission View: can read on DAG:example_workday_timetable
[2025-01-02T18:55:49.185+0000] {logging_mixin.py:190} INFO - [2025-01-02T18:55:49.184+0000] {override.py:1911} INFO - Created Permission View: can create on DAG Run:example_workday_timetable
[2025-01-02T18:55:49.199+0000] {logging_mixin.py:190} INFO - [2025-01-02T18:55:49.199+0000] {override.py:1911} INFO - Created Permission View: can delete on DAG Run:example_workday_timetable
[2025-01-02T18:55:49.213+0000] {logging_mixin.py:190} INFO - [2025-01-02T18:55:49.213+0000] {override.py:1911} INFO - Created Permission View: menu access on DAG Run:example_workday_timetable
[2025-01-02T18:55:49.228+0000] {logging_mixin.py:190} INFO - [2025-01-02T18:55:49.227+0000] {override.py:1911} INFO - Created Permission View: can read on DAG Run:example_workday_timetable
[2025-01-02T18:55:49.228+0000] {logging_mixin.py:190} INFO - [2025-01-02T18:55:49.228+0000] {dag.py:3239} INFO - Sync 1 DAGs
[2025-01-02T18:55:49.267+0000] {logging_mixin.py:190} INFO - [2025-01-02T18:55:49.266+0000] {dag.py:3262} INFO - Creating ORM DAG for example_workday_timetable
[2025-01-02T18:55:49.431+0000] {logging_mixin.py:190} INFO - [2025-01-02T18:55:49.431+0000] {dag.py:4180} INFO - Setting next_dagrun for example_workday_timetable to 2021-01-04 00:00:00+00:00, run_after=2021-01-05 00:00:00+00:00
[2025-01-02T18:55:49.502+0000] {processor.py:208} INFO - Processing /home/airflow/.local/lib/python3.12/site-packages/airflow/example_dags/example_workday_timetable.py took 0.723 seconds
[2025-01-02T18:56:19.636+0000] {processor.py:186} INFO - Started process (PID=184) to work on /home/airflow/.local/lib/python3.12/site-packages/airflow/example_dags/example_workday_timetable.py
[2025-01-02T18:56:19.641+0000] {processor.py:914} INFO - Processing file /home/airflow/.local/lib/python3.12/site-packages/airflow/example_dags/example_workday_timetable.py for tasks to queue
[2025-01-02T18:56:19.645+0000] {logging_mixin.py:190} INFO - [2025-01-02T18:56:19.644+0000] {dagbag.py:588} INFO - Filling up the DagBag from /home/airflow/.local/lib/python3.12/site-packages/airflow/example_dags/example_workday_timetable.py
[2025-01-02T18:56:19.673+0000] {processor.py:925} INFO - DAG(s) 'example_workday_timetable' retrieved from /home/airflow/.local/lib/python3.12/site-packages/airflow/example_dags/example_workday_timetable.py
[2025-01-02T18:56:19.747+0000] {logging_mixin.py:190} INFO - [2025-01-02T18:56:19.747+0000] {dag.py:3239} INFO - Sync 1 DAGs
[2025-01-02T18:56:19.942+0000] {logging_mixin.py:190} INFO - [2025-01-02T18:56:19.941+0000] {dag.py:4180} INFO - Setting next_dagrun for example_workday_timetable to 2021-01-04 00:00:00+00:00, run_after=2021-01-05 00:00:00+00:00
[2025-01-02T18:56:19.983+0000] {processor.py:208} INFO - Processing /home/airflow/.local/lib/python3.12/site-packages/airflow/example_dags/example_workday_timetable.py took 0.368 seconds
[2025-01-02T18:56:50.733+0000] {processor.py:186} INFO - Started process (PID=247) to work on /home/airflow/.local/lib/python3.12/site-packages/airflow/example_dags/example_workday_timetable.py
[2025-01-02T18:56:50.734+0000] {processor.py:914} INFO - Processing file /home/airflow/.local/lib/python3.12/site-packages/airflow/example_dags/example_workday_timetable.py for tasks to queue
[2025-01-02T18:56:50.738+0000] {logging_mixin.py:190} INFO - [2025-01-02T18:56:50.737+0000] {dagbag.py:588} INFO - Filling up the DagBag from /home/airflow/.local/lib/python3.12/site-packages/airflow/example_dags/example_workday_timetable.py
[2025-01-02T18:56:50.747+0000] {processor.py:925} INFO - DAG(s) 'example_workday_timetable' retrieved from /home/airflow/.local/lib/python3.12/site-packages/airflow/example_dags/example_workday_timetable.py
[2025-01-02T18:56:50.775+0000] {logging_mixin.py:190} INFO - [2025-01-02T18:56:50.774+0000] {dag.py:3239} INFO - Sync 1 DAGs
[2025-01-02T18:56:50.868+0000] {logging_mixin.py:190} INFO - [2025-01-02T18:56:50.868+0000] {dag.py:4180} INFO - Setting next_dagrun for example_workday_timetable to 2021-01-04 00:00:00+00:00, run_after=2021-01-05 00:00:00+00:00
[2025-01-02T18:56:50.898+0000] {processor.py:208} INFO - Processing /home/airflow/.local/lib/python3.12/site-packages/airflow/example_dags/example_workday_timetable.py took 0.174 seconds
[2025-01-02T18:57:20.949+0000] {processor.py:186} INFO - Started process (PID=310) to work on /home/airflow/.local/lib/python3.12/site-packages/airflow/example_dags/example_workday_timetable.py
[2025-01-02T18:57:20.950+0000] {processor.py:914} INFO - Processing file /home/airflow/.local/lib/python3.12/site-packages/airflow/example_dags/example_workday_timetable.py for tasks to queue
[2025-01-02T18:57:20.953+0000] {logging_mixin.py:190} INFO - [2025-01-02T18:57:20.952+0000] {dagbag.py:588} INFO - Filling up the DagBag from /home/airflow/.local/lib/python3.12/site-packages/airflow/example_dags/example_workday_timetable.py
[2025-01-02T18:57:20.960+0000] {processor.py:925} INFO - DAG(s) 'example_workday_timetable' retrieved from /home/airflow/.local/lib/python3.12/site-packages/airflow/example_dags/example_workday_timetable.py
[2025-01-02T18:57:20.982+0000] {logging_mixin.py:190} INFO - [2025-01-02T18:57:20.981+0000] {dag.py:3239} INFO - Sync 1 DAGs
[2025-01-02T18:57:21.046+0000] {logging_mixin.py:190} INFO - [2025-01-02T18:57:21.045+0000] {dag.py:4180} INFO - Setting next_dagrun for example_workday_timetable to 2021-01-04 00:00:00+00:00, run_after=2021-01-05 00:00:00+00:00
[2025-01-02T18:57:21.065+0000] {processor.py:208} INFO - Processing /home/airflow/.local/lib/python3.12/site-packages/airflow/example_dags/example_workday_timetable.py took 0.123 seconds
[2025-01-02T19:00:22.117+0000] {processor.py:186} INFO - Started process (PID=110) to work on /home/airflow/.local/lib/python3.12/site-packages/airflow/example_dags/example_workday_timetable.py
[2025-01-02T19:00:22.121+0000] {processor.py:914} INFO - Processing file /home/airflow/.local/lib/python3.12/site-packages/airflow/example_dags/example_workday_timetable.py for tasks to queue
[2025-01-02T19:00:22.124+0000] {logging_mixin.py:190} INFO - [2025-01-02T19:00:22.123+0000] {dagbag.py:588} INFO - Filling up the DagBag from /home/airflow/.local/lib/python3.12/site-packages/airflow/example_dags/example_workday_timetable.py
[2025-01-02T19:00:22.146+0000] {processor.py:925} INFO - DAG(s) 'example_workday_timetable' retrieved from /home/airflow/.local/lib/python3.12/site-packages/airflow/example_dags/example_workday_timetable.py
[2025-01-02T19:00:22.228+0000] {logging_mixin.py:190} INFO - [2025-01-02T19:00:22.227+0000] {dag.py:3239} INFO - Sync 1 DAGs
[2025-01-02T19:00:22.459+0000] {logging_mixin.py:190} INFO - [2025-01-02T19:00:22.458+0000] {dag.py:4180} INFO - Setting next_dagrun for example_workday_timetable to 2021-01-04 00:00:00+00:00, run_after=2021-01-05 00:00:00+00:00
[2025-01-02T19:00:22.494+0000] {processor.py:208} INFO - Processing /home/airflow/.local/lib/python3.12/site-packages/airflow/example_dags/example_workday_timetable.py took 0.398 seconds
[2025-01-02T19:00:52.664+0000] {processor.py:186} INFO - Started process (PID=173) to work on /home/airflow/.local/lib/python3.12/site-packages/airflow/example_dags/example_workday_timetable.py
[2025-01-02T19:00:52.665+0000] {processor.py:914} INFO - Processing file /home/airflow/.local/lib/python3.12/site-packages/airflow/example_dags/example_workday_timetable.py for tasks to queue
[2025-01-02T19:00:52.668+0000] {logging_mixin.py:190} INFO - [2025-01-02T19:00:52.668+0000] {dagbag.py:588} INFO - Filling up the DagBag from /home/airflow/.local/lib/python3.12/site-packages/airflow/example_dags/example_workday_timetable.py
[2025-01-02T19:00:52.677+0000] {processor.py:925} INFO - DAG(s) 'example_workday_timetable' retrieved from /home/airflow/.local/lib/python3.12/site-packages/airflow/example_dags/example_workday_timetable.py
[2025-01-02T19:00:52.704+0000] {logging_mixin.py:190} INFO - [2025-01-02T19:00:52.704+0000] {dag.py:3239} INFO - Sync 1 DAGs
[2025-01-02T19:00:52.796+0000] {logging_mixin.py:190} INFO - [2025-01-02T19:00:52.796+0000] {dag.py:4180} INFO - Setting next_dagrun for example_workday_timetable to 2021-01-04 00:00:00+00:00, run_after=2021-01-05 00:00:00+00:00
[2025-01-02T19:00:52.822+0000] {processor.py:208} INFO - Processing /home/airflow/.local/lib/python3.12/site-packages/airflow/example_dags/example_workday_timetable.py took 0.166 seconds
[2025-01-02T19:01:23.788+0000] {processor.py:186} INFO - Started process (PID=236) to work on /home/airflow/.local/lib/python3.12/site-packages/airflow/example_dags/example_workday_timetable.py
[2025-01-02T19:01:23.790+0000] {processor.py:914} INFO - Processing file /home/airflow/.local/lib/python3.12/site-packages/airflow/example_dags/example_workday_timetable.py for tasks to queue
[2025-01-02T19:01:23.793+0000] {logging_mixin.py:190} INFO - [2025-01-02T19:01:23.793+0000] {dagbag.py:588} INFO - Filling up the DagBag from /home/airflow/.local/lib/python3.12/site-packages/airflow/example_dags/example_workday_timetable.py
[2025-01-02T19:01:23.802+0000] {processor.py:925} INFO - DAG(s) 'example_workday_timetable' retrieved from /home/airflow/.local/lib/python3.12/site-packages/airflow/example_dags/example_workday_timetable.py
[2025-01-02T19:01:23.831+0000] {logging_mixin.py:190} INFO - [2025-01-02T19:01:23.830+0000] {dag.py:3239} INFO - Sync 1 DAGs
[2025-01-02T19:01:23.925+0000] {logging_mixin.py:190} INFO - [2025-01-02T19:01:23.925+0000] {dag.py:4180} INFO - Setting next_dagrun for example_workday_timetable to 2021-01-04 00:00:00+00:00, run_after=2021-01-05 00:00:00+00:00
[2025-01-02T19:01:23.949+0000] {processor.py:208} INFO - Processing /home/airflow/.local/lib/python3.12/site-packages/airflow/example_dags/example_workday_timetable.py took 0.170 seconds
[2025-01-02T19:01:55.264+0000] {processor.py:186} INFO - Started process (PID=305) to work on /home/airflow/.local/lib/python3.12/site-packages/airflow/example_dags/example_workday_timetable.py
[2025-01-02T19:01:55.265+0000] {processor.py:914} INFO - Processing file /home/airflow/.local/lib/python3.12/site-packages/airflow/example_dags/example_workday_timetable.py for tasks to queue
[2025-01-02T19:01:55.268+0000] {logging_mixin.py:190} INFO - [2025-01-02T19:01:55.267+0000] {dagbag.py:588} INFO - Filling up the DagBag from /home/airflow/.local/lib/python3.12/site-packages/airflow/example_dags/example_workday_timetable.py
[2025-01-02T19:01:55.276+0000] {processor.py:925} INFO - DAG(s) 'example_workday_timetable' retrieved from /home/airflow/.local/lib/python3.12/site-packages/airflow/example_dags/example_workday_timetable.py
[2025-01-02T19:01:55.301+0000] {logging_mixin.py:190} INFO - [2025-01-02T19:01:55.301+0000] {dag.py:3239} INFO - Sync 1 DAGs
[2025-01-02T19:01:55.399+0000] {logging_mixin.py:190} INFO - [2025-01-02T19:01:55.399+0000] {dag.py:4180} INFO - Setting next_dagrun for example_workday_timetable to 2021-01-04 00:00:00+00:00, run_after=2021-01-05 00:00:00+00:00
[2025-01-02T19:01:55.421+0000] {processor.py:208} INFO - Processing /home/airflow/.local/lib/python3.12/site-packages/airflow/example_dags/example_workday_timetable.py took 0.167 seconds
[2025-01-02T19:02:26.186+0000] {processor.py:186} INFO - Started process (PID=368) to work on /home/airflow/.local/lib/python3.12/site-packages/airflow/example_dags/example_workday_timetable.py
[2025-01-02T19:02:26.189+0000] {processor.py:914} INFO - Processing file /home/airflow/.local/lib/python3.12/site-packages/airflow/example_dags/example_workday_timetable.py for tasks to queue
[2025-01-02T19:02:26.192+0000] {logging_mixin.py:190} INFO - [2025-01-02T19:02:26.191+0000] {dagbag.py:588} INFO - Filling up the DagBag from /home/airflow/.local/lib/python3.12/site-packages/airflow/example_dags/example_workday_timetable.py
[2025-01-02T19:02:26.203+0000] {processor.py:925} INFO - DAG(s) 'example_workday_timetable' retrieved from /home/airflow/.local/lib/python3.12/site-packages/airflow/example_dags/example_workday_timetable.py
[2025-01-02T19:02:26.237+0000] {logging_mixin.py:190} INFO - [2025-01-02T19:02:26.237+0000] {dag.py:3239} INFO - Sync 1 DAGs
[2025-01-02T19:02:26.332+0000] {logging_mixin.py:190} INFO - [2025-01-02T19:02:26.331+0000] {dag.py:4180} INFO - Setting next_dagrun for example_workday_timetable to 2021-01-04 00:00:00+00:00, run_after=2021-01-05 00:00:00+00:00
[2025-01-02T19:02:26.356+0000] {processor.py:208} INFO - Processing /home/airflow/.local/lib/python3.12/site-packages/airflow/example_dags/example_workday_timetable.py took 0.182 seconds
[2025-01-02T19:02:57.494+0000] {processor.py:186} INFO - Started process (PID=431) to work on /home/airflow/.local/lib/python3.12/site-packages/airflow/example_dags/example_workday_timetable.py
[2025-01-02T19:02:57.496+0000] {processor.py:914} INFO - Processing file /home/airflow/.local/lib/python3.12/site-packages/airflow/example_dags/example_workday_timetable.py for tasks to queue
[2025-01-02T19:02:57.500+0000] {logging_mixin.py:190} INFO - [2025-01-02T19:02:57.499+0000] {dagbag.py:588} INFO - Filling up the DagBag from /home/airflow/.local/lib/python3.12/site-packages/airflow/example_dags/example_workday_timetable.py
[2025-01-02T19:02:57.509+0000] {processor.py:925} INFO - DAG(s) 'example_workday_timetable' retrieved from /home/airflow/.local/lib/python3.12/site-packages/airflow/example_dags/example_workday_timetable.py
[2025-01-02T19:02:57.540+0000] {logging_mixin.py:190} INFO - [2025-01-02T19:02:57.539+0000] {dag.py:3239} INFO - Sync 1 DAGs
[2025-01-02T19:02:57.634+0000] {logging_mixin.py:190} INFO - [2025-01-02T19:02:57.634+0000] {dag.py:4180} INFO - Setting next_dagrun for example_workday_timetable to 2021-01-04 00:00:00+00:00, run_after=2021-01-05 00:00:00+00:00
[2025-01-02T19:02:57.658+0000] {processor.py:208} INFO - Processing /home/airflow/.local/lib/python3.12/site-packages/airflow/example_dags/example_workday_timetable.py took 0.172 seconds
[2025-01-02T19:03:29.288+0000] {processor.py:186} INFO - Started process (PID=494) to work on /home/airflow/.local/lib/python3.12/site-packages/airflow/example_dags/example_workday_timetable.py
[2025-01-02T19:03:29.290+0000] {processor.py:914} INFO - Processing file /home/airflow/.local/lib/python3.12/site-packages/airflow/example_dags/example_workday_timetable.py for tasks to queue
[2025-01-02T19:03:29.293+0000] {logging_mixin.py:190} INFO - [2025-01-02T19:03:29.292+0000] {dagbag.py:588} INFO - Filling up the DagBag from /home/airflow/.local/lib/python3.12/site-packages/airflow/example_dags/example_workday_timetable.py
[2025-01-02T19:03:29.302+0000] {processor.py:925} INFO - DAG(s) 'example_workday_timetable' retrieved from /home/airflow/.local/lib/python3.12/site-packages/airflow/example_dags/example_workday_timetable.py
[2025-01-02T19:03:29.328+0000] {logging_mixin.py:190} INFO - [2025-01-02T19:03:29.327+0000] {dag.py:3239} INFO - Sync 1 DAGs
[2025-01-02T19:03:29.425+0000] {logging_mixin.py:190} INFO - [2025-01-02T19:03:29.425+0000] {dag.py:4180} INFO - Setting next_dagrun for example_workday_timetable to 2021-01-04 00:00:00+00:00, run_after=2021-01-05 00:00:00+00:00
[2025-01-02T19:03:29.449+0000] {processor.py:208} INFO - Processing /home/airflow/.local/lib/python3.12/site-packages/airflow/example_dags/example_workday_timetable.py took 0.170 seconds
[2025-01-02T19:04:04.790+0000] {processor.py:186} INFO - Started process (PID=557) to work on /home/airflow/.local/lib/python3.12/site-packages/airflow/example_dags/example_workday_timetable.py
[2025-01-02T19:04:04.793+0000] {processor.py:914} INFO - Processing file /home/airflow/.local/lib/python3.12/site-packages/airflow/example_dags/example_workday_timetable.py for tasks to queue
[2025-01-02T19:04:04.796+0000] {logging_mixin.py:190} INFO - [2025-01-02T19:04:04.795+0000] {dagbag.py:588} INFO - Filling up the DagBag from /home/airflow/.local/lib/python3.12/site-packages/airflow/example_dags/example_workday_timetable.py
[2025-01-02T19:04:04.804+0000] {processor.py:925} INFO - DAG(s) 'example_workday_timetable' retrieved from /home/airflow/.local/lib/python3.12/site-packages/airflow/example_dags/example_workday_timetable.py
[2025-01-02T19:04:04.831+0000] {logging_mixin.py:190} INFO - [2025-01-02T19:04:04.831+0000] {dag.py:3239} INFO - Sync 1 DAGs
[2025-01-02T19:04:04.926+0000] {logging_mixin.py:190} INFO - [2025-01-02T19:04:04.925+0000] {dag.py:4180} INFO - Setting next_dagrun for example_workday_timetable to 2021-01-04 00:00:00+00:00, run_after=2021-01-05 00:00:00+00:00
[2025-01-02T19:04:04.951+0000] {processor.py:208} INFO - Processing /home/airflow/.local/lib/python3.12/site-packages/airflow/example_dags/example_workday_timetable.py took 0.169 seconds
[2025-01-02T19:04:39.679+0000] {processor.py:186} INFO - Started process (PID=620) to work on /home/airflow/.local/lib/python3.12/site-packages/airflow/example_dags/example_workday_timetable.py
[2025-01-02T19:04:39.685+0000] {processor.py:914} INFO - Processing file /home/airflow/.local/lib/python3.12/site-packages/airflow/example_dags/example_workday_timetable.py for tasks to queue
[2025-01-02T19:04:39.689+0000] {logging_mixin.py:190} INFO - [2025-01-02T19:04:39.688+0000] {dagbag.py:588} INFO - Filling up the DagBag from /home/airflow/.local/lib/python3.12/site-packages/airflow/example_dags/example_workday_timetable.py
[2025-01-02T19:04:39.709+0000] {processor.py:925} INFO - DAG(s) 'example_workday_timetable' retrieved from /home/airflow/.local/lib/python3.12/site-packages/airflow/example_dags/example_workday_timetable.py
[2025-01-02T19:04:39.763+0000] {logging_mixin.py:190} INFO - [2025-01-02T19:04:39.763+0000] {dag.py:3239} INFO - Sync 1 DAGs
[2025-01-02T19:04:39.966+0000] {logging_mixin.py:190} INFO - [2025-01-02T19:04:39.966+0000] {dag.py:4180} INFO - Setting next_dagrun for example_workday_timetable to 2021-01-04 00:00:00+00:00, run_after=2021-01-05 00:00:00+00:00
[2025-01-02T19:04:40.007+0000] {processor.py:208} INFO - Processing /home/airflow/.local/lib/python3.12/site-packages/airflow/example_dags/example_workday_timetable.py took 0.336 seconds
