[2025-01-02T18:55:42.450+0000] {processor.py:186} INFO - Started process (PID=107) to work on /home/airflow/.local/lib/python3.12/site-packages/airflow/example_dags/example_skip_dag.py
[2025-01-02T18:55:42.452+0000] {processor.py:914} INFO - Processing file /home/airflow/.local/lib/python3.12/site-packages/airflow/example_dags/example_skip_dag.py for tasks to queue
[2025-01-02T18:55:42.467+0000] {logging_mixin.py:190} INFO - [2025-01-02T18:55:42.467+0000] {dagbag.py:588} INFO - Filling up the DagBag from /home/airflow/.local/lib/python3.12/site-packages/airflow/example_dags/example_skip_dag.py
[2025-01-02T18:55:42.514+0000] {processor.py:925} INFO - DAG(s) 'example_skip_dag' retrieved from /home/airflow/.local/lib/python3.12/site-packages/airflow/example_dags/example_skip_dag.py
[2025-01-02T18:55:43.068+0000] {logging_mixin.py:190} INFO - [2025-01-02T18:55:43.066+0000] {override.py:1911} INFO - Created Permission View: can edit on DAG:example_skip_dag
[2025-01-02T18:55:43.103+0000] {logging_mixin.py:190} INFO - [2025-01-02T18:55:43.102+0000] {override.py:1911} INFO - Created Permission View: can delete on DAG:example_skip_dag
[2025-01-02T18:55:43.123+0000] {logging_mixin.py:190} INFO - [2025-01-02T18:55:43.122+0000] {override.py:1911} INFO - Created Permission View: can read on DAG:example_skip_dag
[2025-01-02T18:55:43.144+0000] {logging_mixin.py:190} INFO - [2025-01-02T18:55:43.144+0000] {override.py:1911} INFO - Created Permission View: can create on DAG Run:example_skip_dag
[2025-01-02T18:55:43.162+0000] {logging_mixin.py:190} INFO - [2025-01-02T18:55:43.161+0000] {override.py:1911} INFO - Created Permission View: can delete on DAG Run:example_skip_dag
[2025-01-02T18:55:43.190+0000] {logging_mixin.py:190} INFO - [2025-01-02T18:55:43.189+0000] {override.py:1911} INFO - Created Permission View: menu access on DAG Run:example_skip_dag
[2025-01-02T18:55:43.211+0000] {logging_mixin.py:190} INFO - [2025-01-02T18:55:43.211+0000] {override.py:1911} INFO - Created Permission View: can read on DAG Run:example_skip_dag
[2025-01-02T18:55:43.212+0000] {logging_mixin.py:190} INFO - [2025-01-02T18:55:43.211+0000] {dag.py:3239} INFO - Sync 1 DAGs
[2025-01-02T18:55:43.280+0000] {logging_mixin.py:190} INFO - [2025-01-02T18:55:43.280+0000] {dag.py:3262} INFO - Creating ORM DAG for example_skip_dag
[2025-01-02T18:55:43.375+0000] {logging_mixin.py:190} INFO - [2025-01-02T18:55:43.374+0000] {dag.py:4180} INFO - Setting next_dagrun for example_skip_dag to 2025-01-01 00:00:00+00:00, run_after=2025-01-02 00:00:00+00:00
[2025-01-02T18:55:43.477+0000] {processor.py:208} INFO - Processing /home/airflow/.local/lib/python3.12/site-packages/airflow/example_dags/example_skip_dag.py took 1.068 seconds
[2025-01-02T18:56:14.212+0000] {processor.py:186} INFO - Started process (PID=170) to work on /home/airflow/.local/lib/python3.12/site-packages/airflow/example_dags/example_skip_dag.py
[2025-01-02T18:56:14.218+0000] {processor.py:914} INFO - Processing file /home/airflow/.local/lib/python3.12/site-packages/airflow/example_dags/example_skip_dag.py for tasks to queue
[2025-01-02T18:56:14.222+0000] {logging_mixin.py:190} INFO - [2025-01-02T18:56:14.221+0000] {dagbag.py:588} INFO - Filling up the DagBag from /home/airflow/.local/lib/python3.12/site-packages/airflow/example_dags/example_skip_dag.py
[2025-01-02T18:56:14.234+0000] {processor.py:925} INFO - DAG(s) 'example_skip_dag' retrieved from /home/airflow/.local/lib/python3.12/site-packages/airflow/example_dags/example_skip_dag.py
[2025-01-02T18:56:14.266+0000] {logging_mixin.py:190} INFO - [2025-01-02T18:56:14.266+0000] {dag.py:3239} INFO - Sync 1 DAGs
[2025-01-02T18:56:14.299+0000] {logging_mixin.py:190} INFO - [2025-01-02T18:56:14.299+0000] {dag.py:4180} INFO - Setting next_dagrun for example_skip_dag to 2025-01-01 00:00:00+00:00, run_after=2025-01-02 00:00:00+00:00
[2025-01-02T18:56:14.324+0000] {processor.py:208} INFO - Processing /home/airflow/.local/lib/python3.12/site-packages/airflow/example_dags/example_skip_dag.py took 0.120 seconds
[2025-01-02T18:56:44.850+0000] {processor.py:186} INFO - Started process (PID=233) to work on /home/airflow/.local/lib/python3.12/site-packages/airflow/example_dags/example_skip_dag.py
[2025-01-02T18:56:44.851+0000] {processor.py:914} INFO - Processing file /home/airflow/.local/lib/python3.12/site-packages/airflow/example_dags/example_skip_dag.py for tasks to queue
[2025-01-02T18:56:44.855+0000] {logging_mixin.py:190} INFO - [2025-01-02T18:56:44.855+0000] {dagbag.py:588} INFO - Filling up the DagBag from /home/airflow/.local/lib/python3.12/site-packages/airflow/example_dags/example_skip_dag.py
[2025-01-02T18:56:44.867+0000] {processor.py:925} INFO - DAG(s) 'example_skip_dag' retrieved from /home/airflow/.local/lib/python3.12/site-packages/airflow/example_dags/example_skip_dag.py
[2025-01-02T18:56:44.900+0000] {logging_mixin.py:190} INFO - [2025-01-02T18:56:44.899+0000] {dag.py:3239} INFO - Sync 1 DAGs
[2025-01-02T18:56:44.935+0000] {logging_mixin.py:190} INFO - [2025-01-02T18:56:44.934+0000] {dag.py:4180} INFO - Setting next_dagrun for example_skip_dag to 2025-01-01 00:00:00+00:00, run_after=2025-01-02 00:00:00+00:00
[2025-01-02T18:56:44.959+0000] {processor.py:208} INFO - Processing /home/airflow/.local/lib/python3.12/site-packages/airflow/example_dags/example_skip_dag.py took 0.117 seconds
[2025-01-02T18:57:15.154+0000] {processor.py:186} INFO - Started process (PID=295) to work on /home/airflow/.local/lib/python3.12/site-packages/airflow/example_dags/example_skip_dag.py
[2025-01-02T18:57:15.164+0000] {processor.py:914} INFO - Processing file /home/airflow/.local/lib/python3.12/site-packages/airflow/example_dags/example_skip_dag.py for tasks to queue
[2025-01-02T18:57:15.168+0000] {logging_mixin.py:190} INFO - [2025-01-02T18:57:15.167+0000] {dagbag.py:588} INFO - Filling up the DagBag from /home/airflow/.local/lib/python3.12/site-packages/airflow/example_dags/example_skip_dag.py
[2025-01-02T18:57:15.181+0000] {processor.py:925} INFO - DAG(s) 'example_skip_dag' retrieved from /home/airflow/.local/lib/python3.12/site-packages/airflow/example_dags/example_skip_dag.py
[2025-01-02T18:57:15.206+0000] {logging_mixin.py:190} INFO - [2025-01-02T18:57:15.205+0000] {dag.py:3239} INFO - Sync 1 DAGs
[2025-01-02T18:57:15.230+0000] {logging_mixin.py:190} INFO - [2025-01-02T18:57:15.229+0000] {dag.py:4180} INFO - Setting next_dagrun for example_skip_dag to 2025-01-01 00:00:00+00:00, run_after=2025-01-02 00:00:00+00:00
[2025-01-02T18:57:15.250+0000] {processor.py:208} INFO - Processing /home/airflow/.local/lib/python3.12/site-packages/airflow/example_dags/example_skip_dag.py took 0.103 seconds
[2025-01-02T19:00:19.432+0000] {processor.py:186} INFO - Started process (PID=96) to work on /home/airflow/.local/lib/python3.12/site-packages/airflow/example_dags/example_skip_dag.py
[2025-01-02T19:00:19.441+0000] {processor.py:914} INFO - Processing file /home/airflow/.local/lib/python3.12/site-packages/airflow/example_dags/example_skip_dag.py for tasks to queue
[2025-01-02T19:00:19.445+0000] {logging_mixin.py:190} INFO - [2025-01-02T19:00:19.444+0000] {dagbag.py:588} INFO - Filling up the DagBag from /home/airflow/.local/lib/python3.12/site-packages/airflow/example_dags/example_skip_dag.py
[2025-01-02T19:00:19.465+0000] {processor.py:925} INFO - DAG(s) 'example_skip_dag' retrieved from /home/airflow/.local/lib/python3.12/site-packages/airflow/example_dags/example_skip_dag.py
[2025-01-02T19:00:19.522+0000] {logging_mixin.py:190} INFO - [2025-01-02T19:00:19.522+0000] {dag.py:3239} INFO - Sync 1 DAGs
[2025-01-02T19:00:19.587+0000] {logging_mixin.py:190} INFO - [2025-01-02T19:00:19.586+0000] {dag.py:4180} INFO - Setting next_dagrun for example_skip_dag to 2025-01-01 00:00:00+00:00, run_after=2025-01-02 00:00:00+00:00
[2025-01-02T19:00:19.634+0000] {processor.py:208} INFO - Processing /home/airflow/.local/lib/python3.12/site-packages/airflow/example_dags/example_skip_dag.py took 0.212 seconds
[2025-01-02T19:00:49.910+0000] {processor.py:186} INFO - Started process (PID=158) to work on /home/airflow/.local/lib/python3.12/site-packages/airflow/example_dags/example_skip_dag.py
[2025-01-02T19:00:49.911+0000] {processor.py:914} INFO - Processing file /home/airflow/.local/lib/python3.12/site-packages/airflow/example_dags/example_skip_dag.py for tasks to queue
[2025-01-02T19:00:49.914+0000] {logging_mixin.py:190} INFO - [2025-01-02T19:00:49.913+0000] {dagbag.py:588} INFO - Filling up the DagBag from /home/airflow/.local/lib/python3.12/site-packages/airflow/example_dags/example_skip_dag.py
[2025-01-02T19:00:49.926+0000] {processor.py:925} INFO - DAG(s) 'example_skip_dag' retrieved from /home/airflow/.local/lib/python3.12/site-packages/airflow/example_dags/example_skip_dag.py
[2025-01-02T19:00:49.947+0000] {logging_mixin.py:190} INFO - [2025-01-02T19:00:49.947+0000] {dag.py:3239} INFO - Sync 1 DAGs
[2025-01-02T19:00:49.972+0000] {logging_mixin.py:190} INFO - [2025-01-02T19:00:49.971+0000] {dag.py:4180} INFO - Setting next_dagrun for example_skip_dag to 2025-01-01 00:00:00+00:00, run_after=2025-01-02 00:00:00+00:00
[2025-01-02T19:00:49.991+0000] {processor.py:208} INFO - Processing /home/airflow/.local/lib/python3.12/site-packages/airflow/example_dags/example_skip_dag.py took 0.090 seconds
[2025-01-02T19:01:21.053+0000] {processor.py:186} INFO - Started process (PID=221) to work on /home/airflow/.local/lib/python3.12/site-packages/airflow/example_dags/example_skip_dag.py
[2025-01-02T19:01:21.055+0000] {processor.py:914} INFO - Processing file /home/airflow/.local/lib/python3.12/site-packages/airflow/example_dags/example_skip_dag.py for tasks to queue
[2025-01-02T19:01:21.058+0000] {logging_mixin.py:190} INFO - [2025-01-02T19:01:21.057+0000] {dagbag.py:588} INFO - Filling up the DagBag from /home/airflow/.local/lib/python3.12/site-packages/airflow/example_dags/example_skip_dag.py
[2025-01-02T19:01:21.070+0000] {processor.py:925} INFO - DAG(s) 'example_skip_dag' retrieved from /home/airflow/.local/lib/python3.12/site-packages/airflow/example_dags/example_skip_dag.py
[2025-01-02T19:01:21.101+0000] {logging_mixin.py:190} INFO - [2025-01-02T19:01:21.100+0000] {dag.py:3239} INFO - Sync 1 DAGs
[2025-01-02T19:01:21.138+0000] {logging_mixin.py:190} INFO - [2025-01-02T19:01:21.137+0000] {dag.py:4180} INFO - Setting next_dagrun for example_skip_dag to 2025-01-01 00:00:00+00:00, run_after=2025-01-02 00:00:00+00:00
[2025-01-02T19:01:21.161+0000] {processor.py:208} INFO - Processing /home/airflow/.local/lib/python3.12/site-packages/airflow/example_dags/example_skip_dag.py took 0.118 seconds
[2025-01-02T19:01:52.385+0000] {processor.py:186} INFO - Started process (PID=284) to work on /home/airflow/.local/lib/python3.12/site-packages/airflow/example_dags/example_skip_dag.py
[2025-01-02T19:01:52.386+0000] {processor.py:914} INFO - Processing file /home/airflow/.local/lib/python3.12/site-packages/airflow/example_dags/example_skip_dag.py for tasks to queue
[2025-01-02T19:01:52.390+0000] {logging_mixin.py:190} INFO - [2025-01-02T19:01:52.389+0000] {dagbag.py:588} INFO - Filling up the DagBag from /home/airflow/.local/lib/python3.12/site-packages/airflow/example_dags/example_skip_dag.py
[2025-01-02T19:01:52.402+0000] {processor.py:925} INFO - DAG(s) 'example_skip_dag' retrieved from /home/airflow/.local/lib/python3.12/site-packages/airflow/example_dags/example_skip_dag.py
[2025-01-02T19:01:52.433+0000] {logging_mixin.py:190} INFO - [2025-01-02T19:01:52.432+0000] {dag.py:3239} INFO - Sync 1 DAGs
[2025-01-02T19:01:52.467+0000] {logging_mixin.py:190} INFO - [2025-01-02T19:01:52.467+0000] {dag.py:4180} INFO - Setting next_dagrun for example_skip_dag to 2025-01-01 00:00:00+00:00, run_after=2025-01-02 00:00:00+00:00
[2025-01-02T19:01:52.494+0000] {processor.py:208} INFO - Processing /home/airflow/.local/lib/python3.12/site-packages/airflow/example_dags/example_skip_dag.py took 0.118 seconds
[2025-01-02T19:02:24.134+0000] {processor.py:186} INFO - Started process (PID=347) to work on /home/airflow/.local/lib/python3.12/site-packages/airflow/example_dags/example_skip_dag.py
[2025-01-02T19:02:24.139+0000] {processor.py:914} INFO - Processing file /home/airflow/.local/lib/python3.12/site-packages/airflow/example_dags/example_skip_dag.py for tasks to queue
[2025-01-02T19:02:24.142+0000] {logging_mixin.py:190} INFO - [2025-01-02T19:02:24.141+0000] {dagbag.py:588} INFO - Filling up the DagBag from /home/airflow/.local/lib/python3.12/site-packages/airflow/example_dags/example_skip_dag.py
[2025-01-02T19:02:24.154+0000] {processor.py:925} INFO - DAG(s) 'example_skip_dag' retrieved from /home/airflow/.local/lib/python3.12/site-packages/airflow/example_dags/example_skip_dag.py
[2025-01-02T19:02:24.189+0000] {logging_mixin.py:190} INFO - [2025-01-02T19:02:24.188+0000] {dag.py:3239} INFO - Sync 1 DAGs
[2025-01-02T19:02:24.232+0000] {logging_mixin.py:190} INFO - [2025-01-02T19:02:24.224+0000] {dag.py:4180} INFO - Setting next_dagrun for example_skip_dag to 2025-01-01 00:00:00+00:00, run_after=2025-01-02 00:00:00+00:00
[2025-01-02T19:02:24.270+0000] {processor.py:208} INFO - Processing /home/airflow/.local/lib/python3.12/site-packages/airflow/example_dags/example_skip_dag.py took 0.145 seconds
[2025-01-02T19:02:55.537+0000] {processor.py:186} INFO - Started process (PID=416) to work on /home/airflow/.local/lib/python3.12/site-packages/airflow/example_dags/example_skip_dag.py
[2025-01-02T19:02:55.538+0000] {processor.py:914} INFO - Processing file /home/airflow/.local/lib/python3.12/site-packages/airflow/example_dags/example_skip_dag.py for tasks to queue
[2025-01-02T19:02:55.541+0000] {logging_mixin.py:190} INFO - [2025-01-02T19:02:55.541+0000] {dagbag.py:588} INFO - Filling up the DagBag from /home/airflow/.local/lib/python3.12/site-packages/airflow/example_dags/example_skip_dag.py
[2025-01-02T19:02:55.553+0000] {processor.py:925} INFO - DAG(s) 'example_skip_dag' retrieved from /home/airflow/.local/lib/python3.12/site-packages/airflow/example_dags/example_skip_dag.py
[2025-01-02T19:02:55.582+0000] {logging_mixin.py:190} INFO - [2025-01-02T19:02:55.581+0000] {dag.py:3239} INFO - Sync 1 DAGs
[2025-01-02T19:02:55.617+0000] {logging_mixin.py:190} INFO - [2025-01-02T19:02:55.617+0000] {dag.py:4180} INFO - Setting next_dagrun for example_skip_dag to 2025-01-01 00:00:00+00:00, run_after=2025-01-02 00:00:00+00:00
[2025-01-02T19:02:55.641+0000] {processor.py:208} INFO - Processing /home/airflow/.local/lib/python3.12/site-packages/airflow/example_dags/example_skip_dag.py took 0.113 seconds
[2025-01-02T19:03:27.608+0000] {processor.py:186} INFO - Started process (PID=480) to work on /home/airflow/.local/lib/python3.12/site-packages/airflow/example_dags/example_skip_dag.py
[2025-01-02T19:03:27.610+0000] {processor.py:914} INFO - Processing file /home/airflow/.local/lib/python3.12/site-packages/airflow/example_dags/example_skip_dag.py for tasks to queue
[2025-01-02T19:03:27.613+0000] {logging_mixin.py:190} INFO - [2025-01-02T19:03:27.612+0000] {dagbag.py:588} INFO - Filling up the DagBag from /home/airflow/.local/lib/python3.12/site-packages/airflow/example_dags/example_skip_dag.py
[2025-01-02T19:03:27.625+0000] {processor.py:925} INFO - DAG(s) 'example_skip_dag' retrieved from /home/airflow/.local/lib/python3.12/site-packages/airflow/example_dags/example_skip_dag.py
[2025-01-02T19:03:27.656+0000] {logging_mixin.py:190} INFO - [2025-01-02T19:03:27.655+0000] {dag.py:3239} INFO - Sync 1 DAGs
[2025-01-02T19:03:27.692+0000] {logging_mixin.py:190} INFO - [2025-01-02T19:03:27.691+0000] {dag.py:4180} INFO - Setting next_dagrun for example_skip_dag to 2025-01-01 00:00:00+00:00, run_after=2025-01-02 00:00:00+00:00
[2025-01-02T19:03:27.715+0000] {processor.py:208} INFO - Processing /home/airflow/.local/lib/python3.12/site-packages/airflow/example_dags/example_skip_dag.py took 0.116 seconds
[2025-01-02T19:04:02.283+0000] {processor.py:186} INFO - Started process (PID=543) to work on /home/airflow/.local/lib/python3.12/site-packages/airflow/example_dags/example_skip_dag.py
[2025-01-02T19:04:02.289+0000] {processor.py:914} INFO - Processing file /home/airflow/.local/lib/python3.12/site-packages/airflow/example_dags/example_skip_dag.py for tasks to queue
[2025-01-02T19:04:02.293+0000] {logging_mixin.py:190} INFO - [2025-01-02T19:04:02.293+0000] {dagbag.py:588} INFO - Filling up the DagBag from /home/airflow/.local/lib/python3.12/site-packages/airflow/example_dags/example_skip_dag.py
[2025-01-02T19:04:02.322+0000] {processor.py:925} INFO - DAG(s) 'example_skip_dag' retrieved from /home/airflow/.local/lib/python3.12/site-packages/airflow/example_dags/example_skip_dag.py
[2025-01-02T19:04:02.374+0000] {logging_mixin.py:190} INFO - [2025-01-02T19:04:02.374+0000] {dag.py:3239} INFO - Sync 1 DAGs
[2025-01-02T19:04:02.441+0000] {logging_mixin.py:190} INFO - [2025-01-02T19:04:02.441+0000] {dag.py:4180} INFO - Setting next_dagrun for example_skip_dag to 2025-01-01 00:00:00+00:00, run_after=2025-01-02 00:00:00+00:00
[2025-01-02T19:04:02.490+0000] {processor.py:208} INFO - Processing /home/airflow/.local/lib/python3.12/site-packages/airflow/example_dags/example_skip_dag.py took 0.224 seconds
[2025-01-02T19:04:34.769+0000] {processor.py:186} INFO - Started process (PID=605) to work on /home/airflow/.local/lib/python3.12/site-packages/airflow/example_dags/example_skip_dag.py
[2025-01-02T19:04:34.777+0000] {processor.py:914} INFO - Processing file /home/airflow/.local/lib/python3.12/site-packages/airflow/example_dags/example_skip_dag.py for tasks to queue
[2025-01-02T19:04:34.781+0000] {logging_mixin.py:190} INFO - [2025-01-02T19:04:34.780+0000] {dagbag.py:588} INFO - Filling up the DagBag from /home/airflow/.local/lib/python3.12/site-packages/airflow/example_dags/example_skip_dag.py
[2025-01-02T19:04:34.810+0000] {processor.py:925} INFO - DAG(s) 'example_skip_dag' retrieved from /home/airflow/.local/lib/python3.12/site-packages/airflow/example_dags/example_skip_dag.py
[2025-01-02T19:04:34.862+0000] {logging_mixin.py:190} INFO - [2025-01-02T19:04:34.862+0000] {dag.py:3239} INFO - Sync 1 DAGs
[2025-01-02T19:04:34.939+0000] {logging_mixin.py:190} INFO - [2025-01-02T19:04:34.939+0000] {dag.py:4180} INFO - Setting next_dagrun for example_skip_dag to 2025-01-01 00:00:00+00:00, run_after=2025-01-02 00:00:00+00:00
[2025-01-02T19:04:34.984+0000] {processor.py:208} INFO - Processing /home/airflow/.local/lib/python3.12/site-packages/airflow/example_dags/example_skip_dag.py took 0.230 seconds
