[2025-01-02T18:55:13.439+0000] {processor.py:186} INFO - Started process (PID=76) to work on /home/airflow/.local/lib/python3.12/site-packages/airflow/example_dags/example_branch_labels.py
[2025-01-02T18:55:13.441+0000] {processor.py:914} INFO - Processing file /home/airflow/.local/lib/python3.12/site-packages/airflow/example_dags/example_branch_labels.py for tasks to queue
[2025-01-02T18:55:13.456+0000] {logging_mixin.py:190} INFO - [2025-01-02T18:55:13.456+0000] {dagbag.py:588} INFO - Filling up the DagBag from /home/airflow/.local/lib/python3.12/site-packages/airflow/example_dags/example_branch_labels.py
[2025-01-02T18:55:13.538+0000] {processor.py:925} INFO - DAG(s) 'example_branch_labels' retrieved from /home/airflow/.local/lib/python3.12/site-packages/airflow/example_dags/example_branch_labels.py
[2025-01-02T18:55:14.251+0000] {logging_mixin.py:190} INFO - [2025-01-02T18:55:14.250+0000] {override.py:1911} INFO - Created Permission View: can edit on DAG:example_branch_labels
[2025-01-02T18:55:14.299+0000] {logging_mixin.py:190} INFO - [2025-01-02T18:55:14.299+0000] {override.py:1911} INFO - Created Permission View: can delete on DAG:example_branch_labels
[2025-01-02T18:55:14.325+0000] {logging_mixin.py:190} INFO - [2025-01-02T18:55:14.325+0000] {override.py:1911} INFO - Created Permission View: can read on DAG:example_branch_labels
[2025-01-02T18:55:14.339+0000] {logging_mixin.py:190} INFO - [2025-01-02T18:55:14.338+0000] {override.py:1911} INFO - Created Permission View: can create on DAG Run:example_branch_labels
[2025-01-02T18:55:14.363+0000] {logging_mixin.py:190} INFO - [2025-01-02T18:55:14.362+0000] {override.py:1911} INFO - Created Permission View: can delete on DAG Run:example_branch_labels
[2025-01-02T18:55:14.380+0000] {logging_mixin.py:190} INFO - [2025-01-02T18:55:14.379+0000] {override.py:1911} INFO - Created Permission View: menu access on DAG Run:example_branch_labels
[2025-01-02T18:55:14.400+0000] {logging_mixin.py:190} INFO - [2025-01-02T18:55:14.400+0000] {override.py:1911} INFO - Created Permission View: can read on DAG Run:example_branch_labels
[2025-01-02T18:55:14.401+0000] {logging_mixin.py:190} INFO - [2025-01-02T18:55:14.400+0000] {dag.py:3239} INFO - Sync 1 DAGs
[2025-01-02T18:55:14.476+0000] {logging_mixin.py:190} INFO - [2025-01-02T18:55:14.475+0000] {dag.py:3262} INFO - Creating ORM DAG for example_branch_labels
[2025-01-02T18:55:14.528+0000] {logging_mixin.py:190} INFO - [2025-01-02T18:55:14.528+0000] {dag.py:4180} INFO - Setting next_dagrun for example_branch_labels to 2025-01-01 00:00:00+00:00, run_after=2025-01-02 00:00:00+00:00
[2025-01-02T18:55:14.621+0000] {processor.py:208} INFO - Processing /home/airflow/.local/lib/python3.12/site-packages/airflow/example_dags/example_branch_labels.py took 1.233 seconds
[2025-01-02T18:55:52.073+0000] {processor.py:186} INFO - Started process (PID=139) to work on /home/airflow/.local/lib/python3.12/site-packages/airflow/example_dags/example_branch_labels.py
[2025-01-02T18:55:52.075+0000] {processor.py:914} INFO - Processing file /home/airflow/.local/lib/python3.12/site-packages/airflow/example_dags/example_branch_labels.py for tasks to queue
[2025-01-02T18:55:52.078+0000] {logging_mixin.py:190} INFO - [2025-01-02T18:55:52.077+0000] {dagbag.py:588} INFO - Filling up the DagBag from /home/airflow/.local/lib/python3.12/site-packages/airflow/example_dags/example_branch_labels.py
[2025-01-02T18:55:52.089+0000] {processor.py:925} INFO - DAG(s) 'example_branch_labels' retrieved from /home/airflow/.local/lib/python3.12/site-packages/airflow/example_dags/example_branch_labels.py
[2025-01-02T18:55:52.115+0000] {logging_mixin.py:190} INFO - [2025-01-02T18:55:52.114+0000] {dag.py:3239} INFO - Sync 1 DAGs
[2025-01-02T18:55:52.140+0000] {logging_mixin.py:190} INFO - [2025-01-02T18:55:52.140+0000] {dag.py:4180} INFO - Setting next_dagrun for example_branch_labels to 2025-01-01 00:00:00+00:00, run_after=2025-01-02 00:00:00+00:00
[2025-01-02T18:55:52.157+0000] {processor.py:208} INFO - Processing /home/airflow/.local/lib/python3.12/site-packages/airflow/example_dags/example_branch_labels.py took 0.091 seconds
[2025-01-02T18:56:23.532+0000] {processor.py:186} INFO - Started process (PID=202) to work on /home/airflow/.local/lib/python3.12/site-packages/airflow/example_dags/example_branch_labels.py
[2025-01-02T18:56:23.534+0000] {processor.py:914} INFO - Processing file /home/airflow/.local/lib/python3.12/site-packages/airflow/example_dags/example_branch_labels.py for tasks to queue
[2025-01-02T18:56:23.537+0000] {logging_mixin.py:190} INFO - [2025-01-02T18:56:23.537+0000] {dagbag.py:588} INFO - Filling up the DagBag from /home/airflow/.local/lib/python3.12/site-packages/airflow/example_dags/example_branch_labels.py
[2025-01-02T18:56:23.553+0000] {processor.py:925} INFO - DAG(s) 'example_branch_labels' retrieved from /home/airflow/.local/lib/python3.12/site-packages/airflow/example_dags/example_branch_labels.py
[2025-01-02T18:56:23.594+0000] {logging_mixin.py:190} INFO - [2025-01-02T18:56:23.594+0000] {dag.py:3239} INFO - Sync 1 DAGs
[2025-01-02T18:56:23.631+0000] {logging_mixin.py:190} INFO - [2025-01-02T18:56:23.631+0000] {dag.py:4180} INFO - Setting next_dagrun for example_branch_labels to 2025-01-01 00:00:00+00:00, run_after=2025-01-02 00:00:00+00:00
[2025-01-02T18:56:23.655+0000] {processor.py:208} INFO - Processing /home/airflow/.local/lib/python3.12/site-packages/airflow/example_dags/example_branch_labels.py took 0.132 seconds
[2025-01-02T18:56:54.875+0000] {processor.py:186} INFO - Started process (PID=263) to work on /home/airflow/.local/lib/python3.12/site-packages/airflow/example_dags/example_branch_labels.py
[2025-01-02T18:56:54.885+0000] {processor.py:914} INFO - Processing file /home/airflow/.local/lib/python3.12/site-packages/airflow/example_dags/example_branch_labels.py for tasks to queue
[2025-01-02T18:56:54.889+0000] {logging_mixin.py:190} INFO - [2025-01-02T18:56:54.888+0000] {dagbag.py:588} INFO - Filling up the DagBag from /home/airflow/.local/lib/python3.12/site-packages/airflow/example_dags/example_branch_labels.py
[2025-01-02T18:56:54.923+0000] {processor.py:925} INFO - DAG(s) 'example_branch_labels' retrieved from /home/airflow/.local/lib/python3.12/site-packages/airflow/example_dags/example_branch_labels.py
[2025-01-02T18:56:54.989+0000] {logging_mixin.py:190} INFO - [2025-01-02T18:56:54.988+0000] {dag.py:3239} INFO - Sync 1 DAGs
[2025-01-02T18:56:55.076+0000] {logging_mixin.py:190} INFO - [2025-01-02T18:56:55.076+0000] {dag.py:4180} INFO - Setting next_dagrun for example_branch_labels to 2025-01-01 00:00:00+00:00, run_after=2025-01-02 00:00:00+00:00
[2025-01-02T18:56:55.137+0000] {processor.py:208} INFO - Processing /home/airflow/.local/lib/python3.12/site-packages/airflow/example_dags/example_branch_labels.py took 0.280 seconds
[2025-01-02T18:57:26.117+0000] {processor.py:186} INFO - Started process (PID=326) to work on /home/airflow/.local/lib/python3.12/site-packages/airflow/example_dags/example_branch_labels.py
[2025-01-02T18:57:26.119+0000] {processor.py:914} INFO - Processing file /home/airflow/.local/lib/python3.12/site-packages/airflow/example_dags/example_branch_labels.py for tasks to queue
[2025-01-02T18:57:26.122+0000] {logging_mixin.py:190} INFO - [2025-01-02T18:57:26.122+0000] {dagbag.py:588} INFO - Filling up the DagBag from /home/airflow/.local/lib/python3.12/site-packages/airflow/example_dags/example_branch_labels.py
[2025-01-02T18:57:26.140+0000] {processor.py:925} INFO - DAG(s) 'example_branch_labels' retrieved from /home/airflow/.local/lib/python3.12/site-packages/airflow/example_dags/example_branch_labels.py
[2025-01-02T18:57:26.173+0000] {logging_mixin.py:190} INFO - [2025-01-02T18:57:26.173+0000] {dag.py:3239} INFO - Sync 1 DAGs
[2025-01-02T18:57:26.209+0000] {logging_mixin.py:190} INFO - [2025-01-02T18:57:26.209+0000] {dag.py:4180} INFO - Setting next_dagrun for example_branch_labels to 2025-01-01 00:00:00+00:00, run_after=2025-01-02 00:00:00+00:00
[2025-01-02T18:57:26.234+0000] {processor.py:208} INFO - Processing /home/airflow/.local/lib/python3.12/site-packages/airflow/example_dags/example_branch_labels.py took 0.126 seconds
[2025-01-02T19:00:12.509+0000] {processor.py:186} INFO - Started process (PID=71) to work on /home/airflow/.local/lib/python3.12/site-packages/airflow/example_dags/example_branch_labels.py
[2025-01-02T19:00:12.523+0000] {processor.py:914} INFO - Processing file /home/airflow/.local/lib/python3.12/site-packages/airflow/example_dags/example_branch_labels.py for tasks to queue
[2025-01-02T19:00:12.526+0000] {logging_mixin.py:190} INFO - [2025-01-02T19:00:12.525+0000] {dagbag.py:588} INFO - Filling up the DagBag from /home/airflow/.local/lib/python3.12/site-packages/airflow/example_dags/example_branch_labels.py
[2025-01-02T19:00:12.555+0000] {processor.py:925} INFO - DAG(s) 'example_branch_labels' retrieved from /home/airflow/.local/lib/python3.12/site-packages/airflow/example_dags/example_branch_labels.py
[2025-01-02T19:00:12.638+0000] {logging_mixin.py:190} INFO - [2025-01-02T19:00:12.637+0000] {dag.py:3239} INFO - Sync 1 DAGs
[2025-01-02T19:00:12.703+0000] {logging_mixin.py:190} INFO - [2025-01-02T19:00:12.702+0000] {dag.py:4180} INFO - Setting next_dagrun for example_branch_labels to 2025-01-01 00:00:00+00:00, run_after=2025-01-02 00:00:00+00:00
[2025-01-02T19:00:12.760+0000] {processor.py:208} INFO - Processing /home/airflow/.local/lib/python3.12/site-packages/airflow/example_dags/example_branch_labels.py took 0.285 seconds
[2025-01-02T19:00:43.507+0000] {processor.py:186} INFO - Started process (PID=134) to work on /home/airflow/.local/lib/python3.12/site-packages/airflow/example_dags/example_branch_labels.py
[2025-01-02T19:00:43.509+0000] {processor.py:914} INFO - Processing file /home/airflow/.local/lib/python3.12/site-packages/airflow/example_dags/example_branch_labels.py for tasks to queue
[2025-01-02T19:00:43.512+0000] {logging_mixin.py:190} INFO - [2025-01-02T19:00:43.512+0000] {dagbag.py:588} INFO - Filling up the DagBag from /home/airflow/.local/lib/python3.12/site-packages/airflow/example_dags/example_branch_labels.py
[2025-01-02T19:00:43.527+0000] {processor.py:925} INFO - DAG(s) 'example_branch_labels' retrieved from /home/airflow/.local/lib/python3.12/site-packages/airflow/example_dags/example_branch_labels.py
[2025-01-02T19:00:43.556+0000] {logging_mixin.py:190} INFO - [2025-01-02T19:00:43.555+0000] {dag.py:3239} INFO - Sync 1 DAGs
[2025-01-02T19:00:43.592+0000] {logging_mixin.py:190} INFO - [2025-01-02T19:00:43.591+0000] {dag.py:4180} INFO - Setting next_dagrun for example_branch_labels to 2025-01-01 00:00:00+00:00, run_after=2025-01-02 00:00:00+00:00
[2025-01-02T19:00:43.615+0000] {processor.py:208} INFO - Processing /home/airflow/.local/lib/python3.12/site-packages/airflow/example_dags/example_branch_labels.py took 0.117 seconds
[2025-01-02T19:01:13.799+0000] {processor.py:186} INFO - Started process (PID=197) to work on /home/airflow/.local/lib/python3.12/site-packages/airflow/example_dags/example_branch_labels.py
[2025-01-02T19:01:13.801+0000] {processor.py:914} INFO - Processing file /home/airflow/.local/lib/python3.12/site-packages/airflow/example_dags/example_branch_labels.py for tasks to queue
[2025-01-02T19:01:13.804+0000] {logging_mixin.py:190} INFO - [2025-01-02T19:01:13.803+0000] {dagbag.py:588} INFO - Filling up the DagBag from /home/airflow/.local/lib/python3.12/site-packages/airflow/example_dags/example_branch_labels.py
[2025-01-02T19:01:13.818+0000] {processor.py:925} INFO - DAG(s) 'example_branch_labels' retrieved from /home/airflow/.local/lib/python3.12/site-packages/airflow/example_dags/example_branch_labels.py
[2025-01-02T19:01:13.847+0000] {logging_mixin.py:190} INFO - [2025-01-02T19:01:13.847+0000] {dag.py:3239} INFO - Sync 1 DAGs
[2025-01-02T19:01:13.883+0000] {logging_mixin.py:190} INFO - [2025-01-02T19:01:13.883+0000] {dag.py:4180} INFO - Setting next_dagrun for example_branch_labels to 2025-01-01 00:00:00+00:00, run_after=2025-01-02 00:00:00+00:00
[2025-01-02T19:01:13.906+0000] {processor.py:208} INFO - Processing /home/airflow/.local/lib/python3.12/site-packages/airflow/example_dags/example_branch_labels.py took 0.116 seconds
[2025-01-02T19:01:44.042+0000] {processor.py:186} INFO - Started process (PID=260) to work on /home/airflow/.local/lib/python3.12/site-packages/airflow/example_dags/example_branch_labels.py
[2025-01-02T19:01:44.043+0000] {processor.py:914} INFO - Processing file /home/airflow/.local/lib/python3.12/site-packages/airflow/example_dags/example_branch_labels.py for tasks to queue
[2025-01-02T19:01:44.047+0000] {logging_mixin.py:190} INFO - [2025-01-02T19:01:44.046+0000] {dagbag.py:588} INFO - Filling up the DagBag from /home/airflow/.local/lib/python3.12/site-packages/airflow/example_dags/example_branch_labels.py
[2025-01-02T19:01:44.062+0000] {processor.py:925} INFO - DAG(s) 'example_branch_labels' retrieved from /home/airflow/.local/lib/python3.12/site-packages/airflow/example_dags/example_branch_labels.py
[2025-01-02T19:01:44.090+0000] {logging_mixin.py:190} INFO - [2025-01-02T19:01:44.090+0000] {dag.py:3239} INFO - Sync 1 DAGs
[2025-01-02T19:01:44.128+0000] {logging_mixin.py:190} INFO - [2025-01-02T19:01:44.128+0000] {dag.py:4180} INFO - Setting next_dagrun for example_branch_labels to 2025-01-01 00:00:00+00:00, run_after=2025-01-02 00:00:00+00:00
[2025-01-02T19:01:44.152+0000] {processor.py:208} INFO - Processing /home/airflow/.local/lib/python3.12/site-packages/airflow/example_dags/example_branch_labels.py took 0.119 seconds
[2025-01-02T19:02:14.592+0000] {processor.py:186} INFO - Started process (PID=323) to work on /home/airflow/.local/lib/python3.12/site-packages/airflow/example_dags/example_branch_labels.py
[2025-01-02T19:02:14.597+0000] {processor.py:914} INFO - Processing file /home/airflow/.local/lib/python3.12/site-packages/airflow/example_dags/example_branch_labels.py for tasks to queue
[2025-01-02T19:02:14.600+0000] {logging_mixin.py:190} INFO - [2025-01-02T19:02:14.600+0000] {dagbag.py:588} INFO - Filling up the DagBag from /home/airflow/.local/lib/python3.12/site-packages/airflow/example_dags/example_branch_labels.py
[2025-01-02T19:02:14.634+0000] {processor.py:925} INFO - DAG(s) 'example_branch_labels' retrieved from /home/airflow/.local/lib/python3.12/site-packages/airflow/example_dags/example_branch_labels.py
[2025-01-02T19:02:14.663+0000] {logging_mixin.py:190} INFO - [2025-01-02T19:02:14.663+0000] {dag.py:3239} INFO - Sync 1 DAGs
[2025-01-02T19:02:14.700+0000] {logging_mixin.py:190} INFO - [2025-01-02T19:02:14.700+0000] {dag.py:4180} INFO - Setting next_dagrun for example_branch_labels to 2025-01-01 00:00:00+00:00, run_after=2025-01-02 00:00:00+00:00
[2025-01-02T19:02:14.724+0000] {processor.py:208} INFO - Processing /home/airflow/.local/lib/python3.12/site-packages/airflow/example_dags/example_branch_labels.py took 0.142 seconds
[2025-01-02T19:02:45.582+0000] {processor.py:186} INFO - Started process (PID=386) to work on /home/airflow/.local/lib/python3.12/site-packages/airflow/example_dags/example_branch_labels.py
[2025-01-02T19:02:45.583+0000] {processor.py:914} INFO - Processing file /home/airflow/.local/lib/python3.12/site-packages/airflow/example_dags/example_branch_labels.py for tasks to queue
[2025-01-02T19:02:45.602+0000] {logging_mixin.py:190} INFO - [2025-01-02T19:02:45.602+0000] {dagbag.py:588} INFO - Filling up the DagBag from /home/airflow/.local/lib/python3.12/site-packages/airflow/example_dags/example_branch_labels.py
[2025-01-02T19:02:45.644+0000] {processor.py:925} INFO - DAG(s) 'example_branch_labels' retrieved from /home/airflow/.local/lib/python3.12/site-packages/airflow/example_dags/example_branch_labels.py
[2025-01-02T19:02:45.727+0000] {logging_mixin.py:190} INFO - [2025-01-02T19:02:45.726+0000] {dag.py:3239} INFO - Sync 1 DAGs
[2025-01-02T19:02:45.816+0000] {logging_mixin.py:190} INFO - [2025-01-02T19:02:45.816+0000] {dag.py:4180} INFO - Setting next_dagrun for example_branch_labels to 2025-01-01 00:00:00+00:00, run_after=2025-01-02 00:00:00+00:00
[2025-01-02T19:02:45.914+0000] {processor.py:208} INFO - Processing /home/airflow/.local/lib/python3.12/site-packages/airflow/example_dags/example_branch_labels.py took 0.354 seconds
[2025-01-02T19:03:16.491+0000] {processor.py:186} INFO - Started process (PID=449) to work on /home/airflow/.local/lib/python3.12/site-packages/airflow/example_dags/example_branch_labels.py
[2025-01-02T19:03:16.493+0000] {processor.py:914} INFO - Processing file /home/airflow/.local/lib/python3.12/site-packages/airflow/example_dags/example_branch_labels.py for tasks to queue
[2025-01-02T19:03:16.497+0000] {logging_mixin.py:190} INFO - [2025-01-02T19:03:16.496+0000] {dagbag.py:588} INFO - Filling up the DagBag from /home/airflow/.local/lib/python3.12/site-packages/airflow/example_dags/example_branch_labels.py
[2025-01-02T19:03:16.511+0000] {processor.py:925} INFO - DAG(s) 'example_branch_labels' retrieved from /home/airflow/.local/lib/python3.12/site-packages/airflow/example_dags/example_branch_labels.py
[2025-01-02T19:03:16.540+0000] {logging_mixin.py:190} INFO - [2025-01-02T19:03:16.540+0000] {dag.py:3239} INFO - Sync 1 DAGs
[2025-01-02T19:03:16.576+0000] {logging_mixin.py:190} INFO - [2025-01-02T19:03:16.576+0000] {dag.py:4180} INFO - Setting next_dagrun for example_branch_labels to 2025-01-01 00:00:00+00:00, run_after=2025-01-02 00:00:00+00:00
[2025-01-02T19:03:16.600+0000] {processor.py:208} INFO - Processing /home/airflow/.local/lib/python3.12/site-packages/airflow/example_dags/example_branch_labels.py took 0.117 seconds
[2025-01-02T19:03:47.212+0000] {processor.py:186} INFO - Started process (PID=512) to work on /home/airflow/.local/lib/python3.12/site-packages/airflow/example_dags/example_branch_labels.py
[2025-01-02T19:03:47.213+0000] {processor.py:914} INFO - Processing file /home/airflow/.local/lib/python3.12/site-packages/airflow/example_dags/example_branch_labels.py for tasks to queue
[2025-01-02T19:03:47.216+0000] {logging_mixin.py:190} INFO - [2025-01-02T19:03:47.216+0000] {dagbag.py:588} INFO - Filling up the DagBag from /home/airflow/.local/lib/python3.12/site-packages/airflow/example_dags/example_branch_labels.py
[2025-01-02T19:03:47.231+0000] {processor.py:925} INFO - DAG(s) 'example_branch_labels' retrieved from /home/airflow/.local/lib/python3.12/site-packages/airflow/example_dags/example_branch_labels.py
[2025-01-02T19:03:47.259+0000] {logging_mixin.py:190} INFO - [2025-01-02T19:03:47.259+0000] {dag.py:3239} INFO - Sync 1 DAGs
[2025-01-02T19:03:47.296+0000] {logging_mixin.py:190} INFO - [2025-01-02T19:03:47.296+0000] {dag.py:4180} INFO - Setting next_dagrun for example_branch_labels to 2025-01-01 00:00:00+00:00, run_after=2025-01-02 00:00:00+00:00
[2025-01-02T19:03:47.323+0000] {processor.py:208} INFO - Processing /home/airflow/.local/lib/python3.12/site-packages/airflow/example_dags/example_branch_labels.py took 0.119 seconds
[2025-01-02T19:04:17.691+0000] {processor.py:186} INFO - Started process (PID=575) to work on /home/airflow/.local/lib/python3.12/site-packages/airflow/example_dags/example_branch_labels.py
[2025-01-02T19:04:17.694+0000] {processor.py:914} INFO - Processing file /home/airflow/.local/lib/python3.12/site-packages/airflow/example_dags/example_branch_labels.py for tasks to queue
[2025-01-02T19:04:17.697+0000] {logging_mixin.py:190} INFO - [2025-01-02T19:04:17.697+0000] {dagbag.py:588} INFO - Filling up the DagBag from /home/airflow/.local/lib/python3.12/site-packages/airflow/example_dags/example_branch_labels.py
[2025-01-02T19:04:17.712+0000] {processor.py:925} INFO - DAG(s) 'example_branch_labels' retrieved from /home/airflow/.local/lib/python3.12/site-packages/airflow/example_dags/example_branch_labels.py
[2025-01-02T19:04:17.744+0000] {logging_mixin.py:190} INFO - [2025-01-02T19:04:17.743+0000] {dag.py:3239} INFO - Sync 1 DAGs
[2025-01-02T19:04:17.780+0000] {logging_mixin.py:190} INFO - [2025-01-02T19:04:17.779+0000] {dag.py:4180} INFO - Setting next_dagrun for example_branch_labels to 2025-01-01 00:00:00+00:00, run_after=2025-01-02 00:00:00+00:00
[2025-01-02T19:04:17.803+0000] {processor.py:208} INFO - Processing /home/airflow/.local/lib/python3.12/site-packages/airflow/example_dags/example_branch_labels.py took 0.122 seconds
[2025-01-02T19:04:48.115+0000] {processor.py:186} INFO - Started process (PID=638) to work on /home/airflow/.local/lib/python3.12/site-packages/airflow/example_dags/example_branch_labels.py
[2025-01-02T19:04:48.116+0000] {processor.py:914} INFO - Processing file /home/airflow/.local/lib/python3.12/site-packages/airflow/example_dags/example_branch_labels.py for tasks to queue
[2025-01-02T19:04:48.119+0000] {logging_mixin.py:190} INFO - [2025-01-02T19:04:48.119+0000] {dagbag.py:588} INFO - Filling up the DagBag from /home/airflow/.local/lib/python3.12/site-packages/airflow/example_dags/example_branch_labels.py
[2025-01-02T19:04:48.135+0000] {processor.py:925} INFO - DAG(s) 'example_branch_labels' retrieved from /home/airflow/.local/lib/python3.12/site-packages/airflow/example_dags/example_branch_labels.py
[2025-01-02T19:04:48.165+0000] {logging_mixin.py:190} INFO - [2025-01-02T19:04:48.164+0000] {dag.py:3239} INFO - Sync 1 DAGs
[2025-01-02T19:04:48.200+0000] {logging_mixin.py:190} INFO - [2025-01-02T19:04:48.199+0000] {dag.py:4180} INFO - Setting next_dagrun for example_branch_labels to 2025-01-01 00:00:00+00:00, run_after=2025-01-02 00:00:00+00:00
[2025-01-02T19:04:48.222+0000] {processor.py:208} INFO - Processing /home/airflow/.local/lib/python3.12/site-packages/airflow/example_dags/example_branch_labels.py took 0.115 seconds
