[2025-01-02T18:55:18.645+0000] {processor.py:186} INFO - Started process (PID=82) to work on /home/airflow/.local/lib/python3.12/site-packages/airflow/example_dags/example_xcomargs.py
[2025-01-02T18:55:18.658+0000] {processor.py:914} INFO - Processing file /home/airflow/.local/lib/python3.12/site-packages/airflow/example_dags/example_xcomargs.py for tasks to queue
[2025-01-02T18:55:18.673+0000] {logging_mixin.py:190} INFO - [2025-01-02T18:55:18.661+0000] {dagbag.py:588} INFO - Filling up the DagBag from /home/airflow/.local/lib/python3.12/site-packages/airflow/example_dags/example_xcomargs.py
[2025-01-02T18:55:18.736+0000] {processor.py:925} INFO - DAG(s) 'example_xcom_args_with_operators', 'example_xcom_args' retrieved from /home/airflow/.local/lib/python3.12/site-packages/airflow/example_dags/example_xcomargs.py
[2025-01-02T18:55:19.424+0000] {logging_mixin.py:190} INFO - [2025-01-02T18:55:19.423+0000] {override.py:1911} INFO - Created Permission View: can edit on DAG:example_xcom_args_with_operators
[2025-01-02T18:55:19.482+0000] {logging_mixin.py:190} INFO - [2025-01-02T18:55:19.481+0000] {override.py:1911} INFO - Created Permission View: can delete on DAG:example_xcom_args_with_operators
[2025-01-02T18:55:19.502+0000] {logging_mixin.py:190} INFO - [2025-01-02T18:55:19.501+0000] {override.py:1911} INFO - Created Permission View: can read on DAG:example_xcom_args_with_operators
[2025-01-02T18:55:19.525+0000] {logging_mixin.py:190} INFO - [2025-01-02T18:55:19.525+0000] {override.py:1911} INFO - Created Permission View: can create on DAG Run:example_xcom_args_with_operators
[2025-01-02T18:55:19.545+0000] {logging_mixin.py:190} INFO - [2025-01-02T18:55:19.545+0000] {override.py:1911} INFO - Created Permission View: can delete on DAG Run:example_xcom_args_with_operators
[2025-01-02T18:55:19.583+0000] {logging_mixin.py:190} INFO - [2025-01-02T18:55:19.583+0000] {override.py:1911} INFO - Created Permission View: menu access on DAG Run:example_xcom_args_with_operators
[2025-01-02T18:55:19.617+0000] {logging_mixin.py:190} INFO - [2025-01-02T18:55:19.609+0000] {override.py:1911} INFO - Created Permission View: can read on DAG Run:example_xcom_args_with_operators
[2025-01-02T18:55:19.661+0000] {logging_mixin.py:190} INFO - [2025-01-02T18:55:19.661+0000] {override.py:1911} INFO - Created Permission View: can edit on DAG:example_xcom_args
[2025-01-02T18:55:19.697+0000] {logging_mixin.py:190} INFO - [2025-01-02T18:55:19.693+0000] {override.py:1911} INFO - Created Permission View: can delete on DAG:example_xcom_args
[2025-01-02T18:55:19.719+0000] {logging_mixin.py:190} INFO - [2025-01-02T18:55:19.718+0000] {override.py:1911} INFO - Created Permission View: can read on DAG:example_xcom_args
[2025-01-02T18:55:19.735+0000] {logging_mixin.py:190} INFO - [2025-01-02T18:55:19.734+0000] {override.py:1911} INFO - Created Permission View: can create on DAG Run:example_xcom_args
[2025-01-02T18:55:19.764+0000] {logging_mixin.py:190} INFO - [2025-01-02T18:55:19.764+0000] {override.py:1911} INFO - Created Permission View: can delete on DAG Run:example_xcom_args
[2025-01-02T18:55:19.787+0000] {logging_mixin.py:190} INFO - [2025-01-02T18:55:19.786+0000] {override.py:1911} INFO - Created Permission View: menu access on DAG Run:example_xcom_args
[2025-01-02T18:55:19.818+0000] {logging_mixin.py:190} INFO - [2025-01-02T18:55:19.817+0000] {override.py:1911} INFO - Created Permission View: can read on DAG Run:example_xcom_args
[2025-01-02T18:55:19.818+0000] {logging_mixin.py:190} INFO - [2025-01-02T18:55:19.818+0000] {dag.py:3239} INFO - Sync 2 DAGs
[2025-01-02T18:55:19.924+0000] {logging_mixin.py:190} INFO - [2025-01-02T18:55:19.923+0000] {dag.py:3262} INFO - Creating ORM DAG for example_xcom_args_with_operators
[2025-01-02T18:55:19.925+0000] {logging_mixin.py:190} INFO - [2025-01-02T18:55:19.925+0000] {dag.py:3262} INFO - Creating ORM DAG for example_xcom_args
[2025-01-02T18:55:19.936+0000] {logging_mixin.py:190} INFO - [2025-01-02T18:55:19.934+0000] {dag.py:4180} INFO - Setting next_dagrun for example_xcom_args to None, run_after=None
[2025-01-02T18:55:19.937+0000] {logging_mixin.py:190} INFO - [2025-01-02T18:55:19.936+0000] {dag.py:4180} INFO - Setting next_dagrun for example_xcom_args_with_operators to None, run_after=None
[2025-01-02T18:55:20.027+0000] {processor.py:208} INFO - Processing /home/airflow/.local/lib/python3.12/site-packages/airflow/example_dags/example_xcomargs.py took 1.428 seconds
[2025-01-02T18:55:52.468+0000] {processor.py:186} INFO - Started process (PID=144) to work on /home/airflow/.local/lib/python3.12/site-packages/airflow/example_dags/example_xcomargs.py
[2025-01-02T18:55:52.470+0000] {processor.py:914} INFO - Processing file /home/airflow/.local/lib/python3.12/site-packages/airflow/example_dags/example_xcomargs.py for tasks to queue
[2025-01-02T18:55:52.474+0000] {logging_mixin.py:190} INFO - [2025-01-02T18:55:52.474+0000] {dagbag.py:588} INFO - Filling up the DagBag from /home/airflow/.local/lib/python3.12/site-packages/airflow/example_dags/example_xcomargs.py
[2025-01-02T18:55:52.495+0000] {processor.py:925} INFO - DAG(s) 'example_xcom_args', 'example_xcom_args_with_operators' retrieved from /home/airflow/.local/lib/python3.12/site-packages/airflow/example_dags/example_xcomargs.py
[2025-01-02T18:55:52.533+0000] {logging_mixin.py:190} INFO - [2025-01-02T18:55:52.532+0000] {dag.py:3239} INFO - Sync 2 DAGs
[2025-01-02T18:55:52.554+0000] {logging_mixin.py:190} INFO - [2025-01-02T18:55:52.554+0000] {dag.py:4180} INFO - Setting next_dagrun for example_xcom_args to None, run_after=None
[2025-01-02T18:55:52.559+0000] {logging_mixin.py:190} INFO - [2025-01-02T18:55:52.559+0000] {dag.py:4180} INFO - Setting next_dagrun for example_xcom_args_with_operators to None, run_after=None
[2025-01-02T18:55:52.582+0000] {processor.py:208} INFO - Processing /home/airflow/.local/lib/python3.12/site-packages/airflow/example_dags/example_xcomargs.py took 0.123 seconds
[2025-01-02T18:56:24.360+0000] {processor.py:186} INFO - Started process (PID=207) to work on /home/airflow/.local/lib/python3.12/site-packages/airflow/example_dags/example_xcomargs.py
[2025-01-02T18:56:24.363+0000] {processor.py:914} INFO - Processing file /home/airflow/.local/lib/python3.12/site-packages/airflow/example_dags/example_xcomargs.py for tasks to queue
[2025-01-02T18:56:24.367+0000] {logging_mixin.py:190} INFO - [2025-01-02T18:56:24.366+0000] {dagbag.py:588} INFO - Filling up the DagBag from /home/airflow/.local/lib/python3.12/site-packages/airflow/example_dags/example_xcomargs.py
[2025-01-02T18:56:24.383+0000] {processor.py:925} INFO - DAG(s) 'example_xcom_args_with_operators', 'example_xcom_args' retrieved from /home/airflow/.local/lib/python3.12/site-packages/airflow/example_dags/example_xcomargs.py
[2025-01-02T18:56:24.418+0000] {logging_mixin.py:190} INFO - [2025-01-02T18:56:24.417+0000] {dag.py:3239} INFO - Sync 2 DAGs
[2025-01-02T18:56:24.440+0000] {logging_mixin.py:190} INFO - [2025-01-02T18:56:24.440+0000] {dag.py:4180} INFO - Setting next_dagrun for example_xcom_args to None, run_after=None
[2025-01-02T18:56:24.446+0000] {logging_mixin.py:190} INFO - [2025-01-02T18:56:24.445+0000] {dag.py:4180} INFO - Setting next_dagrun for example_xcom_args_with_operators to None, run_after=None
[2025-01-02T18:56:24.469+0000] {processor.py:208} INFO - Processing /home/airflow/.local/lib/python3.12/site-packages/airflow/example_dags/example_xcomargs.py took 0.118 seconds
[2025-01-02T18:56:56.043+0000] {processor.py:186} INFO - Started process (PID=269) to work on /home/airflow/.local/lib/python3.12/site-packages/airflow/example_dags/example_xcomargs.py
[2025-01-02T18:56:56.044+0000] {processor.py:914} INFO - Processing file /home/airflow/.local/lib/python3.12/site-packages/airflow/example_dags/example_xcomargs.py for tasks to queue
[2025-01-02T18:56:56.056+0000] {logging_mixin.py:190} INFO - [2025-01-02T18:56:56.055+0000] {dagbag.py:588} INFO - Filling up the DagBag from /home/airflow/.local/lib/python3.12/site-packages/airflow/example_dags/example_xcomargs.py
[2025-01-02T18:56:56.123+0000] {processor.py:925} INFO - DAG(s) 'example_xcom_args_with_operators', 'example_xcom_args' retrieved from /home/airflow/.local/lib/python3.12/site-packages/airflow/example_dags/example_xcomargs.py
[2025-01-02T18:56:56.252+0000] {logging_mixin.py:190} INFO - [2025-01-02T18:56:56.251+0000] {dag.py:3239} INFO - Sync 2 DAGs
[2025-01-02T18:56:56.317+0000] {logging_mixin.py:190} INFO - [2025-01-02T18:56:56.317+0000] {dag.py:4180} INFO - Setting next_dagrun for example_xcom_args to None, run_after=None
[2025-01-02T18:56:56.337+0000] {logging_mixin.py:190} INFO - [2025-01-02T18:56:56.337+0000] {dag.py:4180} INFO - Setting next_dagrun for example_xcom_args_with_operators to None, run_after=None
[2025-01-02T18:56:56.398+0000] {processor.py:208} INFO - Processing /home/airflow/.local/lib/python3.12/site-packages/airflow/example_dags/example_xcomargs.py took 0.385 seconds
[2025-01-02T18:57:26.564+0000] {processor.py:186} INFO - Started process (PID=332) to work on /home/airflow/.local/lib/python3.12/site-packages/airflow/example_dags/example_xcomargs.py
[2025-01-02T18:57:26.566+0000] {processor.py:914} INFO - Processing file /home/airflow/.local/lib/python3.12/site-packages/airflow/example_dags/example_xcomargs.py for tasks to queue
[2025-01-02T18:57:26.570+0000] {logging_mixin.py:190} INFO - [2025-01-02T18:57:26.569+0000] {dagbag.py:588} INFO - Filling up the DagBag from /home/airflow/.local/lib/python3.12/site-packages/airflow/example_dags/example_xcomargs.py
[2025-01-02T18:57:26.588+0000] {processor.py:925} INFO - DAG(s) 'example_xcom_args', 'example_xcom_args_with_operators' retrieved from /home/airflow/.local/lib/python3.12/site-packages/airflow/example_dags/example_xcomargs.py
[2025-01-02T18:57:26.613+0000] {logging_mixin.py:190} INFO - [2025-01-02T18:57:26.612+0000] {dag.py:3239} INFO - Sync 2 DAGs
[2025-01-02T18:57:26.629+0000] {logging_mixin.py:190} INFO - [2025-01-02T18:57:26.629+0000] {dag.py:4180} INFO - Setting next_dagrun for example_xcom_args to None, run_after=None
[2025-01-02T18:57:26.633+0000] {logging_mixin.py:190} INFO - [2025-01-02T18:57:26.633+0000] {dag.py:4180} INFO - Setting next_dagrun for example_xcom_args_with_operators to None, run_after=None
[2025-01-02T18:57:26.649+0000] {processor.py:208} INFO - Processing /home/airflow/.local/lib/python3.12/site-packages/airflow/example_dags/example_xcomargs.py took 0.095 seconds
[2025-01-02T19:00:13.451+0000] {processor.py:186} INFO - Started process (PID=77) to work on /home/airflow/.local/lib/python3.12/site-packages/airflow/example_dags/example_xcomargs.py
[2025-01-02T19:00:13.457+0000] {processor.py:914} INFO - Processing file /home/airflow/.local/lib/python3.12/site-packages/airflow/example_dags/example_xcomargs.py for tasks to queue
[2025-01-02T19:00:13.460+0000] {logging_mixin.py:190} INFO - [2025-01-02T19:00:13.460+0000] {dagbag.py:588} INFO - Filling up the DagBag from /home/airflow/.local/lib/python3.12/site-packages/airflow/example_dags/example_xcomargs.py
[2025-01-02T19:00:13.496+0000] {processor.py:925} INFO - DAG(s) 'example_xcom_args', 'example_xcom_args_with_operators' retrieved from /home/airflow/.local/lib/python3.12/site-packages/airflow/example_dags/example_xcomargs.py
[2025-01-02T19:00:13.562+0000] {logging_mixin.py:190} INFO - [2025-01-02T19:00:13.561+0000] {dag.py:3239} INFO - Sync 2 DAGs
[2025-01-02T19:00:13.600+0000] {logging_mixin.py:190} INFO - [2025-01-02T19:00:13.600+0000] {dag.py:4180} INFO - Setting next_dagrun for example_xcom_args to None, run_after=None
[2025-01-02T19:00:13.613+0000] {logging_mixin.py:190} INFO - [2025-01-02T19:00:13.612+0000] {dag.py:4180} INFO - Setting next_dagrun for example_xcom_args_with_operators to None, run_after=None
[2025-01-02T19:00:13.651+0000] {processor.py:208} INFO - Processing /home/airflow/.local/lib/python3.12/site-packages/airflow/example_dags/example_xcomargs.py took 0.217 seconds
[2025-01-02T19:00:43.825+0000] {processor.py:186} INFO - Started process (PID=139) to work on /home/airflow/.local/lib/python3.12/site-packages/airflow/example_dags/example_xcomargs.py
[2025-01-02T19:00:43.827+0000] {processor.py:914} INFO - Processing file /home/airflow/.local/lib/python3.12/site-packages/airflow/example_dags/example_xcomargs.py for tasks to queue
[2025-01-02T19:00:43.831+0000] {logging_mixin.py:190} INFO - [2025-01-02T19:00:43.831+0000] {dagbag.py:588} INFO - Filling up the DagBag from /home/airflow/.local/lib/python3.12/site-packages/airflow/example_dags/example_xcomargs.py
[2025-01-02T19:00:43.847+0000] {processor.py:925} INFO - DAG(s) 'example_xcom_args_with_operators', 'example_xcom_args' retrieved from /home/airflow/.local/lib/python3.12/site-packages/airflow/example_dags/example_xcomargs.py
[2025-01-02T19:00:43.880+0000] {logging_mixin.py:190} INFO - [2025-01-02T19:00:43.879+0000] {dag.py:3239} INFO - Sync 2 DAGs
[2025-01-02T19:00:43.901+0000] {logging_mixin.py:190} INFO - [2025-01-02T19:00:43.900+0000] {dag.py:4180} INFO - Setting next_dagrun for example_xcom_args to None, run_after=None
[2025-01-02T19:00:43.906+0000] {logging_mixin.py:190} INFO - [2025-01-02T19:00:43.905+0000] {dag.py:4180} INFO - Setting next_dagrun for example_xcom_args_with_operators to None, run_after=None
[2025-01-02T19:00:43.933+0000] {processor.py:208} INFO - Processing /home/airflow/.local/lib/python3.12/site-packages/airflow/example_dags/example_xcomargs.py took 0.117 seconds
[2025-01-02T19:01:14.131+0000] {processor.py:186} INFO - Started process (PID=202) to work on /home/airflow/.local/lib/python3.12/site-packages/airflow/example_dags/example_xcomargs.py
[2025-01-02T19:01:14.132+0000] {processor.py:914} INFO - Processing file /home/airflow/.local/lib/python3.12/site-packages/airflow/example_dags/example_xcomargs.py for tasks to queue
[2025-01-02T19:01:14.135+0000] {logging_mixin.py:190} INFO - [2025-01-02T19:01:14.135+0000] {dagbag.py:588} INFO - Filling up the DagBag from /home/airflow/.local/lib/python3.12/site-packages/airflow/example_dags/example_xcomargs.py
[2025-01-02T19:01:14.150+0000] {processor.py:925} INFO - DAG(s) 'example_xcom_args_with_operators', 'example_xcom_args' retrieved from /home/airflow/.local/lib/python3.12/site-packages/airflow/example_dags/example_xcomargs.py
[2025-01-02T19:01:14.183+0000] {logging_mixin.py:190} INFO - [2025-01-02T19:01:14.183+0000] {dag.py:3239} INFO - Sync 2 DAGs
[2025-01-02T19:01:14.206+0000] {logging_mixin.py:190} INFO - [2025-01-02T19:01:14.206+0000] {dag.py:4180} INFO - Setting next_dagrun for example_xcom_args to None, run_after=None
[2025-01-02T19:01:14.211+0000] {logging_mixin.py:190} INFO - [2025-01-02T19:01:14.211+0000] {dag.py:4180} INFO - Setting next_dagrun for example_xcom_args_with_operators to None, run_after=None
[2025-01-02T19:01:14.231+0000] {processor.py:208} INFO - Processing /home/airflow/.local/lib/python3.12/site-packages/airflow/example_dags/example_xcomargs.py took 0.110 seconds
[2025-01-02T19:01:44.361+0000] {processor.py:186} INFO - Started process (PID=265) to work on /home/airflow/.local/lib/python3.12/site-packages/airflow/example_dags/example_xcomargs.py
[2025-01-02T19:01:44.364+0000] {processor.py:914} INFO - Processing file /home/airflow/.local/lib/python3.12/site-packages/airflow/example_dags/example_xcomargs.py for tasks to queue
[2025-01-02T19:01:44.368+0000] {logging_mixin.py:190} INFO - [2025-01-02T19:01:44.367+0000] {dagbag.py:588} INFO - Filling up the DagBag from /home/airflow/.local/lib/python3.12/site-packages/airflow/example_dags/example_xcomargs.py
[2025-01-02T19:01:44.384+0000] {processor.py:925} INFO - DAG(s) 'example_xcom_args', 'example_xcom_args_with_operators' retrieved from /home/airflow/.local/lib/python3.12/site-packages/airflow/example_dags/example_xcomargs.py
[2025-01-02T19:01:44.419+0000] {logging_mixin.py:190} INFO - [2025-01-02T19:01:44.419+0000] {dag.py:3239} INFO - Sync 2 DAGs
[2025-01-02T19:01:44.442+0000] {logging_mixin.py:190} INFO - [2025-01-02T19:01:44.441+0000] {dag.py:4180} INFO - Setting next_dagrun for example_xcom_args to None, run_after=None
[2025-01-02T19:01:44.447+0000] {logging_mixin.py:190} INFO - [2025-01-02T19:01:44.447+0000] {dag.py:4180} INFO - Setting next_dagrun for example_xcom_args_with_operators to None, run_after=None
[2025-01-02T19:01:44.467+0000] {processor.py:208} INFO - Processing /home/airflow/.local/lib/python3.12/site-packages/airflow/example_dags/example_xcomargs.py took 0.115 seconds
[2025-01-02T19:02:15.027+0000] {processor.py:186} INFO - Started process (PID=328) to work on /home/airflow/.local/lib/python3.12/site-packages/airflow/example_dags/example_xcomargs.py
[2025-01-02T19:02:15.028+0000] {processor.py:914} INFO - Processing file /home/airflow/.local/lib/python3.12/site-packages/airflow/example_dags/example_xcomargs.py for tasks to queue
[2025-01-02T19:02:15.031+0000] {logging_mixin.py:190} INFO - [2025-01-02T19:02:15.031+0000] {dagbag.py:588} INFO - Filling up the DagBag from /home/airflow/.local/lib/python3.12/site-packages/airflow/example_dags/example_xcomargs.py
[2025-01-02T19:02:15.046+0000] {processor.py:925} INFO - DAG(s) 'example_xcom_args', 'example_xcom_args_with_operators' retrieved from /home/airflow/.local/lib/python3.12/site-packages/airflow/example_dags/example_xcomargs.py
[2025-01-02T19:02:15.079+0000] {logging_mixin.py:190} INFO - [2025-01-02T19:02:15.078+0000] {dag.py:3239} INFO - Sync 2 DAGs
[2025-01-02T19:02:15.103+0000] {logging_mixin.py:190} INFO - [2025-01-02T19:02:15.102+0000] {dag.py:4180} INFO - Setting next_dagrun for example_xcom_args to None, run_after=None
[2025-01-02T19:02:15.108+0000] {logging_mixin.py:190} INFO - [2025-01-02T19:02:15.108+0000] {dag.py:4180} INFO - Setting next_dagrun for example_xcom_args_with_operators to None, run_after=None
[2025-01-02T19:02:15.128+0000] {processor.py:208} INFO - Processing /home/airflow/.local/lib/python3.12/site-packages/airflow/example_dags/example_xcomargs.py took 0.110 seconds
[2025-01-02T19:02:46.760+0000] {processor.py:186} INFO - Started process (PID=391) to work on /home/airflow/.local/lib/python3.12/site-packages/airflow/example_dags/example_xcomargs.py
[2025-01-02T19:02:46.779+0000] {processor.py:914} INFO - Processing file /home/airflow/.local/lib/python3.12/site-packages/airflow/example_dags/example_xcomargs.py for tasks to queue
[2025-01-02T19:02:46.782+0000] {logging_mixin.py:190} INFO - [2025-01-02T19:02:46.781+0000] {dagbag.py:588} INFO - Filling up the DagBag from /home/airflow/.local/lib/python3.12/site-packages/airflow/example_dags/example_xcomargs.py
[2025-01-02T19:02:46.832+0000] {processor.py:925} INFO - DAG(s) 'example_xcom_args_with_operators', 'example_xcom_args' retrieved from /home/airflow/.local/lib/python3.12/site-packages/airflow/example_dags/example_xcomargs.py
[2025-01-02T19:02:46.950+0000] {logging_mixin.py:190} INFO - [2025-01-02T19:02:46.949+0000] {dag.py:3239} INFO - Sync 2 DAGs
[2025-01-02T19:02:47.009+0000] {logging_mixin.py:190} INFO - [2025-01-02T19:02:46.997+0000] {dag.py:4180} INFO - Setting next_dagrun for example_xcom_args to None, run_after=None
[2025-01-02T19:02:47.021+0000] {logging_mixin.py:190} INFO - [2025-01-02T19:02:47.021+0000] {dag.py:4180} INFO - Setting next_dagrun for example_xcom_args_with_operators to None, run_after=None
[2025-01-02T19:02:47.093+0000] {processor.py:208} INFO - Processing /home/airflow/.local/lib/python3.12/site-packages/airflow/example_dags/example_xcomargs.py took 0.366 seconds
[2025-01-02T19:03:17.777+0000] {processor.py:186} INFO - Started process (PID=454) to work on /home/airflow/.local/lib/python3.12/site-packages/airflow/example_dags/example_xcomargs.py
[2025-01-02T19:03:17.779+0000] {processor.py:914} INFO - Processing file /home/airflow/.local/lib/python3.12/site-packages/airflow/example_dags/example_xcomargs.py for tasks to queue
[2025-01-02T19:03:17.783+0000] {logging_mixin.py:190} INFO - [2025-01-02T19:03:17.783+0000] {dagbag.py:588} INFO - Filling up the DagBag from /home/airflow/.local/lib/python3.12/site-packages/airflow/example_dags/example_xcomargs.py
[2025-01-02T19:03:17.799+0000] {processor.py:925} INFO - DAG(s) 'example_xcom_args', 'example_xcom_args_with_operators' retrieved from /home/airflow/.local/lib/python3.12/site-packages/airflow/example_dags/example_xcomargs.py
[2025-01-02T19:03:17.848+0000] {logging_mixin.py:190} INFO - [2025-01-02T19:03:17.841+0000] {dag.py:3239} INFO - Sync 2 DAGs
[2025-01-02T19:03:17.874+0000] {logging_mixin.py:190} INFO - [2025-01-02T19:03:17.874+0000] {dag.py:4180} INFO - Setting next_dagrun for example_xcom_args to None, run_after=None
[2025-01-02T19:03:17.879+0000] {logging_mixin.py:190} INFO - [2025-01-02T19:03:17.879+0000] {dag.py:4180} INFO - Setting next_dagrun for example_xcom_args_with_operators to None, run_after=None
[2025-01-02T19:03:17.903+0000] {processor.py:208} INFO - Processing /home/airflow/.local/lib/python3.12/site-packages/airflow/example_dags/example_xcomargs.py took 0.134 seconds
[2025-01-02T19:03:48.534+0000] {processor.py:186} INFO - Started process (PID=517) to work on /home/airflow/.local/lib/python3.12/site-packages/airflow/example_dags/example_xcomargs.py
[2025-01-02T19:03:48.538+0000] {processor.py:914} INFO - Processing file /home/airflow/.local/lib/python3.12/site-packages/airflow/example_dags/example_xcomargs.py for tasks to queue
[2025-01-02T19:03:48.543+0000] {logging_mixin.py:190} INFO - [2025-01-02T19:03:48.543+0000] {dagbag.py:588} INFO - Filling up the DagBag from /home/airflow/.local/lib/python3.12/site-packages/airflow/example_dags/example_xcomargs.py
[2025-01-02T19:03:48.558+0000] {processor.py:925} INFO - DAG(s) 'example_xcom_args', 'example_xcom_args_with_operators' retrieved from /home/airflow/.local/lib/python3.12/site-packages/airflow/example_dags/example_xcomargs.py
[2025-01-02T19:03:48.589+0000] {logging_mixin.py:190} INFO - [2025-01-02T19:03:48.589+0000] {dag.py:3239} INFO - Sync 2 DAGs
[2025-01-02T19:03:48.612+0000] {logging_mixin.py:190} INFO - [2025-01-02T19:03:48.611+0000] {dag.py:4180} INFO - Setting next_dagrun for example_xcom_args to None, run_after=None
[2025-01-02T19:03:48.617+0000] {logging_mixin.py:190} INFO - [2025-01-02T19:03:48.616+0000] {dag.py:4180} INFO - Setting next_dagrun for example_xcom_args_with_operators to None, run_after=None
[2025-01-02T19:03:48.636+0000] {processor.py:208} INFO - Processing /home/airflow/.local/lib/python3.12/site-packages/airflow/example_dags/example_xcomargs.py took 0.116 seconds
[2025-01-02T19:04:19.013+0000] {processor.py:186} INFO - Started process (PID=580) to work on /home/airflow/.local/lib/python3.12/site-packages/airflow/example_dags/example_xcomargs.py
[2025-01-02T19:04:19.015+0000] {processor.py:914} INFO - Processing file /home/airflow/.local/lib/python3.12/site-packages/airflow/example_dags/example_xcomargs.py for tasks to queue
[2025-01-02T19:04:19.018+0000] {logging_mixin.py:190} INFO - [2025-01-02T19:04:19.018+0000] {dagbag.py:588} INFO - Filling up the DagBag from /home/airflow/.local/lib/python3.12/site-packages/airflow/example_dags/example_xcomargs.py
[2025-01-02T19:04:19.039+0000] {processor.py:925} INFO - DAG(s) 'example_xcom_args', 'example_xcom_args_with_operators' retrieved from /home/airflow/.local/lib/python3.12/site-packages/airflow/example_dags/example_xcomargs.py
[2025-01-02T19:04:19.070+0000] {logging_mixin.py:190} INFO - [2025-01-02T19:04:19.070+0000] {dag.py:3239} INFO - Sync 2 DAGs
[2025-01-02T19:04:19.093+0000] {logging_mixin.py:190} INFO - [2025-01-02T19:04:19.092+0000] {dag.py:4180} INFO - Setting next_dagrun for example_xcom_args to None, run_after=None
[2025-01-02T19:04:19.106+0000] {logging_mixin.py:190} INFO - [2025-01-02T19:04:19.106+0000] {dag.py:4180} INFO - Setting next_dagrun for example_xcom_args_with_operators to None, run_after=None
[2025-01-02T19:04:19.126+0000] {processor.py:208} INFO - Processing /home/airflow/.local/lib/python3.12/site-packages/airflow/example_dags/example_xcomargs.py took 0.122 seconds
[2025-01-02T19:04:49.436+0000] {processor.py:186} INFO - Started process (PID=643) to work on /home/airflow/.local/lib/python3.12/site-packages/airflow/example_dags/example_xcomargs.py
[2025-01-02T19:04:49.437+0000] {processor.py:914} INFO - Processing file /home/airflow/.local/lib/python3.12/site-packages/airflow/example_dags/example_xcomargs.py for tasks to queue
[2025-01-02T19:04:49.440+0000] {logging_mixin.py:190} INFO - [2025-01-02T19:04:49.440+0000] {dagbag.py:588} INFO - Filling up the DagBag from /home/airflow/.local/lib/python3.12/site-packages/airflow/example_dags/example_xcomargs.py
[2025-01-02T19:04:49.456+0000] {processor.py:925} INFO - DAG(s) 'example_xcom_args', 'example_xcom_args_with_operators' retrieved from /home/airflow/.local/lib/python3.12/site-packages/airflow/example_dags/example_xcomargs.py
[2025-01-02T19:04:49.490+0000] {logging_mixin.py:190} INFO - [2025-01-02T19:04:49.490+0000] {dag.py:3239} INFO - Sync 2 DAGs
[2025-01-02T19:04:49.513+0000] {logging_mixin.py:190} INFO - [2025-01-02T19:04:49.512+0000] {dag.py:4180} INFO - Setting next_dagrun for example_xcom_args to None, run_after=None
[2025-01-02T19:04:49.518+0000] {logging_mixin.py:190} INFO - [2025-01-02T19:04:49.518+0000] {dag.py:4180} INFO - Setting next_dagrun for example_xcom_args_with_operators to None, run_after=None
[2025-01-02T19:04:49.537+0000] {processor.py:208} INFO - Processing /home/airflow/.local/lib/python3.12/site-packages/airflow/example_dags/example_xcomargs.py took 0.119 seconds
