[2025-01-02T18:55:46.825+0000] {processor.py:186} INFO - Started process (PID=116) to work on /home/airflow/.local/lib/python3.12/site-packages/airflow/example_dags/example_sla_dag.py
[2025-01-02T18:55:46.838+0000] {processor.py:914} INFO - Processing file /home/airflow/.local/lib/python3.12/site-packages/airflow/example_dags/example_sla_dag.py for tasks to queue
[2025-01-02T18:55:46.842+0000] {logging_mixin.py:190} INFO - [2025-01-02T18:55:46.842+0000] {dagbag.py:588} INFO - Filling up the DagBag from /home/airflow/.local/lib/python3.12/site-packages/airflow/example_dags/example_sla_dag.py
[2025-01-02T18:55:46.873+0000] {processor.py:925} INFO - DAG(s) 'example_sla_dag' retrieved from /home/airflow/.local/lib/python3.12/site-packages/airflow/example_dags/example_sla_dag.py
[2025-01-02T18:55:47.140+0000] {logging_mixin.py:190} INFO - [2025-01-02T18:55:47.139+0000] {override.py:1911} INFO - Created Permission View: can edit on DAG:example_sla_dag
[2025-01-02T18:55:47.168+0000] {logging_mixin.py:190} INFO - [2025-01-02T18:55:47.168+0000] {override.py:1911} INFO - Created Permission View: can delete on DAG:example_sla_dag
[2025-01-02T18:55:47.185+0000] {logging_mixin.py:190} INFO - [2025-01-02T18:55:47.184+0000] {override.py:1911} INFO - Created Permission View: can read on DAG:example_sla_dag
[2025-01-02T18:55:47.204+0000] {logging_mixin.py:190} INFO - [2025-01-02T18:55:47.204+0000] {override.py:1911} INFO - Created Permission View: can create on DAG Run:example_sla_dag
[2025-01-02T18:55:47.222+0000] {logging_mixin.py:190} INFO - [2025-01-02T18:55:47.222+0000] {override.py:1911} INFO - Created Permission View: can delete on DAG Run:example_sla_dag
[2025-01-02T18:55:47.237+0000] {logging_mixin.py:190} INFO - [2025-01-02T18:55:47.236+0000] {override.py:1911} INFO - Created Permission View: menu access on DAG Run:example_sla_dag
[2025-01-02T18:55:47.252+0000] {logging_mixin.py:190} INFO - [2025-01-02T18:55:47.251+0000] {override.py:1911} INFO - Created Permission View: can read on DAG Run:example_sla_dag
[2025-01-02T18:55:47.252+0000] {logging_mixin.py:190} INFO - [2025-01-02T18:55:47.252+0000] {dag.py:3239} INFO - Sync 1 DAGs
[2025-01-02T18:55:47.287+0000] {logging_mixin.py:190} INFO - [2025-01-02T18:55:47.287+0000] {dag.py:3262} INFO - Creating ORM DAG for example_sla_dag
[2025-01-02T18:55:47.346+0000] {logging_mixin.py:190} INFO - [2025-01-02T18:55:47.346+0000] {dag.py:4180} INFO - Setting next_dagrun for example_sla_dag to 2025-01-02 18:52:00+00:00, run_after=2025-01-02 18:54:00+00:00
[2025-01-02T18:55:47.377+0000] {processor.py:208} INFO - Processing /home/airflow/.local/lib/python3.12/site-packages/airflow/example_dags/example_sla_dag.py took 0.565 seconds
[2025-01-02T18:56:17.687+0000] {processor.py:186} INFO - Started process (PID=179) to work on /home/airflow/.local/lib/python3.12/site-packages/airflow/example_dags/example_sla_dag.py
[2025-01-02T18:56:17.688+0000] {processor.py:914} INFO - Processing file /home/airflow/.local/lib/python3.12/site-packages/airflow/example_dags/example_sla_dag.py for tasks to queue
[2025-01-02T18:56:17.692+0000] {logging_mixin.py:190} INFO - [2025-01-02T18:56:17.692+0000] {dagbag.py:588} INFO - Filling up the DagBag from /home/airflow/.local/lib/python3.12/site-packages/airflow/example_dags/example_sla_dag.py
[2025-01-02T18:56:17.728+0000] {processor.py:925} INFO - DAG(s) 'example_sla_dag' retrieved from /home/airflow/.local/lib/python3.12/site-packages/airflow/example_dags/example_sla_dag.py
[2025-01-02T18:56:17.817+0000] {logging_mixin.py:190} INFO - [2025-01-02T18:56:17.816+0000] {dag.py:3239} INFO - Sync 1 DAGs
[2025-01-02T18:56:17.855+0000] {logging_mixin.py:190} INFO - [2025-01-02T18:56:17.855+0000] {dag.py:4180} INFO - Setting next_dagrun for example_sla_dag to 2025-01-02 18:54:00+00:00, run_after=2025-01-02 18:56:00+00:00
[2025-01-02T18:56:17.904+0000] {processor.py:208} INFO - Processing /home/airflow/.local/lib/python3.12/site-packages/airflow/example_dags/example_sla_dag.py took 0.235 seconds
[2025-01-02T18:56:48.282+0000] {processor.py:186} INFO - Started process (PID=242) to work on /home/airflow/.local/lib/python3.12/site-packages/airflow/example_dags/example_sla_dag.py
[2025-01-02T18:56:48.284+0000] {processor.py:914} INFO - Processing file /home/airflow/.local/lib/python3.12/site-packages/airflow/example_dags/example_sla_dag.py for tasks to queue
[2025-01-02T18:56:48.288+0000] {logging_mixin.py:190} INFO - [2025-01-02T18:56:48.288+0000] {dagbag.py:588} INFO - Filling up the DagBag from /home/airflow/.local/lib/python3.12/site-packages/airflow/example_dags/example_sla_dag.py
[2025-01-02T18:56:48.304+0000] {processor.py:925} INFO - DAG(s) 'example_sla_dag' retrieved from /home/airflow/.local/lib/python3.12/site-packages/airflow/example_dags/example_sla_dag.py
[2025-01-02T18:56:48.331+0000] {logging_mixin.py:190} INFO - [2025-01-02T18:56:48.331+0000] {dag.py:3239} INFO - Sync 1 DAGs
[2025-01-02T18:56:48.365+0000] {logging_mixin.py:190} INFO - [2025-01-02T18:56:48.365+0000] {dag.py:4180} INFO - Setting next_dagrun for example_sla_dag to 2025-01-02 18:54:00+00:00, run_after=2025-01-02 18:56:00+00:00
[2025-01-02T18:56:48.384+0000] {processor.py:208} INFO - Processing /home/airflow/.local/lib/python3.12/site-packages/airflow/example_dags/example_sla_dag.py took 0.111 seconds
[2025-01-02T18:57:18.505+0000] {processor.py:186} INFO - Started process (PID=305) to work on /home/airflow/.local/lib/python3.12/site-packages/airflow/example_dags/example_sla_dag.py
[2025-01-02T18:57:18.506+0000] {processor.py:914} INFO - Processing file /home/airflow/.local/lib/python3.12/site-packages/airflow/example_dags/example_sla_dag.py for tasks to queue
[2025-01-02T18:57:18.510+0000] {logging_mixin.py:190} INFO - [2025-01-02T18:57:18.510+0000] {dagbag.py:588} INFO - Filling up the DagBag from /home/airflow/.local/lib/python3.12/site-packages/airflow/example_dags/example_sla_dag.py
[2025-01-02T18:57:18.527+0000] {processor.py:925} INFO - DAG(s) 'example_sla_dag' retrieved from /home/airflow/.local/lib/python3.12/site-packages/airflow/example_dags/example_sla_dag.py
[2025-01-02T18:57:18.554+0000] {logging_mixin.py:190} INFO - [2025-01-02T18:57:18.553+0000] {dag.py:3239} INFO - Sync 1 DAGs
[2025-01-02T18:57:18.590+0000] {logging_mixin.py:190} INFO - [2025-01-02T18:57:18.590+0000] {dag.py:4180} INFO - Setting next_dagrun for example_sla_dag to 2025-01-02 18:54:00+00:00, run_after=2025-01-02 18:56:00+00:00
[2025-01-02T18:57:18.611+0000] {processor.py:208} INFO - Processing /home/airflow/.local/lib/python3.12/site-packages/airflow/example_dags/example_sla_dag.py took 0.115 seconds
[2025-01-02T19:00:21.332+0000] {processor.py:186} INFO - Started process (PID=105) to work on /home/airflow/.local/lib/python3.12/site-packages/airflow/example_dags/example_sla_dag.py
[2025-01-02T19:00:21.341+0000] {processor.py:914} INFO - Processing file /home/airflow/.local/lib/python3.12/site-packages/airflow/example_dags/example_sla_dag.py for tasks to queue
[2025-01-02T19:00:21.345+0000] {logging_mixin.py:190} INFO - [2025-01-02T19:00:21.345+0000] {dagbag.py:588} INFO - Filling up the DagBag from /home/airflow/.local/lib/python3.12/site-packages/airflow/example_dags/example_sla_dag.py
[2025-01-02T19:00:21.380+0000] {processor.py:925} INFO - DAG(s) 'example_sla_dag' retrieved from /home/airflow/.local/lib/python3.12/site-packages/airflow/example_dags/example_sla_dag.py
[2025-01-02T19:00:21.411+0000] {logging_mixin.py:190} INFO - [2025-01-02T19:00:21.410+0000] {dag.py:3239} INFO - Sync 1 DAGs
[2025-01-02T19:00:21.450+0000] {logging_mixin.py:190} INFO - [2025-01-02T19:00:21.449+0000] {dag.py:4180} INFO - Setting next_dagrun for example_sla_dag to 2025-01-02 18:58:00+00:00, run_after=2025-01-02 19:00:00+00:00
[2025-01-02T19:00:21.499+0000] {processor.py:208} INFO - Processing /home/airflow/.local/lib/python3.12/site-packages/airflow/example_dags/example_sla_dag.py took 0.184 seconds
[2025-01-02T19:00:52.218+0000] {processor.py:186} INFO - Started process (PID=168) to work on /home/airflow/.local/lib/python3.12/site-packages/airflow/example_dags/example_sla_dag.py
[2025-01-02T19:00:52.219+0000] {processor.py:914} INFO - Processing file /home/airflow/.local/lib/python3.12/site-packages/airflow/example_dags/example_sla_dag.py for tasks to queue
[2025-01-02T19:00:52.224+0000] {logging_mixin.py:190} INFO - [2025-01-02T19:00:52.223+0000] {dagbag.py:588} INFO - Filling up the DagBag from /home/airflow/.local/lib/python3.12/site-packages/airflow/example_dags/example_sla_dag.py
[2025-01-02T19:00:52.239+0000] {processor.py:925} INFO - DAG(s) 'example_sla_dag' retrieved from /home/airflow/.local/lib/python3.12/site-packages/airflow/example_dags/example_sla_dag.py
[2025-01-02T19:00:52.267+0000] {logging_mixin.py:190} INFO - [2025-01-02T19:00:52.267+0000] {dag.py:3239} INFO - Sync 1 DAGs
[2025-01-02T19:00:52.312+0000] {logging_mixin.py:190} INFO - [2025-01-02T19:00:52.312+0000] {dag.py:4180} INFO - Setting next_dagrun for example_sla_dag to 2025-01-02 18:58:00+00:00, run_after=2025-01-02 19:00:00+00:00
[2025-01-02T19:00:52.335+0000] {processor.py:208} INFO - Processing /home/airflow/.local/lib/python3.12/site-packages/airflow/example_dags/example_sla_dag.py took 0.134 seconds
[2025-01-02T19:01:23.386+0000] {processor.py:186} INFO - Started process (PID=231) to work on /home/airflow/.local/lib/python3.12/site-packages/airflow/example_dags/example_sla_dag.py
[2025-01-02T19:01:23.388+0000] {processor.py:914} INFO - Processing file /home/airflow/.local/lib/python3.12/site-packages/airflow/example_dags/example_sla_dag.py for tasks to queue
[2025-01-02T19:01:23.392+0000] {logging_mixin.py:190} INFO - [2025-01-02T19:01:23.391+0000] {dagbag.py:588} INFO - Filling up the DagBag from /home/airflow/.local/lib/python3.12/site-packages/airflow/example_dags/example_sla_dag.py
[2025-01-02T19:01:23.407+0000] {processor.py:925} INFO - DAG(s) 'example_sla_dag' retrieved from /home/airflow/.local/lib/python3.12/site-packages/airflow/example_dags/example_sla_dag.py
[2025-01-02T19:01:23.435+0000] {logging_mixin.py:190} INFO - [2025-01-02T19:01:23.434+0000] {dag.py:3239} INFO - Sync 1 DAGs
[2025-01-02T19:01:23.472+0000] {logging_mixin.py:190} INFO - [2025-01-02T19:01:23.472+0000] {dag.py:4180} INFO - Setting next_dagrun for example_sla_dag to 2025-01-02 18:58:00+00:00, run_after=2025-01-02 19:00:00+00:00
[2025-01-02T19:01:23.495+0000] {processor.py:208} INFO - Processing /home/airflow/.local/lib/python3.12/site-packages/airflow/example_dags/example_sla_dag.py took 0.118 seconds
[2025-01-02T19:01:54.489+0000] {processor.py:186} INFO - Started process (PID=294) to work on /home/airflow/.local/lib/python3.12/site-packages/airflow/example_dags/example_sla_dag.py
[2025-01-02T19:01:54.490+0000] {processor.py:914} INFO - Processing file /home/airflow/.local/lib/python3.12/site-packages/airflow/example_dags/example_sla_dag.py for tasks to queue
[2025-01-02T19:01:54.494+0000] {logging_mixin.py:190} INFO - [2025-01-02T19:01:54.493+0000] {dagbag.py:588} INFO - Filling up the DagBag from /home/airflow/.local/lib/python3.12/site-packages/airflow/example_dags/example_sla_dag.py
[2025-01-02T19:01:54.516+0000] {processor.py:925} INFO - DAG(s) 'example_sla_dag' retrieved from /home/airflow/.local/lib/python3.12/site-packages/airflow/example_dags/example_sla_dag.py
[2025-01-02T19:01:54.549+0000] {logging_mixin.py:190} INFO - [2025-01-02T19:01:54.549+0000] {dag.py:3239} INFO - Sync 1 DAGs
[2025-01-02T19:01:54.588+0000] {logging_mixin.py:190} INFO - [2025-01-02T19:01:54.588+0000] {dag.py:4180} INFO - Setting next_dagrun for example_sla_dag to 2025-01-02 18:58:00+00:00, run_after=2025-01-02 19:00:00+00:00
[2025-01-02T19:01:54.618+0000] {processor.py:208} INFO - Processing /home/airflow/.local/lib/python3.12/site-packages/airflow/example_dags/example_sla_dag.py took 0.138 seconds
[2025-01-02T19:02:25.011+0000] {processor.py:186} INFO - Started process (PID=362) to work on /home/airflow/.local/lib/python3.12/site-packages/airflow/example_dags/example_sla_dag.py
[2025-01-02T19:02:25.013+0000] {processor.py:914} INFO - Processing file /home/airflow/.local/lib/python3.12/site-packages/airflow/example_dags/example_sla_dag.py for tasks to queue
[2025-01-02T19:02:25.017+0000] {logging_mixin.py:190} INFO - [2025-01-02T19:02:25.016+0000] {dagbag.py:588} INFO - Filling up the DagBag from /home/airflow/.local/lib/python3.12/site-packages/airflow/example_dags/example_sla_dag.py
[2025-01-02T19:02:25.033+0000] {processor.py:925} INFO - DAG(s) 'example_sla_dag' retrieved from /home/airflow/.local/lib/python3.12/site-packages/airflow/example_dags/example_sla_dag.py
[2025-01-02T19:02:25.060+0000] {logging_mixin.py:190} INFO - [2025-01-02T19:02:25.059+0000] {dag.py:3239} INFO - Sync 1 DAGs
[2025-01-02T19:02:25.097+0000] {logging_mixin.py:190} INFO - [2025-01-02T19:02:25.097+0000] {dag.py:4180} INFO - Setting next_dagrun for example_sla_dag to 2025-01-02 19:00:00+00:00, run_after=2025-01-02 19:02:00+00:00
[2025-01-02T19:02:25.119+0000] {processor.py:208} INFO - Processing /home/airflow/.local/lib/python3.12/site-packages/airflow/example_dags/example_sla_dag.py took 0.117 seconds
[2025-01-02T19:02:56.302+0000] {processor.py:186} INFO - Started process (PID=425) to work on /home/airflow/.local/lib/python3.12/site-packages/airflow/example_dags/example_sla_dag.py
[2025-01-02T19:02:56.303+0000] {processor.py:914} INFO - Processing file /home/airflow/.local/lib/python3.12/site-packages/airflow/example_dags/example_sla_dag.py for tasks to queue
[2025-01-02T19:02:56.306+0000] {logging_mixin.py:190} INFO - [2025-01-02T19:02:56.305+0000] {dagbag.py:588} INFO - Filling up the DagBag from /home/airflow/.local/lib/python3.12/site-packages/airflow/example_dags/example_sla_dag.py
[2025-01-02T19:02:56.322+0000] {processor.py:925} INFO - DAG(s) 'example_sla_dag' retrieved from /home/airflow/.local/lib/python3.12/site-packages/airflow/example_dags/example_sla_dag.py
[2025-01-02T19:02:56.349+0000] {logging_mixin.py:190} INFO - [2025-01-02T19:02:56.349+0000] {dag.py:3239} INFO - Sync 1 DAGs
[2025-01-02T19:02:56.386+0000] {logging_mixin.py:190} INFO - [2025-01-02T19:02:56.386+0000] {dag.py:4180} INFO - Setting next_dagrun for example_sla_dag to 2025-01-02 19:00:00+00:00, run_after=2025-01-02 19:02:00+00:00
[2025-01-02T19:02:56.416+0000] {processor.py:208} INFO - Processing /home/airflow/.local/lib/python3.12/site-packages/airflow/example_dags/example_sla_dag.py took 0.124 seconds
[2025-01-02T19:03:28.858+0000] {processor.py:186} INFO - Started process (PID=489) to work on /home/airflow/.local/lib/python3.12/site-packages/airflow/example_dags/example_sla_dag.py
[2025-01-02T19:03:28.860+0000] {processor.py:914} INFO - Processing file /home/airflow/.local/lib/python3.12/site-packages/airflow/example_dags/example_sla_dag.py for tasks to queue
[2025-01-02T19:03:28.864+0000] {logging_mixin.py:190} INFO - [2025-01-02T19:03:28.863+0000] {dagbag.py:588} INFO - Filling up the DagBag from /home/airflow/.local/lib/python3.12/site-packages/airflow/example_dags/example_sla_dag.py
[2025-01-02T19:03:28.882+0000] {processor.py:925} INFO - DAG(s) 'example_sla_dag' retrieved from /home/airflow/.local/lib/python3.12/site-packages/airflow/example_dags/example_sla_dag.py
[2025-01-02T19:03:28.909+0000] {logging_mixin.py:190} INFO - [2025-01-02T19:03:28.909+0000] {dag.py:3239} INFO - Sync 1 DAGs
[2025-01-02T19:03:28.947+0000] {logging_mixin.py:190} INFO - [2025-01-02T19:03:28.947+0000] {dag.py:4180} INFO - Setting next_dagrun for example_sla_dag to 2025-01-02 19:00:00+00:00, run_after=2025-01-02 19:02:00+00:00
[2025-01-02T19:03:28.971+0000] {processor.py:208} INFO - Processing /home/airflow/.local/lib/python3.12/site-packages/airflow/example_dags/example_sla_dag.py took 0.122 seconds
[2025-01-02T19:04:04.406+0000] {processor.py:186} INFO - Started process (PID=552) to work on /home/airflow/.local/lib/python3.12/site-packages/airflow/example_dags/example_sla_dag.py
[2025-01-02T19:04:04.408+0000] {processor.py:914} INFO - Processing file /home/airflow/.local/lib/python3.12/site-packages/airflow/example_dags/example_sla_dag.py for tasks to queue
[2025-01-02T19:04:04.411+0000] {logging_mixin.py:190} INFO - [2025-01-02T19:04:04.411+0000] {dagbag.py:588} INFO - Filling up the DagBag from /home/airflow/.local/lib/python3.12/site-packages/airflow/example_dags/example_sla_dag.py
[2025-01-02T19:04:04.427+0000] {processor.py:925} INFO - DAG(s) 'example_sla_dag' retrieved from /home/airflow/.local/lib/python3.12/site-packages/airflow/example_dags/example_sla_dag.py
[2025-01-02T19:04:04.453+0000] {logging_mixin.py:190} INFO - [2025-01-02T19:04:04.453+0000] {dag.py:3239} INFO - Sync 1 DAGs
[2025-01-02T19:04:04.492+0000] {logging_mixin.py:190} INFO - [2025-01-02T19:04:04.491+0000] {dag.py:4180} INFO - Setting next_dagrun for example_sla_dag to 2025-01-02 19:02:00+00:00, run_after=2025-01-02 19:04:00+00:00
[2025-01-02T19:04:04.514+0000] {processor.py:208} INFO - Processing /home/airflow/.local/lib/python3.12/site-packages/airflow/example_dags/example_sla_dag.py took 0.117 seconds
[2025-01-02T19:04:39.022+0000] {processor.py:186} INFO - Started process (PID=615) to work on /home/airflow/.local/lib/python3.12/site-packages/airflow/example_dags/example_sla_dag.py
[2025-01-02T19:04:39.023+0000] {processor.py:914} INFO - Processing file /home/airflow/.local/lib/python3.12/site-packages/airflow/example_dags/example_sla_dag.py for tasks to queue
[2025-01-02T19:04:39.035+0000] {logging_mixin.py:190} INFO - [2025-01-02T19:04:39.034+0000] {dagbag.py:588} INFO - Filling up the DagBag from /home/airflow/.local/lib/python3.12/site-packages/airflow/example_dags/example_sla_dag.py
[2025-01-02T19:04:39.091+0000] {processor.py:925} INFO - DAG(s) 'example_sla_dag' retrieved from /home/airflow/.local/lib/python3.12/site-packages/airflow/example_dags/example_sla_dag.py
[2025-01-02T19:04:39.170+0000] {logging_mixin.py:190} INFO - [2025-01-02T19:04:39.170+0000] {dag.py:3239} INFO - Sync 1 DAGs
[2025-01-02T19:04:39.273+0000] {logging_mixin.py:190} INFO - [2025-01-02T19:04:39.272+0000] {dag.py:4180} INFO - Setting next_dagrun for example_sla_dag to 2025-01-02 19:02:00+00:00, run_after=2025-01-02 19:04:00+00:00
[2025-01-02T19:04:39.349+0000] {processor.py:208} INFO - Processing /home/airflow/.local/lib/python3.12/site-packages/airflow/example_dags/example_sla_dag.py took 0.349 seconds
