[2025-01-02T18:55:46.748+0000] {processor.py:186} INFO - Started process (PID=115) to work on /home/airflow/.local/lib/python3.12/site-packages/airflow/example_dags/example_setup_teardown_taskflow.py
[2025-01-02T18:55:46.753+0000] {processor.py:914} INFO - Processing file /home/airflow/.local/lib/python3.12/site-packages/airflow/example_dags/example_setup_teardown_taskflow.py for tasks to queue
[2025-01-02T18:55:46.764+0000] {logging_mixin.py:190} INFO - [2025-01-02T18:55:46.763+0000] {dagbag.py:588} INFO - Filling up the DagBag from /home/airflow/.local/lib/python3.12/site-packages/airflow/example_dags/example_setup_teardown_taskflow.py
[2025-01-02T18:55:46.798+0000] {processor.py:925} INFO - DAG(s) 'example_setup_teardown_taskflow' retrieved from /home/airflow/.local/lib/python3.12/site-packages/airflow/example_dags/example_setup_teardown_taskflow.py
[2025-01-02T18:55:47.151+0000] {logging_mixin.py:190} INFO - [2025-01-02T18:55:47.150+0000] {override.py:1911} INFO - Created Permission View: can edit on DAG:example_setup_teardown_taskflow
[2025-01-02T18:55:47.171+0000] {logging_mixin.py:190} INFO - [2025-01-02T18:55:47.170+0000] {override.py:1911} INFO - Created Permission View: can delete on DAG:example_setup_teardown_taskflow
[2025-01-02T18:55:47.180+0000] {logging_mixin.py:190} INFO - [2025-01-02T18:55:47.179+0000] {override.py:1911} INFO - Created Permission View: can read on DAG:example_setup_teardown_taskflow
[2025-01-02T18:55:47.189+0000] {logging_mixin.py:190} INFO - [2025-01-02T18:55:47.188+0000] {override.py:1911} INFO - Created Permission View: can create on DAG Run:example_setup_teardown_taskflow
[2025-01-02T18:55:47.197+0000] {logging_mixin.py:190} INFO - [2025-01-02T18:55:47.197+0000] {override.py:1911} INFO - Created Permission View: can delete on DAG Run:example_setup_teardown_taskflow
[2025-01-02T18:55:47.205+0000] {logging_mixin.py:190} INFO - [2025-01-02T18:55:47.205+0000] {override.py:1911} INFO - Created Permission View: menu access on DAG Run:example_setup_teardown_taskflow
[2025-01-02T18:55:47.219+0000] {logging_mixin.py:190} INFO - [2025-01-02T18:55:47.218+0000] {override.py:1911} INFO - Created Permission View: can read on DAG Run:example_setup_teardown_taskflow
[2025-01-02T18:55:47.219+0000] {logging_mixin.py:190} INFO - [2025-01-02T18:55:47.219+0000] {dag.py:3239} INFO - Sync 1 DAGs
[2025-01-02T18:55:47.266+0000] {logging_mixin.py:190} INFO - [2025-01-02T18:55:47.265+0000] {dag.py:3262} INFO - Creating ORM DAG for example_setup_teardown_taskflow
[2025-01-02T18:55:47.267+0000] {logging_mixin.py:190} INFO - [2025-01-02T18:55:47.266+0000] {dag.py:4180} INFO - Setting next_dagrun for example_setup_teardown_taskflow to None, run_after=None
[2025-01-02T18:55:47.305+0000] {processor.py:208} INFO - Processing /home/airflow/.local/lib/python3.12/site-packages/airflow/example_dags/example_setup_teardown_taskflow.py took 0.569 seconds
[2025-01-02T18:56:17.440+0000] {processor.py:186} INFO - Started process (PID=178) to work on /home/airflow/.local/lib/python3.12/site-packages/airflow/example_dags/example_setup_teardown_taskflow.py
[2025-01-02T18:56:17.441+0000] {processor.py:914} INFO - Processing file /home/airflow/.local/lib/python3.12/site-packages/airflow/example_dags/example_setup_teardown_taskflow.py for tasks to queue
[2025-01-02T18:56:17.453+0000] {logging_mixin.py:190} INFO - [2025-01-02T18:56:17.452+0000] {dagbag.py:588} INFO - Filling up the DagBag from /home/airflow/.local/lib/python3.12/site-packages/airflow/example_dags/example_setup_teardown_taskflow.py
[2025-01-02T18:56:17.481+0000] {processor.py:925} INFO - DAG(s) 'example_setup_teardown_taskflow' retrieved from /home/airflow/.local/lib/python3.12/site-packages/airflow/example_dags/example_setup_teardown_taskflow.py
[2025-01-02T18:56:17.542+0000] {logging_mixin.py:190} INFO - [2025-01-02T18:56:17.542+0000] {dag.py:3239} INFO - Sync 1 DAGs
[2025-01-02T18:56:17.572+0000] {logging_mixin.py:190} INFO - [2025-01-02T18:56:17.571+0000] {dag.py:4180} INFO - Setting next_dagrun for example_setup_teardown_taskflow to None, run_after=None
[2025-01-02T18:56:17.618+0000] {processor.py:208} INFO - Processing /home/airflow/.local/lib/python3.12/site-packages/airflow/example_dags/example_setup_teardown_taskflow.py took 0.199 seconds
[2025-01-02T18:56:48.235+0000] {processor.py:186} INFO - Started process (PID=241) to work on /home/airflow/.local/lib/python3.12/site-packages/airflow/example_dags/example_setup_teardown_taskflow.py
[2025-01-02T18:56:48.240+0000] {processor.py:914} INFO - Processing file /home/airflow/.local/lib/python3.12/site-packages/airflow/example_dags/example_setup_teardown_taskflow.py for tasks to queue
[2025-01-02T18:56:48.244+0000] {logging_mixin.py:190} INFO - [2025-01-02T18:56:48.243+0000] {dagbag.py:588} INFO - Filling up the DagBag from /home/airflow/.local/lib/python3.12/site-packages/airflow/example_dags/example_setup_teardown_taskflow.py
[2025-01-02T18:56:48.260+0000] {processor.py:925} INFO - DAG(s) 'example_setup_teardown_taskflow' retrieved from /home/airflow/.local/lib/python3.12/site-packages/airflow/example_dags/example_setup_teardown_taskflow.py
[2025-01-02T18:56:48.290+0000] {logging_mixin.py:190} INFO - [2025-01-02T18:56:48.290+0000] {dag.py:3239} INFO - Sync 1 DAGs
[2025-01-02T18:56:48.313+0000] {logging_mixin.py:190} INFO - [2025-01-02T18:56:48.313+0000] {dag.py:4180} INFO - Setting next_dagrun for example_setup_teardown_taskflow to None, run_after=None
[2025-01-02T18:56:48.337+0000] {processor.py:208} INFO - Processing /home/airflow/.local/lib/python3.12/site-packages/airflow/example_dags/example_setup_teardown_taskflow.py took 0.111 seconds
[2025-01-02T18:57:18.492+0000] {processor.py:186} INFO - Started process (PID=304) to work on /home/airflow/.local/lib/python3.12/site-packages/airflow/example_dags/example_setup_teardown_taskflow.py
[2025-01-02T18:57:18.493+0000] {processor.py:914} INFO - Processing file /home/airflow/.local/lib/python3.12/site-packages/airflow/example_dags/example_setup_teardown_taskflow.py for tasks to queue
[2025-01-02T18:57:18.497+0000] {logging_mixin.py:190} INFO - [2025-01-02T18:57:18.496+0000] {dagbag.py:588} INFO - Filling up the DagBag from /home/airflow/.local/lib/python3.12/site-packages/airflow/example_dags/example_setup_teardown_taskflow.py
[2025-01-02T18:57:18.516+0000] {processor.py:925} INFO - DAG(s) 'example_setup_teardown_taskflow' retrieved from /home/airflow/.local/lib/python3.12/site-packages/airflow/example_dags/example_setup_teardown_taskflow.py
[2025-01-02T18:57:18.550+0000] {logging_mixin.py:190} INFO - [2025-01-02T18:57:18.549+0000] {dag.py:3239} INFO - Sync 1 DAGs
[2025-01-02T18:57:18.572+0000] {logging_mixin.py:190} INFO - [2025-01-02T18:57:18.571+0000] {dag.py:4180} INFO - Setting next_dagrun for example_setup_teardown_taskflow to None, run_after=None
[2025-01-02T18:57:18.595+0000] {processor.py:208} INFO - Processing /home/airflow/.local/lib/python3.12/site-packages/airflow/example_dags/example_setup_teardown_taskflow.py took 0.112 seconds
[2025-01-02T19:00:21.152+0000] {processor.py:186} INFO - Started process (PID=104) to work on /home/airflow/.local/lib/python3.12/site-packages/airflow/example_dags/example_setup_teardown_taskflow.py
[2025-01-02T19:00:21.161+0000] {processor.py:914} INFO - Processing file /home/airflow/.local/lib/python3.12/site-packages/airflow/example_dags/example_setup_teardown_taskflow.py for tasks to queue
[2025-01-02T19:00:21.165+0000] {logging_mixin.py:190} INFO - [2025-01-02T19:00:21.165+0000] {dagbag.py:588} INFO - Filling up the DagBag from /home/airflow/.local/lib/python3.12/site-packages/airflow/example_dags/example_setup_teardown_taskflow.py
[2025-01-02T19:00:21.189+0000] {processor.py:925} INFO - DAG(s) 'example_setup_teardown_taskflow' retrieved from /home/airflow/.local/lib/python3.12/site-packages/airflow/example_dags/example_setup_teardown_taskflow.py
[2025-01-02T19:00:21.250+0000] {logging_mixin.py:190} INFO - [2025-01-02T19:00:21.245+0000] {dag.py:3239} INFO - Sync 1 DAGs
[2025-01-02T19:00:21.305+0000] {logging_mixin.py:190} INFO - [2025-01-02T19:00:21.305+0000] {dag.py:4180} INFO - Setting next_dagrun for example_setup_teardown_taskflow to None, run_after=None
[2025-01-02T19:00:21.340+0000] {processor.py:208} INFO - Processing /home/airflow/.local/lib/python3.12/site-packages/airflow/example_dags/example_setup_teardown_taskflow.py took 0.199 seconds
[2025-01-02T19:00:52.189+0000] {processor.py:186} INFO - Started process (PID=167) to work on /home/airflow/.local/lib/python3.12/site-packages/airflow/example_dags/example_setup_teardown_taskflow.py
[2025-01-02T19:00:52.190+0000] {processor.py:914} INFO - Processing file /home/airflow/.local/lib/python3.12/site-packages/airflow/example_dags/example_setup_teardown_taskflow.py for tasks to queue
[2025-01-02T19:00:52.193+0000] {logging_mixin.py:190} INFO - [2025-01-02T19:00:52.193+0000] {dagbag.py:588} INFO - Filling up the DagBag from /home/airflow/.local/lib/python3.12/site-packages/airflow/example_dags/example_setup_teardown_taskflow.py
[2025-01-02T19:00:52.218+0000] {processor.py:925} INFO - DAG(s) 'example_setup_teardown_taskflow' retrieved from /home/airflow/.local/lib/python3.12/site-packages/airflow/example_dags/example_setup_teardown_taskflow.py
[2025-01-02T19:00:52.249+0000] {logging_mixin.py:190} INFO - [2025-01-02T19:00:52.249+0000] {dag.py:3239} INFO - Sync 1 DAGs
[2025-01-02T19:00:52.271+0000] {logging_mixin.py:190} INFO - [2025-01-02T19:00:52.271+0000] {dag.py:4180} INFO - Setting next_dagrun for example_setup_teardown_taskflow to None, run_after=None
[2025-01-02T19:00:52.293+0000] {processor.py:208} INFO - Processing /home/airflow/.local/lib/python3.12/site-packages/airflow/example_dags/example_setup_teardown_taskflow.py took 0.113 seconds
[2025-01-02T19:01:23.311+0000] {processor.py:186} INFO - Started process (PID=230) to work on /home/airflow/.local/lib/python3.12/site-packages/airflow/example_dags/example_setup_teardown_taskflow.py
[2025-01-02T19:01:23.313+0000] {processor.py:914} INFO - Processing file /home/airflow/.local/lib/python3.12/site-packages/airflow/example_dags/example_setup_teardown_taskflow.py for tasks to queue
[2025-01-02T19:01:23.316+0000] {logging_mixin.py:190} INFO - [2025-01-02T19:01:23.316+0000] {dagbag.py:588} INFO - Filling up the DagBag from /home/airflow/.local/lib/python3.12/site-packages/airflow/example_dags/example_setup_teardown_taskflow.py
[2025-01-02T19:01:23.333+0000] {processor.py:925} INFO - DAG(s) 'example_setup_teardown_taskflow' retrieved from /home/airflow/.local/lib/python3.12/site-packages/airflow/example_dags/example_setup_teardown_taskflow.py
[2025-01-02T19:01:23.363+0000] {logging_mixin.py:190} INFO - [2025-01-02T19:01:23.363+0000] {dag.py:3239} INFO - Sync 1 DAGs
[2025-01-02T19:01:23.385+0000] {logging_mixin.py:190} INFO - [2025-01-02T19:01:23.385+0000] {dag.py:4180} INFO - Setting next_dagrun for example_setup_teardown_taskflow to None, run_after=None
[2025-01-02T19:01:23.410+0000] {processor.py:208} INFO - Processing /home/airflow/.local/lib/python3.12/site-packages/airflow/example_dags/example_setup_teardown_taskflow.py took 0.107 seconds
[2025-01-02T19:01:54.346+0000] {processor.py:186} INFO - Started process (PID=293) to work on /home/airflow/.local/lib/python3.12/site-packages/airflow/example_dags/example_setup_teardown_taskflow.py
[2025-01-02T19:01:54.347+0000] {processor.py:914} INFO - Processing file /home/airflow/.local/lib/python3.12/site-packages/airflow/example_dags/example_setup_teardown_taskflow.py for tasks to queue
[2025-01-02T19:01:54.350+0000] {logging_mixin.py:190} INFO - [2025-01-02T19:01:54.350+0000] {dagbag.py:588} INFO - Filling up the DagBag from /home/airflow/.local/lib/python3.12/site-packages/airflow/example_dags/example_setup_teardown_taskflow.py
[2025-01-02T19:01:54.367+0000] {processor.py:925} INFO - DAG(s) 'example_setup_teardown_taskflow' retrieved from /home/airflow/.local/lib/python3.12/site-packages/airflow/example_dags/example_setup_teardown_taskflow.py
[2025-01-02T19:01:54.399+0000] {logging_mixin.py:190} INFO - [2025-01-02T19:01:54.399+0000] {dag.py:3239} INFO - Sync 1 DAGs
[2025-01-02T19:01:54.422+0000] {logging_mixin.py:190} INFO - [2025-01-02T19:01:54.421+0000] {dag.py:4180} INFO - Setting next_dagrun for example_setup_teardown_taskflow to None, run_after=None
[2025-01-02T19:01:54.447+0000] {processor.py:208} INFO - Processing /home/airflow/.local/lib/python3.12/site-packages/airflow/example_dags/example_setup_teardown_taskflow.py took 0.111 seconds
[2025-01-02T19:02:24.991+0000] {processor.py:186} INFO - Started process (PID=361) to work on /home/airflow/.local/lib/python3.12/site-packages/airflow/example_dags/example_setup_teardown_taskflow.py
[2025-01-02T19:02:24.993+0000] {processor.py:914} INFO - Processing file /home/airflow/.local/lib/python3.12/site-packages/airflow/example_dags/example_setup_teardown_taskflow.py for tasks to queue
[2025-01-02T19:02:24.996+0000] {logging_mixin.py:190} INFO - [2025-01-02T19:02:24.996+0000] {dagbag.py:588} INFO - Filling up the DagBag from /home/airflow/.local/lib/python3.12/site-packages/airflow/example_dags/example_setup_teardown_taskflow.py
[2025-01-02T19:02:25.013+0000] {processor.py:925} INFO - DAG(s) 'example_setup_teardown_taskflow' retrieved from /home/airflow/.local/lib/python3.12/site-packages/airflow/example_dags/example_setup_teardown_taskflow.py
[2025-01-02T19:02:25.044+0000] {logging_mixin.py:190} INFO - [2025-01-02T19:02:25.044+0000] {dag.py:3239} INFO - Sync 1 DAGs
[2025-01-02T19:02:25.066+0000] {logging_mixin.py:190} INFO - [2025-01-02T19:02:25.065+0000] {dag.py:4180} INFO - Setting next_dagrun for example_setup_teardown_taskflow to None, run_after=None
[2025-01-02T19:02:25.090+0000] {processor.py:208} INFO - Processing /home/airflow/.local/lib/python3.12/site-packages/airflow/example_dags/example_setup_teardown_taskflow.py took 0.107 seconds
[2025-01-02T19:02:56.277+0000] {processor.py:186} INFO - Started process (PID=424) to work on /home/airflow/.local/lib/python3.12/site-packages/airflow/example_dags/example_setup_teardown_taskflow.py
[2025-01-02T19:02:56.278+0000] {processor.py:914} INFO - Processing file /home/airflow/.local/lib/python3.12/site-packages/airflow/example_dags/example_setup_teardown_taskflow.py for tasks to queue
[2025-01-02T19:02:56.281+0000] {logging_mixin.py:190} INFO - [2025-01-02T19:02:56.280+0000] {dagbag.py:588} INFO - Filling up the DagBag from /home/airflow/.local/lib/python3.12/site-packages/airflow/example_dags/example_setup_teardown_taskflow.py
[2025-01-02T19:02:56.297+0000] {processor.py:925} INFO - DAG(s) 'example_setup_teardown_taskflow' retrieved from /home/airflow/.local/lib/python3.12/site-packages/airflow/example_dags/example_setup_teardown_taskflow.py
[2025-01-02T19:02:56.333+0000] {logging_mixin.py:190} INFO - [2025-01-02T19:02:56.333+0000] {dag.py:3239} INFO - Sync 1 DAGs
[2025-01-02T19:02:56.355+0000] {logging_mixin.py:190} INFO - [2025-01-02T19:02:56.354+0000] {dag.py:4180} INFO - Setting next_dagrun for example_setup_teardown_taskflow to None, run_after=None
[2025-01-02T19:02:56.392+0000] {processor.py:208} INFO - Processing /home/airflow/.local/lib/python3.12/site-packages/airflow/example_dags/example_setup_teardown_taskflow.py took 0.125 seconds
[2025-01-02T19:03:28.819+0000] {processor.py:186} INFO - Started process (PID=488) to work on /home/airflow/.local/lib/python3.12/site-packages/airflow/example_dags/example_setup_teardown_taskflow.py
[2025-01-02T19:03:28.821+0000] {processor.py:914} INFO - Processing file /home/airflow/.local/lib/python3.12/site-packages/airflow/example_dags/example_setup_teardown_taskflow.py for tasks to queue
[2025-01-02T19:03:28.824+0000] {logging_mixin.py:190} INFO - [2025-01-02T19:03:28.824+0000] {dagbag.py:588} INFO - Filling up the DagBag from /home/airflow/.local/lib/python3.12/site-packages/airflow/example_dags/example_setup_teardown_taskflow.py
[2025-01-02T19:03:28.840+0000] {processor.py:925} INFO - DAG(s) 'example_setup_teardown_taskflow' retrieved from /home/airflow/.local/lib/python3.12/site-packages/airflow/example_dags/example_setup_teardown_taskflow.py
[2025-01-02T19:03:28.871+0000] {logging_mixin.py:190} INFO - [2025-01-02T19:03:28.871+0000] {dag.py:3239} INFO - Sync 1 DAGs
[2025-01-02T19:03:28.894+0000] {logging_mixin.py:190} INFO - [2025-01-02T19:03:28.894+0000] {dag.py:4180} INFO - Setting next_dagrun for example_setup_teardown_taskflow to None, run_after=None
[2025-01-02T19:03:28.918+0000] {processor.py:208} INFO - Processing /home/airflow/.local/lib/python3.12/site-packages/airflow/example_dags/example_setup_teardown_taskflow.py took 0.108 seconds
[2025-01-02T19:04:04.316+0000] {processor.py:186} INFO - Started process (PID=551) to work on /home/airflow/.local/lib/python3.12/site-packages/airflow/example_dags/example_setup_teardown_taskflow.py
[2025-01-02T19:04:04.318+0000] {processor.py:914} INFO - Processing file /home/airflow/.local/lib/python3.12/site-packages/airflow/example_dags/example_setup_teardown_taskflow.py for tasks to queue
[2025-01-02T19:04:04.322+0000] {logging_mixin.py:190} INFO - [2025-01-02T19:04:04.321+0000] {dagbag.py:588} INFO - Filling up the DagBag from /home/airflow/.local/lib/python3.12/site-packages/airflow/example_dags/example_setup_teardown_taskflow.py
[2025-01-02T19:04:04.338+0000] {processor.py:925} INFO - DAG(s) 'example_setup_teardown_taskflow' retrieved from /home/airflow/.local/lib/python3.12/site-packages/airflow/example_dags/example_setup_teardown_taskflow.py
[2025-01-02T19:04:04.369+0000] {logging_mixin.py:190} INFO - [2025-01-02T19:04:04.368+0000] {dag.py:3239} INFO - Sync 1 DAGs
[2025-01-02T19:04:04.391+0000] {logging_mixin.py:190} INFO - [2025-01-02T19:04:04.391+0000] {dag.py:4180} INFO - Setting next_dagrun for example_setup_teardown_taskflow to None, run_after=None
[2025-01-02T19:04:04.417+0000] {processor.py:208} INFO - Processing /home/airflow/.local/lib/python3.12/site-packages/airflow/example_dags/example_setup_teardown_taskflow.py took 0.110 seconds
[2025-01-02T19:04:38.762+0000] {processor.py:186} INFO - Started process (PID=614) to work on /home/airflow/.local/lib/python3.12/site-packages/airflow/example_dags/example_setup_teardown_taskflow.py
[2025-01-02T19:04:38.763+0000] {processor.py:914} INFO - Processing file /home/airflow/.local/lib/python3.12/site-packages/airflow/example_dags/example_setup_teardown_taskflow.py for tasks to queue
[2025-01-02T19:04:38.767+0000] {logging_mixin.py:190} INFO - [2025-01-02T19:04:38.766+0000] {dagbag.py:588} INFO - Filling up the DagBag from /home/airflow/.local/lib/python3.12/site-packages/airflow/example_dags/example_setup_teardown_taskflow.py
[2025-01-02T19:04:38.804+0000] {processor.py:925} INFO - DAG(s) 'example_setup_teardown_taskflow' retrieved from /home/airflow/.local/lib/python3.12/site-packages/airflow/example_dags/example_setup_teardown_taskflow.py
[2025-01-02T19:04:38.866+0000] {logging_mixin.py:190} INFO - [2025-01-02T19:04:38.866+0000] {dag.py:3239} INFO - Sync 1 DAGs
[2025-01-02T19:04:38.897+0000] {logging_mixin.py:190} INFO - [2025-01-02T19:04:38.897+0000] {dag.py:4180} INFO - Setting next_dagrun for example_setup_teardown_taskflow to None, run_after=None
[2025-01-02T19:04:38.948+0000] {processor.py:208} INFO - Processing /home/airflow/.local/lib/python3.12/site-packages/airflow/example_dags/example_setup_teardown_taskflow.py took 0.213 seconds
