[2025-01-02T18:55:49.591+0000] {processor.py:186} INFO - Started process (PID=124) to work on /home/airflow/.local/lib/python3.12/site-packages/airflow/example_dags/example_dataset_alias.py
[2025-01-02T18:55:49.597+0000] {processor.py:914} INFO - Processing file /home/airflow/.local/lib/python3.12/site-packages/airflow/example_dags/example_dataset_alias.py for tasks to queue
[2025-01-02T18:55:49.601+0000] {logging_mixin.py:190} INFO - [2025-01-02T18:55:49.600+0000] {dagbag.py:588} INFO - Filling up the DagBag from /home/airflow/.local/lib/python3.12/site-packages/airflow/example_dags/example_dataset_alias.py
[2025-01-02T18:55:51.052+0000] {processor.py:925} INFO - DAG(s) 'dataset_s3_bucket_producer', 'dataset_s3_bucket_consumer', 'dataset_alias_example_alias_consumer', 'dataset_alias_example_alias_producer' retrieved from /home/airflow/.local/lib/python3.12/site-packages/airflow/example_dags/example_dataset_alias.py
[2025-01-02T18:55:51.192+0000] {logging_mixin.py:190} INFO - [2025-01-02T18:55:51.191+0000] {override.py:1911} INFO - Created Permission View: can edit on DAG:dataset_s3_bucket_producer
[2025-01-02T18:55:51.205+0000] {logging_mixin.py:190} INFO - [2025-01-02T18:55:51.205+0000] {override.py:1911} INFO - Created Permission View: can delete on DAG:dataset_s3_bucket_producer
[2025-01-02T18:55:51.213+0000] {logging_mixin.py:190} INFO - [2025-01-02T18:55:51.213+0000] {override.py:1911} INFO - Created Permission View: can read on DAG:dataset_s3_bucket_producer
[2025-01-02T18:55:51.222+0000] {logging_mixin.py:190} INFO - [2025-01-02T18:55:51.222+0000] {override.py:1911} INFO - Created Permission View: can create on DAG Run:dataset_s3_bucket_producer
[2025-01-02T18:55:51.231+0000] {logging_mixin.py:190} INFO - [2025-01-02T18:55:51.230+0000] {override.py:1911} INFO - Created Permission View: can delete on DAG Run:dataset_s3_bucket_producer
[2025-01-02T18:55:51.240+0000] {logging_mixin.py:190} INFO - [2025-01-02T18:55:51.239+0000] {override.py:1911} INFO - Created Permission View: menu access on DAG Run:dataset_s3_bucket_producer
[2025-01-02T18:55:51.248+0000] {logging_mixin.py:190} INFO - [2025-01-02T18:55:51.248+0000] {override.py:1911} INFO - Created Permission View: can read on DAG Run:dataset_s3_bucket_producer
[2025-01-02T18:55:51.264+0000] {logging_mixin.py:190} INFO - [2025-01-02T18:55:51.264+0000] {override.py:1911} INFO - Created Permission View: can edit on DAG:dataset_s3_bucket_consumer
[2025-01-02T18:55:51.272+0000] {logging_mixin.py:190} INFO - [2025-01-02T18:55:51.272+0000] {override.py:1911} INFO - Created Permission View: can delete on DAG:dataset_s3_bucket_consumer
[2025-01-02T18:55:51.281+0000] {logging_mixin.py:190} INFO - [2025-01-02T18:55:51.280+0000] {override.py:1911} INFO - Created Permission View: can read on DAG:dataset_s3_bucket_consumer
[2025-01-02T18:55:51.289+0000] {logging_mixin.py:190} INFO - [2025-01-02T18:55:51.289+0000] {override.py:1911} INFO - Created Permission View: can create on DAG Run:dataset_s3_bucket_consumer
[2025-01-02T18:55:51.297+0000] {logging_mixin.py:190} INFO - [2025-01-02T18:55:51.297+0000] {override.py:1911} INFO - Created Permission View: can delete on DAG Run:dataset_s3_bucket_consumer
[2025-01-02T18:55:51.307+0000] {logging_mixin.py:190} INFO - [2025-01-02T18:55:51.306+0000] {override.py:1911} INFO - Created Permission View: menu access on DAG Run:dataset_s3_bucket_consumer
[2025-01-02T18:55:51.322+0000] {logging_mixin.py:190} INFO - [2025-01-02T18:55:51.321+0000] {override.py:1911} INFO - Created Permission View: can read on DAG Run:dataset_s3_bucket_consumer
[2025-01-02T18:55:51.338+0000] {logging_mixin.py:190} INFO - [2025-01-02T18:55:51.337+0000] {override.py:1911} INFO - Created Permission View: can edit on DAG:dataset_alias_example_alias_consumer
[2025-01-02T18:55:51.346+0000] {logging_mixin.py:190} INFO - [2025-01-02T18:55:51.345+0000] {override.py:1911} INFO - Created Permission View: can delete on DAG:dataset_alias_example_alias_consumer
[2025-01-02T18:55:51.354+0000] {logging_mixin.py:190} INFO - [2025-01-02T18:55:51.353+0000] {override.py:1911} INFO - Created Permission View: can read on DAG:dataset_alias_example_alias_consumer
[2025-01-02T18:55:51.361+0000] {logging_mixin.py:190} INFO - [2025-01-02T18:55:51.360+0000] {override.py:1911} INFO - Created Permission View: can create on DAG Run:dataset_alias_example_alias_consumer
[2025-01-02T18:55:51.369+0000] {logging_mixin.py:190} INFO - [2025-01-02T18:55:51.369+0000] {override.py:1911} INFO - Created Permission View: can delete on DAG Run:dataset_alias_example_alias_consumer
[2025-01-02T18:55:51.379+0000] {logging_mixin.py:190} INFO - [2025-01-02T18:55:51.379+0000] {override.py:1911} INFO - Created Permission View: menu access on DAG Run:dataset_alias_example_alias_consumer
[2025-01-02T18:55:51.388+0000] {logging_mixin.py:190} INFO - [2025-01-02T18:55:51.388+0000] {override.py:1911} INFO - Created Permission View: can read on DAG Run:dataset_alias_example_alias_consumer
[2025-01-02T18:55:51.409+0000] {logging_mixin.py:190} INFO - [2025-01-02T18:55:51.409+0000] {override.py:1911} INFO - Created Permission View: can edit on DAG:dataset_alias_example_alias_producer
[2025-01-02T18:55:51.417+0000] {logging_mixin.py:190} INFO - [2025-01-02T18:55:51.417+0000] {override.py:1911} INFO - Created Permission View: can delete on DAG:dataset_alias_example_alias_producer
[2025-01-02T18:55:51.425+0000] {logging_mixin.py:190} INFO - [2025-01-02T18:55:51.425+0000] {override.py:1911} INFO - Created Permission View: can read on DAG:dataset_alias_example_alias_producer
[2025-01-02T18:55:51.434+0000] {logging_mixin.py:190} INFO - [2025-01-02T18:55:51.433+0000] {override.py:1911} INFO - Created Permission View: can create on DAG Run:dataset_alias_example_alias_producer
[2025-01-02T18:55:51.442+0000] {logging_mixin.py:190} INFO - [2025-01-02T18:55:51.441+0000] {override.py:1911} INFO - Created Permission View: can delete on DAG Run:dataset_alias_example_alias_producer
[2025-01-02T18:55:51.450+0000] {logging_mixin.py:190} INFO - [2025-01-02T18:55:51.449+0000] {override.py:1911} INFO - Created Permission View: menu access on DAG Run:dataset_alias_example_alias_producer
[2025-01-02T18:55:51.458+0000] {logging_mixin.py:190} INFO - [2025-01-02T18:55:51.457+0000] {override.py:1911} INFO - Created Permission View: can read on DAG Run:dataset_alias_example_alias_producer
[2025-01-02T18:55:51.459+0000] {logging_mixin.py:190} INFO - [2025-01-02T18:55:51.458+0000] {dag.py:3239} INFO - Sync 4 DAGs
[2025-01-02T18:55:51.484+0000] {logging_mixin.py:190} INFO - [2025-01-02T18:55:51.483+0000] {dag.py:3262} INFO - Creating ORM DAG for dataset_alias_example_alias_consumer
[2025-01-02T18:55:51.485+0000] {logging_mixin.py:190} INFO - [2025-01-02T18:55:51.485+0000] {dag.py:3262} INFO - Creating ORM DAG for dataset_alias_example_alias_producer
[2025-01-02T18:55:51.486+0000] {logging_mixin.py:190} INFO - [2025-01-02T18:55:51.485+0000] {dag.py:3262} INFO - Creating ORM DAG for dataset_s3_bucket_producer
[2025-01-02T18:55:51.486+0000] {logging_mixin.py:190} INFO - [2025-01-02T18:55:51.486+0000] {dag.py:3262} INFO - Creating ORM DAG for dataset_s3_bucket_consumer
[2025-01-02T18:55:51.499+0000] {logging_mixin.py:190} INFO - [2025-01-02T18:55:51.499+0000] {dag.py:4180} INFO - Setting next_dagrun for dataset_alias_example_alias_consumer to None, run_after=None
[2025-01-02T18:55:51.500+0000] {logging_mixin.py:190} INFO - [2025-01-02T18:55:51.500+0000] {dag.py:4180} INFO - Setting next_dagrun for dataset_alias_example_alias_producer to None, run_after=None
[2025-01-02T18:55:51.501+0000] {logging_mixin.py:190} INFO - [2025-01-02T18:55:51.501+0000] {dag.py:4180} INFO - Setting next_dagrun for dataset_s3_bucket_consumer to None, run_after=None
[2025-01-02T18:55:51.502+0000] {logging_mixin.py:190} INFO - [2025-01-02T18:55:51.502+0000] {dag.py:4180} INFO - Setting next_dagrun for dataset_s3_bucket_producer to None, run_after=None
[2025-01-02T18:55:51.539+0000] {processor.py:208} INFO - Processing /home/airflow/.local/lib/python3.12/site-packages/airflow/example_dags/example_dataset_alias.py took 1.968 seconds
[2025-01-02T18:56:23.399+0000] {processor.py:186} INFO - Started process (PID=200) to work on /home/airflow/.local/lib/python3.12/site-packages/airflow/example_dags/example_dataset_alias.py
[2025-01-02T18:56:23.401+0000] {processor.py:914} INFO - Processing file /home/airflow/.local/lib/python3.12/site-packages/airflow/example_dags/example_dataset_alias.py for tasks to queue
[2025-01-02T18:56:23.404+0000] {logging_mixin.py:190} INFO - [2025-01-02T18:56:23.404+0000] {dagbag.py:588} INFO - Filling up the DagBag from /home/airflow/.local/lib/python3.12/site-packages/airflow/example_dags/example_dataset_alias.py
[2025-01-02T18:56:24.406+0000] {processor.py:925} INFO - DAG(s) 'dataset_alias_example_alias_producer', 'dataset_s3_bucket_consumer', 'dataset_alias_example_alias_consumer', 'dataset_s3_bucket_producer' retrieved from /home/airflow/.local/lib/python3.12/site-packages/airflow/example_dags/example_dataset_alias.py
[2025-01-02T18:56:24.439+0000] {logging_mixin.py:190} INFO - [2025-01-02T18:56:24.438+0000] {dag.py:3239} INFO - Sync 4 DAGs
[2025-01-02T18:56:24.474+0000] {logging_mixin.py:190} INFO - [2025-01-02T18:56:24.474+0000] {dag.py:4180} INFO - Setting next_dagrun for dataset_alias_example_alias_consumer to None, run_after=None
[2025-01-02T18:56:24.478+0000] {logging_mixin.py:190} INFO - [2025-01-02T18:56:24.477+0000] {dag.py:4180} INFO - Setting next_dagrun for dataset_alias_example_alias_producer to None, run_after=None
[2025-01-02T18:56:24.479+0000] {logging_mixin.py:190} INFO - [2025-01-02T18:56:24.479+0000] {dag.py:4180} INFO - Setting next_dagrun for dataset_s3_bucket_consumer to None, run_after=None
[2025-01-02T18:56:24.481+0000] {logging_mixin.py:190} INFO - [2025-01-02T18:56:24.481+0000] {dag.py:4180} INFO - Setting next_dagrun for dataset_s3_bucket_producer to None, run_after=None
[2025-01-02T18:56:24.509+0000] {processor.py:208} INFO - Processing /home/airflow/.local/lib/python3.12/site-packages/airflow/example_dags/example_dataset_alias.py took 1.137 seconds
[2025-01-02T18:56:57.031+0000] {processor.py:186} INFO - Started process (PID=273) to work on /home/airflow/.local/lib/python3.12/site-packages/airflow/example_dags/example_dataset_alias.py
[2025-01-02T18:56:57.041+0000] {processor.py:914} INFO - Processing file /home/airflow/.local/lib/python3.12/site-packages/airflow/example_dags/example_dataset_alias.py for tasks to queue
[2025-01-02T18:56:57.045+0000] {logging_mixin.py:190} INFO - [2025-01-02T18:56:57.044+0000] {dagbag.py:588} INFO - Filling up the DagBag from /home/airflow/.local/lib/python3.12/site-packages/airflow/example_dags/example_dataset_alias.py
[2025-01-02T18:56:59.075+0000] {processor.py:925} INFO - DAG(s) 'dataset_alias_example_alias_producer', 'dataset_s3_bucket_consumer', 'dataset_s3_bucket_producer', 'dataset_alias_example_alias_consumer' retrieved from /home/airflow/.local/lib/python3.12/site-packages/airflow/example_dags/example_dataset_alias.py
[2025-01-02T18:56:59.104+0000] {logging_mixin.py:190} INFO - [2025-01-02T18:56:59.103+0000] {dag.py:3239} INFO - Sync 4 DAGs
[2025-01-02T18:56:59.140+0000] {logging_mixin.py:190} INFO - [2025-01-02T18:56:59.139+0000] {dag.py:4180} INFO - Setting next_dagrun for dataset_alias_example_alias_consumer to None, run_after=None
[2025-01-02T18:56:59.144+0000] {logging_mixin.py:190} INFO - [2025-01-02T18:56:59.143+0000] {dag.py:4180} INFO - Setting next_dagrun for dataset_alias_example_alias_producer to None, run_after=None
[2025-01-02T18:56:59.145+0000] {logging_mixin.py:190} INFO - [2025-01-02T18:56:59.145+0000] {dag.py:4180} INFO - Setting next_dagrun for dataset_s3_bucket_consumer to None, run_after=None
[2025-01-02T18:56:59.147+0000] {logging_mixin.py:190} INFO - [2025-01-02T18:56:59.147+0000] {dag.py:4180} INFO - Setting next_dagrun for dataset_s3_bucket_producer to None, run_after=None
[2025-01-02T18:56:59.184+0000] {processor.py:208} INFO - Processing /home/airflow/.local/lib/python3.12/site-packages/airflow/example_dags/example_dataset_alias.py took 2.189 seconds
[2025-01-02T18:57:29.953+0000] {processor.py:186} INFO - Started process (PID=344) to work on /home/airflow/.local/lib/python3.12/site-packages/airflow/example_dags/example_dataset_alias.py
[2025-01-02T18:57:29.955+0000] {processor.py:914} INFO - Processing file /home/airflow/.local/lib/python3.12/site-packages/airflow/example_dags/example_dataset_alias.py for tasks to queue
[2025-01-02T18:57:29.960+0000] {logging_mixin.py:190} INFO - [2025-01-02T18:57:29.959+0000] {dagbag.py:588} INFO - Filling up the DagBag from /home/airflow/.local/lib/python3.12/site-packages/airflow/example_dags/example_dataset_alias.py
[2025-01-02T18:57:30.984+0000] {processor.py:925} INFO - DAG(s) 'dataset_alias_example_alias_producer', 'dataset_s3_bucket_producer', 'dataset_s3_bucket_consumer', 'dataset_alias_example_alias_consumer' retrieved from /home/airflow/.local/lib/python3.12/site-packages/airflow/example_dags/example_dataset_alias.py
[2025-01-02T18:57:31.058+0000] {logging_mixin.py:190} INFO - [2025-01-02T18:57:31.057+0000] {dag.py:3239} INFO - Sync 4 DAGs
[2025-01-02T18:57:31.131+0000] {logging_mixin.py:190} INFO - [2025-01-02T18:57:31.131+0000] {dag.py:4180} INFO - Setting next_dagrun for dataset_alias_example_alias_consumer to None, run_after=None
[2025-01-02T18:57:31.142+0000] {logging_mixin.py:190} INFO - [2025-01-02T18:57:31.142+0000] {dag.py:4180} INFO - Setting next_dagrun for dataset_alias_example_alias_producer to None, run_after=None
[2025-01-02T18:57:31.144+0000] {logging_mixin.py:190} INFO - [2025-01-02T18:57:31.144+0000] {dag.py:4180} INFO - Setting next_dagrun for dataset_s3_bucket_consumer to None, run_after=None
[2025-01-02T18:57:31.154+0000] {logging_mixin.py:190} INFO - [2025-01-02T18:57:31.153+0000] {dag.py:4180} INFO - Setting next_dagrun for dataset_s3_bucket_producer to None, run_after=None
[2025-01-02T18:57:31.210+0000] {processor.py:208} INFO - Processing /home/airflow/.local/lib/python3.12/site-packages/airflow/example_dags/example_dataset_alias.py took 1.266 seconds
[2025-01-02T19:00:22.593+0000] {processor.py:186} INFO - Started process (PID=113) to work on /home/airflow/.local/lib/python3.12/site-packages/airflow/example_dags/example_dataset_alias.py
[2025-01-02T19:00:22.601+0000] {processor.py:914} INFO - Processing file /home/airflow/.local/lib/python3.12/site-packages/airflow/example_dags/example_dataset_alias.py for tasks to queue
[2025-01-02T19:00:22.605+0000] {logging_mixin.py:190} INFO - [2025-01-02T19:00:22.605+0000] {dagbag.py:588} INFO - Filling up the DagBag from /home/airflow/.local/lib/python3.12/site-packages/airflow/example_dags/example_dataset_alias.py
[2025-01-02T19:00:25.358+0000] {processor.py:925} INFO - DAG(s) 'dataset_s3_bucket_consumer', 'dataset_alias_example_alias_producer', 'dataset_alias_example_alias_consumer', 'dataset_s3_bucket_producer' retrieved from /home/airflow/.local/lib/python3.12/site-packages/airflow/example_dags/example_dataset_alias.py
[2025-01-02T19:00:25.414+0000] {logging_mixin.py:190} INFO - [2025-01-02T19:00:25.413+0000] {dag.py:3239} INFO - Sync 4 DAGs
[2025-01-02T19:00:25.466+0000] {logging_mixin.py:190} INFO - [2025-01-02T19:00:25.466+0000] {dag.py:4180} INFO - Setting next_dagrun for dataset_alias_example_alias_consumer to None, run_after=None
[2025-01-02T19:00:25.474+0000] {logging_mixin.py:190} INFO - [2025-01-02T19:00:25.474+0000] {dag.py:4180} INFO - Setting next_dagrun for dataset_alias_example_alias_producer to None, run_after=None
[2025-01-02T19:00:25.479+0000] {logging_mixin.py:190} INFO - [2025-01-02T19:00:25.479+0000] {dag.py:4180} INFO - Setting next_dagrun for dataset_s3_bucket_consumer to None, run_after=None
[2025-01-02T19:00:25.486+0000] {logging_mixin.py:190} INFO - [2025-01-02T19:00:25.486+0000] {dag.py:4180} INFO - Setting next_dagrun for dataset_s3_bucket_producer to None, run_after=None
[2025-01-02T19:00:25.530+0000] {processor.py:208} INFO - Processing /home/airflow/.local/lib/python3.12/site-packages/airflow/example_dags/example_dataset_alias.py took 2.968 seconds
[2025-01-02T19:00:56.255+0000] {processor.py:186} INFO - Started process (PID=189) to work on /home/airflow/.local/lib/python3.12/site-packages/airflow/example_dags/example_dataset_alias.py
[2025-01-02T19:00:56.264+0000] {processor.py:914} INFO - Processing file /home/airflow/.local/lib/python3.12/site-packages/airflow/example_dags/example_dataset_alias.py for tasks to queue
[2025-01-02T19:00:56.267+0000] {logging_mixin.py:190} INFO - [2025-01-02T19:00:56.267+0000] {dagbag.py:588} INFO - Filling up the DagBag from /home/airflow/.local/lib/python3.12/site-packages/airflow/example_dags/example_dataset_alias.py
[2025-01-02T19:00:56.906+0000] {processor.py:925} INFO - DAG(s) 'dataset_alias_example_alias_producer', 'dataset_s3_bucket_consumer', 'dataset_s3_bucket_producer', 'dataset_alias_example_alias_consumer' retrieved from /home/airflow/.local/lib/python3.12/site-packages/airflow/example_dags/example_dataset_alias.py
[2025-01-02T19:00:56.928+0000] {logging_mixin.py:190} INFO - [2025-01-02T19:00:56.927+0000] {dag.py:3239} INFO - Sync 4 DAGs
[2025-01-02T19:00:56.953+0000] {logging_mixin.py:190} INFO - [2025-01-02T19:00:56.953+0000] {dag.py:4180} INFO - Setting next_dagrun for dataset_alias_example_alias_consumer to None, run_after=None
[2025-01-02T19:00:56.956+0000] {logging_mixin.py:190} INFO - [2025-01-02T19:00:56.956+0000] {dag.py:4180} INFO - Setting next_dagrun for dataset_alias_example_alias_producer to None, run_after=None
[2025-01-02T19:00:56.957+0000] {logging_mixin.py:190} INFO - [2025-01-02T19:00:56.957+0000] {dag.py:4180} INFO - Setting next_dagrun for dataset_s3_bucket_consumer to None, run_after=None
[2025-01-02T19:00:56.959+0000] {logging_mixin.py:190} INFO - [2025-01-02T19:00:56.958+0000] {dag.py:4180} INFO - Setting next_dagrun for dataset_s3_bucket_producer to None, run_after=None
[2025-01-02T19:00:56.980+0000] {processor.py:208} INFO - Processing /home/airflow/.local/lib/python3.12/site-packages/airflow/example_dags/example_dataset_alias.py took 0.733 seconds
[2025-01-02T19:01:27.442+0000] {processor.py:186} INFO - Started process (PID=252) to work on /home/airflow/.local/lib/python3.12/site-packages/airflow/example_dags/example_dataset_alias.py
[2025-01-02T19:01:27.443+0000] {processor.py:914} INFO - Processing file /home/airflow/.local/lib/python3.12/site-packages/airflow/example_dags/example_dataset_alias.py for tasks to queue
[2025-01-02T19:01:27.445+0000] {logging_mixin.py:190} INFO - [2025-01-02T19:01:27.445+0000] {dagbag.py:588} INFO - Filling up the DagBag from /home/airflow/.local/lib/python3.12/site-packages/airflow/example_dags/example_dataset_alias.py
[2025-01-02T19:01:28.084+0000] {processor.py:925} INFO - DAG(s) 'dataset_alias_example_alias_consumer', 'dataset_alias_example_alias_producer', 'dataset_s3_bucket_producer', 'dataset_s3_bucket_consumer' retrieved from /home/airflow/.local/lib/python3.12/site-packages/airflow/example_dags/example_dataset_alias.py
[2025-01-02T19:01:28.105+0000] {logging_mixin.py:190} INFO - [2025-01-02T19:01:28.104+0000] {dag.py:3239} INFO - Sync 4 DAGs
[2025-01-02T19:01:28.128+0000] {logging_mixin.py:190} INFO - [2025-01-02T19:01:28.127+0000] {dag.py:4180} INFO - Setting next_dagrun for dataset_alias_example_alias_consumer to None, run_after=None
[2025-01-02T19:01:28.130+0000] {logging_mixin.py:190} INFO - [2025-01-02T19:01:28.130+0000] {dag.py:4180} INFO - Setting next_dagrun for dataset_alias_example_alias_producer to None, run_after=None
[2025-01-02T19:01:28.133+0000] {logging_mixin.py:190} INFO - [2025-01-02T19:01:28.133+0000] {dag.py:4180} INFO - Setting next_dagrun for dataset_s3_bucket_consumer to None, run_after=None
[2025-01-02T19:01:28.135+0000] {logging_mixin.py:190} INFO - [2025-01-02T19:01:28.134+0000] {dag.py:4180} INFO - Setting next_dagrun for dataset_s3_bucket_producer to None, run_after=None
[2025-01-02T19:01:28.155+0000] {processor.py:208} INFO - Processing /home/airflow/.local/lib/python3.12/site-packages/airflow/example_dags/example_dataset_alias.py took 0.721 seconds
[2025-01-02T19:01:58.948+0000] {processor.py:186} INFO - Started process (PID=315) to work on /home/airflow/.local/lib/python3.12/site-packages/airflow/example_dags/example_dataset_alias.py
[2025-01-02T19:01:58.964+0000] {processor.py:914} INFO - Processing file /home/airflow/.local/lib/python3.12/site-packages/airflow/example_dags/example_dataset_alias.py for tasks to queue
[2025-01-02T19:01:58.967+0000] {logging_mixin.py:190} INFO - [2025-01-02T19:01:58.967+0000] {dagbag.py:588} INFO - Filling up the DagBag from /home/airflow/.local/lib/python3.12/site-packages/airflow/example_dags/example_dataset_alias.py
[2025-01-02T19:01:59.598+0000] {processor.py:925} INFO - DAG(s) 'dataset_s3_bucket_producer', 'dataset_s3_bucket_consumer', 'dataset_alias_example_alias_producer', 'dataset_alias_example_alias_consumer' retrieved from /home/airflow/.local/lib/python3.12/site-packages/airflow/example_dags/example_dataset_alias.py
[2025-01-02T19:01:59.620+0000] {logging_mixin.py:190} INFO - [2025-01-02T19:01:59.619+0000] {dag.py:3239} INFO - Sync 4 DAGs
[2025-01-02T19:01:59.643+0000] {logging_mixin.py:190} INFO - [2025-01-02T19:01:59.642+0000] {dag.py:4180} INFO - Setting next_dagrun for dataset_alias_example_alias_consumer to None, run_after=None
[2025-01-02T19:01:59.645+0000] {logging_mixin.py:190} INFO - [2025-01-02T19:01:59.645+0000] {dag.py:4180} INFO - Setting next_dagrun for dataset_alias_example_alias_producer to None, run_after=None
[2025-01-02T19:01:59.647+0000] {logging_mixin.py:190} INFO - [2025-01-02T19:01:59.647+0000] {dag.py:4180} INFO - Setting next_dagrun for dataset_s3_bucket_consumer to None, run_after=None
[2025-01-02T19:01:59.648+0000] {logging_mixin.py:190} INFO - [2025-01-02T19:01:59.648+0000] {dag.py:4180} INFO - Setting next_dagrun for dataset_s3_bucket_producer to None, run_after=None
[2025-01-02T19:01:59.668+0000] {processor.py:208} INFO - Processing /home/airflow/.local/lib/python3.12/site-packages/airflow/example_dags/example_dataset_alias.py took 0.729 seconds
[2025-01-02T19:02:29.835+0000] {processor.py:186} INFO - Started process (PID=378) to work on /home/airflow/.local/lib/python3.12/site-packages/airflow/example_dags/example_dataset_alias.py
[2025-01-02T19:02:29.836+0000] {processor.py:914} INFO - Processing file /home/airflow/.local/lib/python3.12/site-packages/airflow/example_dags/example_dataset_alias.py for tasks to queue
[2025-01-02T19:02:29.839+0000] {logging_mixin.py:190} INFO - [2025-01-02T19:02:29.839+0000] {dagbag.py:588} INFO - Filling up the DagBag from /home/airflow/.local/lib/python3.12/site-packages/airflow/example_dags/example_dataset_alias.py
[2025-01-02T19:02:30.479+0000] {processor.py:925} INFO - DAG(s) 'dataset_s3_bucket_consumer', 'dataset_alias_example_alias_consumer', 'dataset_s3_bucket_producer', 'dataset_alias_example_alias_producer' retrieved from /home/airflow/.local/lib/python3.12/site-packages/airflow/example_dags/example_dataset_alias.py
[2025-01-02T19:02:30.502+0000] {logging_mixin.py:190} INFO - [2025-01-02T19:02:30.501+0000] {dag.py:3239} INFO - Sync 4 DAGs
[2025-01-02T19:02:30.531+0000] {logging_mixin.py:190} INFO - [2025-01-02T19:02:30.531+0000] {dag.py:4180} INFO - Setting next_dagrun for dataset_alias_example_alias_consumer to None, run_after=None
[2025-01-02T19:02:30.534+0000] {logging_mixin.py:190} INFO - [2025-01-02T19:02:30.534+0000] {dag.py:4180} INFO - Setting next_dagrun for dataset_alias_example_alias_producer to None, run_after=None
[2025-01-02T19:02:30.536+0000] {logging_mixin.py:190} INFO - [2025-01-02T19:02:30.535+0000] {dag.py:4180} INFO - Setting next_dagrun for dataset_s3_bucket_consumer to None, run_after=None
[2025-01-02T19:02:30.537+0000] {logging_mixin.py:190} INFO - [2025-01-02T19:02:30.537+0000] {dag.py:4180} INFO - Setting next_dagrun for dataset_s3_bucket_producer to None, run_after=None
[2025-01-02T19:02:30.559+0000] {processor.py:208} INFO - Processing /home/airflow/.local/lib/python3.12/site-packages/airflow/example_dags/example_dataset_alias.py took 0.732 seconds
[2025-01-02T19:03:01.104+0000] {processor.py:186} INFO - Started process (PID=441) to work on /home/airflow/.local/lib/python3.12/site-packages/airflow/example_dags/example_dataset_alias.py
[2025-01-02T19:03:01.123+0000] {processor.py:914} INFO - Processing file /home/airflow/.local/lib/python3.12/site-packages/airflow/example_dags/example_dataset_alias.py for tasks to queue
[2025-01-02T19:03:01.127+0000] {logging_mixin.py:190} INFO - [2025-01-02T19:03:01.126+0000] {dagbag.py:588} INFO - Filling up the DagBag from /home/airflow/.local/lib/python3.12/site-packages/airflow/example_dags/example_dataset_alias.py
[2025-01-02T19:03:01.775+0000] {processor.py:925} INFO - DAG(s) 'dataset_alias_example_alias_producer', 'dataset_alias_example_alias_consumer', 'dataset_s3_bucket_producer', 'dataset_s3_bucket_consumer' retrieved from /home/airflow/.local/lib/python3.12/site-packages/airflow/example_dags/example_dataset_alias.py
[2025-01-02T19:03:01.796+0000] {logging_mixin.py:190} INFO - [2025-01-02T19:03:01.795+0000] {dag.py:3239} INFO - Sync 4 DAGs
[2025-01-02T19:03:01.818+0000] {logging_mixin.py:190} INFO - [2025-01-02T19:03:01.818+0000] {dag.py:4180} INFO - Setting next_dagrun for dataset_alias_example_alias_consumer to None, run_after=None
[2025-01-02T19:03:01.821+0000] {logging_mixin.py:190} INFO - [2025-01-02T19:03:01.820+0000] {dag.py:4180} INFO - Setting next_dagrun for dataset_alias_example_alias_producer to None, run_after=None
[2025-01-02T19:03:01.822+0000] {logging_mixin.py:190} INFO - [2025-01-02T19:03:01.822+0000] {dag.py:4180} INFO - Setting next_dagrun for dataset_s3_bucket_consumer to None, run_after=None
[2025-01-02T19:03:01.823+0000] {logging_mixin.py:190} INFO - [2025-01-02T19:03:01.823+0000] {dag.py:4180} INFO - Setting next_dagrun for dataset_s3_bucket_producer to None, run_after=None
[2025-01-02T19:03:01.845+0000] {processor.py:208} INFO - Processing /home/airflow/.local/lib/python3.12/site-packages/airflow/example_dags/example_dataset_alias.py took 0.751 seconds
[2025-01-02T19:03:31.923+0000] {processor.py:186} INFO - Started process (PID=504) to work on /home/airflow/.local/lib/python3.12/site-packages/airflow/example_dags/example_dataset_alias.py
[2025-01-02T19:03:31.925+0000] {processor.py:914} INFO - Processing file /home/airflow/.local/lib/python3.12/site-packages/airflow/example_dags/example_dataset_alias.py for tasks to queue
[2025-01-02T19:03:31.928+0000] {logging_mixin.py:190} INFO - [2025-01-02T19:03:31.927+0000] {dagbag.py:588} INFO - Filling up the DagBag from /home/airflow/.local/lib/python3.12/site-packages/airflow/example_dags/example_dataset_alias.py
[2025-01-02T19:03:32.562+0000] {processor.py:925} INFO - DAG(s) 'dataset_alias_example_alias_producer', 'dataset_s3_bucket_consumer', 'dataset_s3_bucket_producer', 'dataset_alias_example_alias_consumer' retrieved from /home/airflow/.local/lib/python3.12/site-packages/airflow/example_dags/example_dataset_alias.py
[2025-01-02T19:03:32.584+0000] {logging_mixin.py:190} INFO - [2025-01-02T19:03:32.583+0000] {dag.py:3239} INFO - Sync 4 DAGs
[2025-01-02T19:03:32.607+0000] {logging_mixin.py:190} INFO - [2025-01-02T19:03:32.607+0000] {dag.py:4180} INFO - Setting next_dagrun for dataset_alias_example_alias_consumer to None, run_after=None
[2025-01-02T19:03:32.610+0000] {logging_mixin.py:190} INFO - [2025-01-02T19:03:32.609+0000] {dag.py:4180} INFO - Setting next_dagrun for dataset_alias_example_alias_producer to None, run_after=None
[2025-01-02T19:03:32.611+0000] {logging_mixin.py:190} INFO - [2025-01-02T19:03:32.611+0000] {dag.py:4180} INFO - Setting next_dagrun for dataset_s3_bucket_consumer to None, run_after=None
[2025-01-02T19:03:32.612+0000] {logging_mixin.py:190} INFO - [2025-01-02T19:03:32.612+0000] {dag.py:4180} INFO - Setting next_dagrun for dataset_s3_bucket_producer to None, run_after=None
[2025-01-02T19:03:32.633+0000] {processor.py:208} INFO - Processing /home/airflow/.local/lib/python3.12/site-packages/airflow/example_dags/example_dataset_alias.py took 0.719 seconds
[2025-01-02T19:04:05.411+0000] {processor.py:186} INFO - Started process (PID=567) to work on /home/airflow/.local/lib/python3.12/site-packages/airflow/example_dags/example_dataset_alias.py
[2025-01-02T19:04:05.417+0000] {processor.py:914} INFO - Processing file /home/airflow/.local/lib/python3.12/site-packages/airflow/example_dags/example_dataset_alias.py for tasks to queue
[2025-01-02T19:04:05.420+0000] {logging_mixin.py:190} INFO - [2025-01-02T19:04:05.420+0000] {dagbag.py:588} INFO - Filling up the DagBag from /home/airflow/.local/lib/python3.12/site-packages/airflow/example_dags/example_dataset_alias.py
[2025-01-02T19:04:06.054+0000] {processor.py:925} INFO - DAG(s) 'dataset_alias_example_alias_producer', 'dataset_alias_example_alias_consumer', 'dataset_s3_bucket_consumer', 'dataset_s3_bucket_producer' retrieved from /home/airflow/.local/lib/python3.12/site-packages/airflow/example_dags/example_dataset_alias.py
[2025-01-02T19:04:06.078+0000] {logging_mixin.py:190} INFO - [2025-01-02T19:04:06.077+0000] {dag.py:3239} INFO - Sync 4 DAGs
[2025-01-02T19:04:06.102+0000] {logging_mixin.py:190} INFO - [2025-01-02T19:04:06.101+0000] {dag.py:4180} INFO - Setting next_dagrun for dataset_alias_example_alias_consumer to None, run_after=None
[2025-01-02T19:04:06.104+0000] {logging_mixin.py:190} INFO - [2025-01-02T19:04:06.104+0000] {dag.py:4180} INFO - Setting next_dagrun for dataset_alias_example_alias_producer to None, run_after=None
[2025-01-02T19:04:06.106+0000] {logging_mixin.py:190} INFO - [2025-01-02T19:04:06.105+0000] {dag.py:4180} INFO - Setting next_dagrun for dataset_s3_bucket_consumer to None, run_after=None
[2025-01-02T19:04:06.107+0000] {logging_mixin.py:190} INFO - [2025-01-02T19:04:06.107+0000] {dag.py:4180} INFO - Setting next_dagrun for dataset_s3_bucket_producer to None, run_after=None
[2025-01-02T19:04:06.127+0000] {processor.py:208} INFO - Processing /home/airflow/.local/lib/python3.12/site-packages/airflow/example_dags/example_dataset_alias.py took 0.732 seconds
[2025-01-02T19:04:40.643+0000] {processor.py:186} INFO - Started process (PID=627) to work on /home/airflow/.local/lib/python3.12/site-packages/airflow/example_dags/example_dataset_alias.py
[2025-01-02T19:04:40.653+0000] {processor.py:914} INFO - Processing file /home/airflow/.local/lib/python3.12/site-packages/airflow/example_dags/example_dataset_alias.py for tasks to queue
[2025-01-02T19:04:40.656+0000] {logging_mixin.py:190} INFO - [2025-01-02T19:04:40.655+0000] {dagbag.py:588} INFO - Filling up the DagBag from /home/airflow/.local/lib/python3.12/site-packages/airflow/example_dags/example_dataset_alias.py
[2025-01-02T19:04:41.496+0000] {processor.py:925} INFO - DAG(s) 'dataset_s3_bucket_producer', 'dataset_alias_example_alias_producer', 'dataset_s3_bucket_consumer', 'dataset_alias_example_alias_consumer' retrieved from /home/airflow/.local/lib/python3.12/site-packages/airflow/example_dags/example_dataset_alias.py
[2025-01-02T19:04:41.518+0000] {logging_mixin.py:190} INFO - [2025-01-02T19:04:41.517+0000] {dag.py:3239} INFO - Sync 4 DAGs
[2025-01-02T19:04:41.543+0000] {logging_mixin.py:190} INFO - [2025-01-02T19:04:41.543+0000] {dag.py:4180} INFO - Setting next_dagrun for dataset_alias_example_alias_consumer to None, run_after=None
[2025-01-02T19:04:41.546+0000] {logging_mixin.py:190} INFO - [2025-01-02T19:04:41.546+0000] {dag.py:4180} INFO - Setting next_dagrun for dataset_alias_example_alias_producer to None, run_after=None
[2025-01-02T19:04:41.548+0000] {logging_mixin.py:190} INFO - [2025-01-02T19:04:41.548+0000] {dag.py:4180} INFO - Setting next_dagrun for dataset_s3_bucket_consumer to None, run_after=None
[2025-01-02T19:04:41.549+0000] {logging_mixin.py:190} INFO - [2025-01-02T19:04:41.549+0000] {dag.py:4180} INFO - Setting next_dagrun for dataset_s3_bucket_producer to None, run_after=None
[2025-01-02T19:04:41.570+0000] {processor.py:208} INFO - Processing /home/airflow/.local/lib/python3.12/site-packages/airflow/example_dags/example_dataset_alias.py took 0.941 seconds
