[2025-01-02T18:55:28.087+0000] {processor.py:186} INFO - Started process (PID=95) to work on /home/airflow/.local/lib/python3.12/site-packages/airflow/example_dags/example_python_operator.py
[2025-01-02T18:55:28.088+0000] {processor.py:914} INFO - Processing file /home/airflow/.local/lib/python3.12/site-packages/airflow/example_dags/example_python_operator.py for tasks to queue
[2025-01-02T18:55:28.092+0000] {logging_mixin.py:190} INFO - [2025-01-02T18:55:28.091+0000] {dagbag.py:588} INFO - Filling up the DagBag from /home/airflow/.local/lib/python3.12/site-packages/airflow/example_dags/example_python_operator.py
[2025-01-02T18:55:28.175+0000] {processor.py:925} INFO - DAG(s) 'example_python_operator' retrieved from /home/airflow/.local/lib/python3.12/site-packages/airflow/example_dags/example_python_operator.py
[2025-01-02T18:55:28.660+0000] {logging_mixin.py:190} INFO - [2025-01-02T18:55:28.659+0000] {override.py:1911} INFO - Created Permission View: can edit on DAG:example_python_operator
[2025-01-02T18:55:28.691+0000] {logging_mixin.py:190} INFO - [2025-01-02T18:55:28.690+0000] {override.py:1911} INFO - Created Permission View: can delete on DAG:example_python_operator
[2025-01-02T18:55:28.716+0000] {logging_mixin.py:190} INFO - [2025-01-02T18:55:28.716+0000] {override.py:1911} INFO - Created Permission View: can read on DAG:example_python_operator
[2025-01-02T18:55:28.743+0000] {logging_mixin.py:190} INFO - [2025-01-02T18:55:28.742+0000] {override.py:1911} INFO - Created Permission View: can create on DAG Run:example_python_operator
[2025-01-02T18:55:28.768+0000] {logging_mixin.py:190} INFO - [2025-01-02T18:55:28.768+0000] {override.py:1911} INFO - Created Permission View: can delete on DAG Run:example_python_operator
[2025-01-02T18:55:28.791+0000] {logging_mixin.py:190} INFO - [2025-01-02T18:55:28.790+0000] {override.py:1911} INFO - Created Permission View: menu access on DAG Run:example_python_operator
[2025-01-02T18:55:28.812+0000] {logging_mixin.py:190} INFO - [2025-01-02T18:55:28.812+0000] {override.py:1911} INFO - Created Permission View: can read on DAG Run:example_python_operator
[2025-01-02T18:55:28.813+0000] {logging_mixin.py:190} INFO - [2025-01-02T18:55:28.812+0000] {dag.py:3239} INFO - Sync 1 DAGs
[2025-01-02T18:55:28.874+0000] {logging_mixin.py:190} INFO - [2025-01-02T18:55:28.874+0000] {dag.py:3262} INFO - Creating ORM DAG for example_python_operator
[2025-01-02T18:55:28.875+0000] {logging_mixin.py:190} INFO - [2025-01-02T18:55:28.875+0000] {dag.py:4180} INFO - Setting next_dagrun for example_python_operator to None, run_after=None
[2025-01-02T18:55:28.925+0000] {processor.py:208} INFO - Processing /home/airflow/.local/lib/python3.12/site-packages/airflow/example_dags/example_python_operator.py took 0.862 seconds
[2025-01-02T18:55:59.045+0000] {processor.py:186} INFO - Started process (PID=158) to work on /home/airflow/.local/lib/python3.12/site-packages/airflow/example_dags/example_python_operator.py
[2025-01-02T18:55:59.046+0000] {processor.py:914} INFO - Processing file /home/airflow/.local/lib/python3.12/site-packages/airflow/example_dags/example_python_operator.py for tasks to queue
[2025-01-02T18:55:59.048+0000] {logging_mixin.py:190} INFO - [2025-01-02T18:55:59.048+0000] {dagbag.py:588} INFO - Filling up the DagBag from /home/airflow/.local/lib/python3.12/site-packages/airflow/example_dags/example_python_operator.py
[2025-01-02T18:55:59.066+0000] {processor.py:925} INFO - DAG(s) 'example_python_operator' retrieved from /home/airflow/.local/lib/python3.12/site-packages/airflow/example_dags/example_python_operator.py
[2025-01-02T18:55:59.100+0000] {logging_mixin.py:190} INFO - [2025-01-02T18:55:59.099+0000] {dag.py:3239} INFO - Sync 1 DAGs
[2025-01-02T18:55:59.121+0000] {logging_mixin.py:190} INFO - [2025-01-02T18:55:59.121+0000] {dag.py:4180} INFO - Setting next_dagrun for example_python_operator to None, run_after=None
[2025-01-02T18:55:59.146+0000] {processor.py:208} INFO - Processing /home/airflow/.local/lib/python3.12/site-packages/airflow/example_dags/example_python_operator.py took 0.108 seconds
[2025-01-02T18:56:30.040+0000] {processor.py:186} INFO - Started process (PID=221) to work on /home/airflow/.local/lib/python3.12/site-packages/airflow/example_dags/example_python_operator.py
[2025-01-02T18:56:30.078+0000] {processor.py:914} INFO - Processing file /home/airflow/.local/lib/python3.12/site-packages/airflow/example_dags/example_python_operator.py for tasks to queue
[2025-01-02T18:56:30.082+0000] {logging_mixin.py:190} INFO - [2025-01-02T18:56:30.081+0000] {dagbag.py:588} INFO - Filling up the DagBag from /home/airflow/.local/lib/python3.12/site-packages/airflow/example_dags/example_python_operator.py
[2025-01-02T18:56:30.102+0000] {processor.py:925} INFO - DAG(s) 'example_python_operator' retrieved from /home/airflow/.local/lib/python3.12/site-packages/airflow/example_dags/example_python_operator.py
[2025-01-02T18:56:30.134+0000] {logging_mixin.py:190} INFO - [2025-01-02T18:56:30.134+0000] {dag.py:3239} INFO - Sync 1 DAGs
[2025-01-02T18:56:30.156+0000] {logging_mixin.py:190} INFO - [2025-01-02T18:56:30.156+0000] {dag.py:4180} INFO - Setting next_dagrun for example_python_operator to None, run_after=None
[2025-01-02T18:56:30.182+0000] {processor.py:208} INFO - Processing /home/airflow/.local/lib/python3.12/site-packages/airflow/example_dags/example_python_operator.py took 0.152 seconds
[2025-01-02T18:57:00.277+0000] {processor.py:186} INFO - Started process (PID=283) to work on /home/airflow/.local/lib/python3.12/site-packages/airflow/example_dags/example_python_operator.py
[2025-01-02T18:57:00.285+0000] {processor.py:914} INFO - Processing file /home/airflow/.local/lib/python3.12/site-packages/airflow/example_dags/example_python_operator.py for tasks to queue
[2025-01-02T18:57:00.288+0000] {logging_mixin.py:190} INFO - [2025-01-02T18:57:00.288+0000] {dagbag.py:588} INFO - Filling up the DagBag from /home/airflow/.local/lib/python3.12/site-packages/airflow/example_dags/example_python_operator.py
[2025-01-02T18:57:00.328+0000] {processor.py:925} INFO - DAG(s) 'example_python_operator' retrieved from /home/airflow/.local/lib/python3.12/site-packages/airflow/example_dags/example_python_operator.py
[2025-01-02T18:57:00.382+0000] {logging_mixin.py:190} INFO - [2025-01-02T18:57:00.382+0000] {dag.py:3239} INFO - Sync 1 DAGs
[2025-01-02T18:57:00.424+0000] {logging_mixin.py:190} INFO - [2025-01-02T18:57:00.424+0000] {dag.py:4180} INFO - Setting next_dagrun for example_python_operator to None, run_after=None
[2025-01-02T18:57:00.469+0000] {processor.py:208} INFO - Processing /home/airflow/.local/lib/python3.12/site-packages/airflow/example_dags/example_python_operator.py took 0.200 seconds
[2025-01-02T18:57:31.324+0000] {processor.py:186} INFO - Started process (PID=346) to work on /home/airflow/.local/lib/python3.12/site-packages/airflow/example_dags/example_python_operator.py
[2025-01-02T18:57:31.392+0000] {processor.py:914} INFO - Processing file /home/airflow/.local/lib/python3.12/site-packages/airflow/example_dags/example_python_operator.py for tasks to queue
[2025-01-02T18:57:31.403+0000] {logging_mixin.py:190} INFO - [2025-01-02T18:57:31.402+0000] {dagbag.py:588} INFO - Filling up the DagBag from /home/airflow/.local/lib/python3.12/site-packages/airflow/example_dags/example_python_operator.py
[2025-01-02T18:57:31.464+0000] {processor.py:925} INFO - DAG(s) 'example_python_operator' retrieved from /home/airflow/.local/lib/python3.12/site-packages/airflow/example_dags/example_python_operator.py
[2025-01-02T18:57:31.546+0000] {logging_mixin.py:190} INFO - [2025-01-02T18:57:31.546+0000] {dag.py:3239} INFO - Sync 1 DAGs
[2025-01-02T18:57:31.618+0000] {logging_mixin.py:190} INFO - [2025-01-02T18:57:31.618+0000] {dag.py:4180} INFO - Setting next_dagrun for example_python_operator to None, run_after=None
[2025-01-02T18:57:31.718+0000] {processor.py:208} INFO - Processing /home/airflow/.local/lib/python3.12/site-packages/airflow/example_dags/example_python_operator.py took 0.424 seconds
[2025-01-02T19:00:15.109+0000] {processor.py:186} INFO - Started process (PID=84) to work on /home/airflow/.local/lib/python3.12/site-packages/airflow/example_dags/example_python_operator.py
[2025-01-02T19:00:15.136+0000] {processor.py:914} INFO - Processing file /home/airflow/.local/lib/python3.12/site-packages/airflow/example_dags/example_python_operator.py for tasks to queue
[2025-01-02T19:00:15.149+0000] {logging_mixin.py:190} INFO - [2025-01-02T19:00:15.139+0000] {dagbag.py:588} INFO - Filling up the DagBag from /home/airflow/.local/lib/python3.12/site-packages/airflow/example_dags/example_python_operator.py
[2025-01-02T19:00:15.191+0000] {processor.py:925} INFO - DAG(s) 'example_python_operator' retrieved from /home/airflow/.local/lib/python3.12/site-packages/airflow/example_dags/example_python_operator.py
[2025-01-02T19:00:15.582+0000] {logging_mixin.py:190} INFO - [2025-01-02T19:00:15.581+0000] {dag.py:3239} INFO - Sync 1 DAGs
[2025-01-02T19:00:15.615+0000] {logging_mixin.py:190} INFO - [2025-01-02T19:00:15.615+0000] {dag.py:4180} INFO - Setting next_dagrun for example_python_operator to None, run_after=None
[2025-01-02T19:00:15.668+0000] {processor.py:208} INFO - Processing /home/airflow/.local/lib/python3.12/site-packages/airflow/example_dags/example_python_operator.py took 0.589 seconds
[2025-01-02T19:00:46.137+0000] {processor.py:186} INFO - Started process (PID=147) to work on /home/airflow/.local/lib/python3.12/site-packages/airflow/example_dags/example_python_operator.py
[2025-01-02T19:00:46.138+0000] {processor.py:914} INFO - Processing file /home/airflow/.local/lib/python3.12/site-packages/airflow/example_dags/example_python_operator.py for tasks to queue
[2025-01-02T19:00:46.142+0000] {logging_mixin.py:190} INFO - [2025-01-02T19:00:46.142+0000] {dagbag.py:588} INFO - Filling up the DagBag from /home/airflow/.local/lib/python3.12/site-packages/airflow/example_dags/example_python_operator.py
[2025-01-02T19:00:46.162+0000] {processor.py:925} INFO - DAG(s) 'example_python_operator' retrieved from /home/airflow/.local/lib/python3.12/site-packages/airflow/example_dags/example_python_operator.py
[2025-01-02T19:00:46.197+0000] {logging_mixin.py:190} INFO - [2025-01-02T19:00:46.196+0000] {dag.py:3239} INFO - Sync 1 DAGs
[2025-01-02T19:00:46.218+0000] {logging_mixin.py:190} INFO - [2025-01-02T19:00:46.218+0000] {dag.py:4180} INFO - Setting next_dagrun for example_python_operator to None, run_after=None
[2025-01-02T19:00:46.244+0000] {processor.py:208} INFO - Processing /home/airflow/.local/lib/python3.12/site-packages/airflow/example_dags/example_python_operator.py took 0.115 seconds
[2025-01-02T19:01:16.708+0000] {processor.py:186} INFO - Started process (PID=210) to work on /home/airflow/.local/lib/python3.12/site-packages/airflow/example_dags/example_python_operator.py
[2025-01-02T19:01:16.711+0000] {processor.py:914} INFO - Processing file /home/airflow/.local/lib/python3.12/site-packages/airflow/example_dags/example_python_operator.py for tasks to queue
[2025-01-02T19:01:16.714+0000] {logging_mixin.py:190} INFO - [2025-01-02T19:01:16.714+0000] {dagbag.py:588} INFO - Filling up the DagBag from /home/airflow/.local/lib/python3.12/site-packages/airflow/example_dags/example_python_operator.py
[2025-01-02T19:01:16.732+0000] {processor.py:925} INFO - DAG(s) 'example_python_operator' retrieved from /home/airflow/.local/lib/python3.12/site-packages/airflow/example_dags/example_python_operator.py
[2025-01-02T19:01:16.765+0000] {logging_mixin.py:190} INFO - [2025-01-02T19:01:16.764+0000] {dag.py:3239} INFO - Sync 1 DAGs
[2025-01-02T19:01:16.786+0000] {logging_mixin.py:190} INFO - [2025-01-02T19:01:16.786+0000] {dag.py:4180} INFO - Setting next_dagrun for example_python_operator to None, run_after=None
[2025-01-02T19:01:16.811+0000] {processor.py:208} INFO - Processing /home/airflow/.local/lib/python3.12/site-packages/airflow/example_dags/example_python_operator.py took 0.118 seconds
[2025-01-02T19:01:46.922+0000] {processor.py:186} INFO - Started process (PID=272) to work on /home/airflow/.local/lib/python3.12/site-packages/airflow/example_dags/example_python_operator.py
[2025-01-02T19:01:46.923+0000] {processor.py:914} INFO - Processing file /home/airflow/.local/lib/python3.12/site-packages/airflow/example_dags/example_python_operator.py for tasks to queue
[2025-01-02T19:01:46.925+0000] {logging_mixin.py:190} INFO - [2025-01-02T19:01:46.925+0000] {dagbag.py:588} INFO - Filling up the DagBag from /home/airflow/.local/lib/python3.12/site-packages/airflow/example_dags/example_python_operator.py
[2025-01-02T19:01:46.942+0000] {processor.py:925} INFO - DAG(s) 'example_python_operator' retrieved from /home/airflow/.local/lib/python3.12/site-packages/airflow/example_dags/example_python_operator.py
[2025-01-02T19:01:46.964+0000] {logging_mixin.py:190} INFO - [2025-01-02T19:01:46.964+0000] {dag.py:3239} INFO - Sync 1 DAGs
[2025-01-02T19:01:46.979+0000] {logging_mixin.py:190} INFO - [2025-01-02T19:01:46.979+0000] {dag.py:4180} INFO - Setting next_dagrun for example_python_operator to None, run_after=None
[2025-01-02T19:01:46.997+0000] {processor.py:208} INFO - Processing /home/airflow/.local/lib/python3.12/site-packages/airflow/example_dags/example_python_operator.py took 0.082 seconds
[2025-01-02T19:02:17.578+0000] {processor.py:186} INFO - Started process (PID=335) to work on /home/airflow/.local/lib/python3.12/site-packages/airflow/example_dags/example_python_operator.py
[2025-01-02T19:02:17.580+0000] {processor.py:914} INFO - Processing file /home/airflow/.local/lib/python3.12/site-packages/airflow/example_dags/example_python_operator.py for tasks to queue
[2025-01-02T19:02:17.584+0000] {logging_mixin.py:190} INFO - [2025-01-02T19:02:17.584+0000] {dagbag.py:588} INFO - Filling up the DagBag from /home/airflow/.local/lib/python3.12/site-packages/airflow/example_dags/example_python_operator.py
[2025-01-02T19:02:17.609+0000] {processor.py:925} INFO - DAG(s) 'example_python_operator' retrieved from /home/airflow/.local/lib/python3.12/site-packages/airflow/example_dags/example_python_operator.py
[2025-01-02T19:02:17.643+0000] {logging_mixin.py:190} INFO - [2025-01-02T19:02:17.642+0000] {dag.py:3239} INFO - Sync 1 DAGs
[2025-01-02T19:02:17.665+0000] {logging_mixin.py:190} INFO - [2025-01-02T19:02:17.664+0000] {dag.py:4180} INFO - Setting next_dagrun for example_python_operator to None, run_after=None
[2025-01-02T19:02:17.689+0000] {processor.py:208} INFO - Processing /home/airflow/.local/lib/python3.12/site-packages/airflow/example_dags/example_python_operator.py took 0.119 seconds
[2025-01-02T19:02:48.147+0000] {processor.py:186} INFO - Started process (PID=398) to work on /home/airflow/.local/lib/python3.12/site-packages/airflow/example_dags/example_python_operator.py
[2025-01-02T19:02:48.148+0000] {processor.py:914} INFO - Processing file /home/airflow/.local/lib/python3.12/site-packages/airflow/example_dags/example_python_operator.py for tasks to queue
[2025-01-02T19:02:48.166+0000] {logging_mixin.py:190} INFO - [2025-01-02T19:02:48.166+0000] {dagbag.py:588} INFO - Filling up the DagBag from /home/airflow/.local/lib/python3.12/site-packages/airflow/example_dags/example_python_operator.py
[2025-01-02T19:02:48.232+0000] {processor.py:925} INFO - DAG(s) 'example_python_operator' retrieved from /home/airflow/.local/lib/python3.12/site-packages/airflow/example_dags/example_python_operator.py
[2025-01-02T19:02:48.340+0000] {logging_mixin.py:190} INFO - [2025-01-02T19:02:48.340+0000] {dag.py:3239} INFO - Sync 1 DAGs
[2025-01-02T19:02:48.402+0000] {logging_mixin.py:190} INFO - [2025-01-02T19:02:48.402+0000] {dag.py:4180} INFO - Setting next_dagrun for example_python_operator to None, run_after=None
[2025-01-02T19:02:48.478+0000] {processor.py:208} INFO - Processing /home/airflow/.local/lib/python3.12/site-packages/airflow/example_dags/example_python_operator.py took 0.356 seconds
[2025-01-02T19:03:19.255+0000] {processor.py:186} INFO - Started process (PID=461) to work on /home/airflow/.local/lib/python3.12/site-packages/airflow/example_dags/example_python_operator.py
[2025-01-02T19:03:19.276+0000] {processor.py:914} INFO - Processing file /home/airflow/.local/lib/python3.12/site-packages/airflow/example_dags/example_python_operator.py for tasks to queue
[2025-01-02T19:03:19.280+0000] {logging_mixin.py:190} INFO - [2025-01-02T19:03:19.279+0000] {dagbag.py:588} INFO - Filling up the DagBag from /home/airflow/.local/lib/python3.12/site-packages/airflow/example_dags/example_python_operator.py
[2025-01-02T19:03:19.299+0000] {processor.py:925} INFO - DAG(s) 'example_python_operator' retrieved from /home/airflow/.local/lib/python3.12/site-packages/airflow/example_dags/example_python_operator.py
[2025-01-02T19:03:19.347+0000] {logging_mixin.py:190} INFO - [2025-01-02T19:03:19.347+0000] {dag.py:3239} INFO - Sync 1 DAGs
[2025-01-02T19:03:19.370+0000] {logging_mixin.py:190} INFO - [2025-01-02T19:03:19.370+0000] {dag.py:4180} INFO - Setting next_dagrun for example_python_operator to None, run_after=None
[2025-01-02T19:03:19.397+0000] {processor.py:208} INFO - Processing /home/airflow/.local/lib/python3.12/site-packages/airflow/example_dags/example_python_operator.py took 0.151 seconds
[2025-01-02T19:03:50.085+0000] {processor.py:186} INFO - Started process (PID=524) to work on /home/airflow/.local/lib/python3.12/site-packages/airflow/example_dags/example_python_operator.py
[2025-01-02T19:03:50.086+0000] {processor.py:914} INFO - Processing file /home/airflow/.local/lib/python3.12/site-packages/airflow/example_dags/example_python_operator.py for tasks to queue
[2025-01-02T19:03:50.089+0000] {logging_mixin.py:190} INFO - [2025-01-02T19:03:50.089+0000] {dagbag.py:588} INFO - Filling up the DagBag from /home/airflow/.local/lib/python3.12/site-packages/airflow/example_dags/example_python_operator.py
[2025-01-02T19:03:50.108+0000] {processor.py:925} INFO - DAG(s) 'example_python_operator' retrieved from /home/airflow/.local/lib/python3.12/site-packages/airflow/example_dags/example_python_operator.py
[2025-01-02T19:03:50.139+0000] {logging_mixin.py:190} INFO - [2025-01-02T19:03:50.139+0000] {dag.py:3239} INFO - Sync 1 DAGs
[2025-01-02T19:03:50.160+0000] {logging_mixin.py:190} INFO - [2025-01-02T19:03:50.160+0000] {dag.py:4180} INFO - Setting next_dagrun for example_python_operator to None, run_after=None
[2025-01-02T19:03:50.185+0000] {processor.py:208} INFO - Processing /home/airflow/.local/lib/python3.12/site-packages/airflow/example_dags/example_python_operator.py took 0.109 seconds
[2025-01-02T19:04:20.495+0000] {processor.py:186} INFO - Started process (PID=587) to work on /home/airflow/.local/lib/python3.12/site-packages/airflow/example_dags/example_python_operator.py
[2025-01-02T19:04:20.513+0000] {processor.py:914} INFO - Processing file /home/airflow/.local/lib/python3.12/site-packages/airflow/example_dags/example_python_operator.py for tasks to queue
[2025-01-02T19:04:20.516+0000] {logging_mixin.py:190} INFO - [2025-01-02T19:04:20.516+0000] {dagbag.py:588} INFO - Filling up the DagBag from /home/airflow/.local/lib/python3.12/site-packages/airflow/example_dags/example_python_operator.py
[2025-01-02T19:04:20.536+0000] {processor.py:925} INFO - DAG(s) 'example_python_operator' retrieved from /home/airflow/.local/lib/python3.12/site-packages/airflow/example_dags/example_python_operator.py
[2025-01-02T19:04:20.567+0000] {logging_mixin.py:190} INFO - [2025-01-02T19:04:20.567+0000] {dag.py:3239} INFO - Sync 1 DAGs
[2025-01-02T19:04:20.589+0000] {logging_mixin.py:190} INFO - [2025-01-02T19:04:20.588+0000] {dag.py:4180} INFO - Setting next_dagrun for example_python_operator to None, run_after=None
[2025-01-02T19:04:20.613+0000] {processor.py:208} INFO - Processing /home/airflow/.local/lib/python3.12/site-packages/airflow/example_dags/example_python_operator.py took 0.128 seconds
[2025-01-02T19:04:50.933+0000] {processor.py:186} INFO - Started process (PID=650) to work on /home/airflow/.local/lib/python3.12/site-packages/airflow/example_dags/example_python_operator.py
[2025-01-02T19:04:50.934+0000] {processor.py:914} INFO - Processing file /home/airflow/.local/lib/python3.12/site-packages/airflow/example_dags/example_python_operator.py for tasks to queue
[2025-01-02T19:04:50.938+0000] {logging_mixin.py:190} INFO - [2025-01-02T19:04:50.937+0000] {dagbag.py:588} INFO - Filling up the DagBag from /home/airflow/.local/lib/python3.12/site-packages/airflow/example_dags/example_python_operator.py
[2025-01-02T19:04:50.960+0000] {processor.py:925} INFO - DAG(s) 'example_python_operator' retrieved from /home/airflow/.local/lib/python3.12/site-packages/airflow/example_dags/example_python_operator.py
[2025-01-02T19:04:50.992+0000] {logging_mixin.py:190} INFO - [2025-01-02T19:04:50.992+0000] {dag.py:3239} INFO - Sync 1 DAGs
[2025-01-02T19:04:51.013+0000] {logging_mixin.py:190} INFO - [2025-01-02T19:04:51.013+0000] {dag.py:4180} INFO - Setting next_dagrun for example_python_operator to None, run_after=None
[2025-01-02T19:04:51.039+0000] {processor.py:208} INFO - Processing /home/airflow/.local/lib/python3.12/site-packages/airflow/example_dags/example_python_operator.py took 0.116 seconds
