[2025-01-02T18:55:13.068+0000] {processor.py:186} INFO - Started process (PID=75) to work on /home/airflow/.local/lib/python3.12/site-packages/airflow/example_dags/example_setup_teardown.py
[2025-01-02T18:55:13.084+0000] {processor.py:914} INFO - Processing file /home/airflow/.local/lib/python3.12/site-packages/airflow/example_dags/example_setup_teardown.py for tasks to queue
[2025-01-02T18:55:13.087+0000] {logging_mixin.py:190} INFO - [2025-01-02T18:55:13.087+0000] {dagbag.py:588} INFO - Filling up the DagBag from /home/airflow/.local/lib/python3.12/site-packages/airflow/example_dags/example_setup_teardown.py
[2025-01-02T18:55:13.173+0000] {processor.py:925} INFO - DAG(s) 'example_setup_teardown' retrieved from /home/airflow/.local/lib/python3.12/site-packages/airflow/example_dags/example_setup_teardown.py
[2025-01-02T18:55:13.908+0000] {logging_mixin.py:190} INFO - [2025-01-02T18:55:13.907+0000] {override.py:1911} INFO - Created Permission View: can edit on DAG:example_setup_teardown
[2025-01-02T18:55:13.964+0000] {logging_mixin.py:190} INFO - [2025-01-02T18:55:13.964+0000] {override.py:1911} INFO - Created Permission View: can delete on DAG:example_setup_teardown
[2025-01-02T18:55:13.996+0000] {logging_mixin.py:190} INFO - [2025-01-02T18:55:13.996+0000] {override.py:1911} INFO - Created Permission View: can read on DAG:example_setup_teardown
[2025-01-02T18:55:14.017+0000] {logging_mixin.py:190} INFO - [2025-01-02T18:55:14.017+0000] {override.py:1911} INFO - Created Permission View: can create on DAG Run:example_setup_teardown
[2025-01-02T18:55:14.064+0000] {logging_mixin.py:190} INFO - [2025-01-02T18:55:14.064+0000] {override.py:1911} INFO - Created Permission View: can delete on DAG Run:example_setup_teardown
[2025-01-02T18:55:14.089+0000] {logging_mixin.py:190} INFO - [2025-01-02T18:55:14.088+0000] {override.py:1911} INFO - Created Permission View: menu access on DAG Run:example_setup_teardown
[2025-01-02T18:55:14.119+0000] {logging_mixin.py:190} INFO - [2025-01-02T18:55:14.119+0000] {override.py:1911} INFO - Created Permission View: can read on DAG Run:example_setup_teardown
[2025-01-02T18:55:14.120+0000] {logging_mixin.py:190} INFO - [2025-01-02T18:55:14.119+0000] {dag.py:3239} INFO - Sync 1 DAGs
[2025-01-02T18:55:14.184+0000] {logging_mixin.py:190} INFO - [2025-01-02T18:55:14.183+0000] {dag.py:3262} INFO - Creating ORM DAG for example_setup_teardown
[2025-01-02T18:55:14.185+0000] {logging_mixin.py:190} INFO - [2025-01-02T18:55:14.184+0000] {dag.py:4180} INFO - Setting next_dagrun for example_setup_teardown to None, run_after=None
[2025-01-02T18:55:14.272+0000] {processor.py:208} INFO - Processing /home/airflow/.local/lib/python3.12/site-packages/airflow/example_dags/example_setup_teardown.py took 1.249 seconds
[2025-01-02T18:55:51.946+0000] {processor.py:186} INFO - Started process (PID=138) to work on /home/airflow/.local/lib/python3.12/site-packages/airflow/example_dags/example_setup_teardown.py
[2025-01-02T18:55:51.948+0000] {processor.py:914} INFO - Processing file /home/airflow/.local/lib/python3.12/site-packages/airflow/example_dags/example_setup_teardown.py for tasks to queue
[2025-01-02T18:55:51.952+0000] {logging_mixin.py:190} INFO - [2025-01-02T18:55:51.951+0000] {dagbag.py:588} INFO - Filling up the DagBag from /home/airflow/.local/lib/python3.12/site-packages/airflow/example_dags/example_setup_teardown.py
[2025-01-02T18:55:51.965+0000] {processor.py:925} INFO - DAG(s) 'example_setup_teardown' retrieved from /home/airflow/.local/lib/python3.12/site-packages/airflow/example_dags/example_setup_teardown.py
[2025-01-02T18:55:51.994+0000] {logging_mixin.py:190} INFO - [2025-01-02T18:55:51.994+0000] {dag.py:3239} INFO - Sync 1 DAGs
[2025-01-02T18:55:52.015+0000] {logging_mixin.py:190} INFO - [2025-01-02T18:55:52.015+0000] {dag.py:4180} INFO - Setting next_dagrun for example_setup_teardown to None, run_after=None
[2025-01-02T18:55:52.041+0000] {processor.py:208} INFO - Processing /home/airflow/.local/lib/python3.12/site-packages/airflow/example_dags/example_setup_teardown.py took 0.104 seconds
[2025-01-02T18:56:23.176+0000] {processor.py:186} INFO - Started process (PID=199) to work on /home/airflow/.local/lib/python3.12/site-packages/airflow/example_dags/example_setup_teardown.py
[2025-01-02T18:56:23.181+0000] {processor.py:914} INFO - Processing file /home/airflow/.local/lib/python3.12/site-packages/airflow/example_dags/example_setup_teardown.py for tasks to queue
[2025-01-02T18:56:23.185+0000] {logging_mixin.py:190} INFO - [2025-01-02T18:56:23.184+0000] {dagbag.py:588} INFO - Filling up the DagBag from /home/airflow/.local/lib/python3.12/site-packages/airflow/example_dags/example_setup_teardown.py
[2025-01-02T18:56:23.214+0000] {processor.py:925} INFO - DAG(s) 'example_setup_teardown' retrieved from /home/airflow/.local/lib/python3.12/site-packages/airflow/example_dags/example_setup_teardown.py
[2025-01-02T18:56:23.295+0000] {logging_mixin.py:190} INFO - [2025-01-02T18:56:23.293+0000] {dag.py:3239} INFO - Sync 1 DAGs
[2025-01-02T18:56:23.340+0000] {logging_mixin.py:190} INFO - [2025-01-02T18:56:23.340+0000] {dag.py:4180} INFO - Setting next_dagrun for example_setup_teardown to None, run_after=None
[2025-01-02T18:56:23.380+0000] {processor.py:208} INFO - Processing /home/airflow/.local/lib/python3.12/site-packages/airflow/example_dags/example_setup_teardown.py took 0.217 seconds
[2025-01-02T18:56:54.526+0000] {processor.py:186} INFO - Started process (PID=262) to work on /home/airflow/.local/lib/python3.12/site-packages/airflow/example_dags/example_setup_teardown.py
[2025-01-02T18:56:54.528+0000] {processor.py:914} INFO - Processing file /home/airflow/.local/lib/python3.12/site-packages/airflow/example_dags/example_setup_teardown.py for tasks to queue
[2025-01-02T18:56:54.531+0000] {logging_mixin.py:190} INFO - [2025-01-02T18:56:54.531+0000] {dagbag.py:588} INFO - Filling up the DagBag from /home/airflow/.local/lib/python3.12/site-packages/airflow/example_dags/example_setup_teardown.py
[2025-01-02T18:56:54.577+0000] {processor.py:925} INFO - DAG(s) 'example_setup_teardown' retrieved from /home/airflow/.local/lib/python3.12/site-packages/airflow/example_dags/example_setup_teardown.py
[2025-01-02T18:56:54.662+0000] {logging_mixin.py:190} INFO - [2025-01-02T18:56:54.661+0000] {dag.py:3239} INFO - Sync 1 DAGs
[2025-01-02T18:56:54.723+0000] {logging_mixin.py:190} INFO - [2025-01-02T18:56:54.723+0000] {dag.py:4180} INFO - Setting next_dagrun for example_setup_teardown to None, run_after=None
[2025-01-02T18:56:54.797+0000] {processor.py:208} INFO - Processing /home/airflow/.local/lib/python3.12/site-packages/airflow/example_dags/example_setup_teardown.py took 0.318 seconds
[2025-01-02T18:57:25.001+0000] {processor.py:186} INFO - Started process (PID=325) to work on /home/airflow/.local/lib/python3.12/site-packages/airflow/example_dags/example_setup_teardown.py
[2025-01-02T18:57:25.003+0000] {processor.py:914} INFO - Processing file /home/airflow/.local/lib/python3.12/site-packages/airflow/example_dags/example_setup_teardown.py for tasks to queue
[2025-01-02T18:57:25.006+0000] {logging_mixin.py:190} INFO - [2025-01-02T18:57:25.006+0000] {dagbag.py:588} INFO - Filling up the DagBag from /home/airflow/.local/lib/python3.12/site-packages/airflow/example_dags/example_setup_teardown.py
[2025-01-02T18:57:25.020+0000] {processor.py:925} INFO - DAG(s) 'example_setup_teardown' retrieved from /home/airflow/.local/lib/python3.12/site-packages/airflow/example_dags/example_setup_teardown.py
[2025-01-02T18:57:25.050+0000] {logging_mixin.py:190} INFO - [2025-01-02T18:57:25.050+0000] {dag.py:3239} INFO - Sync 1 DAGs
[2025-01-02T18:57:25.088+0000] {logging_mixin.py:190} INFO - [2025-01-02T18:57:25.088+0000] {dag.py:4180} INFO - Setting next_dagrun for example_setup_teardown to None, run_after=None
[2025-01-02T18:57:25.109+0000] {processor.py:208} INFO - Processing /home/airflow/.local/lib/python3.12/site-packages/airflow/example_dags/example_setup_teardown.py took 0.117 seconds
[2025-01-02T19:00:12.296+0000] {processor.py:186} INFO - Started process (PID=70) to work on /home/airflow/.local/lib/python3.12/site-packages/airflow/example_dags/example_setup_teardown.py
[2025-01-02T19:00:12.305+0000] {processor.py:914} INFO - Processing file /home/airflow/.local/lib/python3.12/site-packages/airflow/example_dags/example_setup_teardown.py for tasks to queue
[2025-01-02T19:00:12.334+0000] {logging_mixin.py:190} INFO - [2025-01-02T19:00:12.308+0000] {dagbag.py:588} INFO - Filling up the DagBag from /home/airflow/.local/lib/python3.12/site-packages/airflow/example_dags/example_setup_teardown.py
[2025-01-02T19:00:12.376+0000] {processor.py:925} INFO - DAG(s) 'example_setup_teardown' retrieved from /home/airflow/.local/lib/python3.12/site-packages/airflow/example_dags/example_setup_teardown.py
[2025-01-02T19:00:12.460+0000] {logging_mixin.py:190} INFO - [2025-01-02T19:00:12.460+0000] {dag.py:3239} INFO - Sync 1 DAGs
[2025-01-02T19:00:12.496+0000] {logging_mixin.py:190} INFO - [2025-01-02T19:00:12.496+0000] {dag.py:4180} INFO - Setting next_dagrun for example_setup_teardown to None, run_after=None
[2025-01-02T19:00:12.557+0000] {processor.py:208} INFO - Processing /home/airflow/.local/lib/python3.12/site-packages/airflow/example_dags/example_setup_teardown.py took 0.289 seconds
[2025-01-02T19:00:43.371+0000] {processor.py:186} INFO - Started process (PID=133) to work on /home/airflow/.local/lib/python3.12/site-packages/airflow/example_dags/example_setup_teardown.py
[2025-01-02T19:00:43.374+0000] {processor.py:914} INFO - Processing file /home/airflow/.local/lib/python3.12/site-packages/airflow/example_dags/example_setup_teardown.py for tasks to queue
[2025-01-02T19:00:43.378+0000] {logging_mixin.py:190} INFO - [2025-01-02T19:00:43.377+0000] {dagbag.py:588} INFO - Filling up the DagBag from /home/airflow/.local/lib/python3.12/site-packages/airflow/example_dags/example_setup_teardown.py
[2025-01-02T19:00:43.394+0000] {processor.py:925} INFO - DAG(s) 'example_setup_teardown' retrieved from /home/airflow/.local/lib/python3.12/site-packages/airflow/example_dags/example_setup_teardown.py
[2025-01-02T19:00:43.422+0000] {logging_mixin.py:190} INFO - [2025-01-02T19:00:43.422+0000] {dag.py:3239} INFO - Sync 1 DAGs
[2025-01-02T19:00:43.444+0000] {logging_mixin.py:190} INFO - [2025-01-02T19:00:43.444+0000] {dag.py:4180} INFO - Setting next_dagrun for example_setup_teardown to None, run_after=None
[2025-01-02T19:00:43.467+0000] {processor.py:208} INFO - Processing /home/airflow/.local/lib/python3.12/site-packages/airflow/example_dags/example_setup_teardown.py took 0.111 seconds
[2025-01-02T19:01:13.664+0000] {processor.py:186} INFO - Started process (PID=196) to work on /home/airflow/.local/lib/python3.12/site-packages/airflow/example_dags/example_setup_teardown.py
[2025-01-02T19:01:13.665+0000] {processor.py:914} INFO - Processing file /home/airflow/.local/lib/python3.12/site-packages/airflow/example_dags/example_setup_teardown.py for tasks to queue
[2025-01-02T19:01:13.669+0000] {logging_mixin.py:190} INFO - [2025-01-02T19:01:13.668+0000] {dagbag.py:588} INFO - Filling up the DagBag from /home/airflow/.local/lib/python3.12/site-packages/airflow/example_dags/example_setup_teardown.py
[2025-01-02T19:01:13.682+0000] {processor.py:925} INFO - DAG(s) 'example_setup_teardown' retrieved from /home/airflow/.local/lib/python3.12/site-packages/airflow/example_dags/example_setup_teardown.py
[2025-01-02T19:01:13.714+0000] {logging_mixin.py:190} INFO - [2025-01-02T19:01:13.714+0000] {dag.py:3239} INFO - Sync 1 DAGs
[2025-01-02T19:01:13.736+0000] {logging_mixin.py:190} INFO - [2025-01-02T19:01:13.736+0000] {dag.py:4180} INFO - Setting next_dagrun for example_setup_teardown to None, run_after=None
[2025-01-02T19:01:13.760+0000] {processor.py:208} INFO - Processing /home/airflow/.local/lib/python3.12/site-packages/airflow/example_dags/example_setup_teardown.py took 0.105 seconds
[2025-01-02T19:01:43.904+0000] {processor.py:186} INFO - Started process (PID=259) to work on /home/airflow/.local/lib/python3.12/site-packages/airflow/example_dags/example_setup_teardown.py
[2025-01-02T19:01:43.905+0000] {processor.py:914} INFO - Processing file /home/airflow/.local/lib/python3.12/site-packages/airflow/example_dags/example_setup_teardown.py for tasks to queue
[2025-01-02T19:01:43.908+0000] {logging_mixin.py:190} INFO - [2025-01-02T19:01:43.908+0000] {dagbag.py:588} INFO - Filling up the DagBag from /home/airflow/.local/lib/python3.12/site-packages/airflow/example_dags/example_setup_teardown.py
[2025-01-02T19:01:43.922+0000] {processor.py:925} INFO - DAG(s) 'example_setup_teardown' retrieved from /home/airflow/.local/lib/python3.12/site-packages/airflow/example_dags/example_setup_teardown.py
[2025-01-02T19:01:43.951+0000] {logging_mixin.py:190} INFO - [2025-01-02T19:01:43.951+0000] {dag.py:3239} INFO - Sync 1 DAGs
[2025-01-02T19:01:43.980+0000] {logging_mixin.py:190} INFO - [2025-01-02T19:01:43.980+0000] {dag.py:4180} INFO - Setting next_dagrun for example_setup_teardown to None, run_after=None
[2025-01-02T19:01:44.003+0000] {processor.py:208} INFO - Processing /home/airflow/.local/lib/python3.12/site-packages/airflow/example_dags/example_setup_teardown.py took 0.109 seconds
[2025-01-02T19:02:14.385+0000] {processor.py:186} INFO - Started process (PID=322) to work on /home/airflow/.local/lib/python3.12/site-packages/airflow/example_dags/example_setup_teardown.py
[2025-01-02T19:02:14.395+0000] {processor.py:914} INFO - Processing file /home/airflow/.local/lib/python3.12/site-packages/airflow/example_dags/example_setup_teardown.py for tasks to queue
[2025-01-02T19:02:14.398+0000] {logging_mixin.py:190} INFO - [2025-01-02T19:02:14.397+0000] {dagbag.py:588} INFO - Filling up the DagBag from /home/airflow/.local/lib/python3.12/site-packages/airflow/example_dags/example_setup_teardown.py
[2025-01-02T19:02:14.424+0000] {processor.py:925} INFO - DAG(s) 'example_setup_teardown' retrieved from /home/airflow/.local/lib/python3.12/site-packages/airflow/example_dags/example_setup_teardown.py
[2025-01-02T19:02:14.464+0000] {logging_mixin.py:190} INFO - [2025-01-02T19:02:14.464+0000] {dag.py:3239} INFO - Sync 1 DAGs
[2025-01-02T19:02:14.486+0000] {logging_mixin.py:190} INFO - [2025-01-02T19:02:14.486+0000] {dag.py:4180} INFO - Setting next_dagrun for example_setup_teardown to None, run_after=None
[2025-01-02T19:02:14.527+0000] {processor.py:208} INFO - Processing /home/airflow/.local/lib/python3.12/site-packages/airflow/example_dags/example_setup_teardown.py took 0.153 seconds
[2025-01-02T19:02:45.289+0000] {processor.py:186} INFO - Started process (PID=385) to work on /home/airflow/.local/lib/python3.12/site-packages/airflow/example_dags/example_setup_teardown.py
[2025-01-02T19:02:45.290+0000] {processor.py:914} INFO - Processing file /home/airflow/.local/lib/python3.12/site-packages/airflow/example_dags/example_setup_teardown.py for tasks to queue
[2025-01-02T19:02:45.294+0000] {logging_mixin.py:190} INFO - [2025-01-02T19:02:45.293+0000] {dagbag.py:588} INFO - Filling up the DagBag from /home/airflow/.local/lib/python3.12/site-packages/airflow/example_dags/example_setup_teardown.py
[2025-01-02T19:02:45.332+0000] {processor.py:925} INFO - DAG(s) 'example_setup_teardown' retrieved from /home/airflow/.local/lib/python3.12/site-packages/airflow/example_dags/example_setup_teardown.py
[2025-01-02T19:02:45.373+0000] {logging_mixin.py:190} INFO - [2025-01-02T19:02:45.372+0000] {dag.py:3239} INFO - Sync 1 DAGs
[2025-01-02T19:02:45.395+0000] {logging_mixin.py:190} INFO - [2025-01-02T19:02:45.395+0000] {dag.py:4180} INFO - Setting next_dagrun for example_setup_teardown to None, run_after=None
[2025-01-02T19:02:45.486+0000] {processor.py:208} INFO - Processing /home/airflow/.local/lib/python3.12/site-packages/airflow/example_dags/example_setup_teardown.py took 0.228 seconds
[2025-01-02T19:03:16.353+0000] {processor.py:186} INFO - Started process (PID=448) to work on /home/airflow/.local/lib/python3.12/site-packages/airflow/example_dags/example_setup_teardown.py
[2025-01-02T19:03:16.355+0000] {processor.py:914} INFO - Processing file /home/airflow/.local/lib/python3.12/site-packages/airflow/example_dags/example_setup_teardown.py for tasks to queue
[2025-01-02T19:03:16.359+0000] {logging_mixin.py:190} INFO - [2025-01-02T19:03:16.358+0000] {dagbag.py:588} INFO - Filling up the DagBag from /home/airflow/.local/lib/python3.12/site-packages/airflow/example_dags/example_setup_teardown.py
[2025-01-02T19:03:16.372+0000] {processor.py:925} INFO - DAG(s) 'example_setup_teardown' retrieved from /home/airflow/.local/lib/python3.12/site-packages/airflow/example_dags/example_setup_teardown.py
[2025-01-02T19:03:16.402+0000] {logging_mixin.py:190} INFO - [2025-01-02T19:03:16.401+0000] {dag.py:3239} INFO - Sync 1 DAGs
[2025-01-02T19:03:16.426+0000] {logging_mixin.py:190} INFO - [2025-01-02T19:03:16.426+0000] {dag.py:4180} INFO - Setting next_dagrun for example_setup_teardown to None, run_after=None
[2025-01-02T19:03:16.452+0000] {processor.py:208} INFO - Processing /home/airflow/.local/lib/python3.12/site-packages/airflow/example_dags/example_setup_teardown.py took 0.109 seconds
[2025-01-02T19:03:47.076+0000] {processor.py:186} INFO - Started process (PID=511) to work on /home/airflow/.local/lib/python3.12/site-packages/airflow/example_dags/example_setup_teardown.py
[2025-01-02T19:03:47.077+0000] {processor.py:914} INFO - Processing file /home/airflow/.local/lib/python3.12/site-packages/airflow/example_dags/example_setup_teardown.py for tasks to queue
[2025-01-02T19:03:47.081+0000] {logging_mixin.py:190} INFO - [2025-01-02T19:03:47.080+0000] {dagbag.py:588} INFO - Filling up the DagBag from /home/airflow/.local/lib/python3.12/site-packages/airflow/example_dags/example_setup_teardown.py
[2025-01-02T19:03:47.099+0000] {processor.py:925} INFO - DAG(s) 'example_setup_teardown' retrieved from /home/airflow/.local/lib/python3.12/site-packages/airflow/example_dags/example_setup_teardown.py
[2025-01-02T19:03:47.128+0000] {logging_mixin.py:190} INFO - [2025-01-02T19:03:47.128+0000] {dag.py:3239} INFO - Sync 1 DAGs
[2025-01-02T19:03:47.150+0000] {logging_mixin.py:190} INFO - [2025-01-02T19:03:47.150+0000] {dag.py:4180} INFO - Setting next_dagrun for example_setup_teardown to None, run_after=None
[2025-01-02T19:03:47.173+0000] {processor.py:208} INFO - Processing /home/airflow/.local/lib/python3.12/site-packages/airflow/example_dags/example_setup_teardown.py took 0.110 seconds
[2025-01-02T19:04:17.559+0000] {processor.py:186} INFO - Started process (PID=574) to work on /home/airflow/.local/lib/python3.12/site-packages/airflow/example_dags/example_setup_teardown.py
[2025-01-02T19:04:17.561+0000] {processor.py:914} INFO - Processing file /home/airflow/.local/lib/python3.12/site-packages/airflow/example_dags/example_setup_teardown.py for tasks to queue
[2025-01-02T19:04:17.564+0000] {logging_mixin.py:190} INFO - [2025-01-02T19:04:17.564+0000] {dagbag.py:588} INFO - Filling up the DagBag from /home/airflow/.local/lib/python3.12/site-packages/airflow/example_dags/example_setup_teardown.py
[2025-01-02T19:04:17.577+0000] {processor.py:925} INFO - DAG(s) 'example_setup_teardown' retrieved from /home/airflow/.local/lib/python3.12/site-packages/airflow/example_dags/example_setup_teardown.py
[2025-01-02T19:04:17.605+0000] {logging_mixin.py:190} INFO - [2025-01-02T19:04:17.605+0000] {dag.py:3239} INFO - Sync 1 DAGs
[2025-01-02T19:04:17.627+0000] {logging_mixin.py:190} INFO - [2025-01-02T19:04:17.627+0000] {dag.py:4180} INFO - Setting next_dagrun for example_setup_teardown to None, run_after=None
[2025-01-02T19:04:17.651+0000] {processor.py:208} INFO - Processing /home/airflow/.local/lib/python3.12/site-packages/airflow/example_dags/example_setup_teardown.py took 0.105 seconds
[2025-01-02T19:04:47.983+0000] {processor.py:186} INFO - Started process (PID=637) to work on /home/airflow/.local/lib/python3.12/site-packages/airflow/example_dags/example_setup_teardown.py
[2025-01-02T19:04:47.985+0000] {processor.py:914} INFO - Processing file /home/airflow/.local/lib/python3.12/site-packages/airflow/example_dags/example_setup_teardown.py for tasks to queue
[2025-01-02T19:04:47.989+0000] {logging_mixin.py:190} INFO - [2025-01-02T19:04:47.988+0000] {dagbag.py:588} INFO - Filling up the DagBag from /home/airflow/.local/lib/python3.12/site-packages/airflow/example_dags/example_setup_teardown.py
[2025-01-02T19:04:48.002+0000] {processor.py:925} INFO - DAG(s) 'example_setup_teardown' retrieved from /home/airflow/.local/lib/python3.12/site-packages/airflow/example_dags/example_setup_teardown.py
[2025-01-02T19:04:48.029+0000] {logging_mixin.py:190} INFO - [2025-01-02T19:04:48.028+0000] {dag.py:3239} INFO - Sync 1 DAGs
[2025-01-02T19:04:48.050+0000] {logging_mixin.py:190} INFO - [2025-01-02T19:04:48.050+0000] {dag.py:4180} INFO - Setting next_dagrun for example_setup_teardown to None, run_after=None
[2025-01-02T19:04:48.075+0000] {processor.py:208} INFO - Processing /home/airflow/.local/lib/python3.12/site-packages/airflow/example_dags/example_setup_teardown.py took 0.105 seconds
