[2025-01-02T18:55:20.197+0000] {processor.py:186} INFO - Started process (PID=83) to work on /home/airflow/.local/lib/python3.12/site-packages/airflow/example_dags/example_local_kubernetes_executor.py
[2025-01-02T18:55:20.198+0000] {processor.py:914} INFO - Processing file /home/airflow/.local/lib/python3.12/site-packages/airflow/example_dags/example_local_kubernetes_executor.py for tasks to queue
[2025-01-02T18:55:20.214+0000] {logging_mixin.py:190} INFO - [2025-01-02T18:55:20.213+0000] {dagbag.py:588} INFO - Filling up the DagBag from /home/airflow/.local/lib/python3.12/site-packages/airflow/example_dags/example_local_kubernetes_executor.py
[2025-01-02T18:55:20.280+0000] {processor.py:925} INFO - DAG(s) 'example_local_kubernetes_executor' retrieved from /home/airflow/.local/lib/python3.12/site-packages/airflow/example_dags/example_local_kubernetes_executor.py
[2025-01-02T18:55:20.907+0000] {logging_mixin.py:190} INFO - [2025-01-02T18:55:20.906+0000] {override.py:1911} INFO - Created Permission View: can edit on DAG:example_local_kubernetes_executor
[2025-01-02T18:55:20.948+0000] {logging_mixin.py:190} INFO - [2025-01-02T18:55:20.948+0000] {override.py:1911} INFO - Created Permission View: can delete on DAG:example_local_kubernetes_executor
[2025-01-02T18:55:21.007+0000] {logging_mixin.py:190} INFO - [2025-01-02T18:55:21.007+0000] {override.py:1911} INFO - Created Permission View: can read on DAG:example_local_kubernetes_executor
[2025-01-02T18:55:21.055+0000] {logging_mixin.py:190} INFO - [2025-01-02T18:55:21.054+0000] {override.py:1911} INFO - Created Permission View: can create on DAG Run:example_local_kubernetes_executor
[2025-01-02T18:55:21.087+0000] {logging_mixin.py:190} INFO - [2025-01-02T18:55:21.086+0000] {override.py:1911} INFO - Created Permission View: can delete on DAG Run:example_local_kubernetes_executor
[2025-01-02T18:55:21.119+0000] {logging_mixin.py:190} INFO - [2025-01-02T18:55:21.118+0000] {override.py:1911} INFO - Created Permission View: menu access on DAG Run:example_local_kubernetes_executor
[2025-01-02T18:55:21.158+0000] {logging_mixin.py:190} INFO - [2025-01-02T18:55:21.157+0000] {override.py:1911} INFO - Created Permission View: can read on DAG Run:example_local_kubernetes_executor
[2025-01-02T18:55:21.158+0000] {logging_mixin.py:190} INFO - [2025-01-02T18:55:21.158+0000] {dag.py:3239} INFO - Sync 1 DAGs
[2025-01-02T18:55:21.220+0000] {logging_mixin.py:190} INFO - [2025-01-02T18:55:21.220+0000] {dag.py:3262} INFO - Creating ORM DAG for example_local_kubernetes_executor
[2025-01-02T18:55:21.221+0000] {logging_mixin.py:190} INFO - [2025-01-02T18:55:21.221+0000] {dag.py:4180} INFO - Setting next_dagrun for example_local_kubernetes_executor to None, run_after=None
[2025-01-02T18:55:21.312+0000] {processor.py:208} INFO - Processing /home/airflow/.local/lib/python3.12/site-packages/airflow/example_dags/example_local_kubernetes_executor.py took 1.150 seconds
[2025-01-02T18:55:52.614+0000] {processor.py:186} INFO - Started process (PID=145) to work on /home/airflow/.local/lib/python3.12/site-packages/airflow/example_dags/example_local_kubernetes_executor.py
[2025-01-02T18:55:52.616+0000] {processor.py:914} INFO - Processing file /home/airflow/.local/lib/python3.12/site-packages/airflow/example_dags/example_local_kubernetes_executor.py for tasks to queue
[2025-01-02T18:55:52.620+0000] {logging_mixin.py:190} INFO - [2025-01-02T18:55:52.619+0000] {dagbag.py:588} INFO - Filling up the DagBag from /home/airflow/.local/lib/python3.12/site-packages/airflow/example_dags/example_local_kubernetes_executor.py
[2025-01-02T18:55:52.631+0000] {processor.py:925} INFO - DAG(s) 'example_local_kubernetes_executor' retrieved from /home/airflow/.local/lib/python3.12/site-packages/airflow/example_dags/example_local_kubernetes_executor.py
[2025-01-02T18:55:52.653+0000] {logging_mixin.py:190} INFO - [2025-01-02T18:55:52.652+0000] {dag.py:3239} INFO - Sync 1 DAGs
[2025-01-02T18:55:52.668+0000] {logging_mixin.py:190} INFO - [2025-01-02T18:55:52.667+0000] {dag.py:4180} INFO - Setting next_dagrun for example_local_kubernetes_executor to None, run_after=None
[2025-01-02T18:55:52.686+0000] {processor.py:208} INFO - Processing /home/airflow/.local/lib/python3.12/site-packages/airflow/example_dags/example_local_kubernetes_executor.py took 0.085 seconds
[2025-01-02T18:56:24.512+0000] {processor.py:186} INFO - Started process (PID=208) to work on /home/airflow/.local/lib/python3.12/site-packages/airflow/example_dags/example_local_kubernetes_executor.py
[2025-01-02T18:56:24.514+0000] {processor.py:914} INFO - Processing file /home/airflow/.local/lib/python3.12/site-packages/airflow/example_dags/example_local_kubernetes_executor.py for tasks to queue
[2025-01-02T18:56:24.517+0000] {logging_mixin.py:190} INFO - [2025-01-02T18:56:24.516+0000] {dagbag.py:588} INFO - Filling up the DagBag from /home/airflow/.local/lib/python3.12/site-packages/airflow/example_dags/example_local_kubernetes_executor.py
[2025-01-02T18:56:24.531+0000] {processor.py:925} INFO - DAG(s) 'example_local_kubernetes_executor' retrieved from /home/airflow/.local/lib/python3.12/site-packages/airflow/example_dags/example_local_kubernetes_executor.py
[2025-01-02T18:56:24.560+0000] {logging_mixin.py:190} INFO - [2025-01-02T18:56:24.560+0000] {dag.py:3239} INFO - Sync 1 DAGs
[2025-01-02T18:56:24.582+0000] {logging_mixin.py:190} INFO - [2025-01-02T18:56:24.582+0000] {dag.py:4180} INFO - Setting next_dagrun for example_local_kubernetes_executor to None, run_after=None
[2025-01-02T18:56:24.610+0000] {processor.py:208} INFO - Processing /home/airflow/.local/lib/python3.12/site-packages/airflow/example_dags/example_local_kubernetes_executor.py took 0.108 seconds
[2025-01-02T18:56:56.431+0000] {processor.py:186} INFO - Started process (PID=270) to work on /home/airflow/.local/lib/python3.12/site-packages/airflow/example_dags/example_local_kubernetes_executor.py
[2025-01-02T18:56:56.445+0000] {processor.py:914} INFO - Processing file /home/airflow/.local/lib/python3.12/site-packages/airflow/example_dags/example_local_kubernetes_executor.py for tasks to queue
[2025-01-02T18:56:56.449+0000] {logging_mixin.py:190} INFO - [2025-01-02T18:56:56.448+0000] {dagbag.py:588} INFO - Filling up the DagBag from /home/airflow/.local/lib/python3.12/site-packages/airflow/example_dags/example_local_kubernetes_executor.py
[2025-01-02T18:56:56.498+0000] {processor.py:925} INFO - DAG(s) 'example_local_kubernetes_executor' retrieved from /home/airflow/.local/lib/python3.12/site-packages/airflow/example_dags/example_local_kubernetes_executor.py
[2025-01-02T18:56:56.583+0000] {logging_mixin.py:190} INFO - [2025-01-02T18:56:56.582+0000] {dag.py:3239} INFO - Sync 1 DAGs
[2025-01-02T18:56:56.632+0000] {logging_mixin.py:190} INFO - [2025-01-02T18:56:56.632+0000] {dag.py:4180} INFO - Setting next_dagrun for example_local_kubernetes_executor to None, run_after=None
[2025-01-02T18:56:56.714+0000] {processor.py:208} INFO - Processing /home/airflow/.local/lib/python3.12/site-packages/airflow/example_dags/example_local_kubernetes_executor.py took 0.304 seconds
[2025-01-02T18:57:27.615+0000] {processor.py:186} INFO - Started process (PID=333) to work on /home/airflow/.local/lib/python3.12/site-packages/airflow/example_dags/example_local_kubernetes_executor.py
[2025-01-02T18:57:27.617+0000] {processor.py:914} INFO - Processing file /home/airflow/.local/lib/python3.12/site-packages/airflow/example_dags/example_local_kubernetes_executor.py for tasks to queue
[2025-01-02T18:57:27.621+0000] {logging_mixin.py:190} INFO - [2025-01-02T18:57:27.620+0000] {dagbag.py:588} INFO - Filling up the DagBag from /home/airflow/.local/lib/python3.12/site-packages/airflow/example_dags/example_local_kubernetes_executor.py
[2025-01-02T18:57:27.637+0000] {processor.py:925} INFO - DAG(s) 'example_local_kubernetes_executor' retrieved from /home/airflow/.local/lib/python3.12/site-packages/airflow/example_dags/example_local_kubernetes_executor.py
[2025-01-02T18:57:27.668+0000] {logging_mixin.py:190} INFO - [2025-01-02T18:57:27.667+0000] {dag.py:3239} INFO - Sync 1 DAGs
[2025-01-02T18:57:27.691+0000] {logging_mixin.py:190} INFO - [2025-01-02T18:57:27.691+0000] {dag.py:4180} INFO - Setting next_dagrun for example_local_kubernetes_executor to None, run_after=None
[2025-01-02T18:57:27.714+0000] {processor.py:208} INFO - Processing /home/airflow/.local/lib/python3.12/site-packages/airflow/example_dags/example_local_kubernetes_executor.py took 0.108 seconds
[2025-01-02T19:00:13.693+0000] {processor.py:186} INFO - Started process (PID=78) to work on /home/airflow/.local/lib/python3.12/site-packages/airflow/example_dags/example_local_kubernetes_executor.py
[2025-01-02T19:00:13.697+0000] {processor.py:914} INFO - Processing file /home/airflow/.local/lib/python3.12/site-packages/airflow/example_dags/example_local_kubernetes_executor.py for tasks to queue
[2025-01-02T19:00:13.701+0000] {logging_mixin.py:190} INFO - [2025-01-02T19:00:13.700+0000] {dagbag.py:588} INFO - Filling up the DagBag from /home/airflow/.local/lib/python3.12/site-packages/airflow/example_dags/example_local_kubernetes_executor.py
[2025-01-02T19:00:13.728+0000] {processor.py:925} INFO - DAG(s) 'example_local_kubernetes_executor' retrieved from /home/airflow/.local/lib/python3.12/site-packages/airflow/example_dags/example_local_kubernetes_executor.py
[2025-01-02T19:00:13.788+0000] {logging_mixin.py:190} INFO - [2025-01-02T19:00:13.787+0000] {dag.py:3239} INFO - Sync 1 DAGs
[2025-01-02T19:00:13.822+0000] {logging_mixin.py:190} INFO - [2025-01-02T19:00:13.821+0000] {dag.py:4180} INFO - Setting next_dagrun for example_local_kubernetes_executor to None, run_after=None
[2025-01-02T19:00:13.869+0000] {processor.py:208} INFO - Processing /home/airflow/.local/lib/python3.12/site-packages/airflow/example_dags/example_local_kubernetes_executor.py took 0.185 seconds
[2025-01-02T19:00:43.956+0000] {processor.py:186} INFO - Started process (PID=140) to work on /home/airflow/.local/lib/python3.12/site-packages/airflow/example_dags/example_local_kubernetes_executor.py
[2025-01-02T19:00:43.958+0000] {processor.py:914} INFO - Processing file /home/airflow/.local/lib/python3.12/site-packages/airflow/example_dags/example_local_kubernetes_executor.py for tasks to queue
[2025-01-02T19:00:43.961+0000] {logging_mixin.py:190} INFO - [2025-01-02T19:00:43.960+0000] {dagbag.py:588} INFO - Filling up the DagBag from /home/airflow/.local/lib/python3.12/site-packages/airflow/example_dags/example_local_kubernetes_executor.py
[2025-01-02T19:00:43.972+0000] {processor.py:925} INFO - DAG(s) 'example_local_kubernetes_executor' retrieved from /home/airflow/.local/lib/python3.12/site-packages/airflow/example_dags/example_local_kubernetes_executor.py
[2025-01-02T19:00:43.993+0000] {logging_mixin.py:190} INFO - [2025-01-02T19:00:43.993+0000] {dag.py:3239} INFO - Sync 1 DAGs
[2025-01-02T19:00:44.008+0000] {logging_mixin.py:190} INFO - [2025-01-02T19:00:44.008+0000] {dag.py:4180} INFO - Setting next_dagrun for example_local_kubernetes_executor to None, run_after=None
[2025-01-02T19:00:44.027+0000] {processor.py:208} INFO - Processing /home/airflow/.local/lib/python3.12/site-packages/airflow/example_dags/example_local_kubernetes_executor.py took 0.082 seconds
[2025-01-02T19:01:14.225+0000] {processor.py:186} INFO - Started process (PID=203) to work on /home/airflow/.local/lib/python3.12/site-packages/airflow/example_dags/example_local_kubernetes_executor.py
[2025-01-02T19:01:14.226+0000] {processor.py:914} INFO - Processing file /home/airflow/.local/lib/python3.12/site-packages/airflow/example_dags/example_local_kubernetes_executor.py for tasks to queue
[2025-01-02T19:01:14.229+0000] {logging_mixin.py:190} INFO - [2025-01-02T19:01:14.228+0000] {dagbag.py:588} INFO - Filling up the DagBag from /home/airflow/.local/lib/python3.12/site-packages/airflow/example_dags/example_local_kubernetes_executor.py
[2025-01-02T19:01:14.243+0000] {processor.py:925} INFO - DAG(s) 'example_local_kubernetes_executor' retrieved from /home/airflow/.local/lib/python3.12/site-packages/airflow/example_dags/example_local_kubernetes_executor.py
[2025-01-02T19:01:14.267+0000] {logging_mixin.py:190} INFO - [2025-01-02T19:01:14.267+0000] {dag.py:3239} INFO - Sync 1 DAGs
[2025-01-02T19:01:14.282+0000] {logging_mixin.py:190} INFO - [2025-01-02T19:01:14.282+0000] {dag.py:4180} INFO - Setting next_dagrun for example_local_kubernetes_executor to None, run_after=None
[2025-01-02T19:01:14.300+0000] {processor.py:208} INFO - Processing /home/airflow/.local/lib/python3.12/site-packages/airflow/example_dags/example_local_kubernetes_executor.py took 0.084 seconds
[2025-01-02T19:01:44.485+0000] {processor.py:186} INFO - Started process (PID=266) to work on /home/airflow/.local/lib/python3.12/site-packages/airflow/example_dags/example_local_kubernetes_executor.py
[2025-01-02T19:01:44.487+0000] {processor.py:914} INFO - Processing file /home/airflow/.local/lib/python3.12/site-packages/airflow/example_dags/example_local_kubernetes_executor.py for tasks to queue
[2025-01-02T19:01:44.491+0000] {logging_mixin.py:190} INFO - [2025-01-02T19:01:44.490+0000] {dagbag.py:588} INFO - Filling up the DagBag from /home/airflow/.local/lib/python3.12/site-packages/airflow/example_dags/example_local_kubernetes_executor.py
[2025-01-02T19:01:44.502+0000] {processor.py:925} INFO - DAG(s) 'example_local_kubernetes_executor' retrieved from /home/airflow/.local/lib/python3.12/site-packages/airflow/example_dags/example_local_kubernetes_executor.py
[2025-01-02T19:01:44.523+0000] {logging_mixin.py:190} INFO - [2025-01-02T19:01:44.523+0000] {dag.py:3239} INFO - Sync 1 DAGs
[2025-01-02T19:01:44.539+0000] {logging_mixin.py:190} INFO - [2025-01-02T19:01:44.539+0000] {dag.py:4180} INFO - Setting next_dagrun for example_local_kubernetes_executor to None, run_after=None
[2025-01-02T19:01:44.557+0000] {processor.py:208} INFO - Processing /home/airflow/.local/lib/python3.12/site-packages/airflow/example_dags/example_local_kubernetes_executor.py took 0.081 seconds
[2025-01-02T19:02:15.057+0000] {processor.py:186} INFO - Started process (PID=329) to work on /home/airflow/.local/lib/python3.12/site-packages/airflow/example_dags/example_local_kubernetes_executor.py
[2025-01-02T19:02:15.059+0000] {processor.py:914} INFO - Processing file /home/airflow/.local/lib/python3.12/site-packages/airflow/example_dags/example_local_kubernetes_executor.py for tasks to queue
[2025-01-02T19:02:15.062+0000] {logging_mixin.py:190} INFO - [2025-01-02T19:02:15.061+0000] {dagbag.py:588} INFO - Filling up the DagBag from /home/airflow/.local/lib/python3.12/site-packages/airflow/example_dags/example_local_kubernetes_executor.py
[2025-01-02T19:02:15.077+0000] {processor.py:925} INFO - DAG(s) 'example_local_kubernetes_executor' retrieved from /home/airflow/.local/lib/python3.12/site-packages/airflow/example_dags/example_local_kubernetes_executor.py
[2025-01-02T19:02:15.116+0000] {logging_mixin.py:190} INFO - [2025-01-02T19:02:15.116+0000] {dag.py:3239} INFO - Sync 1 DAGs
[2025-01-02T19:02:15.137+0000] {logging_mixin.py:190} INFO - [2025-01-02T19:02:15.137+0000] {dag.py:4180} INFO - Setting next_dagrun for example_local_kubernetes_executor to None, run_after=None
[2025-01-02T19:02:15.158+0000] {processor.py:208} INFO - Processing /home/airflow/.local/lib/python3.12/site-packages/airflow/example_dags/example_local_kubernetes_executor.py took 0.111 seconds
[2025-01-02T19:02:47.004+0000] {processor.py:186} INFO - Started process (PID=392) to work on /home/airflow/.local/lib/python3.12/site-packages/airflow/example_dags/example_local_kubernetes_executor.py
[2025-01-02T19:02:47.013+0000] {processor.py:914} INFO - Processing file /home/airflow/.local/lib/python3.12/site-packages/airflow/example_dags/example_local_kubernetes_executor.py for tasks to queue
[2025-01-02T19:02:47.017+0000] {logging_mixin.py:190} INFO - [2025-01-02T19:02:47.016+0000] {dagbag.py:588} INFO - Filling up the DagBag from /home/airflow/.local/lib/python3.12/site-packages/airflow/example_dags/example_local_kubernetes_executor.py
[2025-01-02T19:02:47.059+0000] {processor.py:925} INFO - DAG(s) 'example_local_kubernetes_executor' retrieved from /home/airflow/.local/lib/python3.12/site-packages/airflow/example_dags/example_local_kubernetes_executor.py
[2025-01-02T19:02:47.136+0000] {logging_mixin.py:190} INFO - [2025-01-02T19:02:47.135+0000] {dag.py:3239} INFO - Sync 1 DAGs
[2025-01-02T19:02:47.185+0000] {logging_mixin.py:190} INFO - [2025-01-02T19:02:47.185+0000] {dag.py:4180} INFO - Setting next_dagrun for example_local_kubernetes_executor to None, run_after=None
[2025-01-02T19:02:47.285+0000] {processor.py:208} INFO - Processing /home/airflow/.local/lib/python3.12/site-packages/airflow/example_dags/example_local_kubernetes_executor.py took 0.310 seconds
[2025-01-02T19:03:17.907+0000] {processor.py:186} INFO - Started process (PID=455) to work on /home/airflow/.local/lib/python3.12/site-packages/airflow/example_dags/example_local_kubernetes_executor.py
[2025-01-02T19:03:17.909+0000] {processor.py:914} INFO - Processing file /home/airflow/.local/lib/python3.12/site-packages/airflow/example_dags/example_local_kubernetes_executor.py for tasks to queue
[2025-01-02T19:03:17.912+0000] {logging_mixin.py:190} INFO - [2025-01-02T19:03:17.911+0000] {dagbag.py:588} INFO - Filling up the DagBag from /home/airflow/.local/lib/python3.12/site-packages/airflow/example_dags/example_local_kubernetes_executor.py
[2025-01-02T19:03:17.926+0000] {processor.py:925} INFO - DAG(s) 'example_local_kubernetes_executor' retrieved from /home/airflow/.local/lib/python3.12/site-packages/airflow/example_dags/example_local_kubernetes_executor.py
[2025-01-02T19:03:17.954+0000] {logging_mixin.py:190} INFO - [2025-01-02T19:03:17.953+0000] {dag.py:3239} INFO - Sync 1 DAGs
[2025-01-02T19:03:17.975+0000] {logging_mixin.py:190} INFO - [2025-01-02T19:03:17.975+0000] {dag.py:4180} INFO - Setting next_dagrun for example_local_kubernetes_executor to None, run_after=None
[2025-01-02T19:03:17.999+0000] {processor.py:208} INFO - Processing /home/airflow/.local/lib/python3.12/site-packages/airflow/example_dags/example_local_kubernetes_executor.py took 0.102 seconds
[2025-01-02T19:03:48.661+0000] {processor.py:186} INFO - Started process (PID=518) to work on /home/airflow/.local/lib/python3.12/site-packages/airflow/example_dags/example_local_kubernetes_executor.py
[2025-01-02T19:03:48.663+0000] {processor.py:914} INFO - Processing file /home/airflow/.local/lib/python3.12/site-packages/airflow/example_dags/example_local_kubernetes_executor.py for tasks to queue
[2025-01-02T19:03:48.666+0000] {logging_mixin.py:190} INFO - [2025-01-02T19:03:48.665+0000] {dagbag.py:588} INFO - Filling up the DagBag from /home/airflow/.local/lib/python3.12/site-packages/airflow/example_dags/example_local_kubernetes_executor.py
[2025-01-02T19:03:48.677+0000] {processor.py:925} INFO - DAG(s) 'example_local_kubernetes_executor' retrieved from /home/airflow/.local/lib/python3.12/site-packages/airflow/example_dags/example_local_kubernetes_executor.py
[2025-01-02T19:03:48.700+0000] {logging_mixin.py:190} INFO - [2025-01-02T19:03:48.700+0000] {dag.py:3239} INFO - Sync 1 DAGs
[2025-01-02T19:03:48.716+0000] {logging_mixin.py:190} INFO - [2025-01-02T19:03:48.715+0000] {dag.py:4180} INFO - Setting next_dagrun for example_local_kubernetes_executor to None, run_after=None
[2025-01-02T19:03:48.735+0000] {processor.py:208} INFO - Processing /home/airflow/.local/lib/python3.12/site-packages/airflow/example_dags/example_local_kubernetes_executor.py took 0.080 seconds
[2025-01-02T19:04:19.133+0000] {processor.py:186} INFO - Started process (PID=581) to work on /home/airflow/.local/lib/python3.12/site-packages/airflow/example_dags/example_local_kubernetes_executor.py
[2025-01-02T19:04:19.134+0000] {processor.py:914} INFO - Processing file /home/airflow/.local/lib/python3.12/site-packages/airflow/example_dags/example_local_kubernetes_executor.py for tasks to queue
[2025-01-02T19:04:19.138+0000] {logging_mixin.py:190} INFO - [2025-01-02T19:04:19.137+0000] {dagbag.py:588} INFO - Filling up the DagBag from /home/airflow/.local/lib/python3.12/site-packages/airflow/example_dags/example_local_kubernetes_executor.py
[2025-01-02T19:04:19.152+0000] {processor.py:925} INFO - DAG(s) 'example_local_kubernetes_executor' retrieved from /home/airflow/.local/lib/python3.12/site-packages/airflow/example_dags/example_local_kubernetes_executor.py
[2025-01-02T19:04:19.199+0000] {logging_mixin.py:190} INFO - [2025-01-02T19:04:19.199+0000] {dag.py:3239} INFO - Sync 1 DAGs
[2025-01-02T19:04:19.222+0000] {logging_mixin.py:190} INFO - [2025-01-02T19:04:19.222+0000] {dag.py:4180} INFO - Setting next_dagrun for example_local_kubernetes_executor to None, run_after=None
[2025-01-02T19:04:19.245+0000] {processor.py:208} INFO - Processing /home/airflow/.local/lib/python3.12/site-packages/airflow/example_dags/example_local_kubernetes_executor.py took 0.121 seconds
[2025-01-02T19:04:49.554+0000] {processor.py:186} INFO - Started process (PID=644) to work on /home/airflow/.local/lib/python3.12/site-packages/airflow/example_dags/example_local_kubernetes_executor.py
[2025-01-02T19:04:49.556+0000] {processor.py:914} INFO - Processing file /home/airflow/.local/lib/python3.12/site-packages/airflow/example_dags/example_local_kubernetes_executor.py for tasks to queue
[2025-01-02T19:04:49.561+0000] {logging_mixin.py:190} INFO - [2025-01-02T19:04:49.560+0000] {dagbag.py:588} INFO - Filling up the DagBag from /home/airflow/.local/lib/python3.12/site-packages/airflow/example_dags/example_local_kubernetes_executor.py
[2025-01-02T19:04:49.574+0000] {processor.py:925} INFO - DAG(s) 'example_local_kubernetes_executor' retrieved from /home/airflow/.local/lib/python3.12/site-packages/airflow/example_dags/example_local_kubernetes_executor.py
[2025-01-02T19:04:49.603+0000] {logging_mixin.py:190} INFO - [2025-01-02T19:04:49.603+0000] {dag.py:3239} INFO - Sync 1 DAGs
[2025-01-02T19:04:49.625+0000] {logging_mixin.py:190} INFO - [2025-01-02T19:04:49.625+0000] {dag.py:4180} INFO - Setting next_dagrun for example_local_kubernetes_executor to None, run_after=None
[2025-01-02T19:04:49.648+0000] {processor.py:208} INFO - Processing /home/airflow/.local/lib/python3.12/site-packages/airflow/example_dags/example_local_kubernetes_executor.py took 0.103 seconds
