[2025-01-02T18:55:07.946+0000] {processor.py:186} INFO - Started process (PID=69) to work on /home/airflow/.local/lib/python3.12/site-packages/airflow/example_dags/example_branch_operator.py
[2025-01-02T18:55:07.947+0000] {processor.py:914} INFO - Processing file /home/airflow/.local/lib/python3.12/site-packages/airflow/example_dags/example_branch_operator.py for tasks to queue
[2025-01-02T18:55:07.963+0000] {logging_mixin.py:190} INFO - [2025-01-02T18:55:07.962+0000] {dagbag.py:588} INFO - Filling up the DagBag from /home/airflow/.local/lib/python3.12/site-packages/airflow/example_dags/example_branch_operator.py
[2025-01-02T18:55:08.175+0000] {processor.py:925} INFO - DAG(s) 'example_branch_operator' retrieved from /home/airflow/.local/lib/python3.12/site-packages/airflow/example_dags/example_branch_operator.py
[2025-01-02T18:55:09.716+0000] {logging_mixin.py:190} INFO - [2025-01-02T18:55:09.715+0000] {override.py:1911} INFO - Created Permission View: can edit on DAG:example_branch_operator
[2025-01-02T18:55:09.761+0000] {logging_mixin.py:190} INFO - [2025-01-02T18:55:09.761+0000] {override.py:1911} INFO - Created Permission View: can delete on DAG:example_branch_operator
[2025-01-02T18:55:09.789+0000] {logging_mixin.py:190} INFO - [2025-01-02T18:55:09.789+0000] {override.py:1911} INFO - Created Permission View: can read on DAG:example_branch_operator
[2025-01-02T18:55:09.812+0000] {logging_mixin.py:190} INFO - [2025-01-02T18:55:09.812+0000] {override.py:1911} INFO - Created Permission View: can create on DAG Run:example_branch_operator
[2025-01-02T18:55:09.839+0000] {logging_mixin.py:190} INFO - [2025-01-02T18:55:09.838+0000] {override.py:1911} INFO - Created Permission View: can delete on DAG Run:example_branch_operator
[2025-01-02T18:55:09.897+0000] {logging_mixin.py:190} INFO - [2025-01-02T18:55:09.887+0000] {override.py:1911} INFO - Created Permission View: menu access on DAG Run:example_branch_operator
[2025-01-02T18:55:09.939+0000] {logging_mixin.py:190} INFO - [2025-01-02T18:55:09.938+0000] {override.py:1911} INFO - Created Permission View: can read on DAG Run:example_branch_operator
[2025-01-02T18:55:09.939+0000] {logging_mixin.py:190} INFO - [2025-01-02T18:55:09.939+0000] {dag.py:3239} INFO - Sync 1 DAGs
[2025-01-02T18:55:10.022+0000] {logging_mixin.py:190} INFO - [2025-01-02T18:55:10.021+0000] {dag.py:3262} INFO - Creating ORM DAG for example_branch_operator
[2025-01-02T18:55:10.088+0000] {logging_mixin.py:190} INFO - [2025-01-02T18:55:10.088+0000] {dag.py:4180} INFO - Setting next_dagrun for example_branch_operator to 2025-01-01 00:00:00+00:00, run_after=2025-01-02 00:00:00+00:00
[2025-01-02T18:55:10.222+0000] {processor.py:208} INFO - Processing /home/airflow/.local/lib/python3.12/site-packages/airflow/example_dags/example_branch_operator.py took 2.309 seconds
[2025-01-02T18:55:51.351+0000] {processor.py:186} INFO - Started process (PID=132) to work on /home/airflow/.local/lib/python3.12/site-packages/airflow/example_dags/example_branch_operator.py
[2025-01-02T18:55:51.360+0000] {processor.py:914} INFO - Processing file /home/airflow/.local/lib/python3.12/site-packages/airflow/example_dags/example_branch_operator.py for tasks to queue
[2025-01-02T18:55:51.364+0000] {logging_mixin.py:190} INFO - [2025-01-02T18:55:51.363+0000] {dagbag.py:588} INFO - Filling up the DagBag from /home/airflow/.local/lib/python3.12/site-packages/airflow/example_dags/example_branch_operator.py
[2025-01-02T18:55:51.399+0000] {processor.py:925} INFO - DAG(s) 'example_branch_operator' retrieved from /home/airflow/.local/lib/python3.12/site-packages/airflow/example_dags/example_branch_operator.py
[2025-01-02T18:55:51.450+0000] {logging_mixin.py:190} INFO - [2025-01-02T18:55:51.450+0000] {dag.py:3239} INFO - Sync 1 DAGs
[2025-01-02T18:55:51.489+0000] {logging_mixin.py:190} INFO - [2025-01-02T18:55:51.488+0000] {dag.py:4180} INFO - Setting next_dagrun for example_branch_operator to 2025-01-01 00:00:00+00:00, run_after=2025-01-02 00:00:00+00:00
[2025-01-02T18:55:51.514+0000] {processor.py:208} INFO - Processing /home/airflow/.local/lib/python3.12/site-packages/airflow/example_dags/example_branch_operator.py took 0.171 seconds
[2025-01-02T18:56:22.218+0000] {processor.py:186} INFO - Started process (PID=193) to work on /home/airflow/.local/lib/python3.12/site-packages/airflow/example_dags/example_branch_operator.py
[2025-01-02T18:56:22.219+0000] {processor.py:914} INFO - Processing file /home/airflow/.local/lib/python3.12/site-packages/airflow/example_dags/example_branch_operator.py for tasks to queue
[2025-01-02T18:56:22.223+0000] {logging_mixin.py:190} INFO - [2025-01-02T18:56:22.222+0000] {dagbag.py:588} INFO - Filling up the DagBag from /home/airflow/.local/lib/python3.12/site-packages/airflow/example_dags/example_branch_operator.py
[2025-01-02T18:56:22.292+0000] {processor.py:925} INFO - DAG(s) 'example_branch_operator' retrieved from /home/airflow/.local/lib/python3.12/site-packages/airflow/example_dags/example_branch_operator.py
[2025-01-02T18:56:22.384+0000] {logging_mixin.py:190} INFO - [2025-01-02T18:56:22.383+0000] {dag.py:3239} INFO - Sync 1 DAGs
[2025-01-02T18:56:22.452+0000] {logging_mixin.py:190} INFO - [2025-01-02T18:56:22.452+0000] {dag.py:4180} INFO - Setting next_dagrun for example_branch_operator to 2025-01-01 00:00:00+00:00, run_after=2025-01-02 00:00:00+00:00
[2025-01-02T18:56:22.497+0000] {processor.py:208} INFO - Processing /home/airflow/.local/lib/python3.12/site-packages/airflow/example_dags/example_branch_operator.py took 0.309 seconds
[2025-01-02T18:56:53.323+0000] {processor.py:186} INFO - Started process (PID=256) to work on /home/airflow/.local/lib/python3.12/site-packages/airflow/example_dags/example_branch_operator.py
[2025-01-02T18:56:53.341+0000] {processor.py:914} INFO - Processing file /home/airflow/.local/lib/python3.12/site-packages/airflow/example_dags/example_branch_operator.py for tasks to queue
[2025-01-02T18:56:53.345+0000] {logging_mixin.py:190} INFO - [2025-01-02T18:56:53.344+0000] {dagbag.py:588} INFO - Filling up the DagBag from /home/airflow/.local/lib/python3.12/site-packages/airflow/example_dags/example_branch_operator.py
[2025-01-02T18:56:53.399+0000] {processor.py:925} INFO - DAG(s) 'example_branch_operator' retrieved from /home/airflow/.local/lib/python3.12/site-packages/airflow/example_dags/example_branch_operator.py
[2025-01-02T18:56:53.558+0000] {logging_mixin.py:190} INFO - [2025-01-02T18:56:53.557+0000] {dag.py:3239} INFO - Sync 1 DAGs
[2025-01-02T18:56:53.640+0000] {logging_mixin.py:190} INFO - [2025-01-02T18:56:53.640+0000] {dag.py:4180} INFO - Setting next_dagrun for example_branch_operator to 2025-01-01 00:00:00+00:00, run_after=2025-01-02 00:00:00+00:00
[2025-01-02T18:56:53.698+0000] {processor.py:208} INFO - Processing /home/airflow/.local/lib/python3.12/site-packages/airflow/example_dags/example_branch_operator.py took 0.392 seconds
[2025-01-02T18:57:24.579+0000] {processor.py:186} INFO - Started process (PID=319) to work on /home/airflow/.local/lib/python3.12/site-packages/airflow/example_dags/example_branch_operator.py
[2025-01-02T18:57:24.580+0000] {processor.py:914} INFO - Processing file /home/airflow/.local/lib/python3.12/site-packages/airflow/example_dags/example_branch_operator.py for tasks to queue
[2025-01-02T18:57:24.584+0000] {logging_mixin.py:190} INFO - [2025-01-02T18:57:24.583+0000] {dagbag.py:588} INFO - Filling up the DagBag from /home/airflow/.local/lib/python3.12/site-packages/airflow/example_dags/example_branch_operator.py
[2025-01-02T18:57:24.615+0000] {processor.py:925} INFO - DAG(s) 'example_branch_operator' retrieved from /home/airflow/.local/lib/python3.12/site-packages/airflow/example_dags/example_branch_operator.py
[2025-01-02T18:57:24.658+0000] {logging_mixin.py:190} INFO - [2025-01-02T18:57:24.658+0000] {dag.py:3239} INFO - Sync 1 DAGs
[2025-01-02T18:57:24.693+0000] {logging_mixin.py:190} INFO - [2025-01-02T18:57:24.693+0000] {dag.py:4180} INFO - Setting next_dagrun for example_branch_operator to 2025-01-01 00:00:00+00:00, run_after=2025-01-02 00:00:00+00:00
[2025-01-02T18:57:24.718+0000] {processor.py:208} INFO - Processing /home/airflow/.local/lib/python3.12/site-packages/airflow/example_dags/example_branch_operator.py took 0.149 seconds
[2025-01-02T19:00:10.294+0000] {processor.py:186} INFO - Started process (PID=64) to work on /home/airflow/.local/lib/python3.12/site-packages/airflow/example_dags/example_branch_operator.py
[2025-01-02T19:00:10.337+0000] {processor.py:914} INFO - Processing file /home/airflow/.local/lib/python3.12/site-packages/airflow/example_dags/example_branch_operator.py for tasks to queue
[2025-01-02T19:00:10.351+0000] {logging_mixin.py:190} INFO - [2025-01-02T19:00:10.351+0000] {dagbag.py:588} INFO - Filling up the DagBag from /home/airflow/.local/lib/python3.12/site-packages/airflow/example_dags/example_branch_operator.py
[2025-01-02T19:00:10.506+0000] {processor.py:925} INFO - DAG(s) 'example_branch_operator' retrieved from /home/airflow/.local/lib/python3.12/site-packages/airflow/example_dags/example_branch_operator.py
[2025-01-02T19:00:11.206+0000] {logging_mixin.py:190} INFO - [2025-01-02T19:00:11.206+0000] {dag.py:3239} INFO - Sync 1 DAGs
[2025-01-02T19:00:11.292+0000] {logging_mixin.py:190} INFO - [2025-01-02T19:00:11.292+0000] {dag.py:4180} INFO - Setting next_dagrun for example_branch_operator to 2025-01-01 00:00:00+00:00, run_after=2025-01-02 00:00:00+00:00
[2025-01-02T19:00:11.398+0000] {processor.py:208} INFO - Processing /home/airflow/.local/lib/python3.12/site-packages/airflow/example_dags/example_branch_operator.py took 1.121 seconds
[2025-01-02T19:00:42.050+0000] {processor.py:186} INFO - Started process (PID=128) to work on /home/airflow/.local/lib/python3.12/site-packages/airflow/example_dags/example_branch_operator.py
[2025-01-02T19:00:42.051+0000] {processor.py:914} INFO - Processing file /home/airflow/.local/lib/python3.12/site-packages/airflow/example_dags/example_branch_operator.py for tasks to queue
[2025-01-02T19:00:42.055+0000] {logging_mixin.py:190} INFO - [2025-01-02T19:00:42.054+0000] {dagbag.py:588} INFO - Filling up the DagBag from /home/airflow/.local/lib/python3.12/site-packages/airflow/example_dags/example_branch_operator.py
[2025-01-02T19:00:42.086+0000] {processor.py:925} INFO - DAG(s) 'example_branch_operator' retrieved from /home/airflow/.local/lib/python3.12/site-packages/airflow/example_dags/example_branch_operator.py
[2025-01-02T19:00:42.135+0000] {logging_mixin.py:190} INFO - [2025-01-02T19:00:42.135+0000] {dag.py:3239} INFO - Sync 1 DAGs
[2025-01-02T19:00:42.169+0000] {logging_mixin.py:190} INFO - [2025-01-02T19:00:42.169+0000] {dag.py:4180} INFO - Setting next_dagrun for example_branch_operator to 2025-01-01 00:00:00+00:00, run_after=2025-01-02 00:00:00+00:00
[2025-01-02T19:00:42.195+0000] {processor.py:208} INFO - Processing /home/airflow/.local/lib/python3.12/site-packages/airflow/example_dags/example_branch_operator.py took 0.153 seconds
[2025-01-02T19:01:12.365+0000] {processor.py:186} INFO - Started process (PID=191) to work on /home/airflow/.local/lib/python3.12/site-packages/airflow/example_dags/example_branch_operator.py
[2025-01-02T19:01:12.383+0000] {processor.py:914} INFO - Processing file /home/airflow/.local/lib/python3.12/site-packages/airflow/example_dags/example_branch_operator.py for tasks to queue
[2025-01-02T19:01:12.386+0000] {logging_mixin.py:190} INFO - [2025-01-02T19:01:12.386+0000] {dagbag.py:588} INFO - Filling up the DagBag from /home/airflow/.local/lib/python3.12/site-packages/airflow/example_dags/example_branch_operator.py
[2025-01-02T19:01:12.417+0000] {processor.py:925} INFO - DAG(s) 'example_branch_operator' retrieved from /home/airflow/.local/lib/python3.12/site-packages/airflow/example_dags/example_branch_operator.py
[2025-01-02T19:01:12.461+0000] {logging_mixin.py:190} INFO - [2025-01-02T19:01:12.461+0000] {dag.py:3239} INFO - Sync 1 DAGs
[2025-01-02T19:01:12.496+0000] {logging_mixin.py:190} INFO - [2025-01-02T19:01:12.496+0000] {dag.py:4180} INFO - Setting next_dagrun for example_branch_operator to 2025-01-01 00:00:00+00:00, run_after=2025-01-02 00:00:00+00:00
[2025-01-02T19:01:12.522+0000] {processor.py:208} INFO - Processing /home/airflow/.local/lib/python3.12/site-packages/airflow/example_dags/example_branch_operator.py took 0.166 seconds
[2025-01-02T19:01:42.640+0000] {processor.py:186} INFO - Started process (PID=255) to work on /home/airflow/.local/lib/python3.12/site-packages/airflow/example_dags/example_branch_operator.py
[2025-01-02T19:01:42.641+0000] {processor.py:914} INFO - Processing file /home/airflow/.local/lib/python3.12/site-packages/airflow/example_dags/example_branch_operator.py for tasks to queue
[2025-01-02T19:01:42.643+0000] {logging_mixin.py:190} INFO - [2025-01-02T19:01:42.643+0000] {dagbag.py:588} INFO - Filling up the DagBag from /home/airflow/.local/lib/python3.12/site-packages/airflow/example_dags/example_branch_operator.py
[2025-01-02T19:01:42.664+0000] {processor.py:925} INFO - DAG(s) 'example_branch_operator' retrieved from /home/airflow/.local/lib/python3.12/site-packages/airflow/example_dags/example_branch_operator.py
[2025-01-02T19:01:42.696+0000] {logging_mixin.py:190} INFO - [2025-01-02T19:01:42.695+0000] {dag.py:3239} INFO - Sync 1 DAGs
[2025-01-02T19:01:42.722+0000] {logging_mixin.py:190} INFO - [2025-01-02T19:01:42.722+0000] {dag.py:4180} INFO - Setting next_dagrun for example_branch_operator to 2025-01-01 00:00:00+00:00, run_after=2025-01-02 00:00:00+00:00
[2025-01-02T19:01:42.740+0000] {processor.py:208} INFO - Processing /home/airflow/.local/lib/python3.12/site-packages/airflow/example_dags/example_branch_operator.py took 0.107 seconds
[2025-01-02T19:02:12.863+0000] {processor.py:186} INFO - Started process (PID=317) to work on /home/airflow/.local/lib/python3.12/site-packages/airflow/example_dags/example_branch_operator.py
[2025-01-02T19:02:12.877+0000] {processor.py:914} INFO - Processing file /home/airflow/.local/lib/python3.12/site-packages/airflow/example_dags/example_branch_operator.py for tasks to queue
[2025-01-02T19:02:12.880+0000] {logging_mixin.py:190} INFO - [2025-01-02T19:02:12.880+0000] {dagbag.py:588} INFO - Filling up the DagBag from /home/airflow/.local/lib/python3.12/site-packages/airflow/example_dags/example_branch_operator.py
[2025-01-02T19:02:12.973+0000] {processor.py:925} INFO - DAG(s) 'example_branch_operator' retrieved from /home/airflow/.local/lib/python3.12/site-packages/airflow/example_dags/example_branch_operator.py
[2025-01-02T19:02:13.111+0000] {logging_mixin.py:190} INFO - [2025-01-02T19:02:13.111+0000] {dag.py:3239} INFO - Sync 1 DAGs
[2025-01-02T19:02:13.248+0000] {logging_mixin.py:190} INFO - [2025-01-02T19:02:13.248+0000] {dag.py:4180} INFO - Setting next_dagrun for example_branch_operator to 2025-01-01 00:00:00+00:00, run_after=2025-01-02 00:00:00+00:00
[2025-01-02T19:02:13.282+0000] {processor.py:208} INFO - Processing /home/airflow/.local/lib/python3.12/site-packages/airflow/example_dags/example_branch_operator.py took 0.436 seconds
[2025-01-02T19:02:43.700+0000] {processor.py:186} INFO - Started process (PID=380) to work on /home/airflow/.local/lib/python3.12/site-packages/airflow/example_dags/example_branch_operator.py
[2025-01-02T19:02:43.701+0000] {processor.py:914} INFO - Processing file /home/airflow/.local/lib/python3.12/site-packages/airflow/example_dags/example_branch_operator.py for tasks to queue
[2025-01-02T19:02:43.705+0000] {logging_mixin.py:190} INFO - [2025-01-02T19:02:43.704+0000] {dagbag.py:588} INFO - Filling up the DagBag from /home/airflow/.local/lib/python3.12/site-packages/airflow/example_dags/example_branch_operator.py
[2025-01-02T19:02:43.774+0000] {processor.py:925} INFO - DAG(s) 'example_branch_operator' retrieved from /home/airflow/.local/lib/python3.12/site-packages/airflow/example_dags/example_branch_operator.py
[2025-01-02T19:02:43.863+0000] {logging_mixin.py:190} INFO - [2025-01-02T19:02:43.860+0000] {dag.py:3239} INFO - Sync 1 DAGs
[2025-01-02T19:02:43.936+0000] {logging_mixin.py:190} INFO - [2025-01-02T19:02:43.936+0000] {dag.py:4180} INFO - Setting next_dagrun for example_branch_operator to 2025-01-01 00:00:00+00:00, run_after=2025-01-02 00:00:00+00:00
[2025-01-02T19:02:43.985+0000] {processor.py:208} INFO - Processing /home/airflow/.local/lib/python3.12/site-packages/airflow/example_dags/example_branch_operator.py took 0.301 seconds
[2025-01-02T19:03:14.068+0000] {processor.py:186} INFO - Started process (PID=444) to work on /home/airflow/.local/lib/python3.12/site-packages/airflow/example_dags/example_branch_operator.py
[2025-01-02T19:03:14.070+0000] {processor.py:914} INFO - Processing file /home/airflow/.local/lib/python3.12/site-packages/airflow/example_dags/example_branch_operator.py for tasks to queue
[2025-01-02T19:03:14.072+0000] {logging_mixin.py:190} INFO - [2025-01-02T19:03:14.072+0000] {dagbag.py:588} INFO - Filling up the DagBag from /home/airflow/.local/lib/python3.12/site-packages/airflow/example_dags/example_branch_operator.py
[2025-01-02T19:03:14.093+0000] {processor.py:925} INFO - DAG(s) 'example_branch_operator' retrieved from /home/airflow/.local/lib/python3.12/site-packages/airflow/example_dags/example_branch_operator.py
[2025-01-02T19:03:14.123+0000] {logging_mixin.py:190} INFO - [2025-01-02T19:03:14.123+0000] {dag.py:3239} INFO - Sync 1 DAGs
[2025-01-02T19:03:14.151+0000] {logging_mixin.py:190} INFO - [2025-01-02T19:03:14.151+0000] {dag.py:4180} INFO - Setting next_dagrun for example_branch_operator to 2025-01-01 00:00:00+00:00, run_after=2025-01-02 00:00:00+00:00
[2025-01-02T19:03:14.170+0000] {processor.py:208} INFO - Processing /home/airflow/.local/lib/python3.12/site-packages/airflow/example_dags/example_branch_operator.py took 0.109 seconds
[2025-01-02T19:03:44.745+0000] {processor.py:186} INFO - Started process (PID=506) to work on /home/airflow/.local/lib/python3.12/site-packages/airflow/example_dags/example_branch_operator.py
[2025-01-02T19:03:44.746+0000] {processor.py:914} INFO - Processing file /home/airflow/.local/lib/python3.12/site-packages/airflow/example_dags/example_branch_operator.py for tasks to queue
[2025-01-02T19:03:44.750+0000] {logging_mixin.py:190} INFO - [2025-01-02T19:03:44.749+0000] {dagbag.py:588} INFO - Filling up the DagBag from /home/airflow/.local/lib/python3.12/site-packages/airflow/example_dags/example_branch_operator.py
[2025-01-02T19:03:44.779+0000] {processor.py:925} INFO - DAG(s) 'example_branch_operator' retrieved from /home/airflow/.local/lib/python3.12/site-packages/airflow/example_dags/example_branch_operator.py
[2025-01-02T19:03:44.828+0000] {logging_mixin.py:190} INFO - [2025-01-02T19:03:44.828+0000] {dag.py:3239} INFO - Sync 1 DAGs
[2025-01-02T19:03:44.862+0000] {logging_mixin.py:190} INFO - [2025-01-02T19:03:44.862+0000] {dag.py:4180} INFO - Setting next_dagrun for example_branch_operator to 2025-01-01 00:00:00+00:00, run_after=2025-01-02 00:00:00+00:00
[2025-01-02T19:03:44.887+0000] {processor.py:208} INFO - Processing /home/airflow/.local/lib/python3.12/site-packages/airflow/example_dags/example_branch_operator.py took 0.151 seconds
[2025-01-02T19:04:15.234+0000] {processor.py:186} INFO - Started process (PID=569) to work on /home/airflow/.local/lib/python3.12/site-packages/airflow/example_dags/example_branch_operator.py
[2025-01-02T19:04:15.236+0000] {processor.py:914} INFO - Processing file /home/airflow/.local/lib/python3.12/site-packages/airflow/example_dags/example_branch_operator.py for tasks to queue
[2025-01-02T19:04:15.240+0000] {logging_mixin.py:190} INFO - [2025-01-02T19:04:15.239+0000] {dagbag.py:588} INFO - Filling up the DagBag from /home/airflow/.local/lib/python3.12/site-packages/airflow/example_dags/example_branch_operator.py
[2025-01-02T19:04:15.268+0000] {processor.py:925} INFO - DAG(s) 'example_branch_operator' retrieved from /home/airflow/.local/lib/python3.12/site-packages/airflow/example_dags/example_branch_operator.py
[2025-01-02T19:04:15.310+0000] {logging_mixin.py:190} INFO - [2025-01-02T19:04:15.309+0000] {dag.py:3239} INFO - Sync 1 DAGs
[2025-01-02T19:04:15.346+0000] {logging_mixin.py:190} INFO - [2025-01-02T19:04:15.346+0000] {dag.py:4180} INFO - Setting next_dagrun for example_branch_operator to 2025-01-01 00:00:00+00:00, run_after=2025-01-02 00:00:00+00:00
[2025-01-02T19:04:15.369+0000] {processor.py:208} INFO - Processing /home/airflow/.local/lib/python3.12/site-packages/airflow/example_dags/example_branch_operator.py took 0.143 seconds
[2025-01-02T19:04:45.648+0000] {processor.py:186} INFO - Started process (PID=632) to work on /home/airflow/.local/lib/python3.12/site-packages/airflow/example_dags/example_branch_operator.py
[2025-01-02T19:04:45.649+0000] {processor.py:914} INFO - Processing file /home/airflow/.local/lib/python3.12/site-packages/airflow/example_dags/example_branch_operator.py for tasks to queue
[2025-01-02T19:04:45.653+0000] {logging_mixin.py:190} INFO - [2025-01-02T19:04:45.652+0000] {dagbag.py:588} INFO - Filling up the DagBag from /home/airflow/.local/lib/python3.12/site-packages/airflow/example_dags/example_branch_operator.py
[2025-01-02T19:04:45.682+0000] {processor.py:925} INFO - DAG(s) 'example_branch_operator' retrieved from /home/airflow/.local/lib/python3.12/site-packages/airflow/example_dags/example_branch_operator.py
[2025-01-02T19:04:45.725+0000] {logging_mixin.py:190} INFO - [2025-01-02T19:04:45.725+0000] {dag.py:3239} INFO - Sync 1 DAGs
[2025-01-02T19:04:45.764+0000] {logging_mixin.py:190} INFO - [2025-01-02T19:04:45.764+0000] {dag.py:4180} INFO - Setting next_dagrun for example_branch_operator to 2025-01-01 00:00:00+00:00, run_after=2025-01-02 00:00:00+00:00
[2025-01-02T19:04:45.789+0000] {processor.py:208} INFO - Processing /home/airflow/.local/lib/python3.12/site-packages/airflow/example_dags/example_branch_operator.py took 0.150 seconds
