[2025-01-02T18:55:29.484+0000] {processor.py:186} INFO - Started process (PID=97) to work on /home/airflow/.local/lib/python3.12/site-packages/airflow/example_dags/example_xcom.py
[2025-01-02T18:55:29.497+0000] {processor.py:914} INFO - Processing file /home/airflow/.local/lib/python3.12/site-packages/airflow/example_dags/example_xcom.py for tasks to queue
[2025-01-02T18:55:29.501+0000] {logging_mixin.py:190} INFO - [2025-01-02T18:55:29.500+0000] {dagbag.py:588} INFO - Filling up the DagBag from /home/airflow/.local/lib/python3.12/site-packages/airflow/example_dags/example_xcom.py
[2025-01-02T18:55:29.540+0000] {processor.py:925} INFO - DAG(s) 'example_xcom' retrieved from /home/airflow/.local/lib/python3.12/site-packages/airflow/example_dags/example_xcom.py
[2025-01-02T18:55:30.124+0000] {logging_mixin.py:190} INFO - [2025-01-02T18:55:30.123+0000] {override.py:1911} INFO - Created Permission View: can edit on DAG:example_xcom
[2025-01-02T18:55:30.173+0000] {logging_mixin.py:190} INFO - [2025-01-02T18:55:30.173+0000] {override.py:1911} INFO - Created Permission View: can delete on DAG:example_xcom
[2025-01-02T18:55:30.197+0000] {logging_mixin.py:190} INFO - [2025-01-02T18:55:30.196+0000] {override.py:1911} INFO - Created Permission View: can read on DAG:example_xcom
[2025-01-02T18:55:30.213+0000] {logging_mixin.py:190} INFO - [2025-01-02T18:55:30.212+0000] {override.py:1911} INFO - Created Permission View: can create on DAG Run:example_xcom
[2025-01-02T18:55:30.233+0000] {logging_mixin.py:190} INFO - [2025-01-02T18:55:30.232+0000] {override.py:1911} INFO - Created Permission View: can delete on DAG Run:example_xcom
[2025-01-02T18:55:30.252+0000] {logging_mixin.py:190} INFO - [2025-01-02T18:55:30.252+0000] {override.py:1911} INFO - Created Permission View: menu access on DAG Run:example_xcom
[2025-01-02T18:55:30.268+0000] {logging_mixin.py:190} INFO - [2025-01-02T18:55:30.267+0000] {override.py:1911} INFO - Created Permission View: can read on DAG Run:example_xcom
[2025-01-02T18:55:30.268+0000] {logging_mixin.py:190} INFO - [2025-01-02T18:55:30.268+0000] {dag.py:3239} INFO - Sync 1 DAGs
[2025-01-02T18:55:30.328+0000] {logging_mixin.py:190} INFO - [2025-01-02T18:55:30.321+0000] {dag.py:3262} INFO - Creating ORM DAG for example_xcom
[2025-01-02T18:55:30.370+0000] {logging_mixin.py:190} INFO - [2025-01-02T18:55:30.370+0000] {dag.py:4180} INFO - Setting next_dagrun for example_xcom to 2021-01-01 00:00:00+00:00, run_after=2021-01-01 00:00:00+00:00
[2025-01-02T18:55:30.438+0000] {processor.py:208} INFO - Processing /home/airflow/.local/lib/python3.12/site-packages/airflow/example_dags/example_xcom.py took 0.971 seconds
[2025-01-02T18:56:00.872+0000] {processor.py:186} INFO - Started process (PID=160) to work on /home/airflow/.local/lib/python3.12/site-packages/airflow/example_dags/example_xcom.py
[2025-01-02T18:56:00.873+0000] {processor.py:914} INFO - Processing file /home/airflow/.local/lib/python3.12/site-packages/airflow/example_dags/example_xcom.py for tasks to queue
[2025-01-02T18:56:00.877+0000] {logging_mixin.py:190} INFO - [2025-01-02T18:56:00.877+0000] {dagbag.py:588} INFO - Filling up the DagBag from /home/airflow/.local/lib/python3.12/site-packages/airflow/example_dags/example_xcom.py
[2025-01-02T18:56:00.893+0000] {processor.py:925} INFO - DAG(s) 'example_xcom' retrieved from /home/airflow/.local/lib/python3.12/site-packages/airflow/example_dags/example_xcom.py
[2025-01-02T18:56:00.926+0000] {logging_mixin.py:190} INFO - [2025-01-02T18:56:00.926+0000] {dag.py:3239} INFO - Sync 1 DAGs
[2025-01-02T18:56:00.969+0000] {logging_mixin.py:190} INFO - [2025-01-02T18:56:00.968+0000] {dag.py:4180} INFO - Setting next_dagrun for example_xcom to 2021-01-01 00:00:00+00:00, run_after=2021-01-01 00:00:00+00:00
[2025-01-02T18:56:00.992+0000] {processor.py:208} INFO - Processing /home/airflow/.local/lib/python3.12/site-packages/airflow/example_dags/example_xcom.py took 0.130 seconds
[2025-01-02T18:56:31.411+0000] {processor.py:186} INFO - Started process (PID=223) to work on /home/airflow/.local/lib/python3.12/site-packages/airflow/example_dags/example_xcom.py
[2025-01-02T18:56:31.421+0000] {processor.py:914} INFO - Processing file /home/airflow/.local/lib/python3.12/site-packages/airflow/example_dags/example_xcom.py for tasks to queue
[2025-01-02T18:56:31.424+0000] {logging_mixin.py:190} INFO - [2025-01-02T18:56:31.424+0000] {dagbag.py:588} INFO - Filling up the DagBag from /home/airflow/.local/lib/python3.12/site-packages/airflow/example_dags/example_xcom.py
[2025-01-02T18:56:31.436+0000] {processor.py:925} INFO - DAG(s) 'example_xcom' retrieved from /home/airflow/.local/lib/python3.12/site-packages/airflow/example_dags/example_xcom.py
[2025-01-02T18:56:31.469+0000] {logging_mixin.py:190} INFO - [2025-01-02T18:56:31.468+0000] {dag.py:3239} INFO - Sync 1 DAGs
[2025-01-02T18:56:31.503+0000] {logging_mixin.py:190} INFO - [2025-01-02T18:56:31.503+0000] {dag.py:4180} INFO - Setting next_dagrun for example_xcom to 2021-01-01 00:00:00+00:00, run_after=2021-01-01 00:00:00+00:00
[2025-01-02T18:56:31.528+0000] {processor.py:208} INFO - Processing /home/airflow/.local/lib/python3.12/site-packages/airflow/example_dags/example_xcom.py took 0.125 seconds
[2025-01-02T18:57:01.683+0000] {processor.py:186} INFO - Started process (PID=286) to work on /home/airflow/.local/lib/python3.12/site-packages/airflow/example_dags/example_xcom.py
[2025-01-02T18:57:01.685+0000] {processor.py:914} INFO - Processing file /home/airflow/.local/lib/python3.12/site-packages/airflow/example_dags/example_xcom.py for tasks to queue
[2025-01-02T18:57:01.688+0000] {logging_mixin.py:190} INFO - [2025-01-02T18:57:01.687+0000] {dagbag.py:588} INFO - Filling up the DagBag from /home/airflow/.local/lib/python3.12/site-packages/airflow/example_dags/example_xcom.py
[2025-01-02T18:57:01.703+0000] {processor.py:925} INFO - DAG(s) 'example_xcom' retrieved from /home/airflow/.local/lib/python3.12/site-packages/airflow/example_dags/example_xcom.py
[2025-01-02T18:57:01.734+0000] {logging_mixin.py:190} INFO - [2025-01-02T18:57:01.733+0000] {dag.py:3239} INFO - Sync 1 DAGs
[2025-01-02T18:57:01.768+0000] {logging_mixin.py:190} INFO - [2025-01-02T18:57:01.768+0000] {dag.py:4180} INFO - Setting next_dagrun for example_xcom to 2021-01-01 00:00:00+00:00, run_after=2021-01-01 00:00:00+00:00
[2025-01-02T18:57:01.793+0000] {processor.py:208} INFO - Processing /home/airflow/.local/lib/python3.12/site-packages/airflow/example_dags/example_xcom.py took 0.119 seconds
[2025-01-02T18:57:31.916+0000] {processor.py:186} INFO - Started process (PID=348) to work on /home/airflow/.local/lib/python3.12/site-packages/airflow/example_dags/example_xcom.py
[2025-01-02T18:57:31.929+0000] {processor.py:914} INFO - Processing file /home/airflow/.local/lib/python3.12/site-packages/airflow/example_dags/example_xcom.py for tasks to queue
[2025-01-02T18:57:31.933+0000] {logging_mixin.py:190} INFO - [2025-01-02T18:57:31.932+0000] {dagbag.py:588} INFO - Filling up the DagBag from /home/airflow/.local/lib/python3.12/site-packages/airflow/example_dags/example_xcom.py
[2025-01-02T18:57:31.964+0000] {processor.py:925} INFO - DAG(s) 'example_xcom' retrieved from /home/airflow/.local/lib/python3.12/site-packages/airflow/example_dags/example_xcom.py
[2025-01-02T18:57:32.022+0000] {logging_mixin.py:190} INFO - [2025-01-02T18:57:32.022+0000] {dag.py:3239} INFO - Sync 1 DAGs
[2025-01-02T18:57:32.078+0000] {logging_mixin.py:190} INFO - [2025-01-02T18:57:32.078+0000] {dag.py:4180} INFO - Setting next_dagrun for example_xcom to 2021-01-01 00:00:00+00:00, run_after=2021-01-01 00:00:00+00:00
[2025-01-02T18:57:32.125+0000] {processor.py:208} INFO - Processing /home/airflow/.local/lib/python3.12/site-packages/airflow/example_dags/example_xcom.py took 0.227 seconds
[2025-01-02T19:00:15.713+0000] {processor.py:186} INFO - Started process (PID=86) to work on /home/airflow/.local/lib/python3.12/site-packages/airflow/example_dags/example_xcom.py
[2025-01-02T19:00:15.715+0000] {processor.py:914} INFO - Processing file /home/airflow/.local/lib/python3.12/site-packages/airflow/example_dags/example_xcom.py for tasks to queue
[2025-01-02T19:00:15.722+0000] {logging_mixin.py:190} INFO - [2025-01-02T19:00:15.722+0000] {dagbag.py:588} INFO - Filling up the DagBag from /home/airflow/.local/lib/python3.12/site-packages/airflow/example_dags/example_xcom.py
[2025-01-02T19:00:15.756+0000] {processor.py:925} INFO - DAG(s) 'example_xcom' retrieved from /home/airflow/.local/lib/python3.12/site-packages/airflow/example_dags/example_xcom.py
[2025-01-02T19:00:15.822+0000] {logging_mixin.py:190} INFO - [2025-01-02T19:00:15.822+0000] {dag.py:3239} INFO - Sync 1 DAGs
[2025-01-02T19:00:15.890+0000] {logging_mixin.py:190} INFO - [2025-01-02T19:00:15.890+0000] {dag.py:4180} INFO - Setting next_dagrun for example_xcom to 2021-01-01 00:00:00+00:00, run_after=2021-01-01 00:00:00+00:00
[2025-01-02T19:00:15.938+0000] {processor.py:208} INFO - Processing /home/airflow/.local/lib/python3.12/site-packages/airflow/example_dags/example_xcom.py took 0.234 seconds
[2025-01-02T19:00:46.285+0000] {processor.py:186} INFO - Started process (PID=149) to work on /home/airflow/.local/lib/python3.12/site-packages/airflow/example_dags/example_xcom.py
[2025-01-02T19:00:46.286+0000] {processor.py:914} INFO - Processing file /home/airflow/.local/lib/python3.12/site-packages/airflow/example_dags/example_xcom.py for tasks to queue
[2025-01-02T19:00:46.289+0000] {logging_mixin.py:190} INFO - [2025-01-02T19:00:46.289+0000] {dagbag.py:588} INFO - Filling up the DagBag from /home/airflow/.local/lib/python3.12/site-packages/airflow/example_dags/example_xcom.py
[2025-01-02T19:00:46.327+0000] {processor.py:925} INFO - DAG(s) 'example_xcom' retrieved from /home/airflow/.local/lib/python3.12/site-packages/airflow/example_dags/example_xcom.py
[2025-01-02T19:00:46.356+0000] {logging_mixin.py:190} INFO - [2025-01-02T19:00:46.356+0000] {dag.py:3239} INFO - Sync 1 DAGs
[2025-01-02T19:00:46.389+0000] {logging_mixin.py:190} INFO - [2025-01-02T19:00:46.389+0000] {dag.py:4180} INFO - Setting next_dagrun for example_xcom to 2021-01-01 00:00:00+00:00, run_after=2021-01-01 00:00:00+00:00
[2025-01-02T19:00:46.413+0000] {processor.py:208} INFO - Processing /home/airflow/.local/lib/python3.12/site-packages/airflow/example_dags/example_xcom.py took 0.137 seconds
[2025-01-02T19:01:17.004+0000] {processor.py:186} INFO - Started process (PID=212) to work on /home/airflow/.local/lib/python3.12/site-packages/airflow/example_dags/example_xcom.py
[2025-01-02T19:01:17.006+0000] {processor.py:914} INFO - Processing file /home/airflow/.local/lib/python3.12/site-packages/airflow/example_dags/example_xcom.py for tasks to queue
[2025-01-02T19:01:17.009+0000] {logging_mixin.py:190} INFO - [2025-01-02T19:01:17.009+0000] {dagbag.py:588} INFO - Filling up the DagBag from /home/airflow/.local/lib/python3.12/site-packages/airflow/example_dags/example_xcom.py
[2025-01-02T19:01:17.023+0000] {processor.py:925} INFO - DAG(s) 'example_xcom' retrieved from /home/airflow/.local/lib/python3.12/site-packages/airflow/example_dags/example_xcom.py
[2025-01-02T19:01:17.054+0000] {logging_mixin.py:190} INFO - [2025-01-02T19:01:17.054+0000] {dag.py:3239} INFO - Sync 1 DAGs
[2025-01-02T19:01:17.089+0000] {logging_mixin.py:190} INFO - [2025-01-02T19:01:17.088+0000] {dag.py:4180} INFO - Setting next_dagrun for example_xcom to 2021-01-01 00:00:00+00:00, run_after=2021-01-01 00:00:00+00:00
[2025-01-02T19:01:17.113+0000] {processor.py:208} INFO - Processing /home/airflow/.local/lib/python3.12/site-packages/airflow/example_dags/example_xcom.py took 0.118 seconds
[2025-01-02T19:01:48.052+0000] {processor.py:186} INFO - Started process (PID=275) to work on /home/airflow/.local/lib/python3.12/site-packages/airflow/example_dags/example_xcom.py
[2025-01-02T19:01:48.053+0000] {processor.py:914} INFO - Processing file /home/airflow/.local/lib/python3.12/site-packages/airflow/example_dags/example_xcom.py for tasks to queue
[2025-01-02T19:01:48.056+0000] {logging_mixin.py:190} INFO - [2025-01-02T19:01:48.055+0000] {dagbag.py:588} INFO - Filling up the DagBag from /home/airflow/.local/lib/python3.12/site-packages/airflow/example_dags/example_xcom.py
[2025-01-02T19:01:48.066+0000] {processor.py:925} INFO - DAG(s) 'example_xcom' retrieved from /home/airflow/.local/lib/python3.12/site-packages/airflow/example_dags/example_xcom.py
[2025-01-02T19:01:48.089+0000] {logging_mixin.py:190} INFO - [2025-01-02T19:01:48.089+0000] {dag.py:3239} INFO - Sync 1 DAGs
[2025-01-02T19:01:48.124+0000] {logging_mixin.py:190} INFO - [2025-01-02T19:01:48.124+0000] {dag.py:4180} INFO - Setting next_dagrun for example_xcom to 2021-01-01 00:00:00+00:00, run_after=2021-01-01 00:00:00+00:00
[2025-01-02T19:01:48.149+0000] {processor.py:208} INFO - Processing /home/airflow/.local/lib/python3.12/site-packages/airflow/example_dags/example_xcom.py took 0.103 seconds
[2025-01-02T19:02:18.733+0000] {processor.py:186} INFO - Started process (PID=337) to work on /home/airflow/.local/lib/python3.12/site-packages/airflow/example_dags/example_xcom.py
[2025-01-02T19:02:18.736+0000] {processor.py:914} INFO - Processing file /home/airflow/.local/lib/python3.12/site-packages/airflow/example_dags/example_xcom.py for tasks to queue
[2025-01-02T19:02:18.740+0000] {logging_mixin.py:190} INFO - [2025-01-02T19:02:18.739+0000] {dagbag.py:588} INFO - Filling up the DagBag from /home/airflow/.local/lib/python3.12/site-packages/airflow/example_dags/example_xcom.py
[2025-01-02T19:02:18.754+0000] {processor.py:925} INFO - DAG(s) 'example_xcom' retrieved from /home/airflow/.local/lib/python3.12/site-packages/airflow/example_dags/example_xcom.py
[2025-01-02T19:02:18.785+0000] {logging_mixin.py:190} INFO - [2025-01-02T19:02:18.784+0000] {dag.py:3239} INFO - Sync 1 DAGs
[2025-01-02T19:02:18.820+0000] {logging_mixin.py:190} INFO - [2025-01-02T19:02:18.820+0000] {dag.py:4180} INFO - Setting next_dagrun for example_xcom to 2021-01-01 00:00:00+00:00, run_after=2021-01-01 00:00:00+00:00
[2025-01-02T19:02:18.844+0000] {processor.py:208} INFO - Processing /home/airflow/.local/lib/python3.12/site-packages/airflow/example_dags/example_xcom.py took 0.119 seconds
[2025-01-02T19:02:49.595+0000] {processor.py:186} INFO - Started process (PID=400) to work on /home/airflow/.local/lib/python3.12/site-packages/airflow/example_dags/example_xcom.py
[2025-01-02T19:02:49.596+0000] {processor.py:914} INFO - Processing file /home/airflow/.local/lib/python3.12/site-packages/airflow/example_dags/example_xcom.py for tasks to queue
[2025-01-02T19:02:49.600+0000] {logging_mixin.py:190} INFO - [2025-01-02T19:02:49.599+0000] {dagbag.py:588} INFO - Filling up the DagBag from /home/airflow/.local/lib/python3.12/site-packages/airflow/example_dags/example_xcom.py
[2025-01-02T19:02:49.630+0000] {processor.py:925} INFO - DAG(s) 'example_xcom' retrieved from /home/airflow/.local/lib/python3.12/site-packages/airflow/example_dags/example_xcom.py
[2025-01-02T19:02:49.676+0000] {logging_mixin.py:190} INFO - [2025-01-02T19:02:49.676+0000] {dag.py:3239} INFO - Sync 1 DAGs
[2025-01-02T19:02:49.754+0000] {logging_mixin.py:190} INFO - [2025-01-02T19:02:49.754+0000] {dag.py:4180} INFO - Setting next_dagrun for example_xcom to 2021-01-01 00:00:00+00:00, run_after=2021-01-01 00:00:00+00:00
[2025-01-02T19:02:49.796+0000] {processor.py:208} INFO - Processing /home/airflow/.local/lib/python3.12/site-packages/airflow/example_dags/example_xcom.py took 0.222 seconds
[2025-01-02T19:03:20.528+0000] {processor.py:186} INFO - Started process (PID=463) to work on /home/airflow/.local/lib/python3.12/site-packages/airflow/example_dags/example_xcom.py
[2025-01-02T19:03:20.557+0000] {processor.py:914} INFO - Processing file /home/airflow/.local/lib/python3.12/site-packages/airflow/example_dags/example_xcom.py for tasks to queue
[2025-01-02T19:03:20.561+0000] {logging_mixin.py:190} INFO - [2025-01-02T19:03:20.560+0000] {dagbag.py:588} INFO - Filling up the DagBag from /home/airflow/.local/lib/python3.12/site-packages/airflow/example_dags/example_xcom.py
[2025-01-02T19:03:20.611+0000] {processor.py:925} INFO - DAG(s) 'example_xcom' retrieved from /home/airflow/.local/lib/python3.12/site-packages/airflow/example_dags/example_xcom.py
[2025-01-02T19:03:20.674+0000] {logging_mixin.py:190} INFO - [2025-01-02T19:03:20.674+0000] {dag.py:3239} INFO - Sync 1 DAGs
[2025-01-02T19:03:20.830+0000] {logging_mixin.py:190} INFO - [2025-01-02T19:03:20.830+0000] {dag.py:4180} INFO - Setting next_dagrun for example_xcom to 2021-01-01 00:00:00+00:00, run_after=2021-01-01 00:00:00+00:00
[2025-01-02T19:03:20.914+0000] {processor.py:208} INFO - Processing /home/airflow/.local/lib/python3.12/site-packages/airflow/example_dags/example_xcom.py took 0.407 seconds
[2025-01-02T19:03:51.253+0000] {processor.py:186} INFO - Started process (PID=526) to work on /home/airflow/.local/lib/python3.12/site-packages/airflow/example_dags/example_xcom.py
[2025-01-02T19:03:51.255+0000] {processor.py:914} INFO - Processing file /home/airflow/.local/lib/python3.12/site-packages/airflow/example_dags/example_xcom.py for tasks to queue
[2025-01-02T19:03:51.258+0000] {logging_mixin.py:190} INFO - [2025-01-02T19:03:51.258+0000] {dagbag.py:588} INFO - Filling up the DagBag from /home/airflow/.local/lib/python3.12/site-packages/airflow/example_dags/example_xcom.py
[2025-01-02T19:03:51.273+0000] {processor.py:925} INFO - DAG(s) 'example_xcom' retrieved from /home/airflow/.local/lib/python3.12/site-packages/airflow/example_dags/example_xcom.py
[2025-01-02T19:03:51.305+0000] {logging_mixin.py:190} INFO - [2025-01-02T19:03:51.305+0000] {dag.py:3239} INFO - Sync 1 DAGs
[2025-01-02T19:03:51.348+0000] {logging_mixin.py:190} INFO - [2025-01-02T19:03:51.348+0000] {dag.py:4180} INFO - Setting next_dagrun for example_xcom to 2021-01-01 00:00:00+00:00, run_after=2021-01-01 00:00:00+00:00
[2025-01-02T19:03:51.373+0000] {processor.py:208} INFO - Processing /home/airflow/.local/lib/python3.12/site-packages/airflow/example_dags/example_xcom.py took 0.128 seconds
[2025-01-02T19:04:21.662+0000] {processor.py:186} INFO - Started process (PID=589) to work on /home/airflow/.local/lib/python3.12/site-packages/airflow/example_dags/example_xcom.py
[2025-01-02T19:04:21.664+0000] {processor.py:914} INFO - Processing file /home/airflow/.local/lib/python3.12/site-packages/airflow/example_dags/example_xcom.py for tasks to queue
[2025-01-02T19:04:21.668+0000] {logging_mixin.py:190} INFO - [2025-01-02T19:04:21.667+0000] {dagbag.py:588} INFO - Filling up the DagBag from /home/airflow/.local/lib/python3.12/site-packages/airflow/example_dags/example_xcom.py
[2025-01-02T19:04:21.682+0000] {processor.py:925} INFO - DAG(s) 'example_xcom' retrieved from /home/airflow/.local/lib/python3.12/site-packages/airflow/example_dags/example_xcom.py
[2025-01-02T19:04:21.720+0000] {logging_mixin.py:190} INFO - [2025-01-02T19:04:21.720+0000] {dag.py:3239} INFO - Sync 1 DAGs
[2025-01-02T19:04:21.784+0000] {logging_mixin.py:190} INFO - [2025-01-02T19:04:21.784+0000] {dag.py:4180} INFO - Setting next_dagrun for example_xcom to 2021-01-01 00:00:00+00:00, run_after=2021-01-01 00:00:00+00:00
[2025-01-02T19:04:21.810+0000] {processor.py:208} INFO - Processing /home/airflow/.local/lib/python3.12/site-packages/airflow/example_dags/example_xcom.py took 0.156 seconds
[2025-01-02T19:04:52.089+0000] {processor.py:186} INFO - Started process (PID=652) to work on /home/airflow/.local/lib/python3.12/site-packages/airflow/example_dags/example_xcom.py
[2025-01-02T19:04:52.090+0000] {processor.py:914} INFO - Processing file /home/airflow/.local/lib/python3.12/site-packages/airflow/example_dags/example_xcom.py for tasks to queue
[2025-01-02T19:04:52.094+0000] {logging_mixin.py:190} INFO - [2025-01-02T19:04:52.093+0000] {dagbag.py:588} INFO - Filling up the DagBag from /home/airflow/.local/lib/python3.12/site-packages/airflow/example_dags/example_xcom.py
[2025-01-02T19:04:52.108+0000] {processor.py:925} INFO - DAG(s) 'example_xcom' retrieved from /home/airflow/.local/lib/python3.12/site-packages/airflow/example_dags/example_xcom.py
[2025-01-02T19:04:52.152+0000] {logging_mixin.py:190} INFO - [2025-01-02T19:04:52.151+0000] {dag.py:3239} INFO - Sync 1 DAGs
[2025-01-02T19:04:52.204+0000] {logging_mixin.py:190} INFO - [2025-01-02T19:04:52.203+0000] {dag.py:4180} INFO - Setting next_dagrun for example_xcom to 2021-01-01 00:00:00+00:00, run_after=2021-01-01 00:00:00+00:00
[2025-01-02T19:04:52.233+0000] {processor.py:208} INFO - Processing /home/airflow/.local/lib/python3.12/site-packages/airflow/example_dags/example_xcom.py took 0.153 seconds
