[2025-01-02T18:55:47.503+0000] {processor.py:186} INFO - Started process (PID=118) to work on /home/airflow/.local/lib/python3.12/site-packages/airflow/example_dags/example_python_decorator.py
[2025-01-02T18:55:47.504+0000] {processor.py:914} INFO - Processing file /home/airflow/.local/lib/python3.12/site-packages/airflow/example_dags/example_python_decorator.py for tasks to queue
[2025-01-02T18:55:47.516+0000] {logging_mixin.py:190} INFO - [2025-01-02T18:55:47.515+0000] {dagbag.py:588} INFO - Filling up the DagBag from /home/airflow/.local/lib/python3.12/site-packages/airflow/example_dags/example_python_decorator.py
[2025-01-02T18:55:47.564+0000] {processor.py:925} INFO - DAG(s) 'example_python_decorator' retrieved from /home/airflow/.local/lib/python3.12/site-packages/airflow/example_dags/example_python_decorator.py
[2025-01-02T18:55:47.925+0000] {logging_mixin.py:190} INFO - [2025-01-02T18:55:47.921+0000] {override.py:1911} INFO - Created Permission View: can edit on DAG:example_python_decorator
[2025-01-02T18:55:47.986+0000] {logging_mixin.py:190} INFO - [2025-01-02T18:55:47.986+0000] {override.py:1911} INFO - Created Permission View: can delete on DAG:example_python_decorator
[2025-01-02T18:55:48.006+0000] {logging_mixin.py:190} INFO - [2025-01-02T18:55:48.005+0000] {override.py:1911} INFO - Created Permission View: can read on DAG:example_python_decorator
[2025-01-02T18:55:48.022+0000] {logging_mixin.py:190} INFO - [2025-01-02T18:55:48.022+0000] {override.py:1911} INFO - Created Permission View: can create on DAG Run:example_python_decorator
[2025-01-02T18:55:48.033+0000] {logging_mixin.py:190} INFO - [2025-01-02T18:55:48.032+0000] {override.py:1911} INFO - Created Permission View: can delete on DAG Run:example_python_decorator
[2025-01-02T18:55:48.045+0000] {logging_mixin.py:190} INFO - [2025-01-02T18:55:48.044+0000] {override.py:1911} INFO - Created Permission View: menu access on DAG Run:example_python_decorator
[2025-01-02T18:55:48.058+0000] {logging_mixin.py:190} INFO - [2025-01-02T18:55:48.057+0000] {override.py:1911} INFO - Created Permission View: can read on DAG Run:example_python_decorator
[2025-01-02T18:55:48.058+0000] {logging_mixin.py:190} INFO - [2025-01-02T18:55:48.058+0000] {dag.py:3239} INFO - Sync 1 DAGs
[2025-01-02T18:55:48.098+0000] {logging_mixin.py:190} INFO - [2025-01-02T18:55:48.098+0000] {dag.py:3262} INFO - Creating ORM DAG for example_python_decorator
[2025-01-02T18:55:48.099+0000] {logging_mixin.py:190} INFO - [2025-01-02T18:55:48.099+0000] {dag.py:4180} INFO - Setting next_dagrun for example_python_decorator to None, run_after=None
[2025-01-02T18:55:48.163+0000] {processor.py:208} INFO - Processing /home/airflow/.local/lib/python3.12/site-packages/airflow/example_dags/example_python_decorator.py took 0.683 seconds
[2025-01-02T18:56:18.761+0000] {processor.py:186} INFO - Started process (PID=181) to work on /home/airflow/.local/lib/python3.12/site-packages/airflow/example_dags/example_python_decorator.py
[2025-01-02T18:56:18.769+0000] {processor.py:914} INFO - Processing file /home/airflow/.local/lib/python3.12/site-packages/airflow/example_dags/example_python_decorator.py for tasks to queue
[2025-01-02T18:56:18.773+0000] {logging_mixin.py:190} INFO - [2025-01-02T18:56:18.772+0000] {dagbag.py:588} INFO - Filling up the DagBag from /home/airflow/.local/lib/python3.12/site-packages/airflow/example_dags/example_python_decorator.py
[2025-01-02T18:56:18.836+0000] {processor.py:925} INFO - DAG(s) 'example_python_decorator' retrieved from /home/airflow/.local/lib/python3.12/site-packages/airflow/example_dags/example_python_decorator.py
[2025-01-02T18:56:18.961+0000] {logging_mixin.py:190} INFO - [2025-01-02T18:56:18.961+0000] {dag.py:3239} INFO - Sync 1 DAGs
[2025-01-02T18:56:19.017+0000] {logging_mixin.py:190} INFO - [2025-01-02T18:56:19.016+0000] {dag.py:4180} INFO - Setting next_dagrun for example_python_decorator to None, run_after=None
[2025-01-02T18:56:19.105+0000] {processor.py:208} INFO - Processing /home/airflow/.local/lib/python3.12/site-packages/airflow/example_dags/example_python_decorator.py took 0.376 seconds
[2025-01-02T18:56:49.405+0000] {processor.py:186} INFO - Started process (PID=244) to work on /home/airflow/.local/lib/python3.12/site-packages/airflow/example_dags/example_python_decorator.py
[2025-01-02T18:56:49.406+0000] {processor.py:914} INFO - Processing file /home/airflow/.local/lib/python3.12/site-packages/airflow/example_dags/example_python_decorator.py for tasks to queue
[2025-01-02T18:56:49.409+0000] {logging_mixin.py:190} INFO - [2025-01-02T18:56:49.409+0000] {dagbag.py:588} INFO - Filling up the DagBag from /home/airflow/.local/lib/python3.12/site-packages/airflow/example_dags/example_python_decorator.py
[2025-01-02T18:56:49.442+0000] {processor.py:925} INFO - DAG(s) 'example_python_decorator' retrieved from /home/airflow/.local/lib/python3.12/site-packages/airflow/example_dags/example_python_decorator.py
[2025-01-02T18:56:49.472+0000] {logging_mixin.py:190} INFO - [2025-01-02T18:56:49.472+0000] {dag.py:3239} INFO - Sync 1 DAGs
[2025-01-02T18:56:49.493+0000] {logging_mixin.py:190} INFO - [2025-01-02T18:56:49.493+0000] {dag.py:4180} INFO - Setting next_dagrun for example_python_decorator to None, run_after=None
[2025-01-02T18:56:49.516+0000] {processor.py:208} INFO - Processing /home/airflow/.local/lib/python3.12/site-packages/airflow/example_dags/example_python_decorator.py took 0.125 seconds
[2025-01-02T18:57:19.660+0000] {processor.py:186} INFO - Started process (PID=307) to work on /home/airflow/.local/lib/python3.12/site-packages/airflow/example_dags/example_python_decorator.py
[2025-01-02T18:57:19.662+0000] {processor.py:914} INFO - Processing file /home/airflow/.local/lib/python3.12/site-packages/airflow/example_dags/example_python_decorator.py for tasks to queue
[2025-01-02T18:57:19.665+0000] {logging_mixin.py:190} INFO - [2025-01-02T18:57:19.664+0000] {dagbag.py:588} INFO - Filling up the DagBag from /home/airflow/.local/lib/python3.12/site-packages/airflow/example_dags/example_python_decorator.py
[2025-01-02T18:57:19.689+0000] {processor.py:925} INFO - DAG(s) 'example_python_decorator' retrieved from /home/airflow/.local/lib/python3.12/site-packages/airflow/example_dags/example_python_decorator.py
[2025-01-02T18:57:19.719+0000] {logging_mixin.py:190} INFO - [2025-01-02T18:57:19.718+0000] {dag.py:3239} INFO - Sync 1 DAGs
[2025-01-02T18:57:19.739+0000] {logging_mixin.py:190} INFO - [2025-01-02T18:57:19.739+0000] {dag.py:4180} INFO - Setting next_dagrun for example_python_decorator to None, run_after=None
[2025-01-02T18:57:19.765+0000] {processor.py:208} INFO - Processing /home/airflow/.local/lib/python3.12/site-packages/airflow/example_dags/example_python_decorator.py took 0.113 seconds
[2025-01-02T19:00:21.550+0000] {processor.py:186} INFO - Started process (PID=107) to work on /home/airflow/.local/lib/python3.12/site-packages/airflow/example_dags/example_python_decorator.py
[2025-01-02T19:00:21.553+0000] {processor.py:914} INFO - Processing file /home/airflow/.local/lib/python3.12/site-packages/airflow/example_dags/example_python_decorator.py for tasks to queue
[2025-01-02T19:00:21.563+0000] {logging_mixin.py:190} INFO - [2025-01-02T19:00:21.563+0000] {dagbag.py:588} INFO - Filling up the DagBag from /home/airflow/.local/lib/python3.12/site-packages/airflow/example_dags/example_python_decorator.py
[2025-01-02T19:00:21.604+0000] {processor.py:925} INFO - DAG(s) 'example_python_decorator' retrieved from /home/airflow/.local/lib/python3.12/site-packages/airflow/example_dags/example_python_decorator.py
[2025-01-02T19:00:21.830+0000] {logging_mixin.py:190} INFO - [2025-01-02T19:00:21.830+0000] {dag.py:3239} INFO - Sync 1 DAGs
[2025-01-02T19:00:21.851+0000] {logging_mixin.py:190} INFO - [2025-01-02T19:00:21.850+0000] {dag.py:4180} INFO - Setting next_dagrun for example_python_decorator to None, run_after=None
[2025-01-02T19:00:21.881+0000] {processor.py:208} INFO - Processing /home/airflow/.local/lib/python3.12/site-packages/airflow/example_dags/example_python_decorator.py took 0.341 seconds
[2025-01-02T19:00:52.384+0000] {processor.py:186} INFO - Started process (PID=170) to work on /home/airflow/.local/lib/python3.12/site-packages/airflow/example_dags/example_python_decorator.py
[2025-01-02T19:00:52.385+0000] {processor.py:914} INFO - Processing file /home/airflow/.local/lib/python3.12/site-packages/airflow/example_dags/example_python_decorator.py for tasks to queue
[2025-01-02T19:00:52.388+0000] {logging_mixin.py:190} INFO - [2025-01-02T19:00:52.388+0000] {dagbag.py:588} INFO - Filling up the DagBag from /home/airflow/.local/lib/python3.12/site-packages/airflow/example_dags/example_python_decorator.py
[2025-01-02T19:00:52.411+0000] {processor.py:925} INFO - DAG(s) 'example_python_decorator' retrieved from /home/airflow/.local/lib/python3.12/site-packages/airflow/example_dags/example_python_decorator.py
[2025-01-02T19:00:52.445+0000] {logging_mixin.py:190} INFO - [2025-01-02T19:00:52.444+0000] {dag.py:3239} INFO - Sync 1 DAGs
[2025-01-02T19:00:52.466+0000] {logging_mixin.py:190} INFO - [2025-01-02T19:00:52.466+0000] {dag.py:4180} INFO - Setting next_dagrun for example_python_decorator to None, run_after=None
[2025-01-02T19:00:52.490+0000] {processor.py:208} INFO - Processing /home/airflow/.local/lib/python3.12/site-packages/airflow/example_dags/example_python_decorator.py took 0.115 seconds
[2025-01-02T19:01:23.540+0000] {processor.py:186} INFO - Started process (PID=233) to work on /home/airflow/.local/lib/python3.12/site-packages/airflow/example_dags/example_python_decorator.py
[2025-01-02T19:01:23.542+0000] {processor.py:914} INFO - Processing file /home/airflow/.local/lib/python3.12/site-packages/airflow/example_dags/example_python_decorator.py for tasks to queue
[2025-01-02T19:01:23.545+0000] {logging_mixin.py:190} INFO - [2025-01-02T19:01:23.545+0000] {dagbag.py:588} INFO - Filling up the DagBag from /home/airflow/.local/lib/python3.12/site-packages/airflow/example_dags/example_python_decorator.py
[2025-01-02T19:01:23.567+0000] {processor.py:925} INFO - DAG(s) 'example_python_decorator' retrieved from /home/airflow/.local/lib/python3.12/site-packages/airflow/example_dags/example_python_decorator.py
[2025-01-02T19:01:23.598+0000] {logging_mixin.py:190} INFO - [2025-01-02T19:01:23.598+0000] {dag.py:3239} INFO - Sync 1 DAGs
[2025-01-02T19:01:23.619+0000] {logging_mixin.py:190} INFO - [2025-01-02T19:01:23.619+0000] {dag.py:4180} INFO - Setting next_dagrun for example_python_decorator to None, run_after=None
[2025-01-02T19:01:23.642+0000] {processor.py:208} INFO - Processing /home/airflow/.local/lib/python3.12/site-packages/airflow/example_dags/example_python_decorator.py took 0.111 seconds
[2025-01-02T19:01:54.846+0000] {processor.py:186} INFO - Started process (PID=302) to work on /home/airflow/.local/lib/python3.12/site-packages/airflow/example_dags/example_python_decorator.py
[2025-01-02T19:01:54.848+0000] {processor.py:914} INFO - Processing file /home/airflow/.local/lib/python3.12/site-packages/airflow/example_dags/example_python_decorator.py for tasks to queue
[2025-01-02T19:01:54.853+0000] {logging_mixin.py:190} INFO - [2025-01-02T19:01:54.852+0000] {dagbag.py:588} INFO - Filling up the DagBag from /home/airflow/.local/lib/python3.12/site-packages/airflow/example_dags/example_python_decorator.py
[2025-01-02T19:01:54.876+0000] {processor.py:925} INFO - DAG(s) 'example_python_decorator' retrieved from /home/airflow/.local/lib/python3.12/site-packages/airflow/example_dags/example_python_decorator.py
[2025-01-02T19:01:54.906+0000] {logging_mixin.py:190} INFO - [2025-01-02T19:01:54.906+0000] {dag.py:3239} INFO - Sync 1 DAGs
[2025-01-02T19:01:54.927+0000] {logging_mixin.py:190} INFO - [2025-01-02T19:01:54.926+0000] {dag.py:4180} INFO - Setting next_dagrun for example_python_decorator to None, run_after=None
[2025-01-02T19:01:54.949+0000] {processor.py:208} INFO - Processing /home/airflow/.local/lib/python3.12/site-packages/airflow/example_dags/example_python_decorator.py took 0.115 seconds
[2025-01-02T19:02:25.168+0000] {processor.py:186} INFO - Started process (PID=364) to work on /home/airflow/.local/lib/python3.12/site-packages/airflow/example_dags/example_python_decorator.py
[2025-01-02T19:02:25.170+0000] {processor.py:914} INFO - Processing file /home/airflow/.local/lib/python3.12/site-packages/airflow/example_dags/example_python_decorator.py for tasks to queue
[2025-01-02T19:02:25.173+0000] {logging_mixin.py:190} INFO - [2025-01-02T19:02:25.173+0000] {dagbag.py:588} INFO - Filling up the DagBag from /home/airflow/.local/lib/python3.12/site-packages/airflow/example_dags/example_python_decorator.py
[2025-01-02T19:02:25.196+0000] {processor.py:925} INFO - DAG(s) 'example_python_decorator' retrieved from /home/airflow/.local/lib/python3.12/site-packages/airflow/example_dags/example_python_decorator.py
[2025-01-02T19:02:25.231+0000] {logging_mixin.py:190} INFO - [2025-01-02T19:02:25.231+0000] {dag.py:3239} INFO - Sync 1 DAGs
[2025-01-02T19:02:25.255+0000] {logging_mixin.py:190} INFO - [2025-01-02T19:02:25.254+0000] {dag.py:4180} INFO - Setting next_dagrun for example_python_decorator to None, run_after=None
[2025-01-02T19:02:25.280+0000] {processor.py:208} INFO - Processing /home/airflow/.local/lib/python3.12/site-packages/airflow/example_dags/example_python_decorator.py took 0.121 seconds
[2025-01-02T19:02:56.466+0000] {processor.py:186} INFO - Started process (PID=427) to work on /home/airflow/.local/lib/python3.12/site-packages/airflow/example_dags/example_python_decorator.py
[2025-01-02T19:02:56.467+0000] {processor.py:914} INFO - Processing file /home/airflow/.local/lib/python3.12/site-packages/airflow/example_dags/example_python_decorator.py for tasks to queue
[2025-01-02T19:02:56.470+0000] {logging_mixin.py:190} INFO - [2025-01-02T19:02:56.470+0000] {dagbag.py:588} INFO - Filling up the DagBag from /home/airflow/.local/lib/python3.12/site-packages/airflow/example_dags/example_python_decorator.py
[2025-01-02T19:02:56.493+0000] {processor.py:925} INFO - DAG(s) 'example_python_decorator' retrieved from /home/airflow/.local/lib/python3.12/site-packages/airflow/example_dags/example_python_decorator.py
[2025-01-02T19:02:56.535+0000] {logging_mixin.py:190} INFO - [2025-01-02T19:02:56.530+0000] {dag.py:3239} INFO - Sync 1 DAGs
[2025-01-02T19:02:56.558+0000] {logging_mixin.py:190} INFO - [2025-01-02T19:02:56.558+0000] {dag.py:4180} INFO - Setting next_dagrun for example_python_decorator to None, run_after=None
[2025-01-02T19:02:56.581+0000] {processor.py:208} INFO - Processing /home/airflow/.local/lib/python3.12/site-packages/airflow/example_dags/example_python_decorator.py took 0.125 seconds
[2025-01-02T19:03:29.025+0000] {processor.py:186} INFO - Started process (PID=491) to work on /home/airflow/.local/lib/python3.12/site-packages/airflow/example_dags/example_python_decorator.py
[2025-01-02T19:03:29.027+0000] {processor.py:914} INFO - Processing file /home/airflow/.local/lib/python3.12/site-packages/airflow/example_dags/example_python_decorator.py for tasks to queue
[2025-01-02T19:03:29.031+0000] {logging_mixin.py:190} INFO - [2025-01-02T19:03:29.030+0000] {dagbag.py:588} INFO - Filling up the DagBag from /home/airflow/.local/lib/python3.12/site-packages/airflow/example_dags/example_python_decorator.py
[2025-01-02T19:03:29.055+0000] {processor.py:925} INFO - DAG(s) 'example_python_decorator' retrieved from /home/airflow/.local/lib/python3.12/site-packages/airflow/example_dags/example_python_decorator.py
[2025-01-02T19:03:29.087+0000] {logging_mixin.py:190} INFO - [2025-01-02T19:03:29.086+0000] {dag.py:3239} INFO - Sync 1 DAGs
[2025-01-02T19:03:29.108+0000] {logging_mixin.py:190} INFO - [2025-01-02T19:03:29.107+0000] {dag.py:4180} INFO - Setting next_dagrun for example_python_decorator to None, run_after=None
[2025-01-02T19:03:29.132+0000] {processor.py:208} INFO - Processing /home/airflow/.local/lib/python3.12/site-packages/airflow/example_dags/example_python_decorator.py took 0.115 seconds
[2025-01-02T19:04:04.560+0000] {processor.py:186} INFO - Started process (PID=554) to work on /home/airflow/.local/lib/python3.12/site-packages/airflow/example_dags/example_python_decorator.py
[2025-01-02T19:04:04.562+0000] {processor.py:914} INFO - Processing file /home/airflow/.local/lib/python3.12/site-packages/airflow/example_dags/example_python_decorator.py for tasks to queue
[2025-01-02T19:04:04.566+0000] {logging_mixin.py:190} INFO - [2025-01-02T19:04:04.565+0000] {dagbag.py:588} INFO - Filling up the DagBag from /home/airflow/.local/lib/python3.12/site-packages/airflow/example_dags/example_python_decorator.py
[2025-01-02T19:04:04.588+0000] {processor.py:925} INFO - DAG(s) 'example_python_decorator' retrieved from /home/airflow/.local/lib/python3.12/site-packages/airflow/example_dags/example_python_decorator.py
[2025-01-02T19:04:04.621+0000] {logging_mixin.py:190} INFO - [2025-01-02T19:04:04.620+0000] {dag.py:3239} INFO - Sync 1 DAGs
[2025-01-02T19:04:04.643+0000] {logging_mixin.py:190} INFO - [2025-01-02T19:04:04.643+0000] {dag.py:4180} INFO - Setting next_dagrun for example_python_decorator to None, run_after=None
[2025-01-02T19:04:04.668+0000] {processor.py:208} INFO - Processing /home/airflow/.local/lib/python3.12/site-packages/airflow/example_dags/example_python_decorator.py took 0.118 seconds
[2025-01-02T19:04:39.334+0000] {processor.py:186} INFO - Started process (PID=617) to work on /home/airflow/.local/lib/python3.12/site-packages/airflow/example_dags/example_python_decorator.py
[2025-01-02T19:04:39.336+0000] {processor.py:914} INFO - Processing file /home/airflow/.local/lib/python3.12/site-packages/airflow/example_dags/example_python_decorator.py for tasks to queue
[2025-01-02T19:04:39.341+0000] {logging_mixin.py:190} INFO - [2025-01-02T19:04:39.341+0000] {dagbag.py:588} INFO - Filling up the DagBag from /home/airflow/.local/lib/python3.12/site-packages/airflow/example_dags/example_python_decorator.py
[2025-01-02T19:04:39.382+0000] {processor.py:925} INFO - DAG(s) 'example_python_decorator' retrieved from /home/airflow/.local/lib/python3.12/site-packages/airflow/example_dags/example_python_decorator.py
[2025-01-02T19:04:39.431+0000] {logging_mixin.py:190} INFO - [2025-01-02T19:04:39.431+0000] {dag.py:3239} INFO - Sync 1 DAGs
[2025-01-02T19:04:39.464+0000] {logging_mixin.py:190} INFO - [2025-01-02T19:04:39.464+0000] {dag.py:4180} INFO - Setting next_dagrun for example_python_decorator to None, run_after=None
[2025-01-02T19:04:39.508+0000] {processor.py:208} INFO - Processing /home/airflow/.local/lib/python3.12/site-packages/airflow/example_dags/example_python_decorator.py took 0.184 seconds
