[2025-01-02T18:55:48.849+0000] {processor.py:186} INFO - Started process (PID=122) to work on /home/airflow/.local/lib/python3.12/site-packages/airflow/example_dags/example_display_name.py
[2025-01-02T18:55:48.854+0000] {processor.py:914} INFO - Processing file /home/airflow/.local/lib/python3.12/site-packages/airflow/example_dags/example_display_name.py for tasks to queue
[2025-01-02T18:55:48.857+0000] {logging_mixin.py:190} INFO - [2025-01-02T18:55:48.857+0000] {dagbag.py:588} INFO - Filling up the DagBag from /home/airflow/.local/lib/python3.12/site-packages/airflow/example_dags/example_display_name.py
[2025-01-02T18:55:48.876+0000] {processor.py:925} INFO - DAG(s) 'example_display_name' retrieved from /home/airflow/.local/lib/python3.12/site-packages/airflow/example_dags/example_display_name.py
[2025-01-02T18:55:49.180+0000] {logging_mixin.py:190} INFO - [2025-01-02T18:55:49.179+0000] {override.py:1911} INFO - Created Permission View: can edit on DAG:example_display_name
[2025-01-02T18:55:49.207+0000] {logging_mixin.py:190} INFO - [2025-01-02T18:55:49.207+0000] {override.py:1911} INFO - Created Permission View: can delete on DAG:example_display_name
[2025-01-02T18:55:49.223+0000] {logging_mixin.py:190} INFO - [2025-01-02T18:55:49.223+0000] {override.py:1911} INFO - Created Permission View: can read on DAG:example_display_name
[2025-01-02T18:55:49.236+0000] {logging_mixin.py:190} INFO - [2025-01-02T18:55:49.236+0000] {override.py:1911} INFO - Created Permission View: can create on DAG Run:example_display_name
[2025-01-02T18:55:49.252+0000] {logging_mixin.py:190} INFO - [2025-01-02T18:55:49.252+0000] {override.py:1911} INFO - Created Permission View: can delete on DAG Run:example_display_name
[2025-01-02T18:55:49.264+0000] {logging_mixin.py:190} INFO - [2025-01-02T18:55:49.263+0000] {override.py:1911} INFO - Created Permission View: menu access on DAG Run:example_display_name
[2025-01-02T18:55:49.280+0000] {logging_mixin.py:190} INFO - [2025-01-02T18:55:49.280+0000] {override.py:1911} INFO - Created Permission View: can read on DAG Run:example_display_name
[2025-01-02T18:55:49.281+0000] {logging_mixin.py:190} INFO - [2025-01-02T18:55:49.281+0000] {dag.py:3239} INFO - Sync 1 DAGs
[2025-01-02T18:55:49.318+0000] {logging_mixin.py:190} INFO - [2025-01-02T18:55:49.317+0000] {dag.py:3262} INFO - Creating ORM DAG for example_display_name
[2025-01-02T18:55:49.319+0000] {logging_mixin.py:190} INFO - [2025-01-02T18:55:49.318+0000] {dag.py:4180} INFO - Setting next_dagrun for example_display_name to None, run_after=None
[2025-01-02T18:55:49.360+0000] {processor.py:208} INFO - Processing /home/airflow/.local/lib/python3.12/site-packages/airflow/example_dags/example_display_name.py took 0.526 seconds
[2025-01-02T18:56:20.042+0000] {processor.py:186} INFO - Started process (PID=185) to work on /home/airflow/.local/lib/python3.12/site-packages/airflow/example_dags/example_display_name.py
[2025-01-02T18:56:20.043+0000] {processor.py:914} INFO - Processing file /home/airflow/.local/lib/python3.12/site-packages/airflow/example_dags/example_display_name.py for tasks to queue
[2025-01-02T18:56:20.059+0000] {logging_mixin.py:190} INFO - [2025-01-02T18:56:20.058+0000] {dagbag.py:588} INFO - Filling up the DagBag from /home/airflow/.local/lib/python3.12/site-packages/airflow/example_dags/example_display_name.py
[2025-01-02T18:56:20.083+0000] {processor.py:925} INFO - DAG(s) 'example_display_name' retrieved from /home/airflow/.local/lib/python3.12/site-packages/airflow/example_dags/example_display_name.py
[2025-01-02T18:56:20.130+0000] {logging_mixin.py:190} INFO - [2025-01-02T18:56:20.130+0000] {dag.py:3239} INFO - Sync 1 DAGs
[2025-01-02T18:56:20.160+0000] {logging_mixin.py:190} INFO - [2025-01-02T18:56:20.160+0000] {dag.py:4180} INFO - Setting next_dagrun for example_display_name to None, run_after=None
[2025-01-02T18:56:20.216+0000] {processor.py:208} INFO - Processing /home/airflow/.local/lib/python3.12/site-packages/airflow/example_dags/example_display_name.py took 0.191 seconds
[2025-01-02T18:56:50.754+0000] {processor.py:186} INFO - Started process (PID=248) to work on /home/airflow/.local/lib/python3.12/site-packages/airflow/example_dags/example_display_name.py
[2025-01-02T18:56:50.758+0000] {processor.py:914} INFO - Processing file /home/airflow/.local/lib/python3.12/site-packages/airflow/example_dags/example_display_name.py for tasks to queue
[2025-01-02T18:56:50.761+0000] {logging_mixin.py:190} INFO - [2025-01-02T18:56:50.761+0000] {dagbag.py:588} INFO - Filling up the DagBag from /home/airflow/.local/lib/python3.12/site-packages/airflow/example_dags/example_display_name.py
[2025-01-02T18:56:50.773+0000] {processor.py:925} INFO - DAG(s) 'example_display_name' retrieved from /home/airflow/.local/lib/python3.12/site-packages/airflow/example_dags/example_display_name.py
[2025-01-02T18:56:50.803+0000] {logging_mixin.py:190} INFO - [2025-01-02T18:56:50.802+0000] {dag.py:3239} INFO - Sync 1 DAGs
[2025-01-02T18:56:50.824+0000] {logging_mixin.py:190} INFO - [2025-01-02T18:56:50.824+0000] {dag.py:4180} INFO - Setting next_dagrun for example_display_name to None, run_after=None
[2025-01-02T18:56:50.850+0000] {processor.py:208} INFO - Processing /home/airflow/.local/lib/python3.12/site-packages/airflow/example_dags/example_display_name.py took 0.105 seconds
[2025-01-02T18:57:21.095+0000] {processor.py:186} INFO - Started process (PID=311) to work on /home/airflow/.local/lib/python3.12/site-packages/airflow/example_dags/example_display_name.py
[2025-01-02T18:57:21.096+0000] {processor.py:914} INFO - Processing file /home/airflow/.local/lib/python3.12/site-packages/airflow/example_dags/example_display_name.py for tasks to queue
[2025-01-02T18:57:21.098+0000] {logging_mixin.py:190} INFO - [2025-01-02T18:57:21.098+0000] {dagbag.py:588} INFO - Filling up the DagBag from /home/airflow/.local/lib/python3.12/site-packages/airflow/example_dags/example_display_name.py
[2025-01-02T18:57:21.108+0000] {processor.py:925} INFO - DAG(s) 'example_display_name' retrieved from /home/airflow/.local/lib/python3.12/site-packages/airflow/example_dags/example_display_name.py
[2025-01-02T18:57:21.128+0000] {logging_mixin.py:190} INFO - [2025-01-02T18:57:21.128+0000] {dag.py:3239} INFO - Sync 1 DAGs
[2025-01-02T18:57:21.143+0000] {logging_mixin.py:190} INFO - [2025-01-02T18:57:21.143+0000] {dag.py:4180} INFO - Setting next_dagrun for example_display_name to None, run_after=None
[2025-01-02T18:57:21.160+0000] {processor.py:208} INFO - Processing /home/airflow/.local/lib/python3.12/site-packages/airflow/example_dags/example_display_name.py took 0.073 seconds
[2025-01-02T19:00:22.172+0000] {processor.py:186} INFO - Started process (PID=111) to work on /home/airflow/.local/lib/python3.12/site-packages/airflow/example_dags/example_display_name.py
[2025-01-02T19:00:22.187+0000] {processor.py:914} INFO - Processing file /home/airflow/.local/lib/python3.12/site-packages/airflow/example_dags/example_display_name.py for tasks to queue
[2025-01-02T19:00:22.190+0000] {logging_mixin.py:190} INFO - [2025-01-02T19:00:22.190+0000] {dagbag.py:588} INFO - Filling up the DagBag from /home/airflow/.local/lib/python3.12/site-packages/airflow/example_dags/example_display_name.py
[2025-01-02T19:00:22.237+0000] {processor.py:925} INFO - DAG(s) 'example_display_name' retrieved from /home/airflow/.local/lib/python3.12/site-packages/airflow/example_dags/example_display_name.py
[2025-01-02T19:00:22.298+0000] {logging_mixin.py:190} INFO - [2025-01-02T19:00:22.298+0000] {dag.py:3239} INFO - Sync 1 DAGs
[2025-01-02T19:00:22.355+0000] {logging_mixin.py:190} INFO - [2025-01-02T19:00:22.355+0000] {dag.py:4180} INFO - Setting next_dagrun for example_display_name to None, run_after=None
[2025-01-02T19:00:22.405+0000] {processor.py:208} INFO - Processing /home/airflow/.local/lib/python3.12/site-packages/airflow/example_dags/example_display_name.py took 0.249 seconds
[2025-01-02T19:00:52.685+0000] {processor.py:186} INFO - Started process (PID=174) to work on /home/airflow/.local/lib/python3.12/site-packages/airflow/example_dags/example_display_name.py
[2025-01-02T19:00:52.686+0000] {processor.py:914} INFO - Processing file /home/airflow/.local/lib/python3.12/site-packages/airflow/example_dags/example_display_name.py for tasks to queue
[2025-01-02T19:00:52.689+0000] {logging_mixin.py:190} INFO - [2025-01-02T19:00:52.689+0000] {dagbag.py:588} INFO - Filling up the DagBag from /home/airflow/.local/lib/python3.12/site-packages/airflow/example_dags/example_display_name.py
[2025-01-02T19:00:52.701+0000] {processor.py:925} INFO - DAG(s) 'example_display_name' retrieved from /home/airflow/.local/lib/python3.12/site-packages/airflow/example_dags/example_display_name.py
[2025-01-02T19:00:52.728+0000] {logging_mixin.py:190} INFO - [2025-01-02T19:00:52.728+0000] {dag.py:3239} INFO - Sync 1 DAGs
[2025-01-02T19:00:52.750+0000] {logging_mixin.py:190} INFO - [2025-01-02T19:00:52.749+0000] {dag.py:4180} INFO - Setting next_dagrun for example_display_name to None, run_after=None
[2025-01-02T19:00:52.774+0000] {processor.py:208} INFO - Processing /home/airflow/.local/lib/python3.12/site-packages/airflow/example_dags/example_display_name.py took 0.098 seconds
[2025-01-02T19:01:23.849+0000] {processor.py:186} INFO - Started process (PID=237) to work on /home/airflow/.local/lib/python3.12/site-packages/airflow/example_dags/example_display_name.py
[2025-01-02T19:01:23.851+0000] {processor.py:914} INFO - Processing file /home/airflow/.local/lib/python3.12/site-packages/airflow/example_dags/example_display_name.py for tasks to queue
[2025-01-02T19:01:23.854+0000] {logging_mixin.py:190} INFO - [2025-01-02T19:01:23.853+0000] {dagbag.py:588} INFO - Filling up the DagBag from /home/airflow/.local/lib/python3.12/site-packages/airflow/example_dags/example_display_name.py
[2025-01-02T19:01:23.865+0000] {processor.py:925} INFO - DAG(s) 'example_display_name' retrieved from /home/airflow/.local/lib/python3.12/site-packages/airflow/example_dags/example_display_name.py
[2025-01-02T19:01:23.892+0000] {logging_mixin.py:190} INFO - [2025-01-02T19:01:23.892+0000] {dag.py:3239} INFO - Sync 1 DAGs
[2025-01-02T19:01:23.915+0000] {logging_mixin.py:190} INFO - [2025-01-02T19:01:23.914+0000] {dag.py:4180} INFO - Setting next_dagrun for example_display_name to None, run_after=None
[2025-01-02T19:01:23.944+0000] {processor.py:208} INFO - Processing /home/airflow/.local/lib/python3.12/site-packages/airflow/example_dags/example_display_name.py took 0.104 seconds
[2025-01-02T19:01:55.320+0000] {processor.py:186} INFO - Started process (PID=306) to work on /home/airflow/.local/lib/python3.12/site-packages/airflow/example_dags/example_display_name.py
[2025-01-02T19:01:55.321+0000] {processor.py:914} INFO - Processing file /home/airflow/.local/lib/python3.12/site-packages/airflow/example_dags/example_display_name.py for tasks to queue
[2025-01-02T19:01:55.324+0000] {logging_mixin.py:190} INFO - [2025-01-02T19:01:55.324+0000] {dagbag.py:588} INFO - Filling up the DagBag from /home/airflow/.local/lib/python3.12/site-packages/airflow/example_dags/example_display_name.py
[2025-01-02T19:01:55.336+0000] {processor.py:925} INFO - DAG(s) 'example_display_name' retrieved from /home/airflow/.local/lib/python3.12/site-packages/airflow/example_dags/example_display_name.py
[2025-01-02T19:01:55.363+0000] {logging_mixin.py:190} INFO - [2025-01-02T19:01:55.363+0000] {dag.py:3239} INFO - Sync 1 DAGs
[2025-01-02T19:01:55.386+0000] {logging_mixin.py:190} INFO - [2025-01-02T19:01:55.385+0000] {dag.py:4180} INFO - Setting next_dagrun for example_display_name to None, run_after=None
[2025-01-02T19:01:55.410+0000] {processor.py:208} INFO - Processing /home/airflow/.local/lib/python3.12/site-packages/airflow/example_dags/example_display_name.py took 0.099 seconds
[2025-01-02T19:02:26.310+0000] {processor.py:186} INFO - Started process (PID=369) to work on /home/airflow/.local/lib/python3.12/site-packages/airflow/example_dags/example_display_name.py
[2025-01-02T19:02:26.312+0000] {processor.py:914} INFO - Processing file /home/airflow/.local/lib/python3.12/site-packages/airflow/example_dags/example_display_name.py for tasks to queue
[2025-01-02T19:02:26.316+0000] {logging_mixin.py:190} INFO - [2025-01-02T19:02:26.315+0000] {dagbag.py:588} INFO - Filling up the DagBag from /home/airflow/.local/lib/python3.12/site-packages/airflow/example_dags/example_display_name.py
[2025-01-02T19:02:26.327+0000] {processor.py:925} INFO - DAG(s) 'example_display_name' retrieved from /home/airflow/.local/lib/python3.12/site-packages/airflow/example_dags/example_display_name.py
[2025-01-02T19:02:26.354+0000] {logging_mixin.py:190} INFO - [2025-01-02T19:02:26.354+0000] {dag.py:3239} INFO - Sync 1 DAGs
[2025-01-02T19:02:26.375+0000] {logging_mixin.py:190} INFO - [2025-01-02T19:02:26.374+0000] {dag.py:4180} INFO - Setting next_dagrun for example_display_name to None, run_after=None
[2025-01-02T19:02:26.398+0000] {processor.py:208} INFO - Processing /home/airflow/.local/lib/python3.12/site-packages/airflow/example_dags/example_display_name.py took 0.098 seconds
[2025-01-02T19:02:57.507+0000] {processor.py:186} INFO - Started process (PID=432) to work on /home/airflow/.local/lib/python3.12/site-packages/airflow/example_dags/example_display_name.py
[2025-01-02T19:02:57.509+0000] {processor.py:914} INFO - Processing file /home/airflow/.local/lib/python3.12/site-packages/airflow/example_dags/example_display_name.py for tasks to queue
[2025-01-02T19:02:57.513+0000] {logging_mixin.py:190} INFO - [2025-01-02T19:02:57.512+0000] {dagbag.py:588} INFO - Filling up the DagBag from /home/airflow/.local/lib/python3.12/site-packages/airflow/example_dags/example_display_name.py
[2025-01-02T19:02:57.526+0000] {processor.py:925} INFO - DAG(s) 'example_display_name' retrieved from /home/airflow/.local/lib/python3.12/site-packages/airflow/example_dags/example_display_name.py
[2025-01-02T19:02:57.572+0000] {logging_mixin.py:190} INFO - [2025-01-02T19:02:57.571+0000] {dag.py:3239} INFO - Sync 1 DAGs
[2025-01-02T19:02:57.597+0000] {logging_mixin.py:190} INFO - [2025-01-02T19:02:57.596+0000] {dag.py:4180} INFO - Setting next_dagrun for example_display_name to None, run_after=None
[2025-01-02T19:02:57.635+0000] {processor.py:208} INFO - Processing /home/airflow/.local/lib/python3.12/site-packages/airflow/example_dags/example_display_name.py took 0.137 seconds
[2025-01-02T19:03:29.328+0000] {processor.py:186} INFO - Started process (PID=495) to work on /home/airflow/.local/lib/python3.12/site-packages/airflow/example_dags/example_display_name.py
[2025-01-02T19:03:29.332+0000] {processor.py:914} INFO - Processing file /home/airflow/.local/lib/python3.12/site-packages/airflow/example_dags/example_display_name.py for tasks to queue
[2025-01-02T19:03:29.335+0000] {logging_mixin.py:190} INFO - [2025-01-02T19:03:29.335+0000] {dagbag.py:588} INFO - Filling up the DagBag from /home/airflow/.local/lib/python3.12/site-packages/airflow/example_dags/example_display_name.py
[2025-01-02T19:03:29.347+0000] {processor.py:925} INFO - DAG(s) 'example_display_name' retrieved from /home/airflow/.local/lib/python3.12/site-packages/airflow/example_dags/example_display_name.py
[2025-01-02T19:03:29.374+0000] {logging_mixin.py:190} INFO - [2025-01-02T19:03:29.374+0000] {dag.py:3239} INFO - Sync 1 DAGs
[2025-01-02T19:03:29.398+0000] {logging_mixin.py:190} INFO - [2025-01-02T19:03:29.398+0000] {dag.py:4180} INFO - Setting next_dagrun for example_display_name to None, run_after=None
[2025-01-02T19:03:29.424+0000] {processor.py:208} INFO - Processing /home/airflow/.local/lib/python3.12/site-packages/airflow/example_dags/example_display_name.py took 0.106 seconds
[2025-01-02T19:04:04.858+0000] {processor.py:186} INFO - Started process (PID=558) to work on /home/airflow/.local/lib/python3.12/site-packages/airflow/example_dags/example_display_name.py
[2025-01-02T19:04:04.860+0000] {processor.py:914} INFO - Processing file /home/airflow/.local/lib/python3.12/site-packages/airflow/example_dags/example_display_name.py for tasks to queue
[2025-01-02T19:04:04.864+0000] {logging_mixin.py:190} INFO - [2025-01-02T19:04:04.863+0000] {dagbag.py:588} INFO - Filling up the DagBag from /home/airflow/.local/lib/python3.12/site-packages/airflow/example_dags/example_display_name.py
[2025-01-02T19:04:04.876+0000] {processor.py:925} INFO - DAG(s) 'example_display_name' retrieved from /home/airflow/.local/lib/python3.12/site-packages/airflow/example_dags/example_display_name.py
[2025-01-02T19:04:04.904+0000] {logging_mixin.py:190} INFO - [2025-01-02T19:04:04.904+0000] {dag.py:3239} INFO - Sync 1 DAGs
[2025-01-02T19:04:04.928+0000] {logging_mixin.py:190} INFO - [2025-01-02T19:04:04.928+0000] {dag.py:4180} INFO - Setting next_dagrun for example_display_name to None, run_after=None
[2025-01-02T19:04:04.956+0000] {processor.py:208} INFO - Processing /home/airflow/.local/lib/python3.12/site-packages/airflow/example_dags/example_display_name.py took 0.107 seconds
[2025-01-02T19:04:39.851+0000] {processor.py:186} INFO - Started process (PID=621) to work on /home/airflow/.local/lib/python3.12/site-packages/airflow/example_dags/example_display_name.py
[2025-01-02T19:04:39.861+0000] {processor.py:914} INFO - Processing file /home/airflow/.local/lib/python3.12/site-packages/airflow/example_dags/example_display_name.py for tasks to queue
[2025-01-02T19:04:39.865+0000] {logging_mixin.py:190} INFO - [2025-01-02T19:04:39.864+0000] {dagbag.py:588} INFO - Filling up the DagBag from /home/airflow/.local/lib/python3.12/site-packages/airflow/example_dags/example_display_name.py
[2025-01-02T19:04:39.885+0000] {processor.py:925} INFO - DAG(s) 'example_display_name' retrieved from /home/airflow/.local/lib/python3.12/site-packages/airflow/example_dags/example_display_name.py
[2025-01-02T19:04:39.934+0000] {logging_mixin.py:190} INFO - [2025-01-02T19:04:39.934+0000] {dag.py:3239} INFO - Sync 1 DAGs
[2025-01-02T19:04:39.975+0000] {logging_mixin.py:190} INFO - [2025-01-02T19:04:39.975+0000] {dag.py:4180} INFO - Setting next_dagrun for example_display_name to None, run_after=None
[2025-01-02T19:04:40.042+0000] {processor.py:208} INFO - Processing /home/airflow/.local/lib/python3.12/site-packages/airflow/example_dags/example_display_name.py took 0.208 seconds
