[2025-01-02T18:55:45.637+0000] {processor.py:186} INFO - Started process (PID=113) to work on /home/airflow/.local/lib/python3.12/site-packages/airflow/example_dags/example_branch_datetime_operator.py
[2025-01-02T18:55:45.642+0000] {processor.py:914} INFO - Processing file /home/airflow/.local/lib/python3.12/site-packages/airflow/example_dags/example_branch_datetime_operator.py for tasks to queue
[2025-01-02T18:55:45.653+0000] {logging_mixin.py:190} INFO - [2025-01-02T18:55:45.652+0000] {dagbag.py:588} INFO - Filling up the DagBag from /home/airflow/.local/lib/python3.12/site-packages/airflow/example_dags/example_branch_datetime_operator.py
[2025-01-02T18:55:45.734+0000] {processor.py:925} INFO - DAG(s) 'example_branch_datetime_operator_2', 'example_branch_datetime_operator', 'example_branch_datetime_operator_3' retrieved from /home/airflow/.local/lib/python3.12/site-packages/airflow/example_dags/example_branch_datetime_operator.py
[2025-01-02T18:55:46.176+0000] {logging_mixin.py:190} INFO - [2025-01-02T18:55:46.175+0000] {override.py:1911} INFO - Created Permission View: can edit on DAG:example_branch_datetime_operator_2
[2025-01-02T18:55:46.213+0000] {logging_mixin.py:190} INFO - [2025-01-02T18:55:46.213+0000] {override.py:1911} INFO - Created Permission View: can delete on DAG:example_branch_datetime_operator_2
[2025-01-02T18:55:46.237+0000] {logging_mixin.py:190} INFO - [2025-01-02T18:55:46.237+0000] {override.py:1911} INFO - Created Permission View: can read on DAG:example_branch_datetime_operator_2
[2025-01-02T18:55:46.260+0000] {logging_mixin.py:190} INFO - [2025-01-02T18:55:46.259+0000] {override.py:1911} INFO - Created Permission View: can create on DAG Run:example_branch_datetime_operator_2
[2025-01-02T18:55:46.279+0000] {logging_mixin.py:190} INFO - [2025-01-02T18:55:46.279+0000] {override.py:1911} INFO - Created Permission View: can delete on DAG Run:example_branch_datetime_operator_2
[2025-01-02T18:55:46.301+0000] {logging_mixin.py:190} INFO - [2025-01-02T18:55:46.301+0000] {override.py:1911} INFO - Created Permission View: menu access on DAG Run:example_branch_datetime_operator_2
[2025-01-02T18:55:46.321+0000] {logging_mixin.py:190} INFO - [2025-01-02T18:55:46.320+0000] {override.py:1911} INFO - Created Permission View: can read on DAG Run:example_branch_datetime_operator_2
[2025-01-02T18:55:46.365+0000] {logging_mixin.py:190} INFO - [2025-01-02T18:55:46.364+0000] {override.py:1911} INFO - Created Permission View: can edit on DAG:example_branch_datetime_operator
[2025-01-02T18:55:46.392+0000] {logging_mixin.py:190} INFO - [2025-01-02T18:55:46.392+0000] {override.py:1911} INFO - Created Permission View: can delete on DAG:example_branch_datetime_operator
[2025-01-02T18:55:46.412+0000] {logging_mixin.py:190} INFO - [2025-01-02T18:55:46.412+0000] {override.py:1911} INFO - Created Permission View: can read on DAG:example_branch_datetime_operator
[2025-01-02T18:55:46.435+0000] {logging_mixin.py:190} INFO - [2025-01-02T18:55:46.435+0000] {override.py:1911} INFO - Created Permission View: can create on DAG Run:example_branch_datetime_operator
[2025-01-02T18:55:46.450+0000] {logging_mixin.py:190} INFO - [2025-01-02T18:55:46.449+0000] {override.py:1911} INFO - Created Permission View: can delete on DAG Run:example_branch_datetime_operator
[2025-01-02T18:55:46.473+0000] {logging_mixin.py:190} INFO - [2025-01-02T18:55:46.472+0000] {override.py:1911} INFO - Created Permission View: menu access on DAG Run:example_branch_datetime_operator
[2025-01-02T18:55:46.485+0000] {logging_mixin.py:190} INFO - [2025-01-02T18:55:46.485+0000] {override.py:1911} INFO - Created Permission View: can read on DAG Run:example_branch_datetime_operator
[2025-01-02T18:55:46.507+0000] {logging_mixin.py:190} INFO - [2025-01-02T18:55:46.506+0000] {override.py:1911} INFO - Created Permission View: can edit on DAG:example_branch_datetime_operator_3
[2025-01-02T18:55:46.517+0000] {logging_mixin.py:190} INFO - [2025-01-02T18:55:46.517+0000] {override.py:1911} INFO - Created Permission View: can delete on DAG:example_branch_datetime_operator_3
[2025-01-02T18:55:46.530+0000] {logging_mixin.py:190} INFO - [2025-01-02T18:55:46.529+0000] {override.py:1911} INFO - Created Permission View: can read on DAG:example_branch_datetime_operator_3
[2025-01-02T18:55:46.543+0000] {logging_mixin.py:190} INFO - [2025-01-02T18:55:46.542+0000] {override.py:1911} INFO - Created Permission View: can create on DAG Run:example_branch_datetime_operator_3
[2025-01-02T18:55:46.557+0000] {logging_mixin.py:190} INFO - [2025-01-02T18:55:46.557+0000] {override.py:1911} INFO - Created Permission View: can delete on DAG Run:example_branch_datetime_operator_3
[2025-01-02T18:55:46.569+0000] {logging_mixin.py:190} INFO - [2025-01-02T18:55:46.569+0000] {override.py:1911} INFO - Created Permission View: menu access on DAG Run:example_branch_datetime_operator_3
[2025-01-02T18:55:46.586+0000] {logging_mixin.py:190} INFO - [2025-01-02T18:55:46.585+0000] {override.py:1911} INFO - Created Permission View: can read on DAG Run:example_branch_datetime_operator_3
[2025-01-02T18:55:46.586+0000] {logging_mixin.py:190} INFO - [2025-01-02T18:55:46.586+0000] {dag.py:3239} INFO - Sync 3 DAGs
[2025-01-02T18:55:46.660+0000] {logging_mixin.py:190} INFO - [2025-01-02T18:55:46.660+0000] {dag.py:3262} INFO - Creating ORM DAG for example_branch_datetime_operator_2
[2025-01-02T18:55:46.661+0000] {logging_mixin.py:190} INFO - [2025-01-02T18:55:46.661+0000] {dag.py:3262} INFO - Creating ORM DAG for example_branch_datetime_operator
[2025-01-02T18:55:46.662+0000] {logging_mixin.py:190} INFO - [2025-01-02T18:55:46.662+0000] {dag.py:3262} INFO - Creating ORM DAG for example_branch_datetime_operator_3
[2025-01-02T18:55:46.692+0000] {logging_mixin.py:190} INFO - [2025-01-02T18:55:46.692+0000] {dag.py:4180} INFO - Setting next_dagrun for example_branch_datetime_operator to 2025-01-01 00:00:00+00:00, run_after=2025-01-02 00:00:00+00:00
[2025-01-02T18:55:46.695+0000] {logging_mixin.py:190} INFO - [2025-01-02T18:55:46.694+0000] {dag.py:4180} INFO - Setting next_dagrun for example_branch_datetime_operator_2 to 2025-01-01 00:00:00+00:00, run_after=2025-01-02 00:00:00+00:00
[2025-01-02T18:55:46.705+0000] {logging_mixin.py:190} INFO - [2025-01-02T18:55:46.697+0000] {dag.py:4180} INFO - Setting next_dagrun for example_branch_datetime_operator_3 to 2025-01-01 00:00:00+00:00, run_after=2025-01-02 00:00:00+00:00
[2025-01-02T18:55:46.739+0000] {processor.py:208} INFO - Processing /home/airflow/.local/lib/python3.12/site-packages/airflow/example_dags/example_branch_datetime_operator.py took 1.134 seconds
[2025-01-02T18:56:17.087+0000] {processor.py:186} INFO - Started process (PID=177) to work on /home/airflow/.local/lib/python3.12/site-packages/airflow/example_dags/example_branch_datetime_operator.py
[2025-01-02T18:56:17.100+0000] {processor.py:914} INFO - Processing file /home/airflow/.local/lib/python3.12/site-packages/airflow/example_dags/example_branch_datetime_operator.py for tasks to queue
[2025-01-02T18:56:17.104+0000] {logging_mixin.py:190} INFO - [2025-01-02T18:56:17.103+0000] {dagbag.py:588} INFO - Filling up the DagBag from /home/airflow/.local/lib/python3.12/site-packages/airflow/example_dags/example_branch_datetime_operator.py
[2025-01-02T18:56:17.168+0000] {processor.py:925} INFO - DAG(s) 'example_branch_datetime_operator_3', 'example_branch_datetime_operator', 'example_branch_datetime_operator_2' retrieved from /home/airflow/.local/lib/python3.12/site-packages/airflow/example_dags/example_branch_datetime_operator.py
[2025-01-02T18:56:17.242+0000] {logging_mixin.py:190} INFO - [2025-01-02T18:56:17.242+0000] {dag.py:3239} INFO - Sync 3 DAGs
[2025-01-02T18:56:17.307+0000] {logging_mixin.py:190} INFO - [2025-01-02T18:56:17.307+0000] {dag.py:4180} INFO - Setting next_dagrun for example_branch_datetime_operator to 2025-01-01 00:00:00+00:00, run_after=2025-01-02 00:00:00+00:00
[2025-01-02T18:56:17.324+0000] {logging_mixin.py:190} INFO - [2025-01-02T18:56:17.324+0000] {dag.py:4180} INFO - Setting next_dagrun for example_branch_datetime_operator_2 to 2025-01-01 00:00:00+00:00, run_after=2025-01-02 00:00:00+00:00
[2025-01-02T18:56:17.336+0000] {logging_mixin.py:190} INFO - [2025-01-02T18:56:17.335+0000] {dag.py:4180} INFO - Setting next_dagrun for example_branch_datetime_operator_3 to 2025-01-01 00:00:00+00:00, run_after=2025-01-02 00:00:00+00:00
[2025-01-02T18:56:17.366+0000] {processor.py:208} INFO - Processing /home/airflow/.local/lib/python3.12/site-packages/airflow/example_dags/example_branch_datetime_operator.py took 0.290 seconds
[2025-01-02T18:56:48.076+0000] {processor.py:186} INFO - Started process (PID=239) to work on /home/airflow/.local/lib/python3.12/site-packages/airflow/example_dags/example_branch_datetime_operator.py
[2025-01-02T18:56:48.079+0000] {processor.py:914} INFO - Processing file /home/airflow/.local/lib/python3.12/site-packages/airflow/example_dags/example_branch_datetime_operator.py for tasks to queue
[2025-01-02T18:56:48.082+0000] {logging_mixin.py:190} INFO - [2025-01-02T18:56:48.082+0000] {dagbag.py:588} INFO - Filling up the DagBag from /home/airflow/.local/lib/python3.12/site-packages/airflow/example_dags/example_branch_datetime_operator.py
[2025-01-02T18:56:48.102+0000] {processor.py:925} INFO - DAG(s) 'example_branch_datetime_operator_3', 'example_branch_datetime_operator_2', 'example_branch_datetime_operator' retrieved from /home/airflow/.local/lib/python3.12/site-packages/airflow/example_dags/example_branch_datetime_operator.py
[2025-01-02T18:56:48.142+0000] {logging_mixin.py:190} INFO - [2025-01-02T18:56:48.142+0000] {dag.py:3239} INFO - Sync 3 DAGs
[2025-01-02T18:56:48.180+0000] {logging_mixin.py:190} INFO - [2025-01-02T18:56:48.179+0000] {dag.py:4180} INFO - Setting next_dagrun for example_branch_datetime_operator to 2025-01-01 00:00:00+00:00, run_after=2025-01-02 00:00:00+00:00
[2025-01-02T18:56:48.194+0000] {logging_mixin.py:190} INFO - [2025-01-02T18:56:48.194+0000] {dag.py:4180} INFO - Setting next_dagrun for example_branch_datetime_operator_2 to 2025-01-01 00:00:00+00:00, run_after=2025-01-02 00:00:00+00:00
[2025-01-02T18:56:48.202+0000] {logging_mixin.py:190} INFO - [2025-01-02T18:56:48.201+0000] {dag.py:4180} INFO - Setting next_dagrun for example_branch_datetime_operator_3 to 2025-01-01 00:00:00+00:00, run_after=2025-01-02 00:00:00+00:00
[2025-01-02T18:56:48.236+0000] {processor.py:208} INFO - Processing /home/airflow/.local/lib/python3.12/site-packages/airflow/example_dags/example_branch_datetime_operator.py took 0.169 seconds
[2025-01-02T18:57:18.357+0000] {processor.py:186} INFO - Started process (PID=303) to work on /home/airflow/.local/lib/python3.12/site-packages/airflow/example_dags/example_branch_datetime_operator.py
[2025-01-02T18:57:18.358+0000] {processor.py:914} INFO - Processing file /home/airflow/.local/lib/python3.12/site-packages/airflow/example_dags/example_branch_datetime_operator.py for tasks to queue
[2025-01-02T18:57:18.362+0000] {logging_mixin.py:190} INFO - [2025-01-02T18:57:18.362+0000] {dagbag.py:588} INFO - Filling up the DagBag from /home/airflow/.local/lib/python3.12/site-packages/airflow/example_dags/example_branch_datetime_operator.py
[2025-01-02T18:57:18.379+0000] {processor.py:925} INFO - DAG(s) 'example_branch_datetime_operator', 'example_branch_datetime_operator_2', 'example_branch_datetime_operator_3' retrieved from /home/airflow/.local/lib/python3.12/site-packages/airflow/example_dags/example_branch_datetime_operator.py
[2025-01-02T18:57:18.408+0000] {logging_mixin.py:190} INFO - [2025-01-02T18:57:18.408+0000] {dag.py:3239} INFO - Sync 3 DAGs
[2025-01-02T18:57:18.435+0000] {logging_mixin.py:190} INFO - [2025-01-02T18:57:18.435+0000] {dag.py:4180} INFO - Setting next_dagrun for example_branch_datetime_operator to 2025-01-01 00:00:00+00:00, run_after=2025-01-02 00:00:00+00:00
[2025-01-02T18:57:18.440+0000] {logging_mixin.py:190} INFO - [2025-01-02T18:57:18.440+0000] {dag.py:4180} INFO - Setting next_dagrun for example_branch_datetime_operator_2 to 2025-01-01 00:00:00+00:00, run_after=2025-01-02 00:00:00+00:00
[2025-01-02T18:57:18.442+0000] {logging_mixin.py:190} INFO - [2025-01-02T18:57:18.442+0000] {dag.py:4180} INFO - Setting next_dagrun for example_branch_datetime_operator_3 to 2025-01-01 00:00:00+00:00, run_after=2025-01-02 00:00:00+00:00
[2025-01-02T18:57:18.458+0000] {processor.py:208} INFO - Processing /home/airflow/.local/lib/python3.12/site-packages/airflow/example_dags/example_branch_datetime_operator.py took 0.109 seconds
[2025-01-02T19:00:20.755+0000] {processor.py:186} INFO - Started process (PID=102) to work on /home/airflow/.local/lib/python3.12/site-packages/airflow/example_dags/example_branch_datetime_operator.py
[2025-01-02T19:00:20.761+0000] {processor.py:914} INFO - Processing file /home/airflow/.local/lib/python3.12/site-packages/airflow/example_dags/example_branch_datetime_operator.py for tasks to queue
[2025-01-02T19:00:20.765+0000] {logging_mixin.py:190} INFO - [2025-01-02T19:00:20.765+0000] {dagbag.py:588} INFO - Filling up the DagBag from /home/airflow/.local/lib/python3.12/site-packages/airflow/example_dags/example_branch_datetime_operator.py
[2025-01-02T19:00:20.791+0000] {processor.py:925} INFO - DAG(s) 'example_branch_datetime_operator_3', 'example_branch_datetime_operator_2', 'example_branch_datetime_operator' retrieved from /home/airflow/.local/lib/python3.12/site-packages/airflow/example_dags/example_branch_datetime_operator.py
[2025-01-02T19:00:20.904+0000] {logging_mixin.py:190} INFO - [2025-01-02T19:00:20.903+0000] {dag.py:3239} INFO - Sync 3 DAGs
[2025-01-02T19:00:20.981+0000] {logging_mixin.py:190} INFO - [2025-01-02T19:00:20.981+0000] {dag.py:4180} INFO - Setting next_dagrun for example_branch_datetime_operator to 2025-01-01 00:00:00+00:00, run_after=2025-01-02 00:00:00+00:00
[2025-01-02T19:00:21.001+0000] {logging_mixin.py:190} INFO - [2025-01-02T19:00:21.000+0000] {dag.py:4180} INFO - Setting next_dagrun for example_branch_datetime_operator_2 to 2025-01-01 00:00:00+00:00, run_after=2025-01-02 00:00:00+00:00
[2025-01-02T19:00:21.019+0000] {logging_mixin.py:190} INFO - [2025-01-02T19:00:21.019+0000] {dag.py:4180} INFO - Setting next_dagrun for example_branch_datetime_operator_3 to 2025-01-01 00:00:00+00:00, run_after=2025-01-02 00:00:00+00:00
[2025-01-02T19:00:21.070+0000] {processor.py:208} INFO - Processing /home/airflow/.local/lib/python3.12/site-packages/airflow/example_dags/example_branch_datetime_operator.py took 0.324 seconds
[2025-01-02T19:00:51.889+0000] {processor.py:186} INFO - Started process (PID=165) to work on /home/airflow/.local/lib/python3.12/site-packages/airflow/example_dags/example_branch_datetime_operator.py
[2025-01-02T19:00:51.890+0000] {processor.py:914} INFO - Processing file /home/airflow/.local/lib/python3.12/site-packages/airflow/example_dags/example_branch_datetime_operator.py for tasks to queue
[2025-01-02T19:00:51.893+0000] {logging_mixin.py:190} INFO - [2025-01-02T19:00:51.893+0000] {dagbag.py:588} INFO - Filling up the DagBag from /home/airflow/.local/lib/python3.12/site-packages/airflow/example_dags/example_branch_datetime_operator.py
[2025-01-02T19:00:51.912+0000] {processor.py:925} INFO - DAG(s) 'example_branch_datetime_operator_3', 'example_branch_datetime_operator_2', 'example_branch_datetime_operator' retrieved from /home/airflow/.local/lib/python3.12/site-packages/airflow/example_dags/example_branch_datetime_operator.py
[2025-01-02T19:00:51.951+0000] {logging_mixin.py:190} INFO - [2025-01-02T19:00:51.950+0000] {dag.py:3239} INFO - Sync 3 DAGs
[2025-01-02T19:00:51.989+0000] {logging_mixin.py:190} INFO - [2025-01-02T19:00:51.988+0000] {dag.py:4180} INFO - Setting next_dagrun for example_branch_datetime_operator to 2025-01-01 00:00:00+00:00, run_after=2025-01-02 00:00:00+00:00
[2025-01-02T19:00:51.996+0000] {logging_mixin.py:190} INFO - [2025-01-02T19:00:51.995+0000] {dag.py:4180} INFO - Setting next_dagrun for example_branch_datetime_operator_2 to 2025-01-01 00:00:00+00:00, run_after=2025-01-02 00:00:00+00:00
[2025-01-02T19:00:51.999+0000] {logging_mixin.py:190} INFO - [2025-01-02T19:00:51.999+0000] {dag.py:4180} INFO - Setting next_dagrun for example_branch_datetime_operator_3 to 2025-01-01 00:00:00+00:00, run_after=2025-01-02 00:00:00+00:00
[2025-01-02T19:00:52.023+0000] {processor.py:208} INFO - Processing /home/airflow/.local/lib/python3.12/site-packages/airflow/example_dags/example_branch_datetime_operator.py took 0.143 seconds
[2025-01-02T19:01:23.005+0000] {processor.py:186} INFO - Started process (PID=228) to work on /home/airflow/.local/lib/python3.12/site-packages/airflow/example_dags/example_branch_datetime_operator.py
[2025-01-02T19:01:23.006+0000] {processor.py:914} INFO - Processing file /home/airflow/.local/lib/python3.12/site-packages/airflow/example_dags/example_branch_datetime_operator.py for tasks to queue
[2025-01-02T19:01:23.010+0000] {logging_mixin.py:190} INFO - [2025-01-02T19:01:23.009+0000] {dagbag.py:588} INFO - Filling up the DagBag from /home/airflow/.local/lib/python3.12/site-packages/airflow/example_dags/example_branch_datetime_operator.py
[2025-01-02T19:01:23.027+0000] {processor.py:925} INFO - DAG(s) 'example_branch_datetime_operator_2', 'example_branch_datetime_operator_3', 'example_branch_datetime_operator' retrieved from /home/airflow/.local/lib/python3.12/site-packages/airflow/example_dags/example_branch_datetime_operator.py
[2025-01-02T19:01:23.065+0000] {logging_mixin.py:190} INFO - [2025-01-02T19:01:23.064+0000] {dag.py:3239} INFO - Sync 3 DAGs
[2025-01-02T19:01:23.103+0000] {logging_mixin.py:190} INFO - [2025-01-02T19:01:23.103+0000] {dag.py:4180} INFO - Setting next_dagrun for example_branch_datetime_operator to 2025-01-01 00:00:00+00:00, run_after=2025-01-02 00:00:00+00:00
[2025-01-02T19:01:23.110+0000] {logging_mixin.py:190} INFO - [2025-01-02T19:01:23.110+0000] {dag.py:4180} INFO - Setting next_dagrun for example_branch_datetime_operator_2 to 2025-01-01 00:00:00+00:00, run_after=2025-01-02 00:00:00+00:00
[2025-01-02T19:01:23.114+0000] {logging_mixin.py:190} INFO - [2025-01-02T19:01:23.113+0000] {dag.py:4180} INFO - Setting next_dagrun for example_branch_datetime_operator_3 to 2025-01-01 00:00:00+00:00, run_after=2025-01-02 00:00:00+00:00
[2025-01-02T19:01:23.135+0000] {processor.py:208} INFO - Processing /home/airflow/.local/lib/python3.12/site-packages/airflow/example_dags/example_branch_datetime_operator.py took 0.139 seconds
[2025-01-02T19:01:54.041+0000] {processor.py:186} INFO - Started process (PID=291) to work on /home/airflow/.local/lib/python3.12/site-packages/airflow/example_dags/example_branch_datetime_operator.py
[2025-01-02T19:01:54.042+0000] {processor.py:914} INFO - Processing file /home/airflow/.local/lib/python3.12/site-packages/airflow/example_dags/example_branch_datetime_operator.py for tasks to queue
[2025-01-02T19:01:54.046+0000] {logging_mixin.py:190} INFO - [2025-01-02T19:01:54.045+0000] {dagbag.py:588} INFO - Filling up the DagBag from /home/airflow/.local/lib/python3.12/site-packages/airflow/example_dags/example_branch_datetime_operator.py
[2025-01-02T19:01:54.063+0000] {processor.py:925} INFO - DAG(s) 'example_branch_datetime_operator_2', 'example_branch_datetime_operator', 'example_branch_datetime_operator_3' retrieved from /home/airflow/.local/lib/python3.12/site-packages/airflow/example_dags/example_branch_datetime_operator.py
[2025-01-02T19:01:54.101+0000] {logging_mixin.py:190} INFO - [2025-01-02T19:01:54.100+0000] {dag.py:3239} INFO - Sync 3 DAGs
[2025-01-02T19:01:54.139+0000] {logging_mixin.py:190} INFO - [2025-01-02T19:01:54.139+0000] {dag.py:4180} INFO - Setting next_dagrun for example_branch_datetime_operator to 2025-01-01 00:00:00+00:00, run_after=2025-01-02 00:00:00+00:00
[2025-01-02T19:01:54.146+0000] {logging_mixin.py:190} INFO - [2025-01-02T19:01:54.146+0000] {dag.py:4180} INFO - Setting next_dagrun for example_branch_datetime_operator_2 to 2025-01-01 00:00:00+00:00, run_after=2025-01-02 00:00:00+00:00
[2025-01-02T19:01:54.150+0000] {logging_mixin.py:190} INFO - [2025-01-02T19:01:54.150+0000] {dag.py:4180} INFO - Setting next_dagrun for example_branch_datetime_operator_3 to 2025-01-01 00:00:00+00:00, run_after=2025-01-02 00:00:00+00:00
[2025-01-02T19:01:54.171+0000] {processor.py:208} INFO - Processing /home/airflow/.local/lib/python3.12/site-packages/airflow/example_dags/example_branch_datetime_operator.py took 0.139 seconds
[2025-01-02T19:02:24.781+0000] {processor.py:186} INFO - Started process (PID=353) to work on /home/airflow/.local/lib/python3.12/site-packages/airflow/example_dags/example_branch_datetime_operator.py
[2025-01-02T19:02:24.785+0000] {processor.py:914} INFO - Processing file /home/airflow/.local/lib/python3.12/site-packages/airflow/example_dags/example_branch_datetime_operator.py for tasks to queue
[2025-01-02T19:02:24.789+0000] {logging_mixin.py:190} INFO - [2025-01-02T19:02:24.788+0000] {dagbag.py:588} INFO - Filling up the DagBag from /home/airflow/.local/lib/python3.12/site-packages/airflow/example_dags/example_branch_datetime_operator.py
[2025-01-02T19:02:24.807+0000] {processor.py:925} INFO - DAG(s) 'example_branch_datetime_operator', 'example_branch_datetime_operator_2', 'example_branch_datetime_operator_3' retrieved from /home/airflow/.local/lib/python3.12/site-packages/airflow/example_dags/example_branch_datetime_operator.py
[2025-01-02T19:02:24.847+0000] {logging_mixin.py:190} INFO - [2025-01-02T19:02:24.846+0000] {dag.py:3239} INFO - Sync 3 DAGs
[2025-01-02T19:02:24.903+0000] {logging_mixin.py:190} INFO - [2025-01-02T19:02:24.903+0000] {dag.py:4180} INFO - Setting next_dagrun for example_branch_datetime_operator to 2025-01-01 00:00:00+00:00, run_after=2025-01-02 00:00:00+00:00
[2025-01-02T19:02:24.911+0000] {logging_mixin.py:190} INFO - [2025-01-02T19:02:24.910+0000] {dag.py:4180} INFO - Setting next_dagrun for example_branch_datetime_operator_2 to 2025-01-01 00:00:00+00:00, run_after=2025-01-02 00:00:00+00:00
[2025-01-02T19:02:24.915+0000] {logging_mixin.py:190} INFO - [2025-01-02T19:02:24.915+0000] {dag.py:4180} INFO - Setting next_dagrun for example_branch_datetime_operator_3 to 2025-01-01 00:00:00+00:00, run_after=2025-01-02 00:00:00+00:00
[2025-01-02T19:02:24.947+0000] {processor.py:208} INFO - Processing /home/airflow/.local/lib/python3.12/site-packages/airflow/example_dags/example_branch_datetime_operator.py took 0.175 seconds
[2025-01-02T19:02:56.122+0000] {processor.py:186} INFO - Started process (PID=422) to work on /home/airflow/.local/lib/python3.12/site-packages/airflow/example_dags/example_branch_datetime_operator.py
[2025-01-02T19:02:56.124+0000] {processor.py:914} INFO - Processing file /home/airflow/.local/lib/python3.12/site-packages/airflow/example_dags/example_branch_datetime_operator.py for tasks to queue
[2025-01-02T19:02:56.127+0000] {logging_mixin.py:190} INFO - [2025-01-02T19:02:56.127+0000] {dagbag.py:588} INFO - Filling up the DagBag from /home/airflow/.local/lib/python3.12/site-packages/airflow/example_dags/example_branch_datetime_operator.py
[2025-01-02T19:02:56.146+0000] {processor.py:925} INFO - DAG(s) 'example_branch_datetime_operator_3', 'example_branch_datetime_operator', 'example_branch_datetime_operator_2' retrieved from /home/airflow/.local/lib/python3.12/site-packages/airflow/example_dags/example_branch_datetime_operator.py
[2025-01-02T19:02:56.185+0000] {logging_mixin.py:190} INFO - [2025-01-02T19:02:56.185+0000] {dag.py:3239} INFO - Sync 3 DAGs
[2025-01-02T19:02:56.221+0000] {logging_mixin.py:190} INFO - [2025-01-02T19:02:56.221+0000] {dag.py:4180} INFO - Setting next_dagrun for example_branch_datetime_operator to 2025-01-01 00:00:00+00:00, run_after=2025-01-02 00:00:00+00:00
[2025-01-02T19:02:56.228+0000] {logging_mixin.py:190} INFO - [2025-01-02T19:02:56.228+0000] {dag.py:4180} INFO - Setting next_dagrun for example_branch_datetime_operator_2 to 2025-01-01 00:00:00+00:00, run_after=2025-01-02 00:00:00+00:00
[2025-01-02T19:02:56.231+0000] {logging_mixin.py:190} INFO - [2025-01-02T19:02:56.231+0000] {dag.py:4180} INFO - Setting next_dagrun for example_branch_datetime_operator_3 to 2025-01-01 00:00:00+00:00, run_after=2025-01-02 00:00:00+00:00
[2025-01-02T19:02:56.253+0000] {processor.py:208} INFO - Processing /home/airflow/.local/lib/python3.12/site-packages/airflow/example_dags/example_branch_datetime_operator.py took 0.139 seconds
[2025-01-02T19:03:28.642+0000] {processor.py:186} INFO - Started process (PID=486) to work on /home/airflow/.local/lib/python3.12/site-packages/airflow/example_dags/example_branch_datetime_operator.py
[2025-01-02T19:03:28.645+0000] {processor.py:914} INFO - Processing file /home/airflow/.local/lib/python3.12/site-packages/airflow/example_dags/example_branch_datetime_operator.py for tasks to queue
[2025-01-02T19:03:28.649+0000] {logging_mixin.py:190} INFO - [2025-01-02T19:03:28.648+0000] {dagbag.py:588} INFO - Filling up the DagBag from /home/airflow/.local/lib/python3.12/site-packages/airflow/example_dags/example_branch_datetime_operator.py
[2025-01-02T19:03:28.667+0000] {processor.py:925} INFO - DAG(s) 'example_branch_datetime_operator_3', 'example_branch_datetime_operator', 'example_branch_datetime_operator_2' retrieved from /home/airflow/.local/lib/python3.12/site-packages/airflow/example_dags/example_branch_datetime_operator.py
[2025-01-02T19:03:28.704+0000] {logging_mixin.py:190} INFO - [2025-01-02T19:03:28.703+0000] {dag.py:3239} INFO - Sync 3 DAGs
[2025-01-02T19:03:28.742+0000] {logging_mixin.py:190} INFO - [2025-01-02T19:03:28.742+0000] {dag.py:4180} INFO - Setting next_dagrun for example_branch_datetime_operator to 2025-01-01 00:00:00+00:00, run_after=2025-01-02 00:00:00+00:00
[2025-01-02T19:03:28.750+0000] {logging_mixin.py:190} INFO - [2025-01-02T19:03:28.749+0000] {dag.py:4180} INFO - Setting next_dagrun for example_branch_datetime_operator_2 to 2025-01-01 00:00:00+00:00, run_after=2025-01-02 00:00:00+00:00
[2025-01-02T19:03:28.753+0000] {logging_mixin.py:190} INFO - [2025-01-02T19:03:28.753+0000] {dag.py:4180} INFO - Setting next_dagrun for example_branch_datetime_operator_3 to 2025-01-01 00:00:00+00:00, run_after=2025-01-02 00:00:00+00:00
[2025-01-02T19:03:28.775+0000] {processor.py:208} INFO - Processing /home/airflow/.local/lib/python3.12/site-packages/airflow/example_dags/example_branch_datetime_operator.py took 0.142 seconds
[2025-01-02T19:04:04.144+0000] {processor.py:186} INFO - Started process (PID=549) to work on /home/airflow/.local/lib/python3.12/site-packages/airflow/example_dags/example_branch_datetime_operator.py
[2025-01-02T19:04:04.146+0000] {processor.py:914} INFO - Processing file /home/airflow/.local/lib/python3.12/site-packages/airflow/example_dags/example_branch_datetime_operator.py for tasks to queue
[2025-01-02T19:04:04.149+0000] {logging_mixin.py:190} INFO - [2025-01-02T19:04:04.149+0000] {dagbag.py:588} INFO - Filling up the DagBag from /home/airflow/.local/lib/python3.12/site-packages/airflow/example_dags/example_branch_datetime_operator.py
[2025-01-02T19:04:04.168+0000] {processor.py:925} INFO - DAG(s) 'example_branch_datetime_operator_2', 'example_branch_datetime_operator_3', 'example_branch_datetime_operator' retrieved from /home/airflow/.local/lib/python3.12/site-packages/airflow/example_dags/example_branch_datetime_operator.py
[2025-01-02T19:04:04.205+0000] {logging_mixin.py:190} INFO - [2025-01-02T19:04:04.204+0000] {dag.py:3239} INFO - Sync 3 DAGs
[2025-01-02T19:04:04.241+0000] {logging_mixin.py:190} INFO - [2025-01-02T19:04:04.241+0000] {dag.py:4180} INFO - Setting next_dagrun for example_branch_datetime_operator to 2025-01-01 00:00:00+00:00, run_after=2025-01-02 00:00:00+00:00
[2025-01-02T19:04:04.247+0000] {logging_mixin.py:190} INFO - [2025-01-02T19:04:04.247+0000] {dag.py:4180} INFO - Setting next_dagrun for example_branch_datetime_operator_2 to 2025-01-01 00:00:00+00:00, run_after=2025-01-02 00:00:00+00:00
[2025-01-02T19:04:04.251+0000] {logging_mixin.py:190} INFO - [2025-01-02T19:04:04.250+0000] {dag.py:4180} INFO - Setting next_dagrun for example_branch_datetime_operator_3 to 2025-01-01 00:00:00+00:00, run_after=2025-01-02 00:00:00+00:00
[2025-01-02T19:04:04.272+0000] {processor.py:208} INFO - Processing /home/airflow/.local/lib/python3.12/site-packages/airflow/example_dags/example_branch_datetime_operator.py took 0.137 seconds
[2025-01-02T19:04:37.896+0000] {processor.py:186} INFO - Started process (PID=612) to work on /home/airflow/.local/lib/python3.12/site-packages/airflow/example_dags/example_branch_datetime_operator.py
[2025-01-02T19:04:37.908+0000] {processor.py:914} INFO - Processing file /home/airflow/.local/lib/python3.12/site-packages/airflow/example_dags/example_branch_datetime_operator.py for tasks to queue
[2025-01-02T19:04:37.912+0000] {logging_mixin.py:190} INFO - [2025-01-02T19:04:37.911+0000] {dagbag.py:588} INFO - Filling up the DagBag from /home/airflow/.local/lib/python3.12/site-packages/airflow/example_dags/example_branch_datetime_operator.py
[2025-01-02T19:04:37.973+0000] {processor.py:925} INFO - DAG(s) 'example_branch_datetime_operator_3', 'example_branch_datetime_operator', 'example_branch_datetime_operator_2' retrieved from /home/airflow/.local/lib/python3.12/site-packages/airflow/example_dags/example_branch_datetime_operator.py
[2025-01-02T19:04:38.092+0000] {logging_mixin.py:190} INFO - [2025-01-02T19:04:38.091+0000] {dag.py:3239} INFO - Sync 3 DAGs
[2025-01-02T19:04:38.184+0000] {logging_mixin.py:190} INFO - [2025-01-02T19:04:38.184+0000] {dag.py:4180} INFO - Setting next_dagrun for example_branch_datetime_operator to 2025-01-01 00:00:00+00:00, run_after=2025-01-02 00:00:00+00:00
[2025-01-02T19:04:38.198+0000] {logging_mixin.py:190} INFO - [2025-01-02T19:04:38.197+0000] {dag.py:4180} INFO - Setting next_dagrun for example_branch_datetime_operator_2 to 2025-01-01 00:00:00+00:00, run_after=2025-01-02 00:00:00+00:00
[2025-01-02T19:04:38.212+0000] {logging_mixin.py:190} INFO - [2025-01-02T19:04:38.212+0000] {dag.py:4180} INFO - Setting next_dagrun for example_branch_datetime_operator_3 to 2025-01-01 00:00:00+00:00, run_after=2025-01-02 00:00:00+00:00
[2025-01-02T19:04:38.285+0000] {processor.py:208} INFO - Processing /home/airflow/.local/lib/python3.12/site-packages/airflow/example_dags/example_branch_datetime_operator.py took 0.442 seconds
