[2025-01-02T18:55:42.791+0000] {processor.py:186} INFO - Started process (PID=108) to work on /home/airflow/.local/lib/python3.12/site-packages/airflow/example_dags/example_complex.py
[2025-01-02T18:55:42.792+0000] {processor.py:914} INFO - Processing file /home/airflow/.local/lib/python3.12/site-packages/airflow/example_dags/example_complex.py for tasks to queue
[2025-01-02T18:55:42.807+0000] {logging_mixin.py:190} INFO - [2025-01-02T18:55:42.807+0000] {dagbag.py:588} INFO - Filling up the DagBag from /home/airflow/.local/lib/python3.12/site-packages/airflow/example_dags/example_complex.py
[2025-01-02T18:55:42.874+0000] {processor.py:925} INFO - DAG(s) 'example_complex' retrieved from /home/airflow/.local/lib/python3.12/site-packages/airflow/example_dags/example_complex.py
[2025-01-02T18:55:43.534+0000] {logging_mixin.py:190} INFO - [2025-01-02T18:55:43.513+0000] {override.py:1911} INFO - Created Permission View: can edit on DAG:example_complex
[2025-01-02T18:55:43.578+0000] {logging_mixin.py:190} INFO - [2025-01-02T18:55:43.578+0000] {override.py:1911} INFO - Created Permission View: can delete on DAG:example_complex
[2025-01-02T18:55:43.603+0000] {logging_mixin.py:190} INFO - [2025-01-02T18:55:43.602+0000] {override.py:1911} INFO - Created Permission View: can read on DAG:example_complex
[2025-01-02T18:55:43.622+0000] {logging_mixin.py:190} INFO - [2025-01-02T18:55:43.622+0000] {override.py:1911} INFO - Created Permission View: can create on DAG Run:example_complex
[2025-01-02T18:55:43.651+0000] {logging_mixin.py:190} INFO - [2025-01-02T18:55:43.651+0000] {override.py:1911} INFO - Created Permission View: can delete on DAG Run:example_complex
[2025-01-02T18:55:43.677+0000] {logging_mixin.py:190} INFO - [2025-01-02T18:55:43.677+0000] {override.py:1911} INFO - Created Permission View: menu access on DAG Run:example_complex
[2025-01-02T18:55:43.707+0000] {logging_mixin.py:190} INFO - [2025-01-02T18:55:43.707+0000] {override.py:1911} INFO - Created Permission View: can read on DAG Run:example_complex
[2025-01-02T18:55:43.708+0000] {logging_mixin.py:190} INFO - [2025-01-02T18:55:43.708+0000] {dag.py:3239} INFO - Sync 1 DAGs
[2025-01-02T18:55:43.774+0000] {logging_mixin.py:190} INFO - [2025-01-02T18:55:43.774+0000] {dag.py:3262} INFO - Creating ORM DAG for example_complex
[2025-01-02T18:55:43.775+0000] {logging_mixin.py:190} INFO - [2025-01-02T18:55:43.775+0000] {dag.py:4180} INFO - Setting next_dagrun for example_complex to None, run_after=None
[2025-01-02T18:55:43.858+0000] {processor.py:208} INFO - Processing /home/airflow/.local/lib/python3.12/site-packages/airflow/example_dags/example_complex.py took 1.093 seconds
[2025-01-02T18:56:14.228+0000] {processor.py:186} INFO - Started process (PID=171) to work on /home/airflow/.local/lib/python3.12/site-packages/airflow/example_dags/example_complex.py
[2025-01-02T18:56:14.230+0000] {processor.py:914} INFO - Processing file /home/airflow/.local/lib/python3.12/site-packages/airflow/example_dags/example_complex.py for tasks to queue
[2025-01-02T18:56:14.233+0000] {logging_mixin.py:190} INFO - [2025-01-02T18:56:14.233+0000] {dagbag.py:588} INFO - Filling up the DagBag from /home/airflow/.local/lib/python3.12/site-packages/airflow/example_dags/example_complex.py
[2025-01-02T18:56:14.258+0000] {processor.py:925} INFO - DAG(s) 'example_complex' retrieved from /home/airflow/.local/lib/python3.12/site-packages/airflow/example_dags/example_complex.py
[2025-01-02T18:56:14.312+0000] {logging_mixin.py:190} INFO - [2025-01-02T18:56:14.311+0000] {dag.py:3239} INFO - Sync 1 DAGs
[2025-01-02T18:56:14.336+0000] {logging_mixin.py:190} INFO - [2025-01-02T18:56:14.336+0000] {dag.py:4180} INFO - Setting next_dagrun for example_complex to None, run_after=None
[2025-01-02T18:56:14.360+0000] {processor.py:208} INFO - Processing /home/airflow/.local/lib/python3.12/site-packages/airflow/example_dags/example_complex.py took 0.143 seconds
[2025-01-02T18:56:45.002+0000] {processor.py:186} INFO - Started process (PID=234) to work on /home/airflow/.local/lib/python3.12/site-packages/airflow/example_dags/example_complex.py
[2025-01-02T18:56:45.003+0000] {processor.py:914} INFO - Processing file /home/airflow/.local/lib/python3.12/site-packages/airflow/example_dags/example_complex.py for tasks to queue
[2025-01-02T18:56:45.006+0000] {logging_mixin.py:190} INFO - [2025-01-02T18:56:45.005+0000] {dagbag.py:588} INFO - Filling up the DagBag from /home/airflow/.local/lib/python3.12/site-packages/airflow/example_dags/example_complex.py
[2025-01-02T18:56:45.026+0000] {processor.py:925} INFO - DAG(s) 'example_complex' retrieved from /home/airflow/.local/lib/python3.12/site-packages/airflow/example_dags/example_complex.py
[2025-01-02T18:56:45.074+0000] {logging_mixin.py:190} INFO - [2025-01-02T18:56:45.074+0000] {dag.py:3239} INFO - Sync 1 DAGs
[2025-01-02T18:56:45.096+0000] {logging_mixin.py:190} INFO - [2025-01-02T18:56:45.096+0000] {dag.py:4180} INFO - Setting next_dagrun for example_complex to None, run_after=None
[2025-01-02T18:56:45.122+0000] {processor.py:208} INFO - Processing /home/airflow/.local/lib/python3.12/site-packages/airflow/example_dags/example_complex.py took 0.129 seconds
[2025-01-02T18:57:15.270+0000] {processor.py:186} INFO - Started process (PID=296) to work on /home/airflow/.local/lib/python3.12/site-packages/airflow/example_dags/example_complex.py
[2025-01-02T18:57:15.271+0000] {processor.py:914} INFO - Processing file /home/airflow/.local/lib/python3.12/site-packages/airflow/example_dags/example_complex.py for tasks to queue
[2025-01-02T18:57:15.274+0000] {logging_mixin.py:190} INFO - [2025-01-02T18:57:15.274+0000] {dagbag.py:588} INFO - Filling up the DagBag from /home/airflow/.local/lib/python3.12/site-packages/airflow/example_dags/example_complex.py
[2025-01-02T18:57:15.288+0000] {processor.py:925} INFO - DAG(s) 'example_complex' retrieved from /home/airflow/.local/lib/python3.12/site-packages/airflow/example_dags/example_complex.py
[2025-01-02T18:57:15.324+0000] {logging_mixin.py:190} INFO - [2025-01-02T18:57:15.324+0000] {dag.py:3239} INFO - Sync 1 DAGs
[2025-01-02T18:57:15.339+0000] {logging_mixin.py:190} INFO - [2025-01-02T18:57:15.339+0000] {dag.py:4180} INFO - Setting next_dagrun for example_complex to None, run_after=None
[2025-01-02T18:57:15.358+0000] {processor.py:208} INFO - Processing /home/airflow/.local/lib/python3.12/site-packages/airflow/example_dags/example_complex.py took 0.100 seconds
[2025-01-02T19:00:19.715+0000] {processor.py:186} INFO - Started process (PID=97) to work on /home/airflow/.local/lib/python3.12/site-packages/airflow/example_dags/example_complex.py
[2025-01-02T19:00:19.725+0000] {processor.py:914} INFO - Processing file /home/airflow/.local/lib/python3.12/site-packages/airflow/example_dags/example_complex.py for tasks to queue
[2025-01-02T19:00:19.729+0000] {logging_mixin.py:190} INFO - [2025-01-02T19:00:19.728+0000] {dagbag.py:588} INFO - Filling up the DagBag from /home/airflow/.local/lib/python3.12/site-packages/airflow/example_dags/example_complex.py
[2025-01-02T19:00:19.773+0000] {processor.py:925} INFO - DAG(s) 'example_complex' retrieved from /home/airflow/.local/lib/python3.12/site-packages/airflow/example_dags/example_complex.py
[2025-01-02T19:00:19.862+0000] {logging_mixin.py:190} INFO - [2025-01-02T19:00:19.862+0000] {dag.py:3239} INFO - Sync 1 DAGs
[2025-01-02T19:00:19.889+0000] {logging_mixin.py:190} INFO - [2025-01-02T19:00:19.888+0000] {dag.py:4180} INFO - Setting next_dagrun for example_complex to None, run_after=None
[2025-01-02T19:00:19.928+0000] {processor.py:208} INFO - Processing /home/airflow/.local/lib/python3.12/site-packages/airflow/example_dags/example_complex.py took 0.235 seconds
[2025-01-02T19:00:50.024+0000] {processor.py:186} INFO - Started process (PID=159) to work on /home/airflow/.local/lib/python3.12/site-packages/airflow/example_dags/example_complex.py
[2025-01-02T19:00:50.025+0000] {processor.py:914} INFO - Processing file /home/airflow/.local/lib/python3.12/site-packages/airflow/example_dags/example_complex.py for tasks to queue
[2025-01-02T19:00:50.028+0000] {logging_mixin.py:190} INFO - [2025-01-02T19:00:50.027+0000] {dagbag.py:588} INFO - Filling up the DagBag from /home/airflow/.local/lib/python3.12/site-packages/airflow/example_dags/example_complex.py
[2025-01-02T19:00:50.041+0000] {processor.py:925} INFO - DAG(s) 'example_complex' retrieved from /home/airflow/.local/lib/python3.12/site-packages/airflow/example_dags/example_complex.py
[2025-01-02T19:00:50.075+0000] {logging_mixin.py:190} INFO - [2025-01-02T19:00:50.075+0000] {dag.py:3239} INFO - Sync 1 DAGs
[2025-01-02T19:00:50.090+0000] {logging_mixin.py:190} INFO - [2025-01-02T19:00:50.090+0000] {dag.py:4180} INFO - Setting next_dagrun for example_complex to None, run_after=None
[2025-01-02T19:00:50.109+0000] {processor.py:208} INFO - Processing /home/airflow/.local/lib/python3.12/site-packages/airflow/example_dags/example_complex.py took 0.092 seconds
[2025-01-02T19:01:21.161+0000] {processor.py:186} INFO - Started process (PID=222) to work on /home/airflow/.local/lib/python3.12/site-packages/airflow/example_dags/example_complex.py
[2025-01-02T19:01:21.165+0000] {processor.py:914} INFO - Processing file /home/airflow/.local/lib/python3.12/site-packages/airflow/example_dags/example_complex.py for tasks to queue
[2025-01-02T19:01:21.168+0000] {logging_mixin.py:190} INFO - [2025-01-02T19:01:21.168+0000] {dagbag.py:588} INFO - Filling up the DagBag from /home/airflow/.local/lib/python3.12/site-packages/airflow/example_dags/example_complex.py
[2025-01-02T19:01:21.187+0000] {processor.py:925} INFO - DAG(s) 'example_complex' retrieved from /home/airflow/.local/lib/python3.12/site-packages/airflow/example_dags/example_complex.py
[2025-01-02T19:01:21.235+0000] {logging_mixin.py:190} INFO - [2025-01-02T19:01:21.235+0000] {dag.py:3239} INFO - Sync 1 DAGs
[2025-01-02T19:01:21.256+0000] {logging_mixin.py:190} INFO - [2025-01-02T19:01:21.256+0000] {dag.py:4180} INFO - Setting next_dagrun for example_complex to None, run_after=None
[2025-01-02T19:01:21.279+0000] {processor.py:208} INFO - Processing /home/airflow/.local/lib/python3.12/site-packages/airflow/example_dags/example_complex.py took 0.127 seconds
[2025-01-02T19:01:52.508+0000] {processor.py:186} INFO - Started process (PID=285) to work on /home/airflow/.local/lib/python3.12/site-packages/airflow/example_dags/example_complex.py
[2025-01-02T19:01:52.509+0000] {processor.py:914} INFO - Processing file /home/airflow/.local/lib/python3.12/site-packages/airflow/example_dags/example_complex.py for tasks to queue
[2025-01-02T19:01:52.513+0000] {logging_mixin.py:190} INFO - [2025-01-02T19:01:52.512+0000] {dagbag.py:588} INFO - Filling up the DagBag from /home/airflow/.local/lib/python3.12/site-packages/airflow/example_dags/example_complex.py
[2025-01-02T19:01:52.531+0000] {processor.py:925} INFO - DAG(s) 'example_complex' retrieved from /home/airflow/.local/lib/python3.12/site-packages/airflow/example_dags/example_complex.py
[2025-01-02T19:01:52.580+0000] {logging_mixin.py:190} INFO - [2025-01-02T19:01:52.580+0000] {dag.py:3239} INFO - Sync 1 DAGs
[2025-01-02T19:01:52.602+0000] {logging_mixin.py:190} INFO - [2025-01-02T19:01:52.602+0000] {dag.py:4180} INFO - Setting next_dagrun for example_complex to None, run_after=None
[2025-01-02T19:01:52.626+0000] {processor.py:208} INFO - Processing /home/airflow/.local/lib/python3.12/site-packages/airflow/example_dags/example_complex.py took 0.127 seconds
[2025-01-02T19:02:24.181+0000] {processor.py:186} INFO - Started process (PID=348) to work on /home/airflow/.local/lib/python3.12/site-packages/airflow/example_dags/example_complex.py
[2025-01-02T19:02:24.183+0000] {processor.py:914} INFO - Processing file /home/airflow/.local/lib/python3.12/site-packages/airflow/example_dags/example_complex.py for tasks to queue
[2025-01-02T19:02:24.187+0000] {logging_mixin.py:190} INFO - [2025-01-02T19:02:24.186+0000] {dagbag.py:588} INFO - Filling up the DagBag from /home/airflow/.local/lib/python3.12/site-packages/airflow/example_dags/example_complex.py
[2025-01-02T19:02:24.212+0000] {processor.py:925} INFO - DAG(s) 'example_complex' retrieved from /home/airflow/.local/lib/python3.12/site-packages/airflow/example_dags/example_complex.py
[2025-01-02T19:02:24.260+0000] {logging_mixin.py:190} INFO - [2025-01-02T19:02:24.260+0000] {dag.py:3239} INFO - Sync 1 DAGs
[2025-01-02T19:02:24.281+0000] {logging_mixin.py:190} INFO - [2025-01-02T19:02:24.281+0000] {dag.py:4180} INFO - Setting next_dagrun for example_complex to None, run_after=None
[2025-01-02T19:02:24.305+0000] {processor.py:208} INFO - Processing /home/airflow/.local/lib/python3.12/site-packages/airflow/example_dags/example_complex.py took 0.133 seconds
[2025-01-02T19:02:55.582+0000] {processor.py:186} INFO - Started process (PID=417) to work on /home/airflow/.local/lib/python3.12/site-packages/airflow/example_dags/example_complex.py
[2025-01-02T19:02:55.583+0000] {processor.py:914} INFO - Processing file /home/airflow/.local/lib/python3.12/site-packages/airflow/example_dags/example_complex.py for tasks to queue
[2025-01-02T19:02:55.586+0000] {logging_mixin.py:190} INFO - [2025-01-02T19:02:55.585+0000] {dagbag.py:588} INFO - Filling up the DagBag from /home/airflow/.local/lib/python3.12/site-packages/airflow/example_dags/example_complex.py
[2025-01-02T19:02:55.615+0000] {processor.py:925} INFO - DAG(s) 'example_complex' retrieved from /home/airflow/.local/lib/python3.12/site-packages/airflow/example_dags/example_complex.py
[2025-01-02T19:02:55.661+0000] {logging_mixin.py:190} INFO - [2025-01-02T19:02:55.660+0000] {dag.py:3239} INFO - Sync 1 DAGs
[2025-01-02T19:02:55.682+0000] {logging_mixin.py:190} INFO - [2025-01-02T19:02:55.681+0000] {dag.py:4180} INFO - Setting next_dagrun for example_complex to None, run_after=None
[2025-01-02T19:02:55.706+0000] {processor.py:208} INFO - Processing /home/airflow/.local/lib/python3.12/site-packages/airflow/example_dags/example_complex.py took 0.133 seconds
[2025-01-02T19:03:27.758+0000] {processor.py:186} INFO - Started process (PID=481) to work on /home/airflow/.local/lib/python3.12/site-packages/airflow/example_dags/example_complex.py
[2025-01-02T19:03:27.760+0000] {processor.py:914} INFO - Processing file /home/airflow/.local/lib/python3.12/site-packages/airflow/example_dags/example_complex.py for tasks to queue
[2025-01-02T19:03:27.764+0000] {logging_mixin.py:190} INFO - [2025-01-02T19:03:27.763+0000] {dagbag.py:588} INFO - Filling up the DagBag from /home/airflow/.local/lib/python3.12/site-packages/airflow/example_dags/example_complex.py
[2025-01-02T19:03:27.783+0000] {processor.py:925} INFO - DAG(s) 'example_complex' retrieved from /home/airflow/.local/lib/python3.12/site-packages/airflow/example_dags/example_complex.py
[2025-01-02T19:03:27.833+0000] {logging_mixin.py:190} INFO - [2025-01-02T19:03:27.833+0000] {dag.py:3239} INFO - Sync 1 DAGs
[2025-01-02T19:03:27.856+0000] {logging_mixin.py:190} INFO - [2025-01-02T19:03:27.855+0000] {dag.py:4180} INFO - Setting next_dagrun for example_complex to None, run_after=None
[2025-01-02T19:03:27.883+0000] {processor.py:208} INFO - Processing /home/airflow/.local/lib/python3.12/site-packages/airflow/example_dags/example_complex.py took 0.135 seconds
[2025-01-02T19:04:02.571+0000] {processor.py:186} INFO - Started process (PID=544) to work on /home/airflow/.local/lib/python3.12/site-packages/airflow/example_dags/example_complex.py
[2025-01-02T19:04:02.581+0000] {processor.py:914} INFO - Processing file /home/airflow/.local/lib/python3.12/site-packages/airflow/example_dags/example_complex.py for tasks to queue
[2025-01-02T19:04:02.585+0000] {logging_mixin.py:190} INFO - [2025-01-02T19:04:02.584+0000] {dagbag.py:588} INFO - Filling up the DagBag from /home/airflow/.local/lib/python3.12/site-packages/airflow/example_dags/example_complex.py
[2025-01-02T19:04:02.628+0000] {processor.py:925} INFO - DAG(s) 'example_complex' retrieved from /home/airflow/.local/lib/python3.12/site-packages/airflow/example_dags/example_complex.py
[2025-01-02T19:04:02.714+0000] {logging_mixin.py:190} INFO - [2025-01-02T19:04:02.714+0000] {dag.py:3239} INFO - Sync 1 DAGs
[2025-01-02T19:04:02.757+0000] {logging_mixin.py:190} INFO - [2025-01-02T19:04:02.757+0000] {dag.py:4180} INFO - Setting next_dagrun for example_complex to None, run_after=None
[2025-01-02T19:04:02.810+0000] {processor.py:208} INFO - Processing /home/airflow/.local/lib/python3.12/site-packages/airflow/example_dags/example_complex.py took 0.256 seconds
[2025-01-02T19:04:35.066+0000] {processor.py:186} INFO - Started process (PID=606) to work on /home/airflow/.local/lib/python3.12/site-packages/airflow/example_dags/example_complex.py
[2025-01-02T19:04:35.077+0000] {processor.py:914} INFO - Processing file /home/airflow/.local/lib/python3.12/site-packages/airflow/example_dags/example_complex.py for tasks to queue
[2025-01-02T19:04:35.081+0000] {logging_mixin.py:190} INFO - [2025-01-02T19:04:35.080+0000] {dagbag.py:588} INFO - Filling up the DagBag from /home/airflow/.local/lib/python3.12/site-packages/airflow/example_dags/example_complex.py
[2025-01-02T19:04:35.132+0000] {processor.py:925} INFO - DAG(s) 'example_complex' retrieved from /home/airflow/.local/lib/python3.12/site-packages/airflow/example_dags/example_complex.py
[2025-01-02T19:04:35.226+0000] {logging_mixin.py:190} INFO - [2025-01-02T19:04:35.226+0000] {dag.py:3239} INFO - Sync 1 DAGs
[2025-01-02T19:04:35.265+0000] {logging_mixin.py:190} INFO - [2025-01-02T19:04:35.264+0000] {dag.py:4180} INFO - Setting next_dagrun for example_complex to None, run_after=None
[2025-01-02T19:04:35.315+0000] {processor.py:208} INFO - Processing /home/airflow/.local/lib/python3.12/site-packages/airflow/example_dags/example_complex.py took 0.274 seconds
