[2025-01-02T18:55:48.240+0000] {processor.py:186} INFO - Started process (PID=120) to work on /home/airflow/.local/lib/python3.12/site-packages/airflow/example_dags/example_task_group.py
[2025-01-02T18:55:48.242+0000] {processor.py:914} INFO - Processing file /home/airflow/.local/lib/python3.12/site-packages/airflow/example_dags/example_task_group.py for tasks to queue
[2025-01-02T18:55:48.251+0000] {logging_mixin.py:190} INFO - [2025-01-02T18:55:48.245+0000] {dagbag.py:588} INFO - Filling up the DagBag from /home/airflow/.local/lib/python3.12/site-packages/airflow/example_dags/example_task_group.py
[2025-01-02T18:55:48.279+0000] {processor.py:925} INFO - DAG(s) 'example_task_group' retrieved from /home/airflow/.local/lib/python3.12/site-packages/airflow/example_dags/example_task_group.py
[2025-01-02T18:55:48.553+0000] {logging_mixin.py:190} INFO - [2025-01-02T18:55:48.551+0000] {override.py:1911} INFO - Created Permission View: can edit on DAG:example_task_group
[2025-01-02T18:55:48.578+0000] {logging_mixin.py:190} INFO - [2025-01-02T18:55:48.577+0000] {override.py:1911} INFO - Created Permission View: can delete on DAG:example_task_group
[2025-01-02T18:55:48.593+0000] {logging_mixin.py:190} INFO - [2025-01-02T18:55:48.593+0000] {override.py:1911} INFO - Created Permission View: can read on DAG:example_task_group
[2025-01-02T18:55:48.604+0000] {logging_mixin.py:190} INFO - [2025-01-02T18:55:48.603+0000] {override.py:1911} INFO - Created Permission View: can create on DAG Run:example_task_group
[2025-01-02T18:55:48.616+0000] {logging_mixin.py:190} INFO - [2025-01-02T18:55:48.616+0000] {override.py:1911} INFO - Created Permission View: can delete on DAG Run:example_task_group
[2025-01-02T18:55:48.634+0000] {logging_mixin.py:190} INFO - [2025-01-02T18:55:48.634+0000] {override.py:1911} INFO - Created Permission View: menu access on DAG Run:example_task_group
[2025-01-02T18:55:48.646+0000] {logging_mixin.py:190} INFO - [2025-01-02T18:55:48.645+0000] {override.py:1911} INFO - Created Permission View: can read on DAG Run:example_task_group
[2025-01-02T18:55:48.646+0000] {logging_mixin.py:190} INFO - [2025-01-02T18:55:48.646+0000] {dag.py:3239} INFO - Sync 1 DAGs
[2025-01-02T18:55:48.685+0000] {logging_mixin.py:190} INFO - [2025-01-02T18:55:48.685+0000] {dag.py:3262} INFO - Creating ORM DAG for example_task_group
[2025-01-02T18:55:48.690+0000] {logging_mixin.py:190} INFO - [2025-01-02T18:55:48.689+0000] {dag.py:4180} INFO - Setting next_dagrun for example_task_group to None, run_after=None
[2025-01-02T18:55:48.722+0000] {processor.py:208} INFO - Processing /home/airflow/.local/lib/python3.12/site-packages/airflow/example_dags/example_task_group.py took 0.499 seconds
[2025-01-02T18:56:19.235+0000] {processor.py:186} INFO - Started process (PID=183) to work on /home/airflow/.local/lib/python3.12/site-packages/airflow/example_dags/example_task_group.py
[2025-01-02T18:56:19.236+0000] {processor.py:914} INFO - Processing file /home/airflow/.local/lib/python3.12/site-packages/airflow/example_dags/example_task_group.py for tasks to queue
[2025-01-02T18:56:19.239+0000] {logging_mixin.py:190} INFO - [2025-01-02T18:56:19.239+0000] {dagbag.py:588} INFO - Filling up the DagBag from /home/airflow/.local/lib/python3.12/site-packages/airflow/example_dags/example_task_group.py
[2025-01-02T18:56:19.280+0000] {processor.py:925} INFO - DAG(s) 'example_task_group' retrieved from /home/airflow/.local/lib/python3.12/site-packages/airflow/example_dags/example_task_group.py
[2025-01-02T18:56:19.407+0000] {logging_mixin.py:190} INFO - [2025-01-02T18:56:19.407+0000] {dag.py:3239} INFO - Sync 1 DAGs
[2025-01-02T18:56:19.457+0000] {logging_mixin.py:190} INFO - [2025-01-02T18:56:19.456+0000] {dag.py:4180} INFO - Setting next_dagrun for example_task_group to None, run_after=None
[2025-01-02T18:56:19.538+0000] {processor.py:208} INFO - Processing /home/airflow/.local/lib/python3.12/site-packages/airflow/example_dags/example_task_group.py took 0.320 seconds
[2025-01-02T18:56:50.568+0000] {processor.py:186} INFO - Started process (PID=246) to work on /home/airflow/.local/lib/python3.12/site-packages/airflow/example_dags/example_task_group.py
[2025-01-02T18:56:50.610+0000] {processor.py:914} INFO - Processing file /home/airflow/.local/lib/python3.12/site-packages/airflow/example_dags/example_task_group.py for tasks to queue
[2025-01-02T18:56:50.616+0000] {logging_mixin.py:190} INFO - [2025-01-02T18:56:50.615+0000] {dagbag.py:588} INFO - Filling up the DagBag from /home/airflow/.local/lib/python3.12/site-packages/airflow/example_dags/example_task_group.py
[2025-01-02T18:56:50.630+0000] {processor.py:925} INFO - DAG(s) 'example_task_group' retrieved from /home/airflow/.local/lib/python3.12/site-packages/airflow/example_dags/example_task_group.py
[2025-01-02T18:56:50.660+0000] {logging_mixin.py:190} INFO - [2025-01-02T18:56:50.660+0000] {dag.py:3239} INFO - Sync 1 DAGs
[2025-01-02T18:56:50.682+0000] {logging_mixin.py:190} INFO - [2025-01-02T18:56:50.681+0000] {dag.py:4180} INFO - Setting next_dagrun for example_task_group to None, run_after=None
[2025-01-02T18:56:50.706+0000] {processor.py:208} INFO - Processing /home/airflow/.local/lib/python3.12/site-packages/airflow/example_dags/example_task_group.py took 0.145 seconds
[2025-01-02T18:57:20.823+0000] {processor.py:186} INFO - Started process (PID=309) to work on /home/airflow/.local/lib/python3.12/site-packages/airflow/example_dags/example_task_group.py
[2025-01-02T18:57:20.825+0000] {processor.py:914} INFO - Processing file /home/airflow/.local/lib/python3.12/site-packages/airflow/example_dags/example_task_group.py for tasks to queue
[2025-01-02T18:57:20.828+0000] {logging_mixin.py:190} INFO - [2025-01-02T18:57:20.827+0000] {dagbag.py:588} INFO - Filling up the DagBag from /home/airflow/.local/lib/python3.12/site-packages/airflow/example_dags/example_task_group.py
[2025-01-02T18:57:20.842+0000] {processor.py:925} INFO - DAG(s) 'example_task_group' retrieved from /home/airflow/.local/lib/python3.12/site-packages/airflow/example_dags/example_task_group.py
[2025-01-02T18:57:20.871+0000] {logging_mixin.py:190} INFO - [2025-01-02T18:57:20.870+0000] {dag.py:3239} INFO - Sync 1 DAGs
[2025-01-02T18:57:20.891+0000] {logging_mixin.py:190} INFO - [2025-01-02T18:57:20.891+0000] {dag.py:4180} INFO - Setting next_dagrun for example_task_group to None, run_after=None
[2025-01-02T18:57:20.915+0000] {processor.py:208} INFO - Processing /home/airflow/.local/lib/python3.12/site-packages/airflow/example_dags/example_task_group.py took 0.105 seconds
[2025-01-02T19:00:21.976+0000] {processor.py:186} INFO - Started process (PID=109) to work on /home/airflow/.local/lib/python3.12/site-packages/airflow/example_dags/example_task_group.py
[2025-01-02T19:00:21.985+0000] {processor.py:914} INFO - Processing file /home/airflow/.local/lib/python3.12/site-packages/airflow/example_dags/example_task_group.py for tasks to queue
[2025-01-02T19:00:21.989+0000] {logging_mixin.py:190} INFO - [2025-01-02T19:00:21.988+0000] {dagbag.py:588} INFO - Filling up the DagBag from /home/airflow/.local/lib/python3.12/site-packages/airflow/example_dags/example_task_group.py
[2025-01-02T19:00:22.002+0000] {processor.py:925} INFO - DAG(s) 'example_task_group' retrieved from /home/airflow/.local/lib/python3.12/site-packages/airflow/example_dags/example_task_group.py
[2025-01-02T19:00:22.031+0000] {logging_mixin.py:190} INFO - [2025-01-02T19:00:22.031+0000] {dag.py:3239} INFO - Sync 1 DAGs
[2025-01-02T19:00:22.052+0000] {logging_mixin.py:190} INFO - [2025-01-02T19:00:22.051+0000] {dag.py:4180} INFO - Setting next_dagrun for example_task_group to None, run_after=None
[2025-01-02T19:00:22.081+0000] {processor.py:208} INFO - Processing /home/airflow/.local/lib/python3.12/site-packages/airflow/example_dags/example_task_group.py took 0.137 seconds
[2025-01-02T19:00:52.538+0000] {processor.py:186} INFO - Started process (PID=172) to work on /home/airflow/.local/lib/python3.12/site-packages/airflow/example_dags/example_task_group.py
[2025-01-02T19:00:52.539+0000] {processor.py:914} INFO - Processing file /home/airflow/.local/lib/python3.12/site-packages/airflow/example_dags/example_task_group.py for tasks to queue
[2025-01-02T19:00:52.543+0000] {logging_mixin.py:190} INFO - [2025-01-02T19:00:52.542+0000] {dagbag.py:588} INFO - Filling up the DagBag from /home/airflow/.local/lib/python3.12/site-packages/airflow/example_dags/example_task_group.py
[2025-01-02T19:00:52.558+0000] {processor.py:925} INFO - DAG(s) 'example_task_group' retrieved from /home/airflow/.local/lib/python3.12/site-packages/airflow/example_dags/example_task_group.py
[2025-01-02T19:00:52.588+0000] {logging_mixin.py:190} INFO - [2025-01-02T19:00:52.587+0000] {dag.py:3239} INFO - Sync 1 DAGs
[2025-01-02T19:00:52.609+0000] {logging_mixin.py:190} INFO - [2025-01-02T19:00:52.609+0000] {dag.py:4180} INFO - Setting next_dagrun for example_task_group to None, run_after=None
[2025-01-02T19:00:52.637+0000] {processor.py:208} INFO - Processing /home/airflow/.local/lib/python3.12/site-packages/airflow/example_dags/example_task_group.py took 0.108 seconds
[2025-01-02T19:01:23.686+0000] {processor.py:186} INFO - Started process (PID=235) to work on /home/airflow/.local/lib/python3.12/site-packages/airflow/example_dags/example_task_group.py
[2025-01-02T19:01:23.688+0000] {processor.py:914} INFO - Processing file /home/airflow/.local/lib/python3.12/site-packages/airflow/example_dags/example_task_group.py for tasks to queue
[2025-01-02T19:01:23.691+0000] {logging_mixin.py:190} INFO - [2025-01-02T19:01:23.691+0000] {dagbag.py:588} INFO - Filling up the DagBag from /home/airflow/.local/lib/python3.12/site-packages/airflow/example_dags/example_task_group.py
[2025-01-02T19:01:23.710+0000] {processor.py:925} INFO - DAG(s) 'example_task_group' retrieved from /home/airflow/.local/lib/python3.12/site-packages/airflow/example_dags/example_task_group.py
[2025-01-02T19:01:23.762+0000] {logging_mixin.py:190} INFO - [2025-01-02T19:01:23.761+0000] {dag.py:3239} INFO - Sync 1 DAGs
[2025-01-02T19:01:23.783+0000] {logging_mixin.py:190} INFO - [2025-01-02T19:01:23.783+0000] {dag.py:4180} INFO - Setting next_dagrun for example_task_group to None, run_after=None
[2025-01-02T19:01:23.808+0000] {processor.py:208} INFO - Processing /home/airflow/.local/lib/python3.12/site-packages/airflow/example_dags/example_task_group.py took 0.131 seconds
[2025-01-02T19:01:55.184+0000] {processor.py:186} INFO - Started process (PID=304) to work on /home/airflow/.local/lib/python3.12/site-packages/airflow/example_dags/example_task_group.py
[2025-01-02T19:01:55.185+0000] {processor.py:914} INFO - Processing file /home/airflow/.local/lib/python3.12/site-packages/airflow/example_dags/example_task_group.py for tasks to queue
[2025-01-02T19:01:55.188+0000] {logging_mixin.py:190} INFO - [2025-01-02T19:01:55.188+0000] {dagbag.py:588} INFO - Filling up the DagBag from /home/airflow/.local/lib/python3.12/site-packages/airflow/example_dags/example_task_group.py
[2025-01-02T19:01:55.204+0000] {processor.py:925} INFO - DAG(s) 'example_task_group' retrieved from /home/airflow/.local/lib/python3.12/site-packages/airflow/example_dags/example_task_group.py
[2025-01-02T19:01:55.232+0000] {logging_mixin.py:190} INFO - [2025-01-02T19:01:55.232+0000] {dag.py:3239} INFO - Sync 1 DAGs
[2025-01-02T19:01:55.253+0000] {logging_mixin.py:190} INFO - [2025-01-02T19:01:55.253+0000] {dag.py:4180} INFO - Setting next_dagrun for example_task_group to None, run_after=None
[2025-01-02T19:01:55.277+0000] {processor.py:208} INFO - Processing /home/airflow/.local/lib/python3.12/site-packages/airflow/example_dags/example_task_group.py took 0.104 seconds
[2025-01-02T19:02:26.153+0000] {processor.py:186} INFO - Started process (PID=367) to work on /home/airflow/.local/lib/python3.12/site-packages/airflow/example_dags/example_task_group.py
[2025-01-02T19:02:26.155+0000] {processor.py:914} INFO - Processing file /home/airflow/.local/lib/python3.12/site-packages/airflow/example_dags/example_task_group.py for tasks to queue
[2025-01-02T19:02:26.158+0000] {logging_mixin.py:190} INFO - [2025-01-02T19:02:26.157+0000] {dagbag.py:588} INFO - Filling up the DagBag from /home/airflow/.local/lib/python3.12/site-packages/airflow/example_dags/example_task_group.py
[2025-01-02T19:02:26.176+0000] {processor.py:925} INFO - DAG(s) 'example_task_group' retrieved from /home/airflow/.local/lib/python3.12/site-packages/airflow/example_dags/example_task_group.py
[2025-01-02T19:02:26.221+0000] {logging_mixin.py:190} INFO - [2025-01-02T19:02:26.221+0000] {dag.py:3239} INFO - Sync 1 DAGs
[2025-01-02T19:02:26.243+0000] {logging_mixin.py:190} INFO - [2025-01-02T19:02:26.242+0000] {dag.py:4180} INFO - Setting next_dagrun for example_task_group to None, run_after=None
[2025-01-02T19:02:26.267+0000] {processor.py:208} INFO - Processing /home/airflow/.local/lib/python3.12/site-packages/airflow/example_dags/example_task_group.py took 0.123 seconds
[2025-01-02T19:02:57.361+0000] {processor.py:186} INFO - Started process (PID=430) to work on /home/airflow/.local/lib/python3.12/site-packages/airflow/example_dags/example_task_group.py
[2025-01-02T19:02:57.364+0000] {processor.py:914} INFO - Processing file /home/airflow/.local/lib/python3.12/site-packages/airflow/example_dags/example_task_group.py for tasks to queue
[2025-01-02T19:02:57.368+0000] {logging_mixin.py:190} INFO - [2025-01-02T19:02:57.367+0000] {dagbag.py:588} INFO - Filling up the DagBag from /home/airflow/.local/lib/python3.12/site-packages/airflow/example_dags/example_task_group.py
[2025-01-02T19:02:57.382+0000] {processor.py:925} INFO - DAG(s) 'example_task_group' retrieved from /home/airflow/.local/lib/python3.12/site-packages/airflow/example_dags/example_task_group.py
[2025-01-02T19:02:57.412+0000] {logging_mixin.py:190} INFO - [2025-01-02T19:02:57.412+0000] {dag.py:3239} INFO - Sync 1 DAGs
[2025-01-02T19:02:57.434+0000] {logging_mixin.py:190} INFO - [2025-01-02T19:02:57.433+0000] {dag.py:4180} INFO - Setting next_dagrun for example_task_group to None, run_after=None
[2025-01-02T19:02:57.458+0000] {processor.py:208} INFO - Processing /home/airflow/.local/lib/python3.12/site-packages/airflow/example_dags/example_task_group.py took 0.106 seconds
[2025-01-02T19:03:29.189+0000] {processor.py:186} INFO - Started process (PID=493) to work on /home/airflow/.local/lib/python3.12/site-packages/airflow/example_dags/example_task_group.py
[2025-01-02T19:03:29.191+0000] {processor.py:914} INFO - Processing file /home/airflow/.local/lib/python3.12/site-packages/airflow/example_dags/example_task_group.py for tasks to queue
[2025-01-02T19:03:29.194+0000] {logging_mixin.py:190} INFO - [2025-01-02T19:03:29.194+0000] {dagbag.py:588} INFO - Filling up the DagBag from /home/airflow/.local/lib/python3.12/site-packages/airflow/example_dags/example_task_group.py
[2025-01-02T19:03:29.208+0000] {processor.py:925} INFO - DAG(s) 'example_task_group' retrieved from /home/airflow/.local/lib/python3.12/site-packages/airflow/example_dags/example_task_group.py
[2025-01-02T19:03:29.238+0000] {logging_mixin.py:190} INFO - [2025-01-02T19:03:29.238+0000] {dag.py:3239} INFO - Sync 1 DAGs
[2025-01-02T19:03:29.258+0000] {logging_mixin.py:190} INFO - [2025-01-02T19:03:29.258+0000] {dag.py:4180} INFO - Setting next_dagrun for example_task_group to None, run_after=None
[2025-01-02T19:03:29.282+0000] {processor.py:208} INFO - Processing /home/airflow/.local/lib/python3.12/site-packages/airflow/example_dags/example_task_group.py took 0.102 seconds
[2025-01-02T19:04:04.714+0000] {processor.py:186} INFO - Started process (PID=556) to work on /home/airflow/.local/lib/python3.12/site-packages/airflow/example_dags/example_task_group.py
[2025-01-02T19:04:04.716+0000] {processor.py:914} INFO - Processing file /home/airflow/.local/lib/python3.12/site-packages/airflow/example_dags/example_task_group.py for tasks to queue
[2025-01-02T19:04:04.719+0000] {logging_mixin.py:190} INFO - [2025-01-02T19:04:04.718+0000] {dagbag.py:588} INFO - Filling up the DagBag from /home/airflow/.local/lib/python3.12/site-packages/airflow/example_dags/example_task_group.py
[2025-01-02T19:04:04.735+0000] {processor.py:925} INFO - DAG(s) 'example_task_group' retrieved from /home/airflow/.local/lib/python3.12/site-packages/airflow/example_dags/example_task_group.py
[2025-01-02T19:04:04.769+0000] {logging_mixin.py:190} INFO - [2025-01-02T19:04:04.768+0000] {dag.py:3239} INFO - Sync 1 DAGs
[2025-01-02T19:04:04.790+0000] {logging_mixin.py:190} INFO - [2025-01-02T19:04:04.790+0000] {dag.py:4180} INFO - Setting next_dagrun for example_task_group to None, run_after=None
[2025-01-02T19:04:04.815+0000] {processor.py:208} INFO - Processing /home/airflow/.local/lib/python3.12/site-packages/airflow/example_dags/example_task_group.py took 0.110 seconds
[2025-01-02T19:04:39.583+0000] {processor.py:186} INFO - Started process (PID=619) to work on /home/airflow/.local/lib/python3.12/site-packages/airflow/example_dags/example_task_group.py
[2025-01-02T19:04:39.595+0000] {processor.py:914} INFO - Processing file /home/airflow/.local/lib/python3.12/site-packages/airflow/example_dags/example_task_group.py for tasks to queue
[2025-01-02T19:04:39.598+0000] {logging_mixin.py:190} INFO - [2025-01-02T19:04:39.598+0000] {dagbag.py:588} INFO - Filling up the DagBag from /home/airflow/.local/lib/python3.12/site-packages/airflow/example_dags/example_task_group.py
[2025-01-02T19:04:39.632+0000] {processor.py:925} INFO - DAG(s) 'example_task_group' retrieved from /home/airflow/.local/lib/python3.12/site-packages/airflow/example_dags/example_task_group.py
[2025-01-02T19:04:39.697+0000] {logging_mixin.py:190} INFO - [2025-01-02T19:04:39.697+0000] {dag.py:3239} INFO - Sync 1 DAGs
[2025-01-02T19:04:39.731+0000] {logging_mixin.py:190} INFO - [2025-01-02T19:04:39.731+0000] {dag.py:4180} INFO - Setting next_dagrun for example_task_group to None, run_after=None
[2025-01-02T19:04:39.778+0000] {processor.py:208} INFO - Processing /home/airflow/.local/lib/python3.12/site-packages/airflow/example_dags/example_task_group.py took 0.212 seconds
