[2025-01-02T18:55:30.537+0000] {processor.py:186} INFO - Started process (PID=99) to work on /home/airflow/.local/lib/python3.12/site-packages/airflow/example_dags/example_bash_operator.py
[2025-01-02T18:55:30.539+0000] {processor.py:914} INFO - Processing file /home/airflow/.local/lib/python3.12/site-packages/airflow/example_dags/example_bash_operator.py for tasks to queue
[2025-01-02T18:55:30.548+0000] {logging_mixin.py:190} INFO - [2025-01-02T18:55:30.548+0000] {dagbag.py:588} INFO - Filling up the DagBag from /home/airflow/.local/lib/python3.12/site-packages/airflow/example_dags/example_bash_operator.py
[2025-01-02T18:55:30.608+0000] {processor.py:925} INFO - DAG(s) 'example_bash_operator' retrieved from /home/airflow/.local/lib/python3.12/site-packages/airflow/example_dags/example_bash_operator.py
[2025-01-02T18:55:31.216+0000] {logging_mixin.py:190} INFO - [2025-01-02T18:55:31.215+0000] {override.py:1911} INFO - Created Permission View: can edit on DAG:example_bash_operator
[2025-01-02T18:55:31.267+0000] {logging_mixin.py:190} INFO - [2025-01-02T18:55:31.267+0000] {override.py:1911} INFO - Created Permission View: can delete on DAG:example_bash_operator
[2025-01-02T18:55:31.291+0000] {logging_mixin.py:190} INFO - [2025-01-02T18:55:31.290+0000] {override.py:1911} INFO - Created Permission View: can read on DAG:example_bash_operator
[2025-01-02T18:55:31.315+0000] {logging_mixin.py:190} INFO - [2025-01-02T18:55:31.314+0000] {override.py:1911} INFO - Created Permission View: can create on DAG Run:example_bash_operator
[2025-01-02T18:55:31.343+0000] {logging_mixin.py:190} INFO - [2025-01-02T18:55:31.343+0000] {override.py:1911} INFO - Created Permission View: can delete on DAG Run:example_bash_operator
[2025-01-02T18:55:31.361+0000] {logging_mixin.py:190} INFO - [2025-01-02T18:55:31.361+0000] {override.py:1911} INFO - Created Permission View: menu access on DAG Run:example_bash_operator
[2025-01-02T18:55:31.384+0000] {logging_mixin.py:190} INFO - [2025-01-02T18:55:31.383+0000] {override.py:1911} INFO - Created Permission View: can read on DAG Run:example_bash_operator
[2025-01-02T18:55:31.384+0000] {logging_mixin.py:190} INFO - [2025-01-02T18:55:31.384+0000] {dag.py:3239} INFO - Sync 1 DAGs
[2025-01-02T18:55:31.447+0000] {logging_mixin.py:190} INFO - [2025-01-02T18:55:31.446+0000] {dag.py:3262} INFO - Creating ORM DAG for example_bash_operator
[2025-01-02T18:55:31.504+0000] {logging_mixin.py:190} INFO - [2025-01-02T18:55:31.504+0000] {dag.py:4180} INFO - Setting next_dagrun for example_bash_operator to 2025-01-01 00:00:00+00:00, run_after=2025-01-02 00:00:00+00:00
[2025-01-02T18:55:31.638+0000] {processor.py:208} INFO - Processing /home/airflow/.local/lib/python3.12/site-packages/airflow/example_dags/example_bash_operator.py took 1.133 seconds
[2025-01-02T18:56:01.987+0000] {processor.py:186} INFO - Started process (PID=162) to work on /home/airflow/.local/lib/python3.12/site-packages/airflow/example_dags/example_bash_operator.py
[2025-01-02T18:56:01.988+0000] {processor.py:914} INFO - Processing file /home/airflow/.local/lib/python3.12/site-packages/airflow/example_dags/example_bash_operator.py for tasks to queue
[2025-01-02T18:56:01.992+0000] {logging_mixin.py:190} INFO - [2025-01-02T18:56:01.991+0000] {dagbag.py:588} INFO - Filling up the DagBag from /home/airflow/.local/lib/python3.12/site-packages/airflow/example_dags/example_bash_operator.py
[2025-01-02T18:56:02.013+0000] {processor.py:925} INFO - DAG(s) 'example_bash_operator' retrieved from /home/airflow/.local/lib/python3.12/site-packages/airflow/example_dags/example_bash_operator.py
[2025-01-02T18:56:02.055+0000] {logging_mixin.py:190} INFO - [2025-01-02T18:56:02.055+0000] {dag.py:3239} INFO - Sync 1 DAGs
[2025-01-02T18:56:02.092+0000] {logging_mixin.py:190} INFO - [2025-01-02T18:56:02.091+0000] {dag.py:4180} INFO - Setting next_dagrun for example_bash_operator to 2025-01-01 00:00:00+00:00, run_after=2025-01-02 00:00:00+00:00
[2025-01-02T18:56:02.116+0000] {processor.py:208} INFO - Processing /home/airflow/.local/lib/python3.12/site-packages/airflow/example_dags/example_bash_operator.py took 0.137 seconds
[2025-01-02T18:56:32.573+0000] {processor.py:186} INFO - Started process (PID=225) to work on /home/airflow/.local/lib/python3.12/site-packages/airflow/example_dags/example_bash_operator.py
[2025-01-02T18:56:32.577+0000] {processor.py:914} INFO - Processing file /home/airflow/.local/lib/python3.12/site-packages/airflow/example_dags/example_bash_operator.py for tasks to queue
[2025-01-02T18:56:32.581+0000] {logging_mixin.py:190} INFO - [2025-01-02T18:56:32.581+0000] {dagbag.py:588} INFO - Filling up the DagBag from /home/airflow/.local/lib/python3.12/site-packages/airflow/example_dags/example_bash_operator.py
[2025-01-02T18:56:32.604+0000] {processor.py:925} INFO - DAG(s) 'example_bash_operator' retrieved from /home/airflow/.local/lib/python3.12/site-packages/airflow/example_dags/example_bash_operator.py
[2025-01-02T18:56:32.638+0000] {logging_mixin.py:190} INFO - [2025-01-02T18:56:32.637+0000] {dag.py:3239} INFO - Sync 1 DAGs
[2025-01-02T18:56:32.674+0000] {logging_mixin.py:190} INFO - [2025-01-02T18:56:32.674+0000] {dag.py:4180} INFO - Setting next_dagrun for example_bash_operator to 2025-01-01 00:00:00+00:00, run_after=2025-01-02 00:00:00+00:00
[2025-01-02T18:56:32.704+0000] {processor.py:208} INFO - Processing /home/airflow/.local/lib/python3.12/site-packages/airflow/example_dags/example_bash_operator.py took 0.140 seconds
[2025-01-02T18:57:02.995+0000] {processor.py:186} INFO - Started process (PID=288) to work on /home/airflow/.local/lib/python3.12/site-packages/airflow/example_dags/example_bash_operator.py
[2025-01-02T18:57:02.996+0000] {processor.py:914} INFO - Processing file /home/airflow/.local/lib/python3.12/site-packages/airflow/example_dags/example_bash_operator.py for tasks to queue
[2025-01-02T18:57:03.000+0000] {logging_mixin.py:190} INFO - [2025-01-02T18:57:03.000+0000] {dagbag.py:588} INFO - Filling up the DagBag from /home/airflow/.local/lib/python3.12/site-packages/airflow/example_dags/example_bash_operator.py
[2025-01-02T18:57:03.022+0000] {processor.py:925} INFO - DAG(s) 'example_bash_operator' retrieved from /home/airflow/.local/lib/python3.12/site-packages/airflow/example_dags/example_bash_operator.py
[2025-01-02T18:57:03.066+0000] {logging_mixin.py:190} INFO - [2025-01-02T18:57:03.065+0000] {dag.py:3239} INFO - Sync 1 DAGs
[2025-01-02T18:57:03.101+0000] {logging_mixin.py:190} INFO - [2025-01-02T18:57:03.101+0000] {dag.py:4180} INFO - Setting next_dagrun for example_bash_operator to 2025-01-01 00:00:00+00:00, run_after=2025-01-02 00:00:00+00:00
[2025-01-02T18:57:03.125+0000] {processor.py:208} INFO - Processing /home/airflow/.local/lib/python3.12/site-packages/airflow/example_dags/example_bash_operator.py took 0.139 seconds
[2025-01-02T18:57:33.277+0000] {processor.py:186} INFO - Started process (PID=351) to work on /home/airflow/.local/lib/python3.12/site-packages/airflow/example_dags/example_bash_operator.py
[2025-01-02T18:57:33.288+0000] {processor.py:914} INFO - Processing file /home/airflow/.local/lib/python3.12/site-packages/airflow/example_dags/example_bash_operator.py for tasks to queue
[2025-01-02T18:57:33.291+0000] {logging_mixin.py:190} INFO - [2025-01-02T18:57:33.291+0000] {dagbag.py:588} INFO - Filling up the DagBag from /home/airflow/.local/lib/python3.12/site-packages/airflow/example_dags/example_bash_operator.py
[2025-01-02T18:57:33.361+0000] {processor.py:925} INFO - DAG(s) 'example_bash_operator' retrieved from /home/airflow/.local/lib/python3.12/site-packages/airflow/example_dags/example_bash_operator.py
[2025-01-02T18:57:33.474+0000] {logging_mixin.py:190} INFO - [2025-01-02T18:57:33.474+0000] {dag.py:3239} INFO - Sync 1 DAGs
[2025-01-02T18:57:33.612+0000] {logging_mixin.py:190} INFO - [2025-01-02T18:57:33.612+0000] {dag.py:4180} INFO - Setting next_dagrun for example_bash_operator to 2025-01-01 00:00:00+00:00, run_after=2025-01-02 00:00:00+00:00
[2025-01-02T18:57:33.722+0000] {processor.py:208} INFO - Processing /home/airflow/.local/lib/python3.12/site-packages/airflow/example_dags/example_bash_operator.py took 0.466 seconds
[2025-01-02T19:00:16.000+0000] {processor.py:186} INFO - Started process (PID=88) to work on /home/airflow/.local/lib/python3.12/site-packages/airflow/example_dags/example_bash_operator.py
[2025-01-02T19:00:16.003+0000] {processor.py:914} INFO - Processing file /home/airflow/.local/lib/python3.12/site-packages/airflow/example_dags/example_bash_operator.py for tasks to queue
[2025-01-02T19:00:16.009+0000] {logging_mixin.py:190} INFO - [2025-01-02T19:00:16.007+0000] {dagbag.py:588} INFO - Filling up the DagBag from /home/airflow/.local/lib/python3.12/site-packages/airflow/example_dags/example_bash_operator.py
[2025-01-02T19:00:16.059+0000] {processor.py:925} INFO - DAG(s) 'example_bash_operator' retrieved from /home/airflow/.local/lib/python3.12/site-packages/airflow/example_dags/example_bash_operator.py
[2025-01-02T19:00:16.126+0000] {logging_mixin.py:190} INFO - [2025-01-02T19:00:16.125+0000] {dag.py:3239} INFO - Sync 1 DAGs
[2025-01-02T19:00:16.205+0000] {logging_mixin.py:190} INFO - [2025-01-02T19:00:16.204+0000] {dag.py:4180} INFO - Setting next_dagrun for example_bash_operator to 2025-01-01 00:00:00+00:00, run_after=2025-01-02 00:00:00+00:00
[2025-01-02T19:00:16.269+0000] {processor.py:208} INFO - Processing /home/airflow/.local/lib/python3.12/site-packages/airflow/example_dags/example_bash_operator.py took 0.278 seconds
[2025-01-02T19:00:46.450+0000] {processor.py:186} INFO - Started process (PID=151) to work on /home/airflow/.local/lib/python3.12/site-packages/airflow/example_dags/example_bash_operator.py
[2025-01-02T19:00:46.451+0000] {processor.py:914} INFO - Processing file /home/airflow/.local/lib/python3.12/site-packages/airflow/example_dags/example_bash_operator.py for tasks to queue
[2025-01-02T19:00:46.454+0000] {logging_mixin.py:190} INFO - [2025-01-02T19:00:46.453+0000] {dagbag.py:588} INFO - Filling up the DagBag from /home/airflow/.local/lib/python3.12/site-packages/airflow/example_dags/example_bash_operator.py
[2025-01-02T19:00:46.469+0000] {processor.py:925} INFO - DAG(s) 'example_bash_operator' retrieved from /home/airflow/.local/lib/python3.12/site-packages/airflow/example_dags/example_bash_operator.py
[2025-01-02T19:00:46.498+0000] {logging_mixin.py:190} INFO - [2025-01-02T19:00:46.498+0000] {dag.py:3239} INFO - Sync 1 DAGs
[2025-01-02T19:00:46.524+0000] {logging_mixin.py:190} INFO - [2025-01-02T19:00:46.523+0000] {dag.py:4180} INFO - Setting next_dagrun for example_bash_operator to 2025-01-01 00:00:00+00:00, run_after=2025-01-02 00:00:00+00:00
[2025-01-02T19:00:46.542+0000] {processor.py:208} INFO - Processing /home/airflow/.local/lib/python3.12/site-packages/airflow/example_dags/example_bash_operator.py took 0.099 seconds
[2025-01-02T19:01:17.312+0000] {processor.py:186} INFO - Started process (PID=214) to work on /home/airflow/.local/lib/python3.12/site-packages/airflow/example_dags/example_bash_operator.py
[2025-01-02T19:01:17.315+0000] {processor.py:914} INFO - Processing file /home/airflow/.local/lib/python3.12/site-packages/airflow/example_dags/example_bash_operator.py for tasks to queue
[2025-01-02T19:01:17.318+0000] {logging_mixin.py:190} INFO - [2025-01-02T19:01:17.317+0000] {dagbag.py:588} INFO - Filling up the DagBag from /home/airflow/.local/lib/python3.12/site-packages/airflow/example_dags/example_bash_operator.py
[2025-01-02T19:01:17.337+0000] {processor.py:925} INFO - DAG(s) 'example_bash_operator' retrieved from /home/airflow/.local/lib/python3.12/site-packages/airflow/example_dags/example_bash_operator.py
[2025-01-02T19:01:17.384+0000] {logging_mixin.py:190} INFO - [2025-01-02T19:01:17.384+0000] {dag.py:3239} INFO - Sync 1 DAGs
[2025-01-02T19:01:17.419+0000] {logging_mixin.py:190} INFO - [2025-01-02T19:01:17.419+0000] {dag.py:4180} INFO - Setting next_dagrun for example_bash_operator to 2025-01-01 00:00:00+00:00, run_after=2025-01-02 00:00:00+00:00
[2025-01-02T19:01:17.443+0000] {processor.py:208} INFO - Processing /home/airflow/.local/lib/python3.12/site-packages/airflow/example_dags/example_bash_operator.py took 0.139 seconds
[2025-01-02T19:01:48.338+0000] {processor.py:186} INFO - Started process (PID=277) to work on /home/airflow/.local/lib/python3.12/site-packages/airflow/example_dags/example_bash_operator.py
[2025-01-02T19:01:48.339+0000] {processor.py:914} INFO - Processing file /home/airflow/.local/lib/python3.12/site-packages/airflow/example_dags/example_bash_operator.py for tasks to queue
[2025-01-02T19:01:48.342+0000] {logging_mixin.py:190} INFO - [2025-01-02T19:01:48.342+0000] {dagbag.py:588} INFO - Filling up the DagBag from /home/airflow/.local/lib/python3.12/site-packages/airflow/example_dags/example_bash_operator.py
[2025-01-02T19:01:48.362+0000] {processor.py:925} INFO - DAG(s) 'example_bash_operator' retrieved from /home/airflow/.local/lib/python3.12/site-packages/airflow/example_dags/example_bash_operator.py
[2025-01-02T19:01:48.401+0000] {logging_mixin.py:190} INFO - [2025-01-02T19:01:48.401+0000] {dag.py:3239} INFO - Sync 1 DAGs
[2025-01-02T19:01:48.438+0000] {logging_mixin.py:190} INFO - [2025-01-02T19:01:48.437+0000] {dag.py:4180} INFO - Setting next_dagrun for example_bash_operator to 2025-01-01 00:00:00+00:00, run_after=2025-01-02 00:00:00+00:00
[2025-01-02T19:01:48.462+0000] {processor.py:208} INFO - Processing /home/airflow/.local/lib/python3.12/site-packages/airflow/example_dags/example_bash_operator.py took 0.134 seconds
[2025-01-02T19:02:18.884+0000] {processor.py:186} INFO - Started process (PID=339) to work on /home/airflow/.local/lib/python3.12/site-packages/airflow/example_dags/example_bash_operator.py
[2025-01-02T19:02:18.887+0000] {processor.py:914} INFO - Processing file /home/airflow/.local/lib/python3.12/site-packages/airflow/example_dags/example_bash_operator.py for tasks to queue
[2025-01-02T19:02:18.890+0000] {logging_mixin.py:190} INFO - [2025-01-02T19:02:18.890+0000] {dagbag.py:588} INFO - Filling up the DagBag from /home/airflow/.local/lib/python3.12/site-packages/airflow/example_dags/example_bash_operator.py
[2025-01-02T19:02:18.911+0000] {processor.py:925} INFO - DAG(s) 'example_bash_operator' retrieved from /home/airflow/.local/lib/python3.12/site-packages/airflow/example_dags/example_bash_operator.py
[2025-01-02T19:02:18.950+0000] {logging_mixin.py:190} INFO - [2025-01-02T19:02:18.949+0000] {dag.py:3239} INFO - Sync 1 DAGs
[2025-01-02T19:02:18.986+0000] {logging_mixin.py:190} INFO - [2025-01-02T19:02:18.986+0000] {dag.py:4180} INFO - Setting next_dagrun for example_bash_operator to 2025-01-01 00:00:00+00:00, run_after=2025-01-02 00:00:00+00:00
[2025-01-02T19:02:19.009+0000] {processor.py:208} INFO - Processing /home/airflow/.local/lib/python3.12/site-packages/airflow/example_dags/example_bash_operator.py took 0.135 seconds
[2025-01-02T19:02:49.878+0000] {processor.py:186} INFO - Started process (PID=402) to work on /home/airflow/.local/lib/python3.12/site-packages/airflow/example_dags/example_bash_operator.py
[2025-01-02T19:02:49.879+0000] {processor.py:914} INFO - Processing file /home/airflow/.local/lib/python3.12/site-packages/airflow/example_dags/example_bash_operator.py for tasks to queue
[2025-01-02T19:02:49.895+0000] {logging_mixin.py:190} INFO - [2025-01-02T19:02:49.895+0000] {dagbag.py:588} INFO - Filling up the DagBag from /home/airflow/.local/lib/python3.12/site-packages/airflow/example_dags/example_bash_operator.py
[2025-01-02T19:02:49.952+0000] {processor.py:925} INFO - DAG(s) 'example_bash_operator' retrieved from /home/airflow/.local/lib/python3.12/site-packages/airflow/example_dags/example_bash_operator.py
[2025-01-02T19:02:50.064+0000] {logging_mixin.py:190} INFO - [2025-01-02T19:02:50.064+0000] {dag.py:3239} INFO - Sync 1 DAGs
[2025-01-02T19:02:50.140+0000] {logging_mixin.py:190} INFO - [2025-01-02T19:02:50.140+0000] {dag.py:4180} INFO - Setting next_dagrun for example_bash_operator to 2025-01-01 00:00:00+00:00, run_after=2025-01-02 00:00:00+00:00
[2025-01-02T19:02:50.214+0000] {processor.py:208} INFO - Processing /home/airflow/.local/lib/python3.12/site-packages/airflow/example_dags/example_bash_operator.py took 0.370 seconds
[2025-01-02T19:03:21.033+0000] {processor.py:186} INFO - Started process (PID=465) to work on /home/airflow/.local/lib/python3.12/site-packages/airflow/example_dags/example_bash_operator.py
[2025-01-02T19:03:21.054+0000] {processor.py:914} INFO - Processing file /home/airflow/.local/lib/python3.12/site-packages/airflow/example_dags/example_bash_operator.py for tasks to queue
[2025-01-02T19:03:21.067+0000] {logging_mixin.py:190} INFO - [2025-01-02T19:03:21.067+0000] {dagbag.py:588} INFO - Filling up the DagBag from /home/airflow/.local/lib/python3.12/site-packages/airflow/example_dags/example_bash_operator.py
[2025-01-02T19:03:21.140+0000] {processor.py:925} INFO - DAG(s) 'example_bash_operator' retrieved from /home/airflow/.local/lib/python3.12/site-packages/airflow/example_dags/example_bash_operator.py
[2025-01-02T19:03:21.327+0000] {logging_mixin.py:190} INFO - [2025-01-02T19:03:21.326+0000] {dag.py:3239} INFO - Sync 1 DAGs
[2025-01-02T19:03:21.448+0000] {logging_mixin.py:190} INFO - [2025-01-02T19:03:21.448+0000] {dag.py:4180} INFO - Setting next_dagrun for example_bash_operator to 2025-01-01 00:00:00+00:00, run_after=2025-01-02 00:00:00+00:00
[2025-01-02T19:03:21.537+0000] {processor.py:208} INFO - Processing /home/airflow/.local/lib/python3.12/site-packages/airflow/example_dags/example_bash_operator.py took 0.542 seconds
[2025-01-02T19:03:52.357+0000] {processor.py:186} INFO - Started process (PID=528) to work on /home/airflow/.local/lib/python3.12/site-packages/airflow/example_dags/example_bash_operator.py
[2025-01-02T19:03:52.358+0000] {processor.py:914} INFO - Processing file /home/airflow/.local/lib/python3.12/site-packages/airflow/example_dags/example_bash_operator.py for tasks to queue
[2025-01-02T19:03:52.369+0000] {logging_mixin.py:190} INFO - [2025-01-02T19:03:52.367+0000] {dagbag.py:588} INFO - Filling up the DagBag from /home/airflow/.local/lib/python3.12/site-packages/airflow/example_dags/example_bash_operator.py
[2025-01-02T19:03:52.434+0000] {processor.py:925} INFO - DAG(s) 'example_bash_operator' retrieved from /home/airflow/.local/lib/python3.12/site-packages/airflow/example_dags/example_bash_operator.py
[2025-01-02T19:03:52.536+0000] {logging_mixin.py:190} INFO - [2025-01-02T19:03:52.536+0000] {dag.py:3239} INFO - Sync 1 DAGs
[2025-01-02T19:03:52.573+0000] {logging_mixin.py:190} INFO - [2025-01-02T19:03:52.572+0000] {dag.py:4180} INFO - Setting next_dagrun for example_bash_operator to 2025-01-01 00:00:00+00:00, run_after=2025-01-02 00:00:00+00:00
[2025-01-02T19:03:52.596+0000] {processor.py:208} INFO - Processing /home/airflow/.local/lib/python3.12/site-packages/airflow/example_dags/example_bash_operator.py took 0.248 seconds
[2025-01-02T19:04:22.853+0000] {processor.py:186} INFO - Started process (PID=591) to work on /home/airflow/.local/lib/python3.12/site-packages/airflow/example_dags/example_bash_operator.py
[2025-01-02T19:04:22.855+0000] {processor.py:914} INFO - Processing file /home/airflow/.local/lib/python3.12/site-packages/airflow/example_dags/example_bash_operator.py for tasks to queue
[2025-01-02T19:04:22.859+0000] {logging_mixin.py:190} INFO - [2025-01-02T19:04:22.858+0000] {dagbag.py:588} INFO - Filling up the DagBag from /home/airflow/.local/lib/python3.12/site-packages/airflow/example_dags/example_bash_operator.py
[2025-01-02T19:04:22.883+0000] {processor.py:925} INFO - DAG(s) 'example_bash_operator' retrieved from /home/airflow/.local/lib/python3.12/site-packages/airflow/example_dags/example_bash_operator.py
[2025-01-02T19:04:22.931+0000] {logging_mixin.py:190} INFO - [2025-01-02T19:04:22.931+0000] {dag.py:3239} INFO - Sync 1 DAGs
[2025-01-02T19:04:22.967+0000] {logging_mixin.py:190} INFO - [2025-01-02T19:04:22.967+0000] {dag.py:4180} INFO - Setting next_dagrun for example_bash_operator to 2025-01-01 00:00:00+00:00, run_after=2025-01-02 00:00:00+00:00
[2025-01-02T19:04:22.993+0000] {processor.py:208} INFO - Processing /home/airflow/.local/lib/python3.12/site-packages/airflow/example_dags/example_bash_operator.py took 0.149 seconds
[2025-01-02T19:04:53.276+0000] {processor.py:186} INFO - Started process (PID=654) to work on /home/airflow/.local/lib/python3.12/site-packages/airflow/example_dags/example_bash_operator.py
[2025-01-02T19:04:53.277+0000] {processor.py:914} INFO - Processing file /home/airflow/.local/lib/python3.12/site-packages/airflow/example_dags/example_bash_operator.py for tasks to queue
[2025-01-02T19:04:53.281+0000] {logging_mixin.py:190} INFO - [2025-01-02T19:04:53.281+0000] {dagbag.py:588} INFO - Filling up the DagBag from /home/airflow/.local/lib/python3.12/site-packages/airflow/example_dags/example_bash_operator.py
[2025-01-02T19:04:53.303+0000] {processor.py:925} INFO - DAG(s) 'example_bash_operator' retrieved from /home/airflow/.local/lib/python3.12/site-packages/airflow/example_dags/example_bash_operator.py
[2025-01-02T19:04:53.348+0000] {logging_mixin.py:190} INFO - [2025-01-02T19:04:53.348+0000] {dag.py:3239} INFO - Sync 1 DAGs
[2025-01-02T19:04:53.385+0000] {logging_mixin.py:190} INFO - [2025-01-02T19:04:53.385+0000] {dag.py:4180} INFO - Setting next_dagrun for example_bash_operator to 2025-01-01 00:00:00+00:00, run_after=2025-01-02 00:00:00+00:00
[2025-01-02T19:04:53.412+0000] {processor.py:208} INFO - Processing /home/airflow/.local/lib/python3.12/site-packages/airflow/example_dags/example_bash_operator.py took 0.144 seconds
