[2025-01-02T18:55:21.476+0000] {processor.py:186} INFO - Started process (PID=84) to work on /home/airflow/.local/lib/python3.12/site-packages/airflow/example_dags/example_branch_python_dop_operator_3.py
[2025-01-02T18:55:21.501+0000] {processor.py:914} INFO - Processing file /home/airflow/.local/lib/python3.12/site-packages/airflow/example_dags/example_branch_python_dop_operator_3.py for tasks to queue
[2025-01-02T18:55:21.505+0000] {logging_mixin.py:190} INFO - [2025-01-02T18:55:21.504+0000] {dagbag.py:588} INFO - Filling up the DagBag from /home/airflow/.local/lib/python3.12/site-packages/airflow/example_dags/example_branch_python_dop_operator_3.py
[2025-01-02T18:55:21.578+0000] {processor.py:925} INFO - DAG(s) 'example_branch_dop_operator_v3' retrieved from /home/airflow/.local/lib/python3.12/site-packages/airflow/example_dags/example_branch_python_dop_operator_3.py
[2025-01-02T18:55:22.220+0000] {logging_mixin.py:190} INFO - [2025-01-02T18:55:22.219+0000] {override.py:1911} INFO - Created Permission View: can edit on DAG:example_branch_dop_operator_v3
[2025-01-02T18:55:22.261+0000] {logging_mixin.py:190} INFO - [2025-01-02T18:55:22.261+0000] {override.py:1911} INFO - Created Permission View: can delete on DAG:example_branch_dop_operator_v3
[2025-01-02T18:55:22.302+0000] {logging_mixin.py:190} INFO - [2025-01-02T18:55:22.301+0000] {override.py:1911} INFO - Created Permission View: can read on DAG:example_branch_dop_operator_v3
[2025-01-02T18:55:22.315+0000] {logging_mixin.py:190} INFO - [2025-01-02T18:55:22.314+0000] {override.py:1911} INFO - Created Permission View: can create on DAG Run:example_branch_dop_operator_v3
[2025-01-02T18:55:22.343+0000] {logging_mixin.py:190} INFO - [2025-01-02T18:55:22.343+0000] {override.py:1911} INFO - Created Permission View: can delete on DAG Run:example_branch_dop_operator_v3
[2025-01-02T18:55:22.381+0000] {logging_mixin.py:190} INFO - [2025-01-02T18:55:22.380+0000] {override.py:1911} INFO - Created Permission View: menu access on DAG Run:example_branch_dop_operator_v3
[2025-01-02T18:55:22.407+0000] {logging_mixin.py:190} INFO - [2025-01-02T18:55:22.406+0000] {override.py:1911} INFO - Created Permission View: can read on DAG Run:example_branch_dop_operator_v3
[2025-01-02T18:55:22.407+0000] {logging_mixin.py:190} INFO - [2025-01-02T18:55:22.407+0000] {dag.py:3239} INFO - Sync 1 DAGs
[2025-01-02T18:55:22.487+0000] {logging_mixin.py:190} INFO - [2025-01-02T18:55:22.487+0000] {dag.py:3262} INFO - Creating ORM DAG for example_branch_dop_operator_v3
[2025-01-02T18:55:22.596+0000] {logging_mixin.py:190} INFO - [2025-01-02T18:55:22.596+0000] {dag.py:4180} INFO - Setting next_dagrun for example_branch_dop_operator_v3 to 2025-01-02 18:54:00+00:00, run_after=2025-01-02 18:55:00+00:00
[2025-01-02T18:55:22.682+0000] {processor.py:208} INFO - Processing /home/airflow/.local/lib/python3.12/site-packages/airflow/example_dags/example_branch_python_dop_operator_3.py took 1.236 seconds
[2025-01-02T18:55:53.639+0000] {processor.py:186} INFO - Started process (PID=146) to work on /home/airflow/.local/lib/python3.12/site-packages/airflow/example_dags/example_branch_python_dop_operator_3.py
[2025-01-02T18:55:53.647+0000] {processor.py:914} INFO - Processing file /home/airflow/.local/lib/python3.12/site-packages/airflow/example_dags/example_branch_python_dop_operator_3.py for tasks to queue
[2025-01-02T18:55:53.650+0000] {logging_mixin.py:190} INFO - [2025-01-02T18:55:53.649+0000] {dagbag.py:588} INFO - Filling up the DagBag from /home/airflow/.local/lib/python3.12/site-packages/airflow/example_dags/example_branch_python_dop_operator_3.py
[2025-01-02T18:55:53.662+0000] {processor.py:925} INFO - DAG(s) 'example_branch_dop_operator_v3' retrieved from /home/airflow/.local/lib/python3.12/site-packages/airflow/example_dags/example_branch_python_dop_operator_3.py
[2025-01-02T18:55:53.684+0000] {logging_mixin.py:190} INFO - [2025-01-02T18:55:53.684+0000] {dag.py:3239} INFO - Sync 1 DAGs
[2025-01-02T18:55:53.713+0000] {logging_mixin.py:190} INFO - [2025-01-02T18:55:53.713+0000] {dag.py:4180} INFO - Setting next_dagrun for example_branch_dop_operator_v3 to 2025-01-02 18:54:00+00:00, run_after=2025-01-02 18:55:00+00:00
[2025-01-02T18:55:53.732+0000] {processor.py:208} INFO - Processing /home/airflow/.local/lib/python3.12/site-packages/airflow/example_dags/example_branch_python_dop_operator_3.py took 0.100 seconds
[2025-01-02T18:56:24.566+0000] {processor.py:186} INFO - Started process (PID=209) to work on /home/airflow/.local/lib/python3.12/site-packages/airflow/example_dags/example_branch_python_dop_operator_3.py
[2025-01-02T18:56:24.567+0000] {processor.py:914} INFO - Processing file /home/airflow/.local/lib/python3.12/site-packages/airflow/example_dags/example_branch_python_dop_operator_3.py for tasks to queue
[2025-01-02T18:56:24.571+0000] {logging_mixin.py:190} INFO - [2025-01-02T18:56:24.570+0000] {dagbag.py:588} INFO - Filling up the DagBag from /home/airflow/.local/lib/python3.12/site-packages/airflow/example_dags/example_branch_python_dop_operator_3.py
[2025-01-02T18:56:24.587+0000] {processor.py:925} INFO - DAG(s) 'example_branch_dop_operator_v3' retrieved from /home/airflow/.local/lib/python3.12/site-packages/airflow/example_dags/example_branch_python_dop_operator_3.py
[2025-01-02T18:56:24.623+0000] {logging_mixin.py:190} INFO - [2025-01-02T18:56:24.623+0000] {dag.py:3239} INFO - Sync 1 DAGs
[2025-01-02T18:56:24.653+0000] {logging_mixin.py:190} INFO - [2025-01-02T18:56:24.653+0000] {dag.py:4180} INFO - Setting next_dagrun for example_branch_dop_operator_v3 to 2025-01-02 18:55:00+00:00, run_after=2025-01-02 18:56:00+00:00
[2025-01-02T18:56:24.672+0000] {processor.py:208} INFO - Processing /home/airflow/.local/lib/python3.12/site-packages/airflow/example_dags/example_branch_python_dop_operator_3.py took 0.115 seconds
[2025-01-02T18:56:56.521+0000] {processor.py:186} INFO - Started process (PID=271) to work on /home/airflow/.local/lib/python3.12/site-packages/airflow/example_dags/example_branch_python_dop_operator_3.py
[2025-01-02T18:56:56.566+0000] {processor.py:914} INFO - Processing file /home/airflow/.local/lib/python3.12/site-packages/airflow/example_dags/example_branch_python_dop_operator_3.py for tasks to queue
[2025-01-02T18:56:56.570+0000] {logging_mixin.py:190} INFO - [2025-01-02T18:56:56.569+0000] {dagbag.py:588} INFO - Filling up the DagBag from /home/airflow/.local/lib/python3.12/site-packages/airflow/example_dags/example_branch_python_dop_operator_3.py
[2025-01-02T18:56:56.615+0000] {processor.py:925} INFO - DAG(s) 'example_branch_dop_operator_v3' retrieved from /home/airflow/.local/lib/python3.12/site-packages/airflow/example_dags/example_branch_python_dop_operator_3.py
[2025-01-02T18:56:56.704+0000] {logging_mixin.py:190} INFO - [2025-01-02T18:56:56.704+0000] {dag.py:3239} INFO - Sync 1 DAGs
[2025-01-02T18:56:56.800+0000] {logging_mixin.py:190} INFO - [2025-01-02T18:56:56.800+0000] {dag.py:4180} INFO - Setting next_dagrun for example_branch_dop_operator_v3 to 2025-01-02 18:55:00+00:00, run_after=2025-01-02 18:56:00+00:00
[2025-01-02T18:56:56.893+0000] {processor.py:208} INFO - Processing /home/airflow/.local/lib/python3.12/site-packages/airflow/example_dags/example_branch_python_dop_operator_3.py took 0.399 seconds
[2025-01-02T18:57:27.629+0000] {processor.py:186} INFO - Started process (PID=334) to work on /home/airflow/.local/lib/python3.12/site-packages/airflow/example_dags/example_branch_python_dop_operator_3.py
[2025-01-02T18:57:27.630+0000] {processor.py:914} INFO - Processing file /home/airflow/.local/lib/python3.12/site-packages/airflow/example_dags/example_branch_python_dop_operator_3.py for tasks to queue
[2025-01-02T18:57:27.634+0000] {logging_mixin.py:190} INFO - [2025-01-02T18:57:27.633+0000] {dagbag.py:588} INFO - Filling up the DagBag from /home/airflow/.local/lib/python3.12/site-packages/airflow/example_dags/example_branch_python_dop_operator_3.py
[2025-01-02T18:57:27.651+0000] {processor.py:925} INFO - DAG(s) 'example_branch_dop_operator_v3' retrieved from /home/airflow/.local/lib/python3.12/site-packages/airflow/example_dags/example_branch_python_dop_operator_3.py
[2025-01-02T18:57:27.684+0000] {logging_mixin.py:190} INFO - [2025-01-02T18:57:27.684+0000] {dag.py:3239} INFO - Sync 1 DAGs
[2025-01-02T18:57:27.723+0000] {logging_mixin.py:190} INFO - [2025-01-02T18:57:27.722+0000] {dag.py:4180} INFO - Setting next_dagrun for example_branch_dop_operator_v3 to 2025-01-02 18:56:00+00:00, run_after=2025-01-02 18:57:00+00:00
[2025-01-02T18:57:27.749+0000] {processor.py:208} INFO - Processing /home/airflow/.local/lib/python3.12/site-packages/airflow/example_dags/example_branch_python_dop_operator_3.py took 0.130 seconds
[2025-01-02T19:00:13.947+0000] {processor.py:186} INFO - Started process (PID=79) to work on /home/airflow/.local/lib/python3.12/site-packages/airflow/example_dags/example_branch_python_dop_operator_3.py
[2025-01-02T19:00:13.957+0000] {processor.py:914} INFO - Processing file /home/airflow/.local/lib/python3.12/site-packages/airflow/example_dags/example_branch_python_dop_operator_3.py for tasks to queue
[2025-01-02T19:00:13.961+0000] {logging_mixin.py:190} INFO - [2025-01-02T19:00:13.960+0000] {dagbag.py:588} INFO - Filling up the DagBag from /home/airflow/.local/lib/python3.12/site-packages/airflow/example_dags/example_branch_python_dop_operator_3.py
[2025-01-02T19:00:14.003+0000] {processor.py:925} INFO - DAG(s) 'example_branch_dop_operator_v3' retrieved from /home/airflow/.local/lib/python3.12/site-packages/airflow/example_dags/example_branch_python_dop_operator_3.py
[2025-01-02T19:00:14.058+0000] {logging_mixin.py:190} INFO - [2025-01-02T19:00:14.058+0000] {dag.py:3239} INFO - Sync 1 DAGs
[2025-01-02T19:00:14.128+0000] {logging_mixin.py:190} INFO - [2025-01-02T19:00:14.128+0000] {dag.py:4180} INFO - Setting next_dagrun for example_branch_dop_operator_v3 to 2025-01-02 18:59:00+00:00, run_after=2025-01-02 19:00:00+00:00
[2025-01-02T19:00:14.176+0000] {processor.py:208} INFO - Processing /home/airflow/.local/lib/python3.12/site-packages/airflow/example_dags/example_branch_python_dop_operator_3.py took 0.250 seconds
[2025-01-02T19:00:44.988+0000] {processor.py:186} INFO - Started process (PID=141) to work on /home/airflow/.local/lib/python3.12/site-packages/airflow/example_dags/example_branch_python_dop_operator_3.py
[2025-01-02T19:00:44.989+0000] {processor.py:914} INFO - Processing file /home/airflow/.local/lib/python3.12/site-packages/airflow/example_dags/example_branch_python_dop_operator_3.py for tasks to queue
[2025-01-02T19:00:44.993+0000] {logging_mixin.py:190} INFO - [2025-01-02T19:00:44.993+0000] {dagbag.py:588} INFO - Filling up the DagBag from /home/airflow/.local/lib/python3.12/site-packages/airflow/example_dags/example_branch_python_dop_operator_3.py
[2025-01-02T19:00:45.009+0000] {processor.py:925} INFO - DAG(s) 'example_branch_dop_operator_v3' retrieved from /home/airflow/.local/lib/python3.12/site-packages/airflow/example_dags/example_branch_python_dop_operator_3.py
[2025-01-02T19:00:45.040+0000] {logging_mixin.py:190} INFO - [2025-01-02T19:00:45.040+0000] {dag.py:3239} INFO - Sync 1 DAGs
[2025-01-02T19:00:45.083+0000] {logging_mixin.py:190} INFO - [2025-01-02T19:00:45.083+0000] {dag.py:4180} INFO - Setting next_dagrun for example_branch_dop_operator_v3 to 2025-01-02 18:59:00+00:00, run_after=2025-01-02 19:00:00+00:00
[2025-01-02T19:00:45.107+0000] {processor.py:208} INFO - Processing /home/airflow/.local/lib/python3.12/site-packages/airflow/example_dags/example_branch_python_dop_operator_3.py took 0.128 seconds
[2025-01-02T19:01:15.278+0000] {processor.py:186} INFO - Started process (PID=204) to work on /home/airflow/.local/lib/python3.12/site-packages/airflow/example_dags/example_branch_python_dop_operator_3.py
[2025-01-02T19:01:15.280+0000] {processor.py:914} INFO - Processing file /home/airflow/.local/lib/python3.12/site-packages/airflow/example_dags/example_branch_python_dop_operator_3.py for tasks to queue
[2025-01-02T19:01:15.284+0000] {logging_mixin.py:190} INFO - [2025-01-02T19:01:15.284+0000] {dagbag.py:588} INFO - Filling up the DagBag from /home/airflow/.local/lib/python3.12/site-packages/airflow/example_dags/example_branch_python_dop_operator_3.py
[2025-01-02T19:01:15.302+0000] {processor.py:925} INFO - DAG(s) 'example_branch_dop_operator_v3' retrieved from /home/airflow/.local/lib/python3.12/site-packages/airflow/example_dags/example_branch_python_dop_operator_3.py
[2025-01-02T19:01:15.339+0000] {logging_mixin.py:190} INFO - [2025-01-02T19:01:15.339+0000] {dag.py:3239} INFO - Sync 1 DAGs
[2025-01-02T19:01:15.380+0000] {logging_mixin.py:190} INFO - [2025-01-02T19:01:15.379+0000] {dag.py:4180} INFO - Setting next_dagrun for example_branch_dop_operator_v3 to 2025-01-02 19:00:00+00:00, run_after=2025-01-02 19:01:00+00:00
[2025-01-02T19:01:15.404+0000] {processor.py:208} INFO - Processing /home/airflow/.local/lib/python3.12/site-packages/airflow/example_dags/example_branch_python_dop_operator_3.py took 0.135 seconds
[2025-01-02T19:01:45.516+0000] {processor.py:186} INFO - Started process (PID=267) to work on /home/airflow/.local/lib/python3.12/site-packages/airflow/example_dags/example_branch_python_dop_operator_3.py
[2025-01-02T19:01:45.517+0000] {processor.py:914} INFO - Processing file /home/airflow/.local/lib/python3.12/site-packages/airflow/example_dags/example_branch_python_dop_operator_3.py for tasks to queue
[2025-01-02T19:01:45.522+0000] {logging_mixin.py:190} INFO - [2025-01-02T19:01:45.521+0000] {dagbag.py:588} INFO - Filling up the DagBag from /home/airflow/.local/lib/python3.12/site-packages/airflow/example_dags/example_branch_python_dop_operator_3.py
[2025-01-02T19:01:45.538+0000] {processor.py:925} INFO - DAG(s) 'example_branch_dop_operator_v3' retrieved from /home/airflow/.local/lib/python3.12/site-packages/airflow/example_dags/example_branch_python_dop_operator_3.py
[2025-01-02T19:01:45.568+0000] {logging_mixin.py:190} INFO - [2025-01-02T19:01:45.568+0000] {dag.py:3239} INFO - Sync 1 DAGs
[2025-01-02T19:01:45.609+0000] {logging_mixin.py:190} INFO - [2025-01-02T19:01:45.609+0000] {dag.py:4180} INFO - Setting next_dagrun for example_branch_dop_operator_v3 to 2025-01-02 19:00:00+00:00, run_after=2025-01-02 19:01:00+00:00
[2025-01-02T19:01:45.633+0000] {processor.py:208} INFO - Processing /home/airflow/.local/lib/python3.12/site-packages/airflow/example_dags/example_branch_python_dop_operator_3.py took 0.126 seconds
[2025-01-02T19:02:16.172+0000] {processor.py:186} INFO - Started process (PID=330) to work on /home/airflow/.local/lib/python3.12/site-packages/airflow/example_dags/example_branch_python_dop_operator_3.py
[2025-01-02T19:02:16.192+0000] {processor.py:914} INFO - Processing file /home/airflow/.local/lib/python3.12/site-packages/airflow/example_dags/example_branch_python_dop_operator_3.py for tasks to queue
[2025-01-02T19:02:16.195+0000] {logging_mixin.py:190} INFO - [2025-01-02T19:02:16.195+0000] {dagbag.py:588} INFO - Filling up the DagBag from /home/airflow/.local/lib/python3.12/site-packages/airflow/example_dags/example_branch_python_dop_operator_3.py
[2025-01-02T19:02:16.209+0000] {processor.py:925} INFO - DAG(s) 'example_branch_dop_operator_v3' retrieved from /home/airflow/.local/lib/python3.12/site-packages/airflow/example_dags/example_branch_python_dop_operator_3.py
[2025-01-02T19:02:16.239+0000] {logging_mixin.py:190} INFO - [2025-01-02T19:02:16.238+0000] {dag.py:3239} INFO - Sync 1 DAGs
[2025-01-02T19:02:16.279+0000] {logging_mixin.py:190} INFO - [2025-01-02T19:02:16.279+0000] {dag.py:4180} INFO - Setting next_dagrun for example_branch_dop_operator_v3 to 2025-01-02 19:01:00+00:00, run_after=2025-01-02 19:02:00+00:00
[2025-01-02T19:02:16.303+0000] {processor.py:208} INFO - Processing /home/airflow/.local/lib/python3.12/site-packages/airflow/example_dags/example_branch_python_dop_operator_3.py took 0.140 seconds
[2025-01-02T19:02:47.218+0000] {processor.py:186} INFO - Started process (PID=393) to work on /home/airflow/.local/lib/python3.12/site-packages/airflow/example_dags/example_branch_python_dop_operator_3.py
[2025-01-02T19:02:47.227+0000] {processor.py:914} INFO - Processing file /home/airflow/.local/lib/python3.12/site-packages/airflow/example_dags/example_branch_python_dop_operator_3.py for tasks to queue
[2025-01-02T19:02:47.230+0000] {logging_mixin.py:190} INFO - [2025-01-02T19:02:47.230+0000] {dagbag.py:588} INFO - Filling up the DagBag from /home/airflow/.local/lib/python3.12/site-packages/airflow/example_dags/example_branch_python_dop_operator_3.py
[2025-01-02T19:02:47.276+0000] {processor.py:925} INFO - DAG(s) 'example_branch_dop_operator_v3' retrieved from /home/airflow/.local/lib/python3.12/site-packages/airflow/example_dags/example_branch_python_dop_operator_3.py
[2025-01-02T19:02:47.395+0000] {logging_mixin.py:190} INFO - [2025-01-02T19:02:47.394+0000] {dag.py:3239} INFO - Sync 1 DAGs
[2025-01-02T19:02:47.566+0000] {logging_mixin.py:190} INFO - [2025-01-02T19:02:47.566+0000] {dag.py:4180} INFO - Setting next_dagrun for example_branch_dop_operator_v3 to 2025-01-02 19:01:00+00:00, run_after=2025-01-02 19:02:00+00:00
[2025-01-02T19:02:47.641+0000] {processor.py:208} INFO - Processing /home/airflow/.local/lib/python3.12/site-packages/airflow/example_dags/example_branch_python_dop_operator_3.py took 0.443 seconds
[2025-01-02T19:03:17.948+0000] {processor.py:186} INFO - Started process (PID=456) to work on /home/airflow/.local/lib/python3.12/site-packages/airflow/example_dags/example_branch_python_dop_operator_3.py
[2025-01-02T19:03:17.950+0000] {processor.py:914} INFO - Processing file /home/airflow/.local/lib/python3.12/site-packages/airflow/example_dags/example_branch_python_dop_operator_3.py for tasks to queue
[2025-01-02T19:03:17.954+0000] {logging_mixin.py:190} INFO - [2025-01-02T19:03:17.953+0000] {dagbag.py:588} INFO - Filling up the DagBag from /home/airflow/.local/lib/python3.12/site-packages/airflow/example_dags/example_branch_python_dop_operator_3.py
[2025-01-02T19:03:17.969+0000] {processor.py:925} INFO - DAG(s) 'example_branch_dop_operator_v3' retrieved from /home/airflow/.local/lib/python3.12/site-packages/airflow/example_dags/example_branch_python_dop_operator_3.py
[2025-01-02T19:03:17.996+0000] {logging_mixin.py:190} INFO - [2025-01-02T19:03:17.996+0000] {dag.py:3239} INFO - Sync 1 DAGs
[2025-01-02T19:03:18.035+0000] {logging_mixin.py:190} INFO - [2025-01-02T19:03:18.034+0000] {dag.py:4180} INFO - Setting next_dagrun for example_branch_dop_operator_v3 to 2025-01-02 19:02:00+00:00, run_after=2025-01-02 19:03:00+00:00
[2025-01-02T19:03:18.059+0000] {processor.py:208} INFO - Processing /home/airflow/.local/lib/python3.12/site-packages/airflow/example_dags/example_branch_python_dop_operator_3.py took 0.120 seconds
[2025-01-02T19:03:48.766+0000] {processor.py:186} INFO - Started process (PID=519) to work on /home/airflow/.local/lib/python3.12/site-packages/airflow/example_dags/example_branch_python_dop_operator_3.py
[2025-01-02T19:03:48.768+0000] {processor.py:914} INFO - Processing file /home/airflow/.local/lib/python3.12/site-packages/airflow/example_dags/example_branch_python_dop_operator_3.py for tasks to queue
[2025-01-02T19:03:48.772+0000] {logging_mixin.py:190} INFO - [2025-01-02T19:03:48.772+0000] {dagbag.py:588} INFO - Filling up the DagBag from /home/airflow/.local/lib/python3.12/site-packages/airflow/example_dags/example_branch_python_dop_operator_3.py
[2025-01-02T19:03:48.786+0000] {processor.py:925} INFO - DAG(s) 'example_branch_dop_operator_v3' retrieved from /home/airflow/.local/lib/python3.12/site-packages/airflow/example_dags/example_branch_python_dop_operator_3.py
[2025-01-02T19:03:48.811+0000] {logging_mixin.py:190} INFO - [2025-01-02T19:03:48.811+0000] {dag.py:3239} INFO - Sync 1 DAGs
[2025-01-02T19:03:48.852+0000] {logging_mixin.py:190} INFO - [2025-01-02T19:03:48.852+0000] {dag.py:4180} INFO - Setting next_dagrun for example_branch_dop_operator_v3 to 2025-01-02 19:02:00+00:00, run_after=2025-01-02 19:03:00+00:00
[2025-01-02T19:03:48.882+0000] {processor.py:208} INFO - Processing /home/airflow/.local/lib/python3.12/site-packages/airflow/example_dags/example_branch_python_dop_operator_3.py took 0.124 seconds
[2025-01-02T19:04:19.173+0000] {processor.py:186} INFO - Started process (PID=582) to work on /home/airflow/.local/lib/python3.12/site-packages/airflow/example_dags/example_branch_python_dop_operator_3.py
[2025-01-02T19:04:19.175+0000] {processor.py:914} INFO - Processing file /home/airflow/.local/lib/python3.12/site-packages/airflow/example_dags/example_branch_python_dop_operator_3.py for tasks to queue
[2025-01-02T19:04:19.179+0000] {logging_mixin.py:190} INFO - [2025-01-02T19:04:19.178+0000] {dagbag.py:588} INFO - Filling up the DagBag from /home/airflow/.local/lib/python3.12/site-packages/airflow/example_dags/example_branch_python_dop_operator_3.py
[2025-01-02T19:04:19.194+0000] {processor.py:925} INFO - DAG(s) 'example_branch_dop_operator_v3' retrieved from /home/airflow/.local/lib/python3.12/site-packages/airflow/example_dags/example_branch_python_dop_operator_3.py
[2025-01-02T19:04:19.222+0000] {logging_mixin.py:190} INFO - [2025-01-02T19:04:19.222+0000] {dag.py:3239} INFO - Sync 1 DAGs
[2025-01-02T19:04:19.260+0000] {logging_mixin.py:190} INFO - [2025-01-02T19:04:19.259+0000] {dag.py:4180} INFO - Setting next_dagrun for example_branch_dop_operator_v3 to 2025-01-02 19:03:00+00:00, run_after=2025-01-02 19:04:00+00:00
[2025-01-02T19:04:19.282+0000] {processor.py:208} INFO - Processing /home/airflow/.local/lib/python3.12/site-packages/airflow/example_dags/example_branch_python_dop_operator_3.py took 0.118 seconds
[2025-01-02T19:04:49.584+0000] {processor.py:186} INFO - Started process (PID=645) to work on /home/airflow/.local/lib/python3.12/site-packages/airflow/example_dags/example_branch_python_dop_operator_3.py
[2025-01-02T19:04:49.586+0000] {processor.py:914} INFO - Processing file /home/airflow/.local/lib/python3.12/site-packages/airflow/example_dags/example_branch_python_dop_operator_3.py for tasks to queue
[2025-01-02T19:04:49.590+0000] {logging_mixin.py:190} INFO - [2025-01-02T19:04:49.589+0000] {dagbag.py:588} INFO - Filling up the DagBag from /home/airflow/.local/lib/python3.12/site-packages/airflow/example_dags/example_branch_python_dop_operator_3.py
[2025-01-02T19:04:49.605+0000] {processor.py:925} INFO - DAG(s) 'example_branch_dop_operator_v3' retrieved from /home/airflow/.local/lib/python3.12/site-packages/airflow/example_dags/example_branch_python_dop_operator_3.py
[2025-01-02T19:04:49.633+0000] {logging_mixin.py:190} INFO - [2025-01-02T19:04:49.632+0000] {dag.py:3239} INFO - Sync 1 DAGs
[2025-01-02T19:04:49.671+0000] {logging_mixin.py:190} INFO - [2025-01-02T19:04:49.671+0000] {dag.py:4180} INFO - Setting next_dagrun for example_branch_dop_operator_v3 to 2025-01-02 19:03:00+00:00, run_after=2025-01-02 19:04:00+00:00
[2025-01-02T19:04:49.694+0000] {processor.py:208} INFO - Processing /home/airflow/.local/lib/python3.12/site-packages/airflow/example_dags/example_branch_python_dop_operator_3.py took 0.120 seconds
