[2025-01-02T18:55:31.839+0000] {processor.py:186} INFO - Started process (PID=102) to work on /home/airflow/.local/lib/python3.12/site-packages/airflow/example_dags/example_datasets.py
[2025-01-02T18:55:31.840+0000] {processor.py:914} INFO - Processing file /home/airflow/.local/lib/python3.12/site-packages/airflow/example_dags/example_datasets.py for tasks to queue
[2025-01-02T18:55:31.860+0000] {logging_mixin.py:190} INFO - [2025-01-02T18:55:31.859+0000] {dagbag.py:588} INFO - Filling up the DagBag from /home/airflow/.local/lib/python3.12/site-packages/airflow/example_dags/example_datasets.py
[2025-01-02T18:55:34.801+0000] {processor.py:925} INFO - DAG(s) 'dataset_consumes_1_and_2', 'dataset_produces_1', 'dataset_consumes_unknown_never_scheduled', 'consume_1_or_2_with_dataset_expressions', 'dataset_produces_2', 'dataset_consumes_1', 'conditional_dataset_and_time_based_timetable', 'dataset_consumes_1_never_scheduled', 'consume_1_and_2_with_dataset_expressions', 'consume_1_or_both_2_and_3_with_dataset_expressions' retrieved from /home/airflow/.local/lib/python3.12/site-packages/airflow/example_dags/example_datasets.py
[2025-01-02T18:55:35.391+0000] {logging_mixin.py:190} INFO - [2025-01-02T18:55:35.390+0000] {override.py:1911} INFO - Created Permission View: can edit on DAG:dataset_consumes_1_and_2
[2025-01-02T18:55:35.432+0000] {logging_mixin.py:190} INFO - [2025-01-02T18:55:35.432+0000] {override.py:1911} INFO - Created Permission View: can delete on DAG:dataset_consumes_1_and_2
[2025-01-02T18:55:35.460+0000] {logging_mixin.py:190} INFO - [2025-01-02T18:55:35.459+0000] {override.py:1911} INFO - Created Permission View: can read on DAG:dataset_consumes_1_and_2
[2025-01-02T18:55:35.491+0000] {logging_mixin.py:190} INFO - [2025-01-02T18:55:35.491+0000] {override.py:1911} INFO - Created Permission View: can create on DAG Run:dataset_consumes_1_and_2
[2025-01-02T18:55:35.513+0000] {logging_mixin.py:190} INFO - [2025-01-02T18:55:35.512+0000] {override.py:1911} INFO - Created Permission View: can delete on DAG Run:dataset_consumes_1_and_2
[2025-01-02T18:55:35.537+0000] {logging_mixin.py:190} INFO - [2025-01-02T18:55:35.537+0000] {override.py:1911} INFO - Created Permission View: menu access on DAG Run:dataset_consumes_1_and_2
[2025-01-02T18:55:35.559+0000] {logging_mixin.py:190} INFO - [2025-01-02T18:55:35.558+0000] {override.py:1911} INFO - Created Permission View: can read on DAG Run:dataset_consumes_1_and_2
[2025-01-02T18:55:35.599+0000] {logging_mixin.py:190} INFO - [2025-01-02T18:55:35.599+0000] {override.py:1911} INFO - Created Permission View: can edit on DAG:dataset_produces_1
[2025-01-02T18:55:35.627+0000] {logging_mixin.py:190} INFO - [2025-01-02T18:55:35.627+0000] {override.py:1911} INFO - Created Permission View: can delete on DAG:dataset_produces_1
[2025-01-02T18:55:35.651+0000] {logging_mixin.py:190} INFO - [2025-01-02T18:55:35.651+0000] {override.py:1911} INFO - Created Permission View: can read on DAG:dataset_produces_1
[2025-01-02T18:55:35.677+0000] {logging_mixin.py:190} INFO - [2025-01-02T18:55:35.677+0000] {override.py:1911} INFO - Created Permission View: can create on DAG Run:dataset_produces_1
[2025-01-02T18:55:35.698+0000] {logging_mixin.py:190} INFO - [2025-01-02T18:55:35.698+0000] {override.py:1911} INFO - Created Permission View: can delete on DAG Run:dataset_produces_1
[2025-01-02T18:55:35.723+0000] {logging_mixin.py:190} INFO - [2025-01-02T18:55:35.721+0000] {override.py:1911} INFO - Created Permission View: menu access on DAG Run:dataset_produces_1
[2025-01-02T18:55:35.745+0000] {logging_mixin.py:190} INFO - [2025-01-02T18:55:35.745+0000] {override.py:1911} INFO - Created Permission View: can read on DAG Run:dataset_produces_1
[2025-01-02T18:55:35.791+0000] {logging_mixin.py:190} INFO - [2025-01-02T18:55:35.790+0000] {override.py:1911} INFO - Created Permission View: can edit on DAG:dataset_consumes_unknown_never_scheduled
[2025-01-02T18:55:35.824+0000] {logging_mixin.py:190} INFO - [2025-01-02T18:55:35.824+0000] {override.py:1911} INFO - Created Permission View: can delete on DAG:dataset_consumes_unknown_never_scheduled
[2025-01-02T18:55:35.845+0000] {logging_mixin.py:190} INFO - [2025-01-02T18:55:35.844+0000] {override.py:1911} INFO - Created Permission View: can read on DAG:dataset_consumes_unknown_never_scheduled
[2025-01-02T18:55:35.870+0000] {logging_mixin.py:190} INFO - [2025-01-02T18:55:35.869+0000] {override.py:1911} INFO - Created Permission View: can create on DAG Run:dataset_consumes_unknown_never_scheduled
[2025-01-02T18:55:35.894+0000] {logging_mixin.py:190} INFO - [2025-01-02T18:55:35.893+0000] {override.py:1911} INFO - Created Permission View: can delete on DAG Run:dataset_consumes_unknown_never_scheduled
[2025-01-02T18:55:35.914+0000] {logging_mixin.py:190} INFO - [2025-01-02T18:55:35.913+0000] {override.py:1911} INFO - Created Permission View: menu access on DAG Run:dataset_consumes_unknown_never_scheduled
[2025-01-02T18:55:35.941+0000] {logging_mixin.py:190} INFO - [2025-01-02T18:55:35.941+0000] {override.py:1911} INFO - Created Permission View: can read on DAG Run:dataset_consumes_unknown_never_scheduled
[2025-01-02T18:55:35.996+0000] {logging_mixin.py:190} INFO - [2025-01-02T18:55:35.995+0000] {override.py:1911} INFO - Created Permission View: can edit on DAG:consume_1_or_2_with_dataset_expressions
[2025-01-02T18:55:36.019+0000] {logging_mixin.py:190} INFO - [2025-01-02T18:55:36.018+0000] {override.py:1911} INFO - Created Permission View: can delete on DAG:consume_1_or_2_with_dataset_expressions
[2025-01-02T18:55:36.050+0000] {logging_mixin.py:190} INFO - [2025-01-02T18:55:36.049+0000] {override.py:1911} INFO - Created Permission View: can read on DAG:consume_1_or_2_with_dataset_expressions
[2025-01-02T18:55:36.091+0000] {logging_mixin.py:190} INFO - [2025-01-02T18:55:36.090+0000] {override.py:1911} INFO - Created Permission View: can create on DAG Run:consume_1_or_2_with_dataset_expressions
[2025-01-02T18:55:36.116+0000] {logging_mixin.py:190} INFO - [2025-01-02T18:55:36.116+0000] {override.py:1911} INFO - Created Permission View: can delete on DAG Run:consume_1_or_2_with_dataset_expressions
[2025-01-02T18:55:36.143+0000] {logging_mixin.py:190} INFO - [2025-01-02T18:55:36.142+0000] {override.py:1911} INFO - Created Permission View: menu access on DAG Run:consume_1_or_2_with_dataset_expressions
[2025-01-02T18:55:36.163+0000] {logging_mixin.py:190} INFO - [2025-01-02T18:55:36.162+0000] {override.py:1911} INFO - Created Permission View: can read on DAG Run:consume_1_or_2_with_dataset_expressions
[2025-01-02T18:55:36.233+0000] {logging_mixin.py:190} INFO - [2025-01-02T18:55:36.233+0000] {override.py:1911} INFO - Created Permission View: can edit on DAG:dataset_produces_2
[2025-01-02T18:55:36.255+0000] {logging_mixin.py:190} INFO - [2025-01-02T18:55:36.254+0000] {override.py:1911} INFO - Created Permission View: can delete on DAG:dataset_produces_2
[2025-01-02T18:55:36.283+0000] {logging_mixin.py:190} INFO - [2025-01-02T18:55:36.283+0000] {override.py:1911} INFO - Created Permission View: can read on DAG:dataset_produces_2
[2025-01-02T18:55:36.350+0000] {logging_mixin.py:190} INFO - [2025-01-02T18:55:36.349+0000] {override.py:1911} INFO - Created Permission View: can create on DAG Run:dataset_produces_2
[2025-01-02T18:55:36.394+0000] {logging_mixin.py:190} INFO - [2025-01-02T18:55:36.394+0000] {override.py:1911} INFO - Created Permission View: can delete on DAG Run:dataset_produces_2
[2025-01-02T18:55:36.421+0000] {logging_mixin.py:190} INFO - [2025-01-02T18:55:36.420+0000] {override.py:1911} INFO - Created Permission View: menu access on DAG Run:dataset_produces_2
[2025-01-02T18:55:36.469+0000] {logging_mixin.py:190} INFO - [2025-01-02T18:55:36.457+0000] {override.py:1911} INFO - Created Permission View: can read on DAG Run:dataset_produces_2
[2025-01-02T18:55:36.525+0000] {logging_mixin.py:190} INFO - [2025-01-02T18:55:36.525+0000] {override.py:1911} INFO - Created Permission View: can edit on DAG:dataset_consumes_1
[2025-01-02T18:55:36.551+0000] {logging_mixin.py:190} INFO - [2025-01-02T18:55:36.550+0000] {override.py:1911} INFO - Created Permission View: can delete on DAG:dataset_consumes_1
[2025-01-02T18:55:36.587+0000] {logging_mixin.py:190} INFO - [2025-01-02T18:55:36.586+0000] {override.py:1911} INFO - Created Permission View: can read on DAG:dataset_consumes_1
[2025-01-02T18:55:36.613+0000] {logging_mixin.py:190} INFO - [2025-01-02T18:55:36.612+0000] {override.py:1911} INFO - Created Permission View: can create on DAG Run:dataset_consumes_1
[2025-01-02T18:55:36.647+0000] {logging_mixin.py:190} INFO - [2025-01-02T18:55:36.646+0000] {override.py:1911} INFO - Created Permission View: can delete on DAG Run:dataset_consumes_1
[2025-01-02T18:55:36.679+0000] {logging_mixin.py:190} INFO - [2025-01-02T18:55:36.679+0000] {override.py:1911} INFO - Created Permission View: menu access on DAG Run:dataset_consumes_1
[2025-01-02T18:55:36.703+0000] {logging_mixin.py:190} INFO - [2025-01-02T18:55:36.702+0000] {override.py:1911} INFO - Created Permission View: can read on DAG Run:dataset_consumes_1
[2025-01-02T18:55:36.759+0000] {logging_mixin.py:190} INFO - [2025-01-02T18:55:36.758+0000] {override.py:1911} INFO - Created Permission View: can edit on DAG:conditional_dataset_and_time_based_timetable
[2025-01-02T18:55:36.790+0000] {logging_mixin.py:190} INFO - [2025-01-02T18:55:36.789+0000] {override.py:1911} INFO - Created Permission View: can delete on DAG:conditional_dataset_and_time_based_timetable
[2025-01-02T18:55:36.827+0000] {logging_mixin.py:190} INFO - [2025-01-02T18:55:36.827+0000] {override.py:1911} INFO - Created Permission View: can read on DAG:conditional_dataset_and_time_based_timetable
[2025-01-02T18:55:36.855+0000] {logging_mixin.py:190} INFO - [2025-01-02T18:55:36.854+0000] {override.py:1911} INFO - Created Permission View: can create on DAG Run:conditional_dataset_and_time_based_timetable
[2025-01-02T18:55:36.891+0000] {logging_mixin.py:190} INFO - [2025-01-02T18:55:36.891+0000] {override.py:1911} INFO - Created Permission View: can delete on DAG Run:conditional_dataset_and_time_based_timetable
[2025-01-02T18:55:36.934+0000] {logging_mixin.py:190} INFO - [2025-01-02T18:55:36.933+0000] {override.py:1911} INFO - Created Permission View: menu access on DAG Run:conditional_dataset_and_time_based_timetable
[2025-01-02T18:55:36.968+0000] {logging_mixin.py:190} INFO - [2025-01-02T18:55:36.968+0000] {override.py:1911} INFO - Created Permission View: can read on DAG Run:conditional_dataset_and_time_based_timetable
[2025-01-02T18:55:37.038+0000] {logging_mixin.py:190} INFO - [2025-01-02T18:55:37.037+0000] {override.py:1911} INFO - Created Permission View: can edit on DAG:dataset_consumes_1_never_scheduled
[2025-01-02T18:55:37.074+0000] {logging_mixin.py:190} INFO - [2025-01-02T18:55:37.073+0000] {override.py:1911} INFO - Created Permission View: can delete on DAG:dataset_consumes_1_never_scheduled
[2025-01-02T18:55:37.119+0000] {logging_mixin.py:190} INFO - [2025-01-02T18:55:37.118+0000] {override.py:1911} INFO - Created Permission View: can read on DAG:dataset_consumes_1_never_scheduled
[2025-01-02T18:55:37.171+0000] {logging_mixin.py:190} INFO - [2025-01-02T18:55:37.171+0000] {override.py:1911} INFO - Created Permission View: can create on DAG Run:dataset_consumes_1_never_scheduled
[2025-01-02T18:55:37.235+0000] {logging_mixin.py:190} INFO - [2025-01-02T18:55:37.235+0000] {override.py:1911} INFO - Created Permission View: can delete on DAG Run:dataset_consumes_1_never_scheduled
[2025-01-02T18:55:37.267+0000] {logging_mixin.py:190} INFO - [2025-01-02T18:55:37.267+0000] {override.py:1911} INFO - Created Permission View: menu access on DAG Run:dataset_consumes_1_never_scheduled
[2025-01-02T18:55:37.297+0000] {logging_mixin.py:190} INFO - [2025-01-02T18:55:37.297+0000] {override.py:1911} INFO - Created Permission View: can read on DAG Run:dataset_consumes_1_never_scheduled
[2025-01-02T18:55:37.359+0000] {logging_mixin.py:190} INFO - [2025-01-02T18:55:37.359+0000] {override.py:1911} INFO - Created Permission View: can edit on DAG:consume_1_and_2_with_dataset_expressions
[2025-01-02T18:55:37.403+0000] {logging_mixin.py:190} INFO - [2025-01-02T18:55:37.402+0000] {override.py:1911} INFO - Created Permission View: can delete on DAG:consume_1_and_2_with_dataset_expressions
[2025-01-02T18:55:37.467+0000] {logging_mixin.py:190} INFO - [2025-01-02T18:55:37.467+0000] {override.py:1911} INFO - Created Permission View: can read on DAG:consume_1_and_2_with_dataset_expressions
[2025-01-02T18:55:37.515+0000] {logging_mixin.py:190} INFO - [2025-01-02T18:55:37.515+0000] {override.py:1911} INFO - Created Permission View: can create on DAG Run:consume_1_and_2_with_dataset_expressions
[2025-01-02T18:55:37.537+0000] {logging_mixin.py:190} INFO - [2025-01-02T18:55:37.536+0000] {override.py:1911} INFO - Created Permission View: can delete on DAG Run:consume_1_and_2_with_dataset_expressions
[2025-01-02T18:55:37.565+0000] {logging_mixin.py:190} INFO - [2025-01-02T18:55:37.565+0000] {override.py:1911} INFO - Created Permission View: menu access on DAG Run:consume_1_and_2_with_dataset_expressions
[2025-01-02T18:55:37.622+0000] {logging_mixin.py:190} INFO - [2025-01-02T18:55:37.622+0000] {override.py:1911} INFO - Created Permission View: can read on DAG Run:consume_1_and_2_with_dataset_expressions
[2025-01-02T18:55:37.706+0000] {logging_mixin.py:190} INFO - [2025-01-02T18:55:37.705+0000] {override.py:1911} INFO - Created Permission View: can edit on DAG:consume_1_or_both_2_and_3_with_dataset_expressions
[2025-01-02T18:55:37.738+0000] {logging_mixin.py:190} INFO - [2025-01-02T18:55:37.738+0000] {override.py:1911} INFO - Created Permission View: can delete on DAG:consume_1_or_both_2_and_3_with_dataset_expressions
[2025-01-02T18:55:37.775+0000] {logging_mixin.py:190} INFO - [2025-01-02T18:55:37.774+0000] {override.py:1911} INFO - Created Permission View: can read on DAG:consume_1_or_both_2_and_3_with_dataset_expressions
[2025-01-02T18:55:37.820+0000] {logging_mixin.py:190} INFO - [2025-01-02T18:55:37.819+0000] {override.py:1911} INFO - Created Permission View: can create on DAG Run:consume_1_or_both_2_and_3_with_dataset_expressions
[2025-01-02T18:55:37.869+0000] {logging_mixin.py:190} INFO - [2025-01-02T18:55:37.865+0000] {override.py:1911} INFO - Created Permission View: can delete on DAG Run:consume_1_or_both_2_and_3_with_dataset_expressions
[2025-01-02T18:55:37.911+0000] {logging_mixin.py:190} INFO - [2025-01-02T18:55:37.910+0000] {override.py:1911} INFO - Created Permission View: menu access on DAG Run:consume_1_or_both_2_and_3_with_dataset_expressions
[2025-01-02T18:55:37.958+0000] {logging_mixin.py:190} INFO - [2025-01-02T18:55:37.957+0000] {override.py:1911} INFO - Created Permission View: can read on DAG Run:consume_1_or_both_2_and_3_with_dataset_expressions
[2025-01-02T18:55:37.958+0000] {logging_mixin.py:190} INFO - [2025-01-02T18:55:37.958+0000] {dag.py:3239} INFO - Sync 10 DAGs
[2025-01-02T18:55:38.050+0000] {logging_mixin.py:190} INFO - [2025-01-02T18:55:38.049+0000] {dag.py:3262} INFO - Creating ORM DAG for consume_1_and_2_with_dataset_expressions
[2025-01-02T18:55:38.051+0000] {logging_mixin.py:190} INFO - [2025-01-02T18:55:38.051+0000] {dag.py:3262} INFO - Creating ORM DAG for consume_1_or_2_with_dataset_expressions
[2025-01-02T18:55:38.052+0000] {logging_mixin.py:190} INFO - [2025-01-02T18:55:38.052+0000] {dag.py:3262} INFO - Creating ORM DAG for conditional_dataset_and_time_based_timetable
[2025-01-02T18:55:38.061+0000] {logging_mixin.py:190} INFO - [2025-01-02T18:55:38.053+0000] {dag.py:3262} INFO - Creating ORM DAG for dataset_consumes_1_and_2
[2025-01-02T18:55:38.062+0000] {logging_mixin.py:190} INFO - [2025-01-02T18:55:38.062+0000] {dag.py:3262} INFO - Creating ORM DAG for dataset_produces_2
[2025-01-02T18:55:38.082+0000] {logging_mixin.py:190} INFO - [2025-01-02T18:55:38.081+0000] {dag.py:3262} INFO - Creating ORM DAG for dataset_produces_1
[2025-01-02T18:55:38.083+0000] {logging_mixin.py:190} INFO - [2025-01-02T18:55:38.082+0000] {dag.py:3262} INFO - Creating ORM DAG for dataset_consumes_1
[2025-01-02T18:55:38.084+0000] {logging_mixin.py:190} INFO - [2025-01-02T18:55:38.083+0000] {dag.py:3262} INFO - Creating ORM DAG for dataset_consumes_unknown_never_scheduled
[2025-01-02T18:55:38.084+0000] {logging_mixin.py:190} INFO - [2025-01-02T18:55:38.084+0000] {dag.py:3262} INFO - Creating ORM DAG for dataset_consumes_1_never_scheduled
[2025-01-02T18:55:38.110+0000] {logging_mixin.py:190} INFO - [2025-01-02T18:55:38.109+0000] {dag.py:3262} INFO - Creating ORM DAG for consume_1_or_both_2_and_3_with_dataset_expressions
[2025-01-02T18:55:38.183+0000] {logging_mixin.py:190} INFO - [2025-01-02T18:55:38.182+0000] {dag.py:4180} INFO - Setting next_dagrun for conditional_dataset_and_time_based_timetable to 2025-01-01 01:00:00+00:00, run_after=2025-01-01 01:00:00+00:00
[2025-01-02T18:55:38.184+0000] {logging_mixin.py:190} INFO - [2025-01-02T18:55:38.183+0000] {dag.py:4180} INFO - Setting next_dagrun for consume_1_and_2_with_dataset_expressions to None, run_after=None
[2025-01-02T18:55:38.184+0000] {logging_mixin.py:190} INFO - [2025-01-02T18:55:38.184+0000] {dag.py:4180} INFO - Setting next_dagrun for consume_1_or_2_with_dataset_expressions to None, run_after=None
[2025-01-02T18:55:38.185+0000] {logging_mixin.py:190} INFO - [2025-01-02T18:55:38.185+0000] {dag.py:4180} INFO - Setting next_dagrun for consume_1_or_both_2_and_3_with_dataset_expressions to None, run_after=None
[2025-01-02T18:55:38.211+0000] {logging_mixin.py:190} INFO - [2025-01-02T18:55:38.209+0000] {dag.py:4180} INFO - Setting next_dagrun for dataset_consumes_1 to None, run_after=None
[2025-01-02T18:55:38.212+0000] {logging_mixin.py:190} INFO - [2025-01-02T18:55:38.212+0000] {dag.py:4180} INFO - Setting next_dagrun for dataset_consumes_1_and_2 to None, run_after=None
[2025-01-02T18:55:38.225+0000] {logging_mixin.py:190} INFO - [2025-01-02T18:55:38.225+0000] {dag.py:4180} INFO - Setting next_dagrun for dataset_consumes_1_never_scheduled to None, run_after=None
[2025-01-02T18:55:38.226+0000] {logging_mixin.py:190} INFO - [2025-01-02T18:55:38.226+0000] {dag.py:4180} INFO - Setting next_dagrun for dataset_consumes_unknown_never_scheduled to None, run_after=None
[2025-01-02T18:55:38.250+0000] {logging_mixin.py:190} INFO - [2025-01-02T18:55:38.250+0000] {dag.py:4180} INFO - Setting next_dagrun for dataset_produces_1 to 2025-01-01 00:00:00+00:00, run_after=2025-01-02 00:00:00+00:00
[2025-01-02T18:55:38.251+0000] {logging_mixin.py:190} INFO - [2025-01-02T18:55:38.251+0000] {dag.py:4180} INFO - Setting next_dagrun for dataset_produces_2 to None, run_after=None
[2025-01-02T18:55:38.493+0000] {processor.py:208} INFO - Processing /home/airflow/.local/lib/python3.12/site-packages/airflow/example_dags/example_datasets.py took 6.672 seconds
[2025-01-02T18:56:08.938+0000] {processor.py:186} INFO - Started process (PID=165) to work on /home/airflow/.local/lib/python3.12/site-packages/airflow/example_dags/example_datasets.py
[2025-01-02T18:56:08.940+0000] {processor.py:914} INFO - Processing file /home/airflow/.local/lib/python3.12/site-packages/airflow/example_dags/example_datasets.py for tasks to queue
[2025-01-02T18:56:08.943+0000] {logging_mixin.py:190} INFO - [2025-01-02T18:56:08.943+0000] {dagbag.py:588} INFO - Filling up the DagBag from /home/airflow/.local/lib/python3.12/site-packages/airflow/example_dags/example_datasets.py
[2025-01-02T18:56:09.586+0000] {processor.py:925} INFO - DAG(s) 'consume_1_or_both_2_and_3_with_dataset_expressions', 'dataset_consumes_1_and_2', 'dataset_consumes_1', 'dataset_produces_1', 'dataset_produces_2', 'dataset_consumes_unknown_never_scheduled', 'consume_1_and_2_with_dataset_expressions', 'consume_1_or_2_with_dataset_expressions', 'dataset_consumes_1_never_scheduled', 'conditional_dataset_and_time_based_timetable' retrieved from /home/airflow/.local/lib/python3.12/site-packages/airflow/example_dags/example_datasets.py
[2025-01-02T18:56:09.630+0000] {logging_mixin.py:190} INFO - [2025-01-02T18:56:09.630+0000] {dag.py:3239} INFO - Sync 10 DAGs
[2025-01-02T18:56:09.657+0000] {logging_mixin.py:190} INFO - [2025-01-02T18:56:09.656+0000] {dag.py:4180} INFO - Setting next_dagrun for conditional_dataset_and_time_based_timetable to 2025-01-01 01:00:00+00:00, run_after=2025-01-01 01:00:00+00:00
[2025-01-02T18:56:09.661+0000] {logging_mixin.py:190} INFO - [2025-01-02T18:56:09.660+0000] {dag.py:4180} INFO - Setting next_dagrun for consume_1_and_2_with_dataset_expressions to None, run_after=None
[2025-01-02T18:56:09.662+0000] {logging_mixin.py:190} INFO - [2025-01-02T18:56:09.662+0000] {dag.py:4180} INFO - Setting next_dagrun for consume_1_or_2_with_dataset_expressions to None, run_after=None
[2025-01-02T18:56:09.663+0000] {logging_mixin.py:190} INFO - [2025-01-02T18:56:09.663+0000] {dag.py:4180} INFO - Setting next_dagrun for consume_1_or_both_2_and_3_with_dataset_expressions to None, run_after=None
[2025-01-02T18:56:09.665+0000] {logging_mixin.py:190} INFO - [2025-01-02T18:56:09.664+0000] {dag.py:4180} INFO - Setting next_dagrun for dataset_consumes_1 to None, run_after=None
[2025-01-02T18:56:09.666+0000] {logging_mixin.py:190} INFO - [2025-01-02T18:56:09.666+0000] {dag.py:4180} INFO - Setting next_dagrun for dataset_consumes_1_and_2 to None, run_after=None
[2025-01-02T18:56:09.667+0000] {logging_mixin.py:190} INFO - [2025-01-02T18:56:09.667+0000] {dag.py:4180} INFO - Setting next_dagrun for dataset_consumes_1_never_scheduled to None, run_after=None
[2025-01-02T18:56:09.668+0000] {logging_mixin.py:190} INFO - [2025-01-02T18:56:09.668+0000] {dag.py:4180} INFO - Setting next_dagrun for dataset_consumes_unknown_never_scheduled to None, run_after=None
[2025-01-02T18:56:09.671+0000] {logging_mixin.py:190} INFO - [2025-01-02T18:56:09.670+0000] {dag.py:4180} INFO - Setting next_dagrun for dataset_produces_1 to 2025-01-01 00:00:00+00:00, run_after=2025-01-02 00:00:00+00:00
[2025-01-02T18:56:09.672+0000] {logging_mixin.py:190} INFO - [2025-01-02T18:56:09.672+0000] {dag.py:4180} INFO - Setting next_dagrun for dataset_produces_2 to None, run_after=None
[2025-01-02T18:56:09.708+0000] {processor.py:208} INFO - Processing /home/airflow/.local/lib/python3.12/site-packages/airflow/example_dags/example_datasets.py took 0.778 seconds
[2025-01-02T18:56:39.825+0000] {processor.py:186} INFO - Started process (PID=228) to work on /home/airflow/.local/lib/python3.12/site-packages/airflow/example_dags/example_datasets.py
[2025-01-02T18:56:39.826+0000] {processor.py:914} INFO - Processing file /home/airflow/.local/lib/python3.12/site-packages/airflow/example_dags/example_datasets.py for tasks to queue
[2025-01-02T18:56:39.829+0000] {logging_mixin.py:190} INFO - [2025-01-02T18:56:39.829+0000] {dagbag.py:588} INFO - Filling up the DagBag from /home/airflow/.local/lib/python3.12/site-packages/airflow/example_dags/example_datasets.py
[2025-01-02T18:56:40.465+0000] {processor.py:925} INFO - DAG(s) 'dataset_produces_1', 'dataset_consumes_1_and_2', 'dataset_consumes_1', 'dataset_produces_2', 'consume_1_or_both_2_and_3_with_dataset_expressions', 'dataset_consumes_unknown_never_scheduled', 'consume_1_or_2_with_dataset_expressions', 'consume_1_and_2_with_dataset_expressions', 'dataset_consumes_1_never_scheduled', 'conditional_dataset_and_time_based_timetable' retrieved from /home/airflow/.local/lib/python3.12/site-packages/airflow/example_dags/example_datasets.py
[2025-01-02T18:56:40.510+0000] {logging_mixin.py:190} INFO - [2025-01-02T18:56:40.509+0000] {dag.py:3239} INFO - Sync 10 DAGs
[2025-01-02T18:56:40.545+0000] {logging_mixin.py:190} INFO - [2025-01-02T18:56:40.544+0000] {dag.py:4180} INFO - Setting next_dagrun for conditional_dataset_and_time_based_timetable to 2025-01-01 01:00:00+00:00, run_after=2025-01-01 01:00:00+00:00
[2025-01-02T18:56:40.551+0000] {logging_mixin.py:190} INFO - [2025-01-02T18:56:40.551+0000] {dag.py:4180} INFO - Setting next_dagrun for consume_1_and_2_with_dataset_expressions to None, run_after=None
[2025-01-02T18:56:40.552+0000] {logging_mixin.py:190} INFO - [2025-01-02T18:56:40.552+0000] {dag.py:4180} INFO - Setting next_dagrun for consume_1_or_2_with_dataset_expressions to None, run_after=None
[2025-01-02T18:56:40.554+0000] {logging_mixin.py:190} INFO - [2025-01-02T18:56:40.554+0000] {dag.py:4180} INFO - Setting next_dagrun for consume_1_or_both_2_and_3_with_dataset_expressions to None, run_after=None
[2025-01-02T18:56:40.555+0000] {logging_mixin.py:190} INFO - [2025-01-02T18:56:40.555+0000] {dag.py:4180} INFO - Setting next_dagrun for dataset_consumes_1 to None, run_after=None
[2025-01-02T18:56:40.556+0000] {logging_mixin.py:190} INFO - [2025-01-02T18:56:40.556+0000] {dag.py:4180} INFO - Setting next_dagrun for dataset_consumes_1_and_2 to None, run_after=None
[2025-01-02T18:56:40.557+0000] {logging_mixin.py:190} INFO - [2025-01-02T18:56:40.557+0000] {dag.py:4180} INFO - Setting next_dagrun for dataset_consumes_1_never_scheduled to None, run_after=None
[2025-01-02T18:56:40.558+0000] {logging_mixin.py:190} INFO - [2025-01-02T18:56:40.558+0000] {dag.py:4180} INFO - Setting next_dagrun for dataset_consumes_unknown_never_scheduled to None, run_after=None
[2025-01-02T18:56:40.561+0000] {logging_mixin.py:190} INFO - [2025-01-02T18:56:40.561+0000] {dag.py:4180} INFO - Setting next_dagrun for dataset_produces_1 to 2025-01-01 00:00:00+00:00, run_after=2025-01-02 00:00:00+00:00
[2025-01-02T18:56:40.562+0000] {logging_mixin.py:190} INFO - [2025-01-02T18:56:40.562+0000] {dag.py:4180} INFO - Setting next_dagrun for dataset_produces_2 to None, run_after=None
[2025-01-02T18:56:40.602+0000] {processor.py:208} INFO - Processing /home/airflow/.local/lib/python3.12/site-packages/airflow/example_dags/example_datasets.py took 0.784 seconds
[2025-01-02T18:57:10.949+0000] {processor.py:186} INFO - Started process (PID=291) to work on /home/airflow/.local/lib/python3.12/site-packages/airflow/example_dags/example_datasets.py
[2025-01-02T18:57:10.951+0000] {processor.py:914} INFO - Processing file /home/airflow/.local/lib/python3.12/site-packages/airflow/example_dags/example_datasets.py for tasks to queue
[2025-01-02T18:57:10.955+0000] {logging_mixin.py:190} INFO - [2025-01-02T18:57:10.954+0000] {dagbag.py:588} INFO - Filling up the DagBag from /home/airflow/.local/lib/python3.12/site-packages/airflow/example_dags/example_datasets.py
[2025-01-02T18:57:11.638+0000] {processor.py:925} INFO - DAG(s) 'dataset_consumes_unknown_never_scheduled', 'dataset_consumes_1_and_2', 'dataset_produces_1', 'dataset_produces_2', 'consume_1_or_2_with_dataset_expressions', 'consume_1_or_both_2_and_3_with_dataset_expressions', 'dataset_consumes_1', 'conditional_dataset_and_time_based_timetable', 'dataset_consumes_1_never_scheduled', 'consume_1_and_2_with_dataset_expressions' retrieved from /home/airflow/.local/lib/python3.12/site-packages/airflow/example_dags/example_datasets.py
[2025-01-02T18:57:11.681+0000] {logging_mixin.py:190} INFO - [2025-01-02T18:57:11.680+0000] {dag.py:3239} INFO - Sync 10 DAGs
[2025-01-02T18:57:11.708+0000] {logging_mixin.py:190} INFO - [2025-01-02T18:57:11.708+0000] {dag.py:4180} INFO - Setting next_dagrun for conditional_dataset_and_time_based_timetable to 2025-01-01 01:00:00+00:00, run_after=2025-01-01 01:00:00+00:00
[2025-01-02T18:57:11.712+0000] {logging_mixin.py:190} INFO - [2025-01-02T18:57:11.712+0000] {dag.py:4180} INFO - Setting next_dagrun for consume_1_and_2_with_dataset_expressions to None, run_after=None
[2025-01-02T18:57:11.714+0000] {logging_mixin.py:190} INFO - [2025-01-02T18:57:11.713+0000] {dag.py:4180} INFO - Setting next_dagrun for consume_1_or_2_with_dataset_expressions to None, run_after=None
[2025-01-02T18:57:11.715+0000] {logging_mixin.py:190} INFO - [2025-01-02T18:57:11.715+0000] {dag.py:4180} INFO - Setting next_dagrun for consume_1_or_both_2_and_3_with_dataset_expressions to None, run_after=None
[2025-01-02T18:57:11.716+0000] {logging_mixin.py:190} INFO - [2025-01-02T18:57:11.716+0000] {dag.py:4180} INFO - Setting next_dagrun for dataset_consumes_1 to None, run_after=None
[2025-01-02T18:57:11.717+0000] {logging_mixin.py:190} INFO - [2025-01-02T18:57:11.717+0000] {dag.py:4180} INFO - Setting next_dagrun for dataset_consumes_1_and_2 to None, run_after=None
[2025-01-02T18:57:11.718+0000] {logging_mixin.py:190} INFO - [2025-01-02T18:57:11.718+0000] {dag.py:4180} INFO - Setting next_dagrun for dataset_consumes_1_never_scheduled to None, run_after=None
[2025-01-02T18:57:11.720+0000] {logging_mixin.py:190} INFO - [2025-01-02T18:57:11.719+0000] {dag.py:4180} INFO - Setting next_dagrun for dataset_consumes_unknown_never_scheduled to None, run_after=None
[2025-01-02T18:57:11.722+0000] {logging_mixin.py:190} INFO - [2025-01-02T18:57:11.722+0000] {dag.py:4180} INFO - Setting next_dagrun for dataset_produces_1 to 2025-01-01 00:00:00+00:00, run_after=2025-01-02 00:00:00+00:00
[2025-01-02T18:57:11.723+0000] {logging_mixin.py:190} INFO - [2025-01-02T18:57:11.723+0000] {dag.py:4180} INFO - Setting next_dagrun for dataset_produces_2 to None, run_after=None
[2025-01-02T18:57:11.756+0000] {processor.py:208} INFO - Processing /home/airflow/.local/lib/python3.12/site-packages/airflow/example_dags/example_datasets.py took 0.817 seconds
[2025-01-02T18:57:41.900+0000] {processor.py:186} INFO - Started process (PID=355) to work on /home/airflow/.local/lib/python3.12/site-packages/airflow/example_dags/example_datasets.py
[2025-01-02T18:57:41.901+0000] {processor.py:914} INFO - Processing file /home/airflow/.local/lib/python3.12/site-packages/airflow/example_dags/example_datasets.py for tasks to queue
[2025-01-02T18:57:41.904+0000] {logging_mixin.py:190} INFO - [2025-01-02T18:57:41.903+0000] {dagbag.py:588} INFO - Filling up the DagBag from /home/airflow/.local/lib/python3.12/site-packages/airflow/example_dags/example_datasets.py
[2025-01-02T18:57:42.568+0000] {processor.py:925} INFO - DAG(s) 'dataset_produces_1', 'dataset_consumes_1', 'consume_1_or_both_2_and_3_with_dataset_expressions', 'dataset_produces_2', 'dataset_consumes_unknown_never_scheduled', 'consume_1_and_2_with_dataset_expressions', 'conditional_dataset_and_time_based_timetable', 'dataset_consumes_1_never_scheduled', 'dataset_consumes_1_and_2', 'consume_1_or_2_with_dataset_expressions' retrieved from /home/airflow/.local/lib/python3.12/site-packages/airflow/example_dags/example_datasets.py
[2025-01-02T18:57:42.611+0000] {logging_mixin.py:190} INFO - [2025-01-02T18:57:42.611+0000] {dag.py:3239} INFO - Sync 10 DAGs
[2025-01-02T18:57:42.639+0000] {logging_mixin.py:190} INFO - [2025-01-02T18:57:42.638+0000] {dag.py:4180} INFO - Setting next_dagrun for conditional_dataset_and_time_based_timetable to 2025-01-01 01:00:00+00:00, run_after=2025-01-01 01:00:00+00:00
[2025-01-02T18:57:42.642+0000] {logging_mixin.py:190} INFO - [2025-01-02T18:57:42.642+0000] {dag.py:4180} INFO - Setting next_dagrun for consume_1_and_2_with_dataset_expressions to None, run_after=None
[2025-01-02T18:57:42.644+0000] {logging_mixin.py:190} INFO - [2025-01-02T18:57:42.644+0000] {dag.py:4180} INFO - Setting next_dagrun for consume_1_or_2_with_dataset_expressions to None, run_after=None
[2025-01-02T18:57:42.645+0000] {logging_mixin.py:190} INFO - [2025-01-02T18:57:42.645+0000] {dag.py:4180} INFO - Setting next_dagrun for consume_1_or_both_2_and_3_with_dataset_expressions to None, run_after=None
[2025-01-02T18:57:42.646+0000] {logging_mixin.py:190} INFO - [2025-01-02T18:57:42.646+0000] {dag.py:4180} INFO - Setting next_dagrun for dataset_consumes_1 to None, run_after=None
[2025-01-02T18:57:42.648+0000] {logging_mixin.py:190} INFO - [2025-01-02T18:57:42.647+0000] {dag.py:4180} INFO - Setting next_dagrun for dataset_consumes_1_and_2 to None, run_after=None
[2025-01-02T18:57:42.649+0000] {logging_mixin.py:190} INFO - [2025-01-02T18:57:42.649+0000] {dag.py:4180} INFO - Setting next_dagrun for dataset_consumes_1_never_scheduled to None, run_after=None
[2025-01-02T18:57:42.650+0000] {logging_mixin.py:190} INFO - [2025-01-02T18:57:42.650+0000] {dag.py:4180} INFO - Setting next_dagrun for dataset_consumes_unknown_never_scheduled to None, run_after=None
[2025-01-02T18:57:42.652+0000] {logging_mixin.py:190} INFO - [2025-01-02T18:57:42.652+0000] {dag.py:4180} INFO - Setting next_dagrun for dataset_produces_1 to 2025-01-01 00:00:00+00:00, run_after=2025-01-02 00:00:00+00:00
[2025-01-02T18:57:42.653+0000] {logging_mixin.py:190} INFO - [2025-01-02T18:57:42.653+0000] {dag.py:4180} INFO - Setting next_dagrun for dataset_produces_2 to None, run_after=None
[2025-01-02T18:57:42.686+0000] {processor.py:208} INFO - Processing /home/airflow/.local/lib/python3.12/site-packages/airflow/example_dags/example_datasets.py took 0.793 seconds
[2025-01-02T19:00:16.448+0000] {processor.py:186} INFO - Started process (PID=91) to work on /home/airflow/.local/lib/python3.12/site-packages/airflow/example_dags/example_datasets.py
[2025-01-02T19:00:16.453+0000] {processor.py:914} INFO - Processing file /home/airflow/.local/lib/python3.12/site-packages/airflow/example_dags/example_datasets.py for tasks to queue
[2025-01-02T19:00:16.457+0000] {logging_mixin.py:190} INFO - [2025-01-02T19:00:16.456+0000] {dagbag.py:588} INFO - Filling up the DagBag from /home/airflow/.local/lib/python3.12/site-packages/airflow/example_dags/example_datasets.py
[2025-01-02T19:00:18.095+0000] {processor.py:925} INFO - DAG(s) 'dataset_produces_2', 'dataset_consumes_unknown_never_scheduled', 'conditional_dataset_and_time_based_timetable', 'consume_1_or_2_with_dataset_expressions', 'dataset_produces_1', 'consume_1_or_both_2_and_3_with_dataset_expressions', 'dataset_consumes_1_and_2', 'dataset_consumes_1_never_scheduled', 'dataset_consumes_1', 'consume_1_and_2_with_dataset_expressions' retrieved from /home/airflow/.local/lib/python3.12/site-packages/airflow/example_dags/example_datasets.py
[2025-01-02T19:00:18.226+0000] {logging_mixin.py:190} INFO - [2025-01-02T19:00:18.225+0000] {dag.py:3239} INFO - Sync 10 DAGs
[2025-01-02T19:00:18.297+0000] {logging_mixin.py:190} INFO - [2025-01-02T19:00:18.296+0000] {dag.py:4180} INFO - Setting next_dagrun for conditional_dataset_and_time_based_timetable to 2025-01-01 01:00:00+00:00, run_after=2025-01-01 01:00:00+00:00
[2025-01-02T19:00:18.306+0000] {logging_mixin.py:190} INFO - [2025-01-02T19:00:18.306+0000] {dag.py:4180} INFO - Setting next_dagrun for consume_1_and_2_with_dataset_expressions to None, run_after=None
[2025-01-02T19:00:18.310+0000] {logging_mixin.py:190} INFO - [2025-01-02T19:00:18.309+0000] {dag.py:4180} INFO - Setting next_dagrun for consume_1_or_2_with_dataset_expressions to None, run_after=None
[2025-01-02T19:00:18.318+0000] {logging_mixin.py:190} INFO - [2025-01-02T19:00:18.318+0000] {dag.py:4180} INFO - Setting next_dagrun for consume_1_or_both_2_and_3_with_dataset_expressions to None, run_after=None
[2025-01-02T19:00:18.326+0000] {logging_mixin.py:190} INFO - [2025-01-02T19:00:18.326+0000] {dag.py:4180} INFO - Setting next_dagrun for dataset_consumes_1 to None, run_after=None
[2025-01-02T19:00:18.328+0000] {logging_mixin.py:190} INFO - [2025-01-02T19:00:18.328+0000] {dag.py:4180} INFO - Setting next_dagrun for dataset_consumes_1_and_2 to None, run_after=None
[2025-01-02T19:00:18.338+0000] {logging_mixin.py:190} INFO - [2025-01-02T19:00:18.338+0000] {dag.py:4180} INFO - Setting next_dagrun for dataset_consumes_1_never_scheduled to None, run_after=None
[2025-01-02T19:00:18.340+0000] {logging_mixin.py:190} INFO - [2025-01-02T19:00:18.339+0000] {dag.py:4180} INFO - Setting next_dagrun for dataset_consumes_unknown_never_scheduled to None, run_after=None
[2025-01-02T19:00:18.352+0000] {logging_mixin.py:190} INFO - [2025-01-02T19:00:18.352+0000] {dag.py:4180} INFO - Setting next_dagrun for dataset_produces_1 to 2025-01-01 00:00:00+00:00, run_after=2025-01-02 00:00:00+00:00
[2025-01-02T19:00:18.362+0000] {logging_mixin.py:190} INFO - [2025-01-02T19:00:18.362+0000] {dag.py:4180} INFO - Setting next_dagrun for dataset_produces_2 to None, run_after=None
[2025-01-02T19:00:18.470+0000] {processor.py:208} INFO - Processing /home/airflow/.local/lib/python3.12/site-packages/airflow/example_dags/example_datasets.py took 2.063 seconds
[2025-01-02T19:00:48.609+0000] {processor.py:186} INFO - Started process (PID=154) to work on /home/airflow/.local/lib/python3.12/site-packages/airflow/example_dags/example_datasets.py
[2025-01-02T19:00:48.610+0000] {processor.py:914} INFO - Processing file /home/airflow/.local/lib/python3.12/site-packages/airflow/example_dags/example_datasets.py for tasks to queue
[2025-01-02T19:00:48.613+0000] {logging_mixin.py:190} INFO - [2025-01-02T19:00:48.613+0000] {dagbag.py:588} INFO - Filling up the DagBag from /home/airflow/.local/lib/python3.12/site-packages/airflow/example_dags/example_datasets.py
[2025-01-02T19:00:49.544+0000] {processor.py:925} INFO - DAG(s) 'consume_1_or_both_2_and_3_with_dataset_expressions', 'dataset_consumes_1_never_scheduled', 'consume_1_or_2_with_dataset_expressions', 'dataset_consumes_1', 'conditional_dataset_and_time_based_timetable', 'dataset_produces_2', 'dataset_consumes_unknown_never_scheduled', 'dataset_consumes_1_and_2', 'consume_1_and_2_with_dataset_expressions', 'dataset_produces_1' retrieved from /home/airflow/.local/lib/python3.12/site-packages/airflow/example_dags/example_datasets.py
[2025-01-02T19:00:49.602+0000] {logging_mixin.py:190} INFO - [2025-01-02T19:00:49.601+0000] {dag.py:3239} INFO - Sync 10 DAGs
[2025-01-02T19:00:49.640+0000] {logging_mixin.py:190} INFO - [2025-01-02T19:00:49.640+0000] {dag.py:4180} INFO - Setting next_dagrun for conditional_dataset_and_time_based_timetable to 2025-01-01 01:00:00+00:00, run_after=2025-01-01 01:00:00+00:00
[2025-01-02T19:00:49.646+0000] {logging_mixin.py:190} INFO - [2025-01-02T19:00:49.646+0000] {dag.py:4180} INFO - Setting next_dagrun for consume_1_and_2_with_dataset_expressions to None, run_after=None
[2025-01-02T19:00:49.648+0000] {logging_mixin.py:190} INFO - [2025-01-02T19:00:49.648+0000] {dag.py:4180} INFO - Setting next_dagrun for consume_1_or_2_with_dataset_expressions to None, run_after=None
[2025-01-02T19:00:49.650+0000] {logging_mixin.py:190} INFO - [2025-01-02T19:00:49.649+0000] {dag.py:4180} INFO - Setting next_dagrun for consume_1_or_both_2_and_3_with_dataset_expressions to None, run_after=None
[2025-01-02T19:00:49.651+0000] {logging_mixin.py:190} INFO - [2025-01-02T19:00:49.651+0000] {dag.py:4180} INFO - Setting next_dagrun for dataset_consumes_1 to None, run_after=None
[2025-01-02T19:00:49.653+0000] {logging_mixin.py:190} INFO - [2025-01-02T19:00:49.652+0000] {dag.py:4180} INFO - Setting next_dagrun for dataset_consumes_1_and_2 to None, run_after=None
[2025-01-02T19:00:49.654+0000] {logging_mixin.py:190} INFO - [2025-01-02T19:00:49.654+0000] {dag.py:4180} INFO - Setting next_dagrun for dataset_consumes_1_never_scheduled to None, run_after=None
[2025-01-02T19:00:49.656+0000] {logging_mixin.py:190} INFO - [2025-01-02T19:00:49.655+0000] {dag.py:4180} INFO - Setting next_dagrun for dataset_consumes_unknown_never_scheduled to None, run_after=None
[2025-01-02T19:00:49.659+0000] {logging_mixin.py:190} INFO - [2025-01-02T19:00:49.659+0000] {dag.py:4180} INFO - Setting next_dagrun for dataset_produces_1 to 2025-01-01 00:00:00+00:00, run_after=2025-01-02 00:00:00+00:00
[2025-01-02T19:00:49.660+0000] {logging_mixin.py:190} INFO - [2025-01-02T19:00:49.660+0000] {dag.py:4180} INFO - Setting next_dagrun for dataset_produces_2 to None, run_after=None
[2025-01-02T19:00:49.705+0000] {processor.py:208} INFO - Processing /home/airflow/.local/lib/python3.12/site-packages/airflow/example_dags/example_datasets.py took 1.105 seconds
[2025-01-02T19:01:19.757+0000] {processor.py:186} INFO - Started process (PID=217) to work on /home/airflow/.local/lib/python3.12/site-packages/airflow/example_dags/example_datasets.py
[2025-01-02T19:01:19.759+0000] {processor.py:914} INFO - Processing file /home/airflow/.local/lib/python3.12/site-packages/airflow/example_dags/example_datasets.py for tasks to queue
[2025-01-02T19:01:19.762+0000] {logging_mixin.py:190} INFO - [2025-01-02T19:01:19.762+0000] {dagbag.py:588} INFO - Filling up the DagBag from /home/airflow/.local/lib/python3.12/site-packages/airflow/example_dags/example_datasets.py
[2025-01-02T19:01:20.692+0000] {processor.py:925} INFO - DAG(s) 'dataset_consumes_unknown_never_scheduled', 'dataset_produces_2', 'conditional_dataset_and_time_based_timetable', 'dataset_consumes_1', 'dataset_consumes_1_never_scheduled', 'consume_1_or_both_2_and_3_with_dataset_expressions', 'consume_1_and_2_with_dataset_expressions', 'dataset_consumes_1_and_2', 'dataset_produces_1', 'consume_1_or_2_with_dataset_expressions' retrieved from /home/airflow/.local/lib/python3.12/site-packages/airflow/example_dags/example_datasets.py
[2025-01-02T19:01:20.754+0000] {logging_mixin.py:190} INFO - [2025-01-02T19:01:20.754+0000] {dag.py:3239} INFO - Sync 10 DAGs
[2025-01-02T19:01:20.791+0000] {logging_mixin.py:190} INFO - [2025-01-02T19:01:20.791+0000] {dag.py:4180} INFO - Setting next_dagrun for conditional_dataset_and_time_based_timetable to 2025-01-01 01:00:00+00:00, run_after=2025-01-01 01:00:00+00:00
[2025-01-02T19:01:20.797+0000] {logging_mixin.py:190} INFO - [2025-01-02T19:01:20.797+0000] {dag.py:4180} INFO - Setting next_dagrun for consume_1_and_2_with_dataset_expressions to None, run_after=None
[2025-01-02T19:01:20.799+0000] {logging_mixin.py:190} INFO - [2025-01-02T19:01:20.799+0000] {dag.py:4180} INFO - Setting next_dagrun for consume_1_or_2_with_dataset_expressions to None, run_after=None
[2025-01-02T19:01:20.801+0000] {logging_mixin.py:190} INFO - [2025-01-02T19:01:20.801+0000] {dag.py:4180} INFO - Setting next_dagrun for consume_1_or_both_2_and_3_with_dataset_expressions to None, run_after=None
[2025-01-02T19:01:20.803+0000] {logging_mixin.py:190} INFO - [2025-01-02T19:01:20.803+0000] {dag.py:4180} INFO - Setting next_dagrun for dataset_consumes_1 to None, run_after=None
[2025-01-02T19:01:20.805+0000] {logging_mixin.py:190} INFO - [2025-01-02T19:01:20.804+0000] {dag.py:4180} INFO - Setting next_dagrun for dataset_consumes_1_and_2 to None, run_after=None
[2025-01-02T19:01:20.806+0000] {logging_mixin.py:190} INFO - [2025-01-02T19:01:20.806+0000] {dag.py:4180} INFO - Setting next_dagrun for dataset_consumes_1_never_scheduled to None, run_after=None
[2025-01-02T19:01:20.808+0000] {logging_mixin.py:190} INFO - [2025-01-02T19:01:20.808+0000] {dag.py:4180} INFO - Setting next_dagrun for dataset_consumes_unknown_never_scheduled to None, run_after=None
[2025-01-02T19:01:20.812+0000] {logging_mixin.py:190} INFO - [2025-01-02T19:01:20.811+0000] {dag.py:4180} INFO - Setting next_dagrun for dataset_produces_1 to 2025-01-01 00:00:00+00:00, run_after=2025-01-02 00:00:00+00:00
[2025-01-02T19:01:20.813+0000] {logging_mixin.py:190} INFO - [2025-01-02T19:01:20.813+0000] {dag.py:4180} INFO - Setting next_dagrun for dataset_produces_2 to None, run_after=None
[2025-01-02T19:01:20.858+0000] {processor.py:208} INFO - Processing /home/airflow/.local/lib/python3.12/site-packages/airflow/example_dags/example_datasets.py took 1.110 seconds
[2025-01-02T19:01:51.045+0000] {processor.py:186} INFO - Started process (PID=280) to work on /home/airflow/.local/lib/python3.12/site-packages/airflow/example_dags/example_datasets.py
[2025-01-02T19:01:51.047+0000] {processor.py:914} INFO - Processing file /home/airflow/.local/lib/python3.12/site-packages/airflow/example_dags/example_datasets.py for tasks to queue
[2025-01-02T19:01:51.051+0000] {logging_mixin.py:190} INFO - [2025-01-02T19:01:51.050+0000] {dagbag.py:588} INFO - Filling up the DagBag from /home/airflow/.local/lib/python3.12/site-packages/airflow/example_dags/example_datasets.py
[2025-01-02T19:01:51.994+0000] {processor.py:925} INFO - DAG(s) 'consume_1_or_both_2_and_3_with_dataset_expressions', 'consume_1_and_2_with_dataset_expressions', 'dataset_consumes_1', 'dataset_consumes_1_and_2', 'dataset_produces_1', 'dataset_produces_2', 'conditional_dataset_and_time_based_timetable', 'consume_1_or_2_with_dataset_expressions', 'dataset_consumes_1_never_scheduled', 'dataset_consumes_unknown_never_scheduled' retrieved from /home/airflow/.local/lib/python3.12/site-packages/airflow/example_dags/example_datasets.py
[2025-01-02T19:01:52.059+0000] {logging_mixin.py:190} INFO - [2025-01-02T19:01:52.058+0000] {dag.py:3239} INFO - Sync 10 DAGs
[2025-01-02T19:01:52.101+0000] {logging_mixin.py:190} INFO - [2025-01-02T19:01:52.101+0000] {dag.py:4180} INFO - Setting next_dagrun for conditional_dataset_and_time_based_timetable to 2025-01-01 01:00:00+00:00, run_after=2025-01-01 01:00:00+00:00
[2025-01-02T19:01:52.107+0000] {logging_mixin.py:190} INFO - [2025-01-02T19:01:52.106+0000] {dag.py:4180} INFO - Setting next_dagrun for consume_1_and_2_with_dataset_expressions to None, run_after=None
[2025-01-02T19:01:52.109+0000] {logging_mixin.py:190} INFO - [2025-01-02T19:01:52.108+0000] {dag.py:4180} INFO - Setting next_dagrun for consume_1_or_2_with_dataset_expressions to None, run_after=None
[2025-01-02T19:01:52.110+0000] {logging_mixin.py:190} INFO - [2025-01-02T19:01:52.110+0000] {dag.py:4180} INFO - Setting next_dagrun for consume_1_or_both_2_and_3_with_dataset_expressions to None, run_after=None
[2025-01-02T19:01:52.112+0000] {logging_mixin.py:190} INFO - [2025-01-02T19:01:52.112+0000] {dag.py:4180} INFO - Setting next_dagrun for dataset_consumes_1 to None, run_after=None
[2025-01-02T19:01:52.114+0000] {logging_mixin.py:190} INFO - [2025-01-02T19:01:52.113+0000] {dag.py:4180} INFO - Setting next_dagrun for dataset_consumes_1_and_2 to None, run_after=None
[2025-01-02T19:01:52.115+0000] {logging_mixin.py:190} INFO - [2025-01-02T19:01:52.115+0000] {dag.py:4180} INFO - Setting next_dagrun for dataset_consumes_1_never_scheduled to None, run_after=None
[2025-01-02T19:01:52.117+0000] {logging_mixin.py:190} INFO - [2025-01-02T19:01:52.117+0000] {dag.py:4180} INFO - Setting next_dagrun for dataset_consumes_unknown_never_scheduled to None, run_after=None
[2025-01-02T19:01:52.120+0000] {logging_mixin.py:190} INFO - [2025-01-02T19:01:52.120+0000] {dag.py:4180} INFO - Setting next_dagrun for dataset_produces_1 to 2025-01-01 00:00:00+00:00, run_after=2025-01-02 00:00:00+00:00
[2025-01-02T19:01:52.122+0000] {logging_mixin.py:190} INFO - [2025-01-02T19:01:52.122+0000] {dag.py:4180} INFO - Setting next_dagrun for dataset_produces_2 to None, run_after=None
[2025-01-02T19:01:52.169+0000] {processor.py:208} INFO - Processing /home/airflow/.local/lib/python3.12/site-packages/airflow/example_dags/example_datasets.py took 1.133 seconds
[2025-01-02T19:02:22.833+0000] {processor.py:186} INFO - Started process (PID=343) to work on /home/airflow/.local/lib/python3.12/site-packages/airflow/example_dags/example_datasets.py
[2025-01-02T19:02:22.834+0000] {processor.py:914} INFO - Processing file /home/airflow/.local/lib/python3.12/site-packages/airflow/example_dags/example_datasets.py for tasks to queue
[2025-01-02T19:02:22.837+0000] {logging_mixin.py:190} INFO - [2025-01-02T19:02:22.837+0000] {dagbag.py:588} INFO - Filling up the DagBag from /home/airflow/.local/lib/python3.12/site-packages/airflow/example_dags/example_datasets.py
[2025-01-02T19:02:23.762+0000] {processor.py:925} INFO - DAG(s) 'conditional_dataset_and_time_based_timetable', 'dataset_produces_2', 'dataset_produces_1', 'consume_1_or_2_with_dataset_expressions', 'consume_1_and_2_with_dataset_expressions', 'consume_1_or_both_2_and_3_with_dataset_expressions', 'dataset_consumes_unknown_never_scheduled', 'dataset_consumes_1_never_scheduled', 'dataset_consumes_1_and_2', 'dataset_consumes_1' retrieved from /home/airflow/.local/lib/python3.12/site-packages/airflow/example_dags/example_datasets.py
[2025-01-02T19:02:23.823+0000] {logging_mixin.py:190} INFO - [2025-01-02T19:02:23.823+0000] {dag.py:3239} INFO - Sync 10 DAGs
[2025-01-02T19:02:23.862+0000] {logging_mixin.py:190} INFO - [2025-01-02T19:02:23.861+0000] {dag.py:4180} INFO - Setting next_dagrun for conditional_dataset_and_time_based_timetable to 2025-01-01 01:00:00+00:00, run_after=2025-01-01 01:00:00+00:00
[2025-01-02T19:02:23.867+0000] {logging_mixin.py:190} INFO - [2025-01-02T19:02:23.867+0000] {dag.py:4180} INFO - Setting next_dagrun for consume_1_and_2_with_dataset_expressions to None, run_after=None
[2025-01-02T19:02:23.869+0000] {logging_mixin.py:190} INFO - [2025-01-02T19:02:23.869+0000] {dag.py:4180} INFO - Setting next_dagrun for consume_1_or_2_with_dataset_expressions to None, run_after=None
[2025-01-02T19:02:23.871+0000] {logging_mixin.py:190} INFO - [2025-01-02T19:02:23.871+0000] {dag.py:4180} INFO - Setting next_dagrun for consume_1_or_both_2_and_3_with_dataset_expressions to None, run_after=None
[2025-01-02T19:02:23.873+0000] {logging_mixin.py:190} INFO - [2025-01-02T19:02:23.873+0000] {dag.py:4180} INFO - Setting next_dagrun for dataset_consumes_1 to None, run_after=None
[2025-01-02T19:02:23.874+0000] {logging_mixin.py:190} INFO - [2025-01-02T19:02:23.874+0000] {dag.py:4180} INFO - Setting next_dagrun for dataset_consumes_1_and_2 to None, run_after=None
[2025-01-02T19:02:23.876+0000] {logging_mixin.py:190} INFO - [2025-01-02T19:02:23.876+0000] {dag.py:4180} INFO - Setting next_dagrun for dataset_consumes_1_never_scheduled to None, run_after=None
[2025-01-02T19:02:23.878+0000] {logging_mixin.py:190} INFO - [2025-01-02T19:02:23.878+0000] {dag.py:4180} INFO - Setting next_dagrun for dataset_consumes_unknown_never_scheduled to None, run_after=None
[2025-01-02T19:02:23.881+0000] {logging_mixin.py:190} INFO - [2025-01-02T19:02:23.881+0000] {dag.py:4180} INFO - Setting next_dagrun for dataset_produces_1 to 2025-01-01 00:00:00+00:00, run_after=2025-01-02 00:00:00+00:00
[2025-01-02T19:02:23.883+0000] {logging_mixin.py:190} INFO - [2025-01-02T19:02:23.883+0000] {dag.py:4180} INFO - Setting next_dagrun for dataset_produces_2 to None, run_after=None
[2025-01-02T19:02:23.929+0000] {processor.py:208} INFO - Processing /home/airflow/.local/lib/python3.12/site-packages/airflow/example_dags/example_datasets.py took 1.105 seconds
[2025-01-02T19:02:54.125+0000] {processor.py:186} INFO - Started process (PID=406) to work on /home/airflow/.local/lib/python3.12/site-packages/airflow/example_dags/example_datasets.py
[2025-01-02T19:02:54.127+0000] {processor.py:914} INFO - Processing file /home/airflow/.local/lib/python3.12/site-packages/airflow/example_dags/example_datasets.py for tasks to queue
[2025-01-02T19:02:54.130+0000] {logging_mixin.py:190} INFO - [2025-01-02T19:02:54.130+0000] {dagbag.py:588} INFO - Filling up the DagBag from /home/airflow/.local/lib/python3.12/site-packages/airflow/example_dags/example_datasets.py
[2025-01-02T19:02:55.143+0000] {processor.py:925} INFO - DAG(s) 'dataset_consumes_1_and_2', 'conditional_dataset_and_time_based_timetable', 'consume_1_and_2_with_dataset_expressions', 'dataset_produces_2', 'dataset_consumes_1', 'consume_1_or_2_with_dataset_expressions', 'consume_1_or_both_2_and_3_with_dataset_expressions', 'dataset_consumes_1_never_scheduled', 'dataset_consumes_unknown_never_scheduled', 'dataset_produces_1' retrieved from /home/airflow/.local/lib/python3.12/site-packages/airflow/example_dags/example_datasets.py
[2025-01-02T19:02:55.206+0000] {logging_mixin.py:190} INFO - [2025-01-02T19:02:55.205+0000] {dag.py:3239} INFO - Sync 10 DAGs
[2025-01-02T19:02:55.245+0000] {logging_mixin.py:190} INFO - [2025-01-02T19:02:55.245+0000] {dag.py:4180} INFO - Setting next_dagrun for conditional_dataset_and_time_based_timetable to 2025-01-01 01:00:00+00:00, run_after=2025-01-01 01:00:00+00:00
[2025-01-02T19:02:55.251+0000] {logging_mixin.py:190} INFO - [2025-01-02T19:02:55.250+0000] {dag.py:4180} INFO - Setting next_dagrun for consume_1_and_2_with_dataset_expressions to None, run_after=None
[2025-01-02T19:02:55.253+0000] {logging_mixin.py:190} INFO - [2025-01-02T19:02:55.252+0000] {dag.py:4180} INFO - Setting next_dagrun for consume_1_or_2_with_dataset_expressions to None, run_after=None
[2025-01-02T19:02:55.254+0000] {logging_mixin.py:190} INFO - [2025-01-02T19:02:55.254+0000] {dag.py:4180} INFO - Setting next_dagrun for consume_1_or_both_2_and_3_with_dataset_expressions to None, run_after=None
[2025-01-02T19:02:55.256+0000] {logging_mixin.py:190} INFO - [2025-01-02T19:02:55.256+0000] {dag.py:4180} INFO - Setting next_dagrun for dataset_consumes_1 to None, run_after=None
[2025-01-02T19:02:55.258+0000] {logging_mixin.py:190} INFO - [2025-01-02T19:02:55.257+0000] {dag.py:4180} INFO - Setting next_dagrun for dataset_consumes_1_and_2 to None, run_after=None
[2025-01-02T19:02:55.259+0000] {logging_mixin.py:190} INFO - [2025-01-02T19:02:55.259+0000] {dag.py:4180} INFO - Setting next_dagrun for dataset_consumes_1_never_scheduled to None, run_after=None
[2025-01-02T19:02:55.261+0000] {logging_mixin.py:190} INFO - [2025-01-02T19:02:55.261+0000] {dag.py:4180} INFO - Setting next_dagrun for dataset_consumes_unknown_never_scheduled to None, run_after=None
[2025-01-02T19:02:55.265+0000] {logging_mixin.py:190} INFO - [2025-01-02T19:02:55.264+0000] {dag.py:4180} INFO - Setting next_dagrun for dataset_produces_1 to 2025-01-01 00:00:00+00:00, run_after=2025-01-02 00:00:00+00:00
[2025-01-02T19:02:55.266+0000] {logging_mixin.py:190} INFO - [2025-01-02T19:02:55.266+0000] {dag.py:4180} INFO - Setting next_dagrun for dataset_produces_2 to None, run_after=None
[2025-01-02T19:02:55.315+0000] {processor.py:208} INFO - Processing /home/airflow/.local/lib/python3.12/site-packages/airflow/example_dags/example_datasets.py took 1.199 seconds
[2025-01-02T19:03:25.690+0000] {processor.py:186} INFO - Started process (PID=475) to work on /home/airflow/.local/lib/python3.12/site-packages/airflow/example_dags/example_datasets.py
[2025-01-02T19:03:25.692+0000] {processor.py:914} INFO - Processing file /home/airflow/.local/lib/python3.12/site-packages/airflow/example_dags/example_datasets.py for tasks to queue
[2025-01-02T19:03:25.707+0000] {logging_mixin.py:190} INFO - [2025-01-02T19:03:25.706+0000] {dagbag.py:588} INFO - Filling up the DagBag from /home/airflow/.local/lib/python3.12/site-packages/airflow/example_dags/example_datasets.py
[2025-01-02T19:03:27.208+0000] {processor.py:925} INFO - DAG(s) 'consume_1_or_both_2_and_3_with_dataset_expressions', 'dataset_produces_1', 'dataset_consumes_unknown_never_scheduled', 'consume_1_or_2_with_dataset_expressions', 'dataset_consumes_1_and_2', 'dataset_consumes_1_never_scheduled', 'dataset_consumes_1', 'consume_1_and_2_with_dataset_expressions', 'conditional_dataset_and_time_based_timetable', 'dataset_produces_2' retrieved from /home/airflow/.local/lib/python3.12/site-packages/airflow/example_dags/example_datasets.py
[2025-01-02T19:03:27.268+0000] {logging_mixin.py:190} INFO - [2025-01-02T19:03:27.267+0000] {dag.py:3239} INFO - Sync 10 DAGs
[2025-01-02T19:03:27.309+0000] {logging_mixin.py:190} INFO - [2025-01-02T19:03:27.308+0000] {dag.py:4180} INFO - Setting next_dagrun for conditional_dataset_and_time_based_timetable to 2025-01-01 01:00:00+00:00, run_after=2025-01-01 01:00:00+00:00
[2025-01-02T19:03:27.315+0000] {logging_mixin.py:190} INFO - [2025-01-02T19:03:27.314+0000] {dag.py:4180} INFO - Setting next_dagrun for consume_1_and_2_with_dataset_expressions to None, run_after=None
[2025-01-02T19:03:27.317+0000] {logging_mixin.py:190} INFO - [2025-01-02T19:03:27.317+0000] {dag.py:4180} INFO - Setting next_dagrun for consume_1_or_2_with_dataset_expressions to None, run_after=None
[2025-01-02T19:03:27.319+0000] {logging_mixin.py:190} INFO - [2025-01-02T19:03:27.318+0000] {dag.py:4180} INFO - Setting next_dagrun for consume_1_or_both_2_and_3_with_dataset_expressions to None, run_after=None
[2025-01-02T19:03:27.320+0000] {logging_mixin.py:190} INFO - [2025-01-02T19:03:27.320+0000] {dag.py:4180} INFO - Setting next_dagrun for dataset_consumes_1 to None, run_after=None
[2025-01-02T19:03:27.322+0000] {logging_mixin.py:190} INFO - [2025-01-02T19:03:27.322+0000] {dag.py:4180} INFO - Setting next_dagrun for dataset_consumes_1_and_2 to None, run_after=None
[2025-01-02T19:03:27.324+0000] {logging_mixin.py:190} INFO - [2025-01-02T19:03:27.323+0000] {dag.py:4180} INFO - Setting next_dagrun for dataset_consumes_1_never_scheduled to None, run_after=None
[2025-01-02T19:03:27.325+0000] {logging_mixin.py:190} INFO - [2025-01-02T19:03:27.325+0000] {dag.py:4180} INFO - Setting next_dagrun for dataset_consumes_unknown_never_scheduled to None, run_after=None
[2025-01-02T19:03:27.329+0000] {logging_mixin.py:190} INFO - [2025-01-02T19:03:27.329+0000] {dag.py:4180} INFO - Setting next_dagrun for dataset_produces_1 to 2025-01-01 00:00:00+00:00, run_after=2025-01-02 00:00:00+00:00
[2025-01-02T19:03:27.331+0000] {logging_mixin.py:190} INFO - [2025-01-02T19:03:27.330+0000] {dag.py:4180} INFO - Setting next_dagrun for dataset_produces_2 to None, run_after=None
[2025-01-02T19:03:27.376+0000] {processor.py:208} INFO - Processing /home/airflow/.local/lib/python3.12/site-packages/airflow/example_dags/example_datasets.py took 1.694 seconds
[2025-01-02T19:03:57.736+0000] {processor.py:186} INFO - Started process (PID=538) to work on /home/airflow/.local/lib/python3.12/site-packages/airflow/example_dags/example_datasets.py
[2025-01-02T19:03:57.750+0000] {processor.py:914} INFO - Processing file /home/airflow/.local/lib/python3.12/site-packages/airflow/example_dags/example_datasets.py for tasks to queue
[2025-01-02T19:03:57.754+0000] {logging_mixin.py:190} INFO - [2025-01-02T19:03:57.753+0000] {dagbag.py:588} INFO - Filling up the DagBag from /home/airflow/.local/lib/python3.12/site-packages/airflow/example_dags/example_datasets.py
[2025-01-02T19:04:01.340+0000] {processor.py:925} INFO - DAG(s) 'dataset_produces_2', 'dataset_consumes_1_and_2', 'dataset_consumes_1', 'consume_1_and_2_with_dataset_expressions', 'consume_1_or_both_2_and_3_with_dataset_expressions', 'dataset_consumes_1_never_scheduled', 'dataset_consumes_unknown_never_scheduled', 'dataset_produces_1', 'conditional_dataset_and_time_based_timetable', 'consume_1_or_2_with_dataset_expressions' retrieved from /home/airflow/.local/lib/python3.12/site-packages/airflow/example_dags/example_datasets.py
[2025-01-02T19:04:01.542+0000] {logging_mixin.py:190} INFO - [2025-01-02T19:04:01.541+0000] {dag.py:3239} INFO - Sync 10 DAGs
[2025-01-02T19:04:01.677+0000] {logging_mixin.py:190} INFO - [2025-01-02T19:04:01.673+0000] {dag.py:4180} INFO - Setting next_dagrun for conditional_dataset_and_time_based_timetable to 2025-01-01 01:00:00+00:00, run_after=2025-01-01 01:00:00+00:00
[2025-01-02T19:04:01.692+0000] {logging_mixin.py:190} INFO - [2025-01-02T19:04:01.692+0000] {dag.py:4180} INFO - Setting next_dagrun for consume_1_and_2_with_dataset_expressions to None, run_after=None
[2025-01-02T19:04:01.696+0000] {logging_mixin.py:190} INFO - [2025-01-02T19:04:01.696+0000] {dag.py:4180} INFO - Setting next_dagrun for consume_1_or_2_with_dataset_expressions to None, run_after=None
[2025-01-02T19:04:01.699+0000] {logging_mixin.py:190} INFO - [2025-01-02T19:04:01.699+0000] {dag.py:4180} INFO - Setting next_dagrun for consume_1_or_both_2_and_3_with_dataset_expressions to None, run_after=None
[2025-01-02T19:04:01.702+0000] {logging_mixin.py:190} INFO - [2025-01-02T19:04:01.702+0000] {dag.py:4180} INFO - Setting next_dagrun for dataset_consumes_1 to None, run_after=None
[2025-01-02T19:04:01.706+0000] {logging_mixin.py:190} INFO - [2025-01-02T19:04:01.704+0000] {dag.py:4180} INFO - Setting next_dagrun for dataset_consumes_1_and_2 to None, run_after=None
[2025-01-02T19:04:01.710+0000] {logging_mixin.py:190} INFO - [2025-01-02T19:04:01.709+0000] {dag.py:4180} INFO - Setting next_dagrun for dataset_consumes_1_never_scheduled to None, run_after=None
[2025-01-02T19:04:01.714+0000] {logging_mixin.py:190} INFO - [2025-01-02T19:04:01.713+0000] {dag.py:4180} INFO - Setting next_dagrun for dataset_consumes_unknown_never_scheduled to None, run_after=None
[2025-01-02T19:04:01.734+0000] {logging_mixin.py:190} INFO - [2025-01-02T19:04:01.734+0000] {dag.py:4180} INFO - Setting next_dagrun for dataset_produces_1 to 2025-01-01 00:00:00+00:00, run_after=2025-01-02 00:00:00+00:00
[2025-01-02T19:04:01.758+0000] {logging_mixin.py:190} INFO - [2025-01-02T19:04:01.758+0000] {dag.py:4180} INFO - Setting next_dagrun for dataset_produces_2 to None, run_after=None
[2025-01-02T19:04:01.902+0000] {processor.py:208} INFO - Processing /home/airflow/.local/lib/python3.12/site-packages/airflow/example_dags/example_datasets.py took 4.191 seconds
[2025-01-02T19:04:32.160+0000] {processor.py:186} INFO - Started process (PID=602) to work on /home/airflow/.local/lib/python3.12/site-packages/airflow/example_dags/example_datasets.py
[2025-01-02T19:04:32.165+0000] {processor.py:914} INFO - Processing file /home/airflow/.local/lib/python3.12/site-packages/airflow/example_dags/example_datasets.py for tasks to queue
[2025-01-02T19:04:32.168+0000] {logging_mixin.py:190} INFO - [2025-01-02T19:04:32.168+0000] {dagbag.py:588} INFO - Filling up the DagBag from /home/airflow/.local/lib/python3.12/site-packages/airflow/example_dags/example_datasets.py
[2025-01-02T19:04:33.882+0000] {processor.py:925} INFO - DAG(s) 'dataset_produces_1', 'dataset_consumes_1_never_scheduled', 'consume_1_or_both_2_and_3_with_dataset_expressions', 'dataset_consumes_1_and_2', 'consume_1_or_2_with_dataset_expressions', 'dataset_consumes_1', 'conditional_dataset_and_time_based_timetable', 'consume_1_and_2_with_dataset_expressions', 'dataset_consumes_unknown_never_scheduled', 'dataset_produces_2' retrieved from /home/airflow/.local/lib/python3.12/site-packages/airflow/example_dags/example_datasets.py
[2025-01-02T19:04:33.988+0000] {logging_mixin.py:190} INFO - [2025-01-02T19:04:33.987+0000] {dag.py:3239} INFO - Sync 10 DAGs
[2025-01-02T19:04:34.036+0000] {logging_mixin.py:190} INFO - [2025-01-02T19:04:34.029+0000] {dag.py:4180} INFO - Setting next_dagrun for conditional_dataset_and_time_based_timetable to 2025-01-01 01:00:00+00:00, run_after=2025-01-01 01:00:00+00:00
[2025-01-02T19:04:34.052+0000] {logging_mixin.py:190} INFO - [2025-01-02T19:04:34.052+0000] {dag.py:4180} INFO - Setting next_dagrun for consume_1_and_2_with_dataset_expressions to None, run_after=None
[2025-01-02T19:04:34.055+0000] {logging_mixin.py:190} INFO - [2025-01-02T19:04:34.055+0000] {dag.py:4180} INFO - Setting next_dagrun for consume_1_or_2_with_dataset_expressions to None, run_after=None
[2025-01-02T19:04:34.058+0000] {logging_mixin.py:190} INFO - [2025-01-02T19:04:34.057+0000] {dag.py:4180} INFO - Setting next_dagrun for consume_1_or_both_2_and_3_with_dataset_expressions to None, run_after=None
[2025-01-02T19:04:34.059+0000] {logging_mixin.py:190} INFO - [2025-01-02T19:04:34.059+0000] {dag.py:4180} INFO - Setting next_dagrun for dataset_consumes_1 to None, run_after=None
[2025-01-02T19:04:34.061+0000] {logging_mixin.py:190} INFO - [2025-01-02T19:04:34.061+0000] {dag.py:4180} INFO - Setting next_dagrun for dataset_consumes_1_and_2 to None, run_after=None
[2025-01-02T19:04:34.063+0000] {logging_mixin.py:190} INFO - [2025-01-02T19:04:34.063+0000] {dag.py:4180} INFO - Setting next_dagrun for dataset_consumes_1_never_scheduled to None, run_after=None
[2025-01-02T19:04:34.065+0000] {logging_mixin.py:190} INFO - [2025-01-02T19:04:34.065+0000] {dag.py:4180} INFO - Setting next_dagrun for dataset_consumes_unknown_never_scheduled to None, run_after=None
[2025-01-02T19:04:34.082+0000] {logging_mixin.py:190} INFO - [2025-01-02T19:04:34.082+0000] {dag.py:4180} INFO - Setting next_dagrun for dataset_produces_1 to 2025-01-01 00:00:00+00:00, run_after=2025-01-02 00:00:00+00:00
[2025-01-02T19:04:34.084+0000] {logging_mixin.py:190} INFO - [2025-01-02T19:04:34.084+0000] {dag.py:4180} INFO - Setting next_dagrun for dataset_produces_2 to None, run_after=None
[2025-01-02T19:04:34.193+0000] {processor.py:208} INFO - Processing /home/airflow/.local/lib/python3.12/site-packages/airflow/example_dags/example_datasets.py took 2.070 seconds
