[2025-01-02T18:55:16.191+0000] {processor.py:186} INFO - Started process (PID=80) to work on /home/airflow/.local/lib/python3.12/site-packages/airflow/example_dags/example_dataset_alias_with_no_taskflow.py
[2025-01-02T18:55:16.193+0000] {processor.py:914} INFO - Processing file /home/airflow/.local/lib/python3.12/site-packages/airflow/example_dags/example_dataset_alias_with_no_taskflow.py for tasks to queue
[2025-01-02T18:55:16.208+0000] {logging_mixin.py:190} INFO - [2025-01-02T18:55:16.208+0000] {dagbag.py:588} INFO - Filling up the DagBag from /home/airflow/.local/lib/python3.12/site-packages/airflow/example_dags/example_dataset_alias_with_no_taskflow.py
[2025-01-02T18:55:27.514+0000] {processor.py:925} INFO - DAG(s) 'dataset_alias_example_alias_producer_with_no_taskflow', 'dataset_s3_bucket_producer_with_no_taskflow', 'dataset_alias_example_alias_consumer_with_no_taskflow', 'dataset_s3_bucket_consumer_with_no_taskflow' retrieved from /home/airflow/.local/lib/python3.12/site-packages/airflow/example_dags/example_dataset_alias_with_no_taskflow.py
[2025-01-02T18:55:28.018+0000] {logging_mixin.py:190} INFO - [2025-01-02T18:55:28.017+0000] {override.py:1911} INFO - Created Permission View: can edit on DAG:dataset_alias_example_alias_producer_with_no_taskflow
[2025-01-02T18:55:28.051+0000] {logging_mixin.py:190} INFO - [2025-01-02T18:55:28.050+0000] {override.py:1911} INFO - Created Permission View: can delete on DAG:dataset_alias_example_alias_producer_with_no_taskflow
[2025-01-02T18:55:28.081+0000] {logging_mixin.py:190} INFO - [2025-01-02T18:55:28.080+0000] {override.py:1911} INFO - Created Permission View: can read on DAG:dataset_alias_example_alias_producer_with_no_taskflow
[2025-01-02T18:55:28.108+0000] {logging_mixin.py:190} INFO - [2025-01-02T18:55:28.108+0000] {override.py:1911} INFO - Created Permission View: can create on DAG Run:dataset_alias_example_alias_producer_with_no_taskflow
[2025-01-02T18:55:28.143+0000] {logging_mixin.py:190} INFO - [2025-01-02T18:55:28.143+0000] {override.py:1911} INFO - Created Permission View: can delete on DAG Run:dataset_alias_example_alias_producer_with_no_taskflow
[2025-01-02T18:55:28.169+0000] {logging_mixin.py:190} INFO - [2025-01-02T18:55:28.169+0000] {override.py:1911} INFO - Created Permission View: menu access on DAG Run:dataset_alias_example_alias_producer_with_no_taskflow
[2025-01-02T18:55:28.189+0000] {logging_mixin.py:190} INFO - [2025-01-02T18:55:28.189+0000] {override.py:1911} INFO - Created Permission View: can read on DAG Run:dataset_alias_example_alias_producer_with_no_taskflow
[2025-01-02T18:55:28.247+0000] {logging_mixin.py:190} INFO - [2025-01-02T18:55:28.247+0000] {override.py:1911} INFO - Created Permission View: can edit on DAG:dataset_s3_bucket_producer_with_no_taskflow
[2025-01-02T18:55:28.270+0000] {logging_mixin.py:190} INFO - [2025-01-02T18:55:28.269+0000] {override.py:1911} INFO - Created Permission View: can delete on DAG:dataset_s3_bucket_producer_with_no_taskflow
[2025-01-02T18:55:28.286+0000] {logging_mixin.py:190} INFO - [2025-01-02T18:55:28.285+0000] {override.py:1911} INFO - Created Permission View: can read on DAG:dataset_s3_bucket_producer_with_no_taskflow
[2025-01-02T18:55:28.303+0000] {logging_mixin.py:190} INFO - [2025-01-02T18:55:28.303+0000] {override.py:1911} INFO - Created Permission View: can create on DAG Run:dataset_s3_bucket_producer_with_no_taskflow
[2025-01-02T18:55:28.325+0000] {logging_mixin.py:190} INFO - [2025-01-02T18:55:28.325+0000] {override.py:1911} INFO - Created Permission View: can delete on DAG Run:dataset_s3_bucket_producer_with_no_taskflow
[2025-01-02T18:55:28.345+0000] {logging_mixin.py:190} INFO - [2025-01-02T18:55:28.344+0000] {override.py:1911} INFO - Created Permission View: menu access on DAG Run:dataset_s3_bucket_producer_with_no_taskflow
[2025-01-02T18:55:28.370+0000] {logging_mixin.py:190} INFO - [2025-01-02T18:55:28.370+0000] {override.py:1911} INFO - Created Permission View: can read on DAG Run:dataset_s3_bucket_producer_with_no_taskflow
[2025-01-02T18:55:28.415+0000] {logging_mixin.py:190} INFO - [2025-01-02T18:55:28.415+0000] {override.py:1911} INFO - Created Permission View: can edit on DAG:dataset_alias_example_alias_consumer_with_no_taskflow
[2025-01-02T18:55:28.435+0000] {logging_mixin.py:190} INFO - [2025-01-02T18:55:28.434+0000] {override.py:1911} INFO - Created Permission View: can delete on DAG:dataset_alias_example_alias_consumer_with_no_taskflow
[2025-01-02T18:55:28.464+0000] {logging_mixin.py:190} INFO - [2025-01-02T18:55:28.464+0000] {override.py:1911} INFO - Created Permission View: can read on DAG:dataset_alias_example_alias_consumer_with_no_taskflow
[2025-01-02T18:55:28.484+0000] {logging_mixin.py:190} INFO - [2025-01-02T18:55:28.483+0000] {override.py:1911} INFO - Created Permission View: can create on DAG Run:dataset_alias_example_alias_consumer_with_no_taskflow
[2025-01-02T18:55:28.516+0000] {logging_mixin.py:190} INFO - [2025-01-02T18:55:28.515+0000] {override.py:1911} INFO - Created Permission View: can delete on DAG Run:dataset_alias_example_alias_consumer_with_no_taskflow
[2025-01-02T18:55:28.542+0000] {logging_mixin.py:190} INFO - [2025-01-02T18:55:28.542+0000] {override.py:1911} INFO - Created Permission View: menu access on DAG Run:dataset_alias_example_alias_consumer_with_no_taskflow
[2025-01-02T18:55:28.568+0000] {logging_mixin.py:190} INFO - [2025-01-02T18:55:28.568+0000] {override.py:1911} INFO - Created Permission View: can read on DAG Run:dataset_alias_example_alias_consumer_with_no_taskflow
[2025-01-02T18:55:28.613+0000] {logging_mixin.py:190} INFO - [2025-01-02T18:55:28.612+0000] {override.py:1911} INFO - Created Permission View: can edit on DAG:dataset_s3_bucket_consumer_with_no_taskflow
[2025-01-02T18:55:28.633+0000] {logging_mixin.py:190} INFO - [2025-01-02T18:55:28.632+0000] {override.py:1911} INFO - Created Permission View: can delete on DAG:dataset_s3_bucket_consumer_with_no_taskflow
[2025-01-02T18:55:28.654+0000] {logging_mixin.py:190} INFO - [2025-01-02T18:55:28.653+0000] {override.py:1911} INFO - Created Permission View: can read on DAG:dataset_s3_bucket_consumer_with_no_taskflow
[2025-01-02T18:55:28.675+0000] {logging_mixin.py:190} INFO - [2025-01-02T18:55:28.674+0000] {override.py:1911} INFO - Created Permission View: can create on DAG Run:dataset_s3_bucket_consumer_with_no_taskflow
[2025-01-02T18:55:28.709+0000] {logging_mixin.py:190} INFO - [2025-01-02T18:55:28.709+0000] {override.py:1911} INFO - Created Permission View: can delete on DAG Run:dataset_s3_bucket_consumer_with_no_taskflow
[2025-01-02T18:55:28.731+0000] {logging_mixin.py:190} INFO - [2025-01-02T18:55:28.730+0000] {override.py:1911} INFO - Created Permission View: menu access on DAG Run:dataset_s3_bucket_consumer_with_no_taskflow
[2025-01-02T18:55:28.756+0000] {logging_mixin.py:190} INFO - [2025-01-02T18:55:28.756+0000] {override.py:1911} INFO - Created Permission View: can read on DAG Run:dataset_s3_bucket_consumer_with_no_taskflow
[2025-01-02T18:55:28.757+0000] {logging_mixin.py:190} INFO - [2025-01-02T18:55:28.756+0000] {dag.py:3239} INFO - Sync 4 DAGs
[2025-01-02T18:55:28.818+0000] {logging_mixin.py:190} INFO - [2025-01-02T18:55:28.818+0000] {dag.py:3262} INFO - Creating ORM DAG for dataset_s3_bucket_consumer_with_no_taskflow
[2025-01-02T18:55:28.819+0000] {logging_mixin.py:190} INFO - [2025-01-02T18:55:28.819+0000] {dag.py:3262} INFO - Creating ORM DAG for dataset_alias_example_alias_producer_with_no_taskflow
[2025-01-02T18:55:28.820+0000] {logging_mixin.py:190} INFO - [2025-01-02T18:55:28.820+0000] {dag.py:3262} INFO - Creating ORM DAG for dataset_s3_bucket_producer_with_no_taskflow
[2025-01-02T18:55:28.821+0000] {logging_mixin.py:190} INFO - [2025-01-02T18:55:28.821+0000] {dag.py:3262} INFO - Creating ORM DAG for dataset_alias_example_alias_consumer_with_no_taskflow
[2025-01-02T18:55:28.835+0000] {logging_mixin.py:190} INFO - [2025-01-02T18:55:28.835+0000] {dag.py:4180} INFO - Setting next_dagrun for dataset_alias_example_alias_consumer_with_no_taskflow to None, run_after=None
[2025-01-02T18:55:28.836+0000] {logging_mixin.py:190} INFO - [2025-01-02T18:55:28.836+0000] {dag.py:4180} INFO - Setting next_dagrun for dataset_alias_example_alias_producer_with_no_taskflow to None, run_after=None
[2025-01-02T18:55:28.837+0000] {logging_mixin.py:190} INFO - [2025-01-02T18:55:28.837+0000] {dag.py:4180} INFO - Setting next_dagrun for dataset_s3_bucket_consumer_with_no_taskflow to None, run_after=None
[2025-01-02T18:55:28.838+0000] {logging_mixin.py:190} INFO - [2025-01-02T18:55:28.838+0000] {dag.py:4180} INFO - Setting next_dagrun for dataset_s3_bucket_producer_with_no_taskflow to None, run_after=None
[2025-01-02T18:55:28.906+0000] {processor.py:208} INFO - Processing /home/airflow/.local/lib/python3.12/site-packages/airflow/example_dags/example_dataset_alias_with_no_taskflow.py took 12.748 seconds
[2025-01-02T18:55:59.033+0000] {processor.py:186} INFO - Started process (PID=157) to work on /home/airflow/.local/lib/python3.12/site-packages/airflow/example_dags/example_dataset_alias_with_no_taskflow.py
[2025-01-02T18:55:59.055+0000] {processor.py:914} INFO - Processing file /home/airflow/.local/lib/python3.12/site-packages/airflow/example_dags/example_dataset_alias_with_no_taskflow.py for tasks to queue
[2025-01-02T18:55:59.058+0000] {logging_mixin.py:190} INFO - [2025-01-02T18:55:59.058+0000] {dagbag.py:588} INFO - Filling up the DagBag from /home/airflow/.local/lib/python3.12/site-packages/airflow/example_dags/example_dataset_alias_with_no_taskflow.py
[2025-01-02T18:55:59.742+0000] {processor.py:925} INFO - DAG(s) 'dataset_alias_example_alias_producer_with_no_taskflow', 'dataset_alias_example_alias_consumer_with_no_taskflow', 'dataset_s3_bucket_consumer_with_no_taskflow', 'dataset_s3_bucket_producer_with_no_taskflow' retrieved from /home/airflow/.local/lib/python3.12/site-packages/airflow/example_dags/example_dataset_alias_with_no_taskflow.py
[2025-01-02T18:55:59.766+0000] {logging_mixin.py:190} INFO - [2025-01-02T18:55:59.765+0000] {dag.py:3239} INFO - Sync 4 DAGs
[2025-01-02T18:55:59.790+0000] {logging_mixin.py:190} INFO - [2025-01-02T18:55:59.790+0000] {dag.py:4180} INFO - Setting next_dagrun for dataset_alias_example_alias_consumer_with_no_taskflow to None, run_after=None
[2025-01-02T18:55:59.793+0000] {logging_mixin.py:190} INFO - [2025-01-02T18:55:59.793+0000] {dag.py:4180} INFO - Setting next_dagrun for dataset_alias_example_alias_producer_with_no_taskflow to None, run_after=None
[2025-01-02T18:55:59.794+0000] {logging_mixin.py:190} INFO - [2025-01-02T18:55:59.794+0000] {dag.py:4180} INFO - Setting next_dagrun for dataset_s3_bucket_consumer_with_no_taskflow to None, run_after=None
[2025-01-02T18:55:59.796+0000] {logging_mixin.py:190} INFO - [2025-01-02T18:55:59.796+0000] {dag.py:4180} INFO - Setting next_dagrun for dataset_s3_bucket_producer_with_no_taskflow to None, run_after=None
[2025-01-02T18:55:59.818+0000] {processor.py:208} INFO - Processing /home/airflow/.local/lib/python3.12/site-packages/airflow/example_dags/example_dataset_alias_with_no_taskflow.py took 0.794 seconds
[2025-01-02T18:56:29.864+0000] {processor.py:186} INFO - Started process (PID=219) to work on /home/airflow/.local/lib/python3.12/site-packages/airflow/example_dags/example_dataset_alias_with_no_taskflow.py
[2025-01-02T18:56:29.865+0000] {processor.py:914} INFO - Processing file /home/airflow/.local/lib/python3.12/site-packages/airflow/example_dags/example_dataset_alias_with_no_taskflow.py for tasks to queue
[2025-01-02T18:56:29.869+0000] {logging_mixin.py:190} INFO - [2025-01-02T18:56:29.868+0000] {dagbag.py:588} INFO - Filling up the DagBag from /home/airflow/.local/lib/python3.12/site-packages/airflow/example_dags/example_dataset_alias_with_no_taskflow.py
[2025-01-02T18:56:30.652+0000] {processor.py:925} INFO - DAG(s) 'dataset_s3_bucket_producer_with_no_taskflow', 'dataset_s3_bucket_consumer_with_no_taskflow', 'dataset_alias_example_alias_producer_with_no_taskflow', 'dataset_alias_example_alias_consumer_with_no_taskflow' retrieved from /home/airflow/.local/lib/python3.12/site-packages/airflow/example_dags/example_dataset_alias_with_no_taskflow.py
[2025-01-02T18:56:30.677+0000] {logging_mixin.py:190} INFO - [2025-01-02T18:56:30.676+0000] {dag.py:3239} INFO - Sync 4 DAGs
[2025-01-02T18:56:30.701+0000] {logging_mixin.py:190} INFO - [2025-01-02T18:56:30.700+0000] {dag.py:4180} INFO - Setting next_dagrun for dataset_alias_example_alias_consumer_with_no_taskflow to None, run_after=None
[2025-01-02T18:56:30.703+0000] {logging_mixin.py:190} INFO - [2025-01-02T18:56:30.703+0000] {dag.py:4180} INFO - Setting next_dagrun for dataset_alias_example_alias_producer_with_no_taskflow to None, run_after=None
[2025-01-02T18:56:30.705+0000] {logging_mixin.py:190} INFO - [2025-01-02T18:56:30.704+0000] {dag.py:4180} INFO - Setting next_dagrun for dataset_s3_bucket_consumer_with_no_taskflow to None, run_after=None
[2025-01-02T18:56:30.706+0000] {logging_mixin.py:190} INFO - [2025-01-02T18:56:30.706+0000] {dag.py:4180} INFO - Setting next_dagrun for dataset_s3_bucket_producer_with_no_taskflow to None, run_after=None
[2025-01-02T18:56:30.726+0000] {processor.py:208} INFO - Processing /home/airflow/.local/lib/python3.12/site-packages/airflow/example_dags/example_dataset_alias_with_no_taskflow.py took 0.870 seconds
[2025-01-02T18:57:01.554+0000] {processor.py:186} INFO - Started process (PID=285) to work on /home/airflow/.local/lib/python3.12/site-packages/airflow/example_dags/example_dataset_alias_with_no_taskflow.py
[2025-01-02T18:57:01.556+0000] {processor.py:914} INFO - Processing file /home/airflow/.local/lib/python3.12/site-packages/airflow/example_dags/example_dataset_alias_with_no_taskflow.py for tasks to queue
[2025-01-02T18:57:01.558+0000] {logging_mixin.py:190} INFO - [2025-01-02T18:57:01.558+0000] {dagbag.py:588} INFO - Filling up the DagBag from /home/airflow/.local/lib/python3.12/site-packages/airflow/example_dags/example_dataset_alias_with_no_taskflow.py
[2025-01-02T18:57:02.347+0000] {processor.py:925} INFO - DAG(s) 'dataset_s3_bucket_consumer_with_no_taskflow', 'dataset_alias_example_alias_producer_with_no_taskflow', 'dataset_alias_example_alias_consumer_with_no_taskflow', 'dataset_s3_bucket_producer_with_no_taskflow' retrieved from /home/airflow/.local/lib/python3.12/site-packages/airflow/example_dags/example_dataset_alias_with_no_taskflow.py
[2025-01-02T18:57:02.369+0000] {logging_mixin.py:190} INFO - [2025-01-02T18:57:02.368+0000] {dag.py:3239} INFO - Sync 4 DAGs
[2025-01-02T18:57:02.395+0000] {logging_mixin.py:190} INFO - [2025-01-02T18:57:02.394+0000] {dag.py:4180} INFO - Setting next_dagrun for dataset_alias_example_alias_consumer_with_no_taskflow to None, run_after=None
[2025-01-02T18:57:02.397+0000] {logging_mixin.py:190} INFO - [2025-01-02T18:57:02.397+0000] {dag.py:4180} INFO - Setting next_dagrun for dataset_alias_example_alias_producer_with_no_taskflow to None, run_after=None
[2025-01-02T18:57:02.399+0000] {logging_mixin.py:190} INFO - [2025-01-02T18:57:02.399+0000] {dag.py:4180} INFO - Setting next_dagrun for dataset_s3_bucket_consumer_with_no_taskflow to None, run_after=None
[2025-01-02T18:57:02.400+0000] {logging_mixin.py:190} INFO - [2025-01-02T18:57:02.400+0000] {dag.py:4180} INFO - Setting next_dagrun for dataset_s3_bucket_producer_with_no_taskflow to None, run_after=None
[2025-01-02T18:57:02.422+0000] {processor.py:208} INFO - Processing /home/airflow/.local/lib/python3.12/site-packages/airflow/example_dags/example_dataset_alias_with_no_taskflow.py took 0.875 seconds
[2025-01-02T18:57:32.558+0000] {processor.py:186} INFO - Started process (PID=350) to work on /home/airflow/.local/lib/python3.12/site-packages/airflow/example_dags/example_dataset_alias_with_no_taskflow.py
[2025-01-02T18:57:32.559+0000] {processor.py:914} INFO - Processing file /home/airflow/.local/lib/python3.12/site-packages/airflow/example_dags/example_dataset_alias_with_no_taskflow.py for tasks to queue
[2025-01-02T18:57:32.562+0000] {logging_mixin.py:190} INFO - [2025-01-02T18:57:32.562+0000] {dagbag.py:588} INFO - Filling up the DagBag from /home/airflow/.local/lib/python3.12/site-packages/airflow/example_dags/example_dataset_alias_with_no_taskflow.py
[2025-01-02T18:57:34.685+0000] {processor.py:925} INFO - DAG(s) 'dataset_s3_bucket_producer_with_no_taskflow', 'dataset_alias_example_alias_producer_with_no_taskflow', 'dataset_alias_example_alias_consumer_with_no_taskflow', 'dataset_s3_bucket_consumer_with_no_taskflow' retrieved from /home/airflow/.local/lib/python3.12/site-packages/airflow/example_dags/example_dataset_alias_with_no_taskflow.py
[2025-01-02T18:57:34.770+0000] {logging_mixin.py:190} INFO - [2025-01-02T18:57:34.770+0000] {dag.py:3239} INFO - Sync 4 DAGs
[2025-01-02T18:57:34.854+0000] {logging_mixin.py:190} INFO - [2025-01-02T18:57:34.854+0000] {dag.py:4180} INFO - Setting next_dagrun for dataset_alias_example_alias_consumer_with_no_taskflow to None, run_after=None
[2025-01-02T18:57:34.866+0000] {logging_mixin.py:190} INFO - [2025-01-02T18:57:34.866+0000] {dag.py:4180} INFO - Setting next_dagrun for dataset_alias_example_alias_producer_with_no_taskflow to None, run_after=None
[2025-01-02T18:57:34.869+0000] {logging_mixin.py:190} INFO - [2025-01-02T18:57:34.868+0000] {dag.py:4180} INFO - Setting next_dagrun for dataset_s3_bucket_consumer_with_no_taskflow to None, run_after=None
[2025-01-02T18:57:34.871+0000] {logging_mixin.py:190} INFO - [2025-01-02T18:57:34.870+0000] {dag.py:4180} INFO - Setting next_dagrun for dataset_s3_bucket_producer_with_no_taskflow to None, run_after=None
[2025-01-02T18:57:34.934+0000] {processor.py:208} INFO - Processing /home/airflow/.local/lib/python3.12/site-packages/airflow/example_dags/example_dataset_alias_with_no_taskflow.py took 2.410 seconds
[2025-01-02T19:00:13.048+0000] {processor.py:186} INFO - Started process (PID=75) to work on /home/airflow/.local/lib/python3.12/site-packages/airflow/example_dags/example_dataset_alias_with_no_taskflow.py
[2025-01-02T19:00:13.066+0000] {processor.py:914} INFO - Processing file /home/airflow/.local/lib/python3.12/site-packages/airflow/example_dags/example_dataset_alias_with_no_taskflow.py for tasks to queue
[2025-01-02T19:00:13.070+0000] {logging_mixin.py:190} INFO - [2025-01-02T19:00:13.069+0000] {dagbag.py:588} INFO - Filling up the DagBag from /home/airflow/.local/lib/python3.12/site-packages/airflow/example_dags/example_dataset_alias_with_no_taskflow.py
[2025-01-02T19:00:14.796+0000] {processor.py:925} INFO - DAG(s) 'dataset_s3_bucket_consumer_with_no_taskflow', 'dataset_alias_example_alias_producer_with_no_taskflow', 'dataset_alias_example_alias_consumer_with_no_taskflow', 'dataset_s3_bucket_producer_with_no_taskflow' retrieved from /home/airflow/.local/lib/python3.12/site-packages/airflow/example_dags/example_dataset_alias_with_no_taskflow.py
[2025-01-02T19:00:14.907+0000] {logging_mixin.py:190} INFO - [2025-01-02T19:00:14.904+0000] {dag.py:3239} INFO - Sync 4 DAGs
[2025-01-02T19:00:14.982+0000] {logging_mixin.py:190} INFO - [2025-01-02T19:00:14.982+0000] {dag.py:4180} INFO - Setting next_dagrun for dataset_alias_example_alias_consumer_with_no_taskflow to None, run_after=None
[2025-01-02T19:00:14.992+0000] {logging_mixin.py:190} INFO - [2025-01-02T19:00:14.992+0000] {dag.py:4180} INFO - Setting next_dagrun for dataset_alias_example_alias_producer_with_no_taskflow to None, run_after=None
[2025-01-02T19:00:14.995+0000] {logging_mixin.py:190} INFO - [2025-01-02T19:00:14.994+0000] {dag.py:4180} INFO - Setting next_dagrun for dataset_s3_bucket_consumer_with_no_taskflow to None, run_after=None
[2025-01-02T19:00:14.997+0000] {logging_mixin.py:190} INFO - [2025-01-02T19:00:14.996+0000] {dag.py:4180} INFO - Setting next_dagrun for dataset_s3_bucket_producer_with_no_taskflow to None, run_after=None
[2025-01-02T19:00:15.025+0000] {processor.py:208} INFO - Processing /home/airflow/.local/lib/python3.12/site-packages/airflow/example_dags/example_dataset_alias_with_no_taskflow.py took 1.986 seconds
[2025-01-02T19:00:45.340+0000] {processor.py:186} INFO - Started process (PID=145) to work on /home/airflow/.local/lib/python3.12/site-packages/airflow/example_dags/example_dataset_alias_with_no_taskflow.py
[2025-01-02T19:00:45.342+0000] {processor.py:914} INFO - Processing file /home/airflow/.local/lib/python3.12/site-packages/airflow/example_dags/example_dataset_alias_with_no_taskflow.py for tasks to queue
[2025-01-02T19:00:45.346+0000] {logging_mixin.py:190} INFO - [2025-01-02T19:00:45.345+0000] {dagbag.py:588} INFO - Filling up the DagBag from /home/airflow/.local/lib/python3.12/site-packages/airflow/example_dags/example_dataset_alias_with_no_taskflow.py
[2025-01-02T19:00:46.025+0000] {processor.py:925} INFO - DAG(s) 'dataset_alias_example_alias_producer_with_no_taskflow', 'dataset_alias_example_alias_consumer_with_no_taskflow', 'dataset_s3_bucket_producer_with_no_taskflow', 'dataset_s3_bucket_consumer_with_no_taskflow' retrieved from /home/airflow/.local/lib/python3.12/site-packages/airflow/example_dags/example_dataset_alias_with_no_taskflow.py
[2025-01-02T19:00:46.047+0000] {logging_mixin.py:190} INFO - [2025-01-02T19:00:46.046+0000] {dag.py:3239} INFO - Sync 4 DAGs
[2025-01-02T19:00:46.072+0000] {logging_mixin.py:190} INFO - [2025-01-02T19:00:46.072+0000] {dag.py:4180} INFO - Setting next_dagrun for dataset_alias_example_alias_consumer_with_no_taskflow to None, run_after=None
[2025-01-02T19:00:46.075+0000] {logging_mixin.py:190} INFO - [2025-01-02T19:00:46.075+0000] {dag.py:4180} INFO - Setting next_dagrun for dataset_alias_example_alias_producer_with_no_taskflow to None, run_after=None
[2025-01-02T19:00:46.077+0000] {logging_mixin.py:190} INFO - [2025-01-02T19:00:46.076+0000] {dag.py:4180} INFO - Setting next_dagrun for dataset_s3_bucket_consumer_with_no_taskflow to None, run_after=None
[2025-01-02T19:00:46.078+0000] {logging_mixin.py:190} INFO - [2025-01-02T19:00:46.078+0000] {dag.py:4180} INFO - Setting next_dagrun for dataset_s3_bucket_producer_with_no_taskflow to None, run_after=None
[2025-01-02T19:00:46.099+0000] {processor.py:208} INFO - Processing /home/airflow/.local/lib/python3.12/site-packages/airflow/example_dags/example_dataset_alias_with_no_taskflow.py took 0.768 seconds
[2025-01-02T19:01:16.685+0000] {processor.py:186} INFO - Started process (PID=209) to work on /home/airflow/.local/lib/python3.12/site-packages/airflow/example_dags/example_dataset_alias_with_no_taskflow.py
[2025-01-02T19:01:16.686+0000] {processor.py:914} INFO - Processing file /home/airflow/.local/lib/python3.12/site-packages/airflow/example_dags/example_dataset_alias_with_no_taskflow.py for tasks to queue
[2025-01-02T19:01:16.690+0000] {logging_mixin.py:190} INFO - [2025-01-02T19:01:16.690+0000] {dagbag.py:588} INFO - Filling up the DagBag from /home/airflow/.local/lib/python3.12/site-packages/airflow/example_dags/example_dataset_alias_with_no_taskflow.py
[2025-01-02T19:01:17.619+0000] {processor.py:925} INFO - DAG(s) 'dataset_alias_example_alias_producer_with_no_taskflow', 'dataset_s3_bucket_consumer_with_no_taskflow', 'dataset_alias_example_alias_consumer_with_no_taskflow', 'dataset_s3_bucket_producer_with_no_taskflow' retrieved from /home/airflow/.local/lib/python3.12/site-packages/airflow/example_dags/example_dataset_alias_with_no_taskflow.py
[2025-01-02T19:01:17.647+0000] {logging_mixin.py:190} INFO - [2025-01-02T19:01:17.647+0000] {dag.py:3239} INFO - Sync 4 DAGs
[2025-01-02T19:01:17.672+0000] {logging_mixin.py:190} INFO - [2025-01-02T19:01:17.672+0000] {dag.py:4180} INFO - Setting next_dagrun for dataset_alias_example_alias_consumer_with_no_taskflow to None, run_after=None
[2025-01-02T19:01:17.675+0000] {logging_mixin.py:190} INFO - [2025-01-02T19:01:17.674+0000] {dag.py:4180} INFO - Setting next_dagrun for dataset_alias_example_alias_producer_with_no_taskflow to None, run_after=None
[2025-01-02T19:01:17.676+0000] {logging_mixin.py:190} INFO - [2025-01-02T19:01:17.676+0000] {dag.py:4180} INFO - Setting next_dagrun for dataset_s3_bucket_consumer_with_no_taskflow to None, run_after=None
[2025-01-02T19:01:17.678+0000] {logging_mixin.py:190} INFO - [2025-01-02T19:01:17.677+0000] {dag.py:4180} INFO - Setting next_dagrun for dataset_s3_bucket_producer_with_no_taskflow to None, run_after=None
[2025-01-02T19:01:17.699+0000] {processor.py:208} INFO - Processing /home/airflow/.local/lib/python3.12/site-packages/airflow/example_dags/example_dataset_alias_with_no_taskflow.py took 1.022 seconds
[2025-01-02T19:01:48.041+0000] {processor.py:186} INFO - Started process (PID=274) to work on /home/airflow/.local/lib/python3.12/site-packages/airflow/example_dags/example_dataset_alias_with_no_taskflow.py
[2025-01-02T19:01:48.094+0000] {processor.py:914} INFO - Processing file /home/airflow/.local/lib/python3.12/site-packages/airflow/example_dags/example_dataset_alias_with_no_taskflow.py for tasks to queue
[2025-01-02T19:01:48.098+0000] {logging_mixin.py:190} INFO - [2025-01-02T19:01:48.097+0000] {dagbag.py:588} INFO - Filling up the DagBag from /home/airflow/.local/lib/python3.12/site-packages/airflow/example_dags/example_dataset_alias_with_no_taskflow.py
[2025-01-02T19:01:48.908+0000] {processor.py:925} INFO - DAG(s) 'dataset_s3_bucket_producer_with_no_taskflow', 'dataset_alias_example_alias_consumer_with_no_taskflow', 'dataset_s3_bucket_consumer_with_no_taskflow', 'dataset_alias_example_alias_producer_with_no_taskflow' retrieved from /home/airflow/.local/lib/python3.12/site-packages/airflow/example_dags/example_dataset_alias_with_no_taskflow.py
[2025-01-02T19:01:48.932+0000] {logging_mixin.py:190} INFO - [2025-01-02T19:01:48.931+0000] {dag.py:3239} INFO - Sync 4 DAGs
[2025-01-02T19:01:48.956+0000] {logging_mixin.py:190} INFO - [2025-01-02T19:01:48.956+0000] {dag.py:4180} INFO - Setting next_dagrun for dataset_alias_example_alias_consumer_with_no_taskflow to None, run_after=None
[2025-01-02T19:01:48.959+0000] {logging_mixin.py:190} INFO - [2025-01-02T19:01:48.959+0000] {dag.py:4180} INFO - Setting next_dagrun for dataset_alias_example_alias_producer_with_no_taskflow to None, run_after=None
[2025-01-02T19:01:48.961+0000] {logging_mixin.py:190} INFO - [2025-01-02T19:01:48.961+0000] {dag.py:4180} INFO - Setting next_dagrun for dataset_s3_bucket_consumer_with_no_taskflow to None, run_after=None
[2025-01-02T19:01:48.962+0000] {logging_mixin.py:190} INFO - [2025-01-02T19:01:48.962+0000] {dag.py:4180} INFO - Setting next_dagrun for dataset_s3_bucket_producer_with_no_taskflow to None, run_after=None
[2025-01-02T19:01:48.983+0000] {processor.py:208} INFO - Processing /home/airflow/.local/lib/python3.12/site-packages/airflow/example_dags/example_dataset_alias_with_no_taskflow.py took 0.949 seconds
[2025-01-02T19:02:19.053+0000] {processor.py:186} INFO - Started process (PID=341) to work on /home/airflow/.local/lib/python3.12/site-packages/airflow/example_dags/example_dataset_alias_with_no_taskflow.py
[2025-01-02T19:02:19.054+0000] {processor.py:914} INFO - Processing file /home/airflow/.local/lib/python3.12/site-packages/airflow/example_dags/example_dataset_alias_with_no_taskflow.py for tasks to queue
[2025-01-02T19:02:19.057+0000] {logging_mixin.py:190} INFO - [2025-01-02T19:02:19.057+0000] {dagbag.py:588} INFO - Filling up the DagBag from /home/airflow/.local/lib/python3.12/site-packages/airflow/example_dags/example_dataset_alias_with_no_taskflow.py
[2025-01-02T19:02:19.690+0000] {processor.py:925} INFO - DAG(s) 'dataset_alias_example_alias_consumer_with_no_taskflow', 'dataset_s3_bucket_consumer_with_no_taskflow', 'dataset_s3_bucket_producer_with_no_taskflow', 'dataset_alias_example_alias_producer_with_no_taskflow' retrieved from /home/airflow/.local/lib/python3.12/site-packages/airflow/example_dags/example_dataset_alias_with_no_taskflow.py
[2025-01-02T19:02:19.711+0000] {logging_mixin.py:190} INFO - [2025-01-02T19:02:19.710+0000] {dag.py:3239} INFO - Sync 4 DAGs
[2025-01-02T19:02:19.735+0000] {logging_mixin.py:190} INFO - [2025-01-02T19:02:19.735+0000] {dag.py:4180} INFO - Setting next_dagrun for dataset_alias_example_alias_consumer_with_no_taskflow to None, run_after=None
[2025-01-02T19:02:19.738+0000] {logging_mixin.py:190} INFO - [2025-01-02T19:02:19.738+0000] {dag.py:4180} INFO - Setting next_dagrun for dataset_alias_example_alias_producer_with_no_taskflow to None, run_after=None
[2025-01-02T19:02:19.739+0000] {logging_mixin.py:190} INFO - [2025-01-02T19:02:19.739+0000] {dag.py:4180} INFO - Setting next_dagrun for dataset_s3_bucket_consumer_with_no_taskflow to None, run_after=None
[2025-01-02T19:02:19.741+0000] {logging_mixin.py:190} INFO - [2025-01-02T19:02:19.740+0000] {dag.py:4180} INFO - Setting next_dagrun for dataset_s3_bucket_producer_with_no_taskflow to None, run_after=None
[2025-01-02T19:02:19.762+0000] {processor.py:208} INFO - Processing /home/airflow/.local/lib/python3.12/site-packages/airflow/example_dags/example_dataset_alias_with_no_taskflow.py took 0.717 seconds
[2025-01-02T19:02:50.115+0000] {processor.py:186} INFO - Started process (PID=404) to work on /home/airflow/.local/lib/python3.12/site-packages/airflow/example_dags/example_dataset_alias_with_no_taskflow.py
[2025-01-02T19:02:50.118+0000] {processor.py:914} INFO - Processing file /home/airflow/.local/lib/python3.12/site-packages/airflow/example_dags/example_dataset_alias_with_no_taskflow.py for tasks to queue
[2025-01-02T19:02:50.121+0000] {logging_mixin.py:190} INFO - [2025-01-02T19:02:50.120+0000] {dagbag.py:588} INFO - Filling up the DagBag from /home/airflow/.local/lib/python3.12/site-packages/airflow/example_dags/example_dataset_alias_with_no_taskflow.py
[2025-01-02T19:02:50.971+0000] {processor.py:925} INFO - DAG(s) 'dataset_s3_bucket_consumer_with_no_taskflow', 'dataset_alias_example_alias_producer_with_no_taskflow', 'dataset_alias_example_alias_consumer_with_no_taskflow', 'dataset_s3_bucket_producer_with_no_taskflow' retrieved from /home/airflow/.local/lib/python3.12/site-packages/airflow/example_dags/example_dataset_alias_with_no_taskflow.py
[2025-01-02T19:02:50.992+0000] {logging_mixin.py:190} INFO - [2025-01-02T19:02:50.992+0000] {dag.py:3239} INFO - Sync 4 DAGs
[2025-01-02T19:02:51.016+0000] {logging_mixin.py:190} INFO - [2025-01-02T19:02:51.016+0000] {dag.py:4180} INFO - Setting next_dagrun for dataset_alias_example_alias_consumer_with_no_taskflow to None, run_after=None
[2025-01-02T19:02:51.019+0000] {logging_mixin.py:190} INFO - [2025-01-02T19:02:51.019+0000] {dag.py:4180} INFO - Setting next_dagrun for dataset_alias_example_alias_producer_with_no_taskflow to None, run_after=None
[2025-01-02T19:02:51.021+0000] {logging_mixin.py:190} INFO - [2025-01-02T19:02:51.021+0000] {dag.py:4180} INFO - Setting next_dagrun for dataset_s3_bucket_consumer_with_no_taskflow to None, run_after=None
[2025-01-02T19:02:51.022+0000] {logging_mixin.py:190} INFO - [2025-01-02T19:02:51.022+0000] {dag.py:4180} INFO - Setting next_dagrun for dataset_s3_bucket_producer_with_no_taskflow to None, run_after=None
[2025-01-02T19:02:51.046+0000] {processor.py:208} INFO - Processing /home/airflow/.local/lib/python3.12/site-packages/airflow/example_dags/example_dataset_alias_with_no_taskflow.py took 0.950 seconds
[2025-01-02T19:03:21.638+0000] {processor.py:186} INFO - Started process (PID=467) to work on /home/airflow/.local/lib/python3.12/site-packages/airflow/example_dags/example_dataset_alias_with_no_taskflow.py
[2025-01-02T19:03:21.640+0000] {processor.py:914} INFO - Processing file /home/airflow/.local/lib/python3.12/site-packages/airflow/example_dags/example_dataset_alias_with_no_taskflow.py for tasks to queue
[2025-01-02T19:03:21.655+0000] {logging_mixin.py:190} INFO - [2025-01-02T19:03:21.655+0000] {dagbag.py:588} INFO - Filling up the DagBag from /home/airflow/.local/lib/python3.12/site-packages/airflow/example_dags/example_dataset_alias_with_no_taskflow.py
[2025-01-02T19:03:23.377+0000] {processor.py:925} INFO - DAG(s) 'dataset_s3_bucket_consumer_with_no_taskflow', 'dataset_alias_example_alias_producer_with_no_taskflow', 'dataset_alias_example_alias_consumer_with_no_taskflow', 'dataset_s3_bucket_producer_with_no_taskflow' retrieved from /home/airflow/.local/lib/python3.12/site-packages/airflow/example_dags/example_dataset_alias_with_no_taskflow.py
[2025-01-02T19:03:23.438+0000] {logging_mixin.py:190} INFO - [2025-01-02T19:03:23.437+0000] {dag.py:3239} INFO - Sync 4 DAGs
[2025-01-02T19:03:23.510+0000] {logging_mixin.py:190} INFO - [2025-01-02T19:03:23.510+0000] {dag.py:4180} INFO - Setting next_dagrun for dataset_alias_example_alias_consumer_with_no_taskflow to None, run_after=None
[2025-01-02T19:03:23.514+0000] {logging_mixin.py:190} INFO - [2025-01-02T19:03:23.514+0000] {dag.py:4180} INFO - Setting next_dagrun for dataset_alias_example_alias_producer_with_no_taskflow to None, run_after=None
[2025-01-02T19:03:23.518+0000] {logging_mixin.py:190} INFO - [2025-01-02T19:03:23.518+0000] {dag.py:4180} INFO - Setting next_dagrun for dataset_s3_bucket_consumer_with_no_taskflow to None, run_after=None
[2025-01-02T19:03:23.520+0000] {logging_mixin.py:190} INFO - [2025-01-02T19:03:23.520+0000] {dag.py:4180} INFO - Setting next_dagrun for dataset_s3_bucket_producer_with_no_taskflow to None, run_after=None
[2025-01-02T19:03:23.575+0000] {processor.py:208} INFO - Processing /home/airflow/.local/lib/python3.12/site-packages/airflow/example_dags/example_dataset_alias_with_no_taskflow.py took 1.967 seconds
[2025-01-02T19:03:53.637+0000] {processor.py:186} INFO - Started process (PID=530) to work on /home/airflow/.local/lib/python3.12/site-packages/airflow/example_dags/example_dataset_alias_with_no_taskflow.py
[2025-01-02T19:03:53.638+0000] {processor.py:914} INFO - Processing file /home/airflow/.local/lib/python3.12/site-packages/airflow/example_dags/example_dataset_alias_with_no_taskflow.py for tasks to queue
[2025-01-02T19:03:53.640+0000] {logging_mixin.py:190} INFO - [2025-01-02T19:03:53.640+0000] {dagbag.py:588} INFO - Filling up the DagBag from /home/airflow/.local/lib/python3.12/site-packages/airflow/example_dags/example_dataset_alias_with_no_taskflow.py
[2025-01-02T19:03:54.275+0000] {processor.py:925} INFO - DAG(s) 'dataset_alias_example_alias_consumer_with_no_taskflow', 'dataset_s3_bucket_consumer_with_no_taskflow', 'dataset_alias_example_alias_producer_with_no_taskflow', 'dataset_s3_bucket_producer_with_no_taskflow' retrieved from /home/airflow/.local/lib/python3.12/site-packages/airflow/example_dags/example_dataset_alias_with_no_taskflow.py
[2025-01-02T19:03:54.297+0000] {logging_mixin.py:190} INFO - [2025-01-02T19:03:54.296+0000] {dag.py:3239} INFO - Sync 4 DAGs
[2025-01-02T19:03:54.320+0000] {logging_mixin.py:190} INFO - [2025-01-02T19:03:54.319+0000] {dag.py:4180} INFO - Setting next_dagrun for dataset_alias_example_alias_consumer_with_no_taskflow to None, run_after=None
[2025-01-02T19:03:54.322+0000] {logging_mixin.py:190} INFO - [2025-01-02T19:03:54.322+0000] {dag.py:4180} INFO - Setting next_dagrun for dataset_alias_example_alias_producer_with_no_taskflow to None, run_after=None
[2025-01-02T19:03:54.326+0000] {logging_mixin.py:190} INFO - [2025-01-02T19:03:54.326+0000] {dag.py:4180} INFO - Setting next_dagrun for dataset_s3_bucket_consumer_with_no_taskflow to None, run_after=None
[2025-01-02T19:03:54.327+0000] {logging_mixin.py:190} INFO - [2025-01-02T19:03:54.327+0000] {dag.py:4180} INFO - Setting next_dagrun for dataset_s3_bucket_producer_with_no_taskflow to None, run_after=None
[2025-01-02T19:03:54.349+0000] {processor.py:208} INFO - Processing /home/airflow/.local/lib/python3.12/site-packages/airflow/example_dags/example_dataset_alias_with_no_taskflow.py took 0.720 seconds
[2025-01-02T19:04:25.043+0000] {processor.py:186} INFO - Started process (PID=593) to work on /home/airflow/.local/lib/python3.12/site-packages/airflow/example_dags/example_dataset_alias_with_no_taskflow.py
[2025-01-02T19:04:25.070+0000] {processor.py:914} INFO - Processing file /home/airflow/.local/lib/python3.12/site-packages/airflow/example_dags/example_dataset_alias_with_no_taskflow.py for tasks to queue
[2025-01-02T19:04:25.072+0000] {logging_mixin.py:190} INFO - [2025-01-02T19:04:25.072+0000] {dagbag.py:588} INFO - Filling up the DagBag from /home/airflow/.local/lib/python3.12/site-packages/airflow/example_dags/example_dataset_alias_with_no_taskflow.py
[2025-01-02T19:04:25.764+0000] {processor.py:925} INFO - DAG(s) 'dataset_s3_bucket_producer_with_no_taskflow', 'dataset_s3_bucket_consumer_with_no_taskflow', 'dataset_alias_example_alias_producer_with_no_taskflow', 'dataset_alias_example_alias_consumer_with_no_taskflow' retrieved from /home/airflow/.local/lib/python3.12/site-packages/airflow/example_dags/example_dataset_alias_with_no_taskflow.py
[2025-01-02T19:04:25.785+0000] {logging_mixin.py:190} INFO - [2025-01-02T19:04:25.784+0000] {dag.py:3239} INFO - Sync 4 DAGs
[2025-01-02T19:04:25.808+0000] {logging_mixin.py:190} INFO - [2025-01-02T19:04:25.808+0000] {dag.py:4180} INFO - Setting next_dagrun for dataset_alias_example_alias_consumer_with_no_taskflow to None, run_after=None
[2025-01-02T19:04:25.811+0000] {logging_mixin.py:190} INFO - [2025-01-02T19:04:25.810+0000] {dag.py:4180} INFO - Setting next_dagrun for dataset_alias_example_alias_producer_with_no_taskflow to None, run_after=None
[2025-01-02T19:04:25.812+0000] {logging_mixin.py:190} INFO - [2025-01-02T19:04:25.812+0000] {dag.py:4180} INFO - Setting next_dagrun for dataset_s3_bucket_consumer_with_no_taskflow to None, run_after=None
[2025-01-02T19:04:25.813+0000] {logging_mixin.py:190} INFO - [2025-01-02T19:04:25.813+0000] {dag.py:4180} INFO - Setting next_dagrun for dataset_s3_bucket_producer_with_no_taskflow to None, run_after=None
[2025-01-02T19:04:25.833+0000] {processor.py:208} INFO - Processing /home/airflow/.local/lib/python3.12/site-packages/airflow/example_dags/example_dataset_alias_with_no_taskflow.py took 0.800 seconds
[2025-01-02T19:04:56.474+0000] {processor.py:186} INFO - Started process (PID=662) to work on /home/airflow/.local/lib/python3.12/site-packages/airflow/example_dags/example_dataset_alias_with_no_taskflow.py
[2025-01-02T19:04:56.475+0000] {processor.py:914} INFO - Processing file /home/airflow/.local/lib/python3.12/site-packages/airflow/example_dags/example_dataset_alias_with_no_taskflow.py for tasks to queue
[2025-01-02T19:04:56.486+0000] {logging_mixin.py:190} INFO - [2025-01-02T19:04:56.485+0000] {dagbag.py:588} INFO - Filling up the DagBag from /home/airflow/.local/lib/python3.12/site-packages/airflow/example_dags/example_dataset_alias_with_no_taskflow.py
[2025-01-02T19:05:00.092+0000] {logging_mixin.py:190} WARNING - Exception ignored in: <function WeakKeyDictionary.__init__.<locals>.remove at 0x7fc0de2a1080>
[2025-01-02T19:05:00.092+0000] {logging_mixin.py:190} WARNING - Traceback (most recent call last):
[2025-01-02T19:05:00.092+0000] {logging_mixin.py:190} WARNING -   File "/usr/local/lib/python3.12/weakref.py", line 369, in remove
[2025-01-02T19:05:00.093+0000] {logging_mixin.py:190} WARNING -     def remove(k, selfref=ref(self)):
[2025-01-02T19:05:00.093+0000] {logging_mixin.py:190} WARNING -   File "/home/airflow/.local/lib/python3.12/site-packages/airflow/dag_processing/manager.py", line 466, in _exit_gracefully
[2025-01-02T19:05:00.094+0000] {logging_mixin.py:190} WARNING -     self.log.debug("Current Stacktrace is: %s", "\n".join(map(str, inspect.stack())))
[2025-01-02T19:05:00.094+0000] {logging_mixin.py:190} WARNING -                                                                    ^^^^^^^^^^^^^^^
[2025-01-02T19:05:00.094+0000] {logging_mixin.py:190} WARNING -   File "/usr/local/lib/python3.12/inspect.py", line 1781, in stack
[2025-01-02T19:05:00.095+0000] {logging_mixin.py:190} WARNING -     return getouterframes(sys._getframe(1), context)
[2025-01-02T19:05:00.095+0000] {logging_mixin.py:190} WARNING -            ^^^^^^^^^^^^^^^^^^^^^^^^^^^^^^^^^^^^^^^^^
[2025-01-02T19:05:00.096+0000] {logging_mixin.py:190} WARNING -   File "/usr/local/lib/python3.12/inspect.py", line 1756, in getouterframes
[2025-01-02T19:05:00.096+0000] {logging_mixin.py:190} WARNING -     traceback_info = getframeinfo(frame, context)
[2025-01-02T19:05:00.097+0000] {logging_mixin.py:190} WARNING -                      ^^^^^^^^^^^^^^^^^^^^^^^^^^^^
[2025-01-02T19:05:00.097+0000] {logging_mixin.py:190} WARNING -   File "/usr/local/lib/python3.12/inspect.py", line 1718, in getframeinfo
[2025-01-02T19:05:00.098+0000] {logging_mixin.py:190} WARNING -     lines, lnum = findsource(frame)
[2025-01-02T19:05:00.099+0000] {logging_mixin.py:190} WARNING -                   ^^^^^^^^^^^^^^^^^
[2025-01-02T19:05:00.099+0000] {logging_mixin.py:190} WARNING -   File "/usr/local/lib/python3.12/inspect.py", line 1090, in findsource
[2025-01-02T19:05:00.100+0000] {logging_mixin.py:190} WARNING -     module = getmodule(object, file)
[2025-01-02T19:05:00.100+0000] {logging_mixin.py:190} WARNING -              ^^^^^^^^^^^^^^^^^^^^^^^
[2025-01-02T19:05:00.100+0000] {logging_mixin.py:190} WARNING -   File "/usr/local/lib/python3.12/inspect.py", line 1016, in getmodule
[2025-01-02T19:05:00.101+0000] {logging_mixin.py:190} WARNING -     os.path.realpath(f)] = module.__name__
[2025-01-02T19:05:00.101+0000] {logging_mixin.py:190} WARNING -     ^^^^^^^^^^^^^^^^^^^
[2025-01-02T19:05:00.101+0000] {logging_mixin.py:190} WARNING -   File "<frozen posixpath>", line 427, in realpath
[2025-01-02T19:05:00.102+0000] {logging_mixin.py:190} WARNING -   File "<frozen posixpath>", line 460, in _joinrealpath
[2025-01-02T19:05:00.102+0000] {logging_mixin.py:190} WARNING -   File "<frozen posixpath>", line 88, in join
[2025-01-02T19:05:00.102+0000] {logging_mixin.py:190} WARNING -   File "/home/airflow/.local/lib/python3.12/site-packages/airflow/dag_processing/manager.py", line 470, in _exit_gracefully
[2025-01-02T19:05:00.102+0000] {logging_mixin.py:190} WARNING -     sys.exit(os.EX_OK)
[2025-01-02T19:05:00.103+0000] {logging_mixin.py:190} WARNING - SystemExit: 0
[2025-01-02T19:05:00.353+0000] {processor.py:925} INFO - DAG(s) 'dataset_alias_example_alias_consumer_with_no_taskflow', 'dataset_alias_example_alias_producer_with_no_taskflow', 'dataset_s3_bucket_producer_with_no_taskflow', 'dataset_s3_bucket_consumer_with_no_taskflow' retrieved from /home/airflow/.local/lib/python3.12/site-packages/airflow/example_dags/example_dataset_alias_with_no_taskflow.py
[2025-01-02T19:05:00.381+0000] {logging_mixin.py:190} INFO - [2025-01-02T19:05:00.380+0000] {dag.py:3239} INFO - Sync 4 DAGs
[2025-01-02T19:05:00.414+0000] {logging_mixin.py:190} INFO - [2025-01-02T19:05:00.414+0000] {dag.py:4180} INFO - Setting next_dagrun for dataset_alias_example_alias_consumer_with_no_taskflow to None, run_after=None
[2025-01-02T19:05:00.418+0000] {logging_mixin.py:190} INFO - [2025-01-02T19:05:00.418+0000] {dag.py:4180} INFO - Setting next_dagrun for dataset_alias_example_alias_producer_with_no_taskflow to None, run_after=None
[2025-01-02T19:05:00.421+0000] {logging_mixin.py:190} INFO - [2025-01-02T19:05:00.421+0000] {dag.py:4180} INFO - Setting next_dagrun for dataset_s3_bucket_consumer_with_no_taskflow to None, run_after=None
[2025-01-02T19:05:00.423+0000] {logging_mixin.py:190} INFO - [2025-01-02T19:05:00.422+0000] {dag.py:4180} INFO - Setting next_dagrun for dataset_s3_bucket_producer_with_no_taskflow to None, run_after=None
[2025-01-02T19:05:00.450+0000] {processor.py:208} INFO - Processing /home/airflow/.local/lib/python3.12/site-packages/airflow/example_dags/example_dataset_alias_with_no_taskflow.py took 3.985 seconds
