[2025-01-02T18:55:22.910+0000] {processor.py:186} INFO - Started process (PID=85) to work on /home/airflow/.local/lib/python3.12/site-packages/airflow/example_dags/example_short_circuit_operator.py
[2025-01-02T18:55:22.911+0000] {processor.py:914} INFO - Processing file /home/airflow/.local/lib/python3.12/site-packages/airflow/example_dags/example_short_circuit_operator.py for tasks to queue
[2025-01-02T18:55:22.927+0000] {logging_mixin.py:190} INFO - [2025-01-02T18:55:22.926+0000] {dagbag.py:588} INFO - Filling up the DagBag from /home/airflow/.local/lib/python3.12/site-packages/airflow/example_dags/example_short_circuit_operator.py
[2025-01-02T18:55:23.003+0000] {processor.py:925} INFO - DAG(s) 'example_short_circuit_operator' retrieved from /home/airflow/.local/lib/python3.12/site-packages/airflow/example_dags/example_short_circuit_operator.py
[2025-01-02T18:55:23.684+0000] {logging_mixin.py:190} INFO - [2025-01-02T18:55:23.683+0000] {override.py:1911} INFO - Created Permission View: can edit on DAG:example_short_circuit_operator
[2025-01-02T18:55:23.739+0000] {logging_mixin.py:190} INFO - [2025-01-02T18:55:23.739+0000] {override.py:1911} INFO - Created Permission View: can delete on DAG:example_short_circuit_operator
[2025-01-02T18:55:23.755+0000] {logging_mixin.py:190} INFO - [2025-01-02T18:55:23.755+0000] {override.py:1911} INFO - Created Permission View: can read on DAG:example_short_circuit_operator
[2025-01-02T18:55:23.777+0000] {logging_mixin.py:190} INFO - [2025-01-02T18:55:23.776+0000] {override.py:1911} INFO - Created Permission View: can create on DAG Run:example_short_circuit_operator
[2025-01-02T18:55:23.811+0000] {logging_mixin.py:190} INFO - [2025-01-02T18:55:23.810+0000] {override.py:1911} INFO - Created Permission View: can delete on DAG Run:example_short_circuit_operator
[2025-01-02T18:55:23.834+0000] {logging_mixin.py:190} INFO - [2025-01-02T18:55:23.834+0000] {override.py:1911} INFO - Created Permission View: menu access on DAG Run:example_short_circuit_operator
[2025-01-02T18:55:23.856+0000] {logging_mixin.py:190} INFO - [2025-01-02T18:55:23.856+0000] {override.py:1911} INFO - Created Permission View: can read on DAG Run:example_short_circuit_operator
[2025-01-02T18:55:23.857+0000] {logging_mixin.py:190} INFO - [2025-01-02T18:55:23.857+0000] {dag.py:3239} INFO - Sync 1 DAGs
[2025-01-02T18:55:23.966+0000] {logging_mixin.py:190} INFO - [2025-01-02T18:55:23.966+0000] {dag.py:3262} INFO - Creating ORM DAG for example_short_circuit_operator
[2025-01-02T18:55:23.967+0000] {logging_mixin.py:190} INFO - [2025-01-02T18:55:23.967+0000] {dag.py:4180} INFO - Setting next_dagrun for example_short_circuit_operator to None, run_after=None
[2025-01-02T18:55:24.066+0000] {processor.py:208} INFO - Processing /home/airflow/.local/lib/python3.12/site-packages/airflow/example_dags/example_short_circuit_operator.py took 1.203 seconds
[2025-01-02T18:55:54.733+0000] {processor.py:186} INFO - Started process (PID=147) to work on /home/airflow/.local/lib/python3.12/site-packages/airflow/example_dags/example_short_circuit_operator.py
[2025-01-02T18:55:54.734+0000] {processor.py:914} INFO - Processing file /home/airflow/.local/lib/python3.12/site-packages/airflow/example_dags/example_short_circuit_operator.py for tasks to queue
[2025-01-02T18:55:54.737+0000] {logging_mixin.py:190} INFO - [2025-01-02T18:55:54.736+0000] {dagbag.py:588} INFO - Filling up the DagBag from /home/airflow/.local/lib/python3.12/site-packages/airflow/example_dags/example_short_circuit_operator.py
[2025-01-02T18:55:54.747+0000] {processor.py:925} INFO - DAG(s) 'example_short_circuit_operator' retrieved from /home/airflow/.local/lib/python3.12/site-packages/airflow/example_dags/example_short_circuit_operator.py
[2025-01-02T18:55:54.774+0000] {logging_mixin.py:190} INFO - [2025-01-02T18:55:54.773+0000] {dag.py:3239} INFO - Sync 1 DAGs
[2025-01-02T18:55:54.789+0000] {logging_mixin.py:190} INFO - [2025-01-02T18:55:54.789+0000] {dag.py:4180} INFO - Setting next_dagrun for example_short_circuit_operator to None, run_after=None
[2025-01-02T18:55:54.808+0000] {processor.py:208} INFO - Processing /home/airflow/.local/lib/python3.12/site-packages/airflow/example_dags/example_short_circuit_operator.py took 0.082 seconds
[2025-01-02T18:56:25.654+0000] {processor.py:186} INFO - Started process (PID=210) to work on /home/airflow/.local/lib/python3.12/site-packages/airflow/example_dags/example_short_circuit_operator.py
[2025-01-02T18:56:25.675+0000] {processor.py:914} INFO - Processing file /home/airflow/.local/lib/python3.12/site-packages/airflow/example_dags/example_short_circuit_operator.py for tasks to queue
[2025-01-02T18:56:25.678+0000] {logging_mixin.py:190} INFO - [2025-01-02T18:56:25.678+0000] {dagbag.py:588} INFO - Filling up the DagBag from /home/airflow/.local/lib/python3.12/site-packages/airflow/example_dags/example_short_circuit_operator.py
[2025-01-02T18:56:25.690+0000] {processor.py:925} INFO - DAG(s) 'example_short_circuit_operator' retrieved from /home/airflow/.local/lib/python3.12/site-packages/airflow/example_dags/example_short_circuit_operator.py
[2025-01-02T18:56:25.715+0000] {logging_mixin.py:190} INFO - [2025-01-02T18:56:25.715+0000] {dag.py:3239} INFO - Sync 1 DAGs
[2025-01-02T18:56:25.732+0000] {logging_mixin.py:190} INFO - [2025-01-02T18:56:25.732+0000] {dag.py:4180} INFO - Setting next_dagrun for example_short_circuit_operator to None, run_after=None
[2025-01-02T18:56:25.754+0000] {processor.py:208} INFO - Processing /home/airflow/.local/lib/python3.12/site-packages/airflow/example_dags/example_short_circuit_operator.py took 0.107 seconds
[2025-01-02T18:56:56.827+0000] {processor.py:186} INFO - Started process (PID=272) to work on /home/airflow/.local/lib/python3.12/site-packages/airflow/example_dags/example_short_circuit_operator.py
[2025-01-02T18:56:56.828+0000] {processor.py:914} INFO - Processing file /home/airflow/.local/lib/python3.12/site-packages/airflow/example_dags/example_short_circuit_operator.py for tasks to queue
[2025-01-02T18:56:56.843+0000] {logging_mixin.py:190} INFO - [2025-01-02T18:56:56.843+0000] {dagbag.py:588} INFO - Filling up the DagBag from /home/airflow/.local/lib/python3.12/site-packages/airflow/example_dags/example_short_circuit_operator.py
[2025-01-02T18:56:56.890+0000] {processor.py:925} INFO - DAG(s) 'example_short_circuit_operator' retrieved from /home/airflow/.local/lib/python3.12/site-packages/airflow/example_dags/example_short_circuit_operator.py
[2025-01-02T18:56:57.014+0000] {logging_mixin.py:190} INFO - [2025-01-02T18:56:57.014+0000] {dag.py:3239} INFO - Sync 1 DAGs
[2025-01-02T18:56:57.062+0000] {logging_mixin.py:190} INFO - [2025-01-02T18:56:57.061+0000] {dag.py:4180} INFO - Setting next_dagrun for example_short_circuit_operator to None, run_after=None
[2025-01-02T18:56:57.138+0000] {processor.py:208} INFO - Processing /home/airflow/.local/lib/python3.12/site-packages/airflow/example_dags/example_short_circuit_operator.py took 0.332 seconds
[2025-01-02T18:57:27.755+0000] {processor.py:186} INFO - Started process (PID=335) to work on /home/airflow/.local/lib/python3.12/site-packages/airflow/example_dags/example_short_circuit_operator.py
[2025-01-02T18:57:27.757+0000] {processor.py:914} INFO - Processing file /home/airflow/.local/lib/python3.12/site-packages/airflow/example_dags/example_short_circuit_operator.py for tasks to queue
[2025-01-02T18:57:27.760+0000] {logging_mixin.py:190} INFO - [2025-01-02T18:57:27.760+0000] {dagbag.py:588} INFO - Filling up the DagBag from /home/airflow/.local/lib/python3.12/site-packages/airflow/example_dags/example_short_circuit_operator.py
[2025-01-02T18:57:27.774+0000] {processor.py:925} INFO - DAG(s) 'example_short_circuit_operator' retrieved from /home/airflow/.local/lib/python3.12/site-packages/airflow/example_dags/example_short_circuit_operator.py
[2025-01-02T18:57:27.806+0000] {logging_mixin.py:190} INFO - [2025-01-02T18:57:27.806+0000] {dag.py:3239} INFO - Sync 1 DAGs
[2025-01-02T18:57:27.828+0000] {logging_mixin.py:190} INFO - [2025-01-02T18:57:27.827+0000] {dag.py:4180} INFO - Setting next_dagrun for example_short_circuit_operator to None, run_after=None
[2025-01-02T18:57:27.853+0000] {processor.py:208} INFO - Processing /home/airflow/.local/lib/python3.12/site-packages/airflow/example_dags/example_short_circuit_operator.py took 0.107 seconds
[2025-01-02T19:00:14.242+0000] {processor.py:186} INFO - Started process (PID=80) to work on /home/airflow/.local/lib/python3.12/site-packages/airflow/example_dags/example_short_circuit_operator.py
[2025-01-02T19:00:14.253+0000] {processor.py:914} INFO - Processing file /home/airflow/.local/lib/python3.12/site-packages/airflow/example_dags/example_short_circuit_operator.py for tasks to queue
[2025-01-02T19:00:14.257+0000] {logging_mixin.py:190} INFO - [2025-01-02T19:00:14.256+0000] {dagbag.py:588} INFO - Filling up the DagBag from /home/airflow/.local/lib/python3.12/site-packages/airflow/example_dags/example_short_circuit_operator.py
[2025-01-02T19:00:14.289+0000] {processor.py:925} INFO - DAG(s) 'example_short_circuit_operator' retrieved from /home/airflow/.local/lib/python3.12/site-packages/airflow/example_dags/example_short_circuit_operator.py
[2025-01-02T19:00:14.350+0000] {logging_mixin.py:190} INFO - [2025-01-02T19:00:14.350+0000] {dag.py:3239} INFO - Sync 1 DAGs
[2025-01-02T19:00:14.393+0000] {logging_mixin.py:190} INFO - [2025-01-02T19:00:14.393+0000] {dag.py:4180} INFO - Setting next_dagrun for example_short_circuit_operator to None, run_after=None
[2025-01-02T19:00:14.462+0000] {processor.py:208} INFO - Processing /home/airflow/.local/lib/python3.12/site-packages/airflow/example_dags/example_short_circuit_operator.py took 0.239 seconds
[2025-01-02T19:00:45.001+0000] {processor.py:186} INFO - Started process (PID=142) to work on /home/airflow/.local/lib/python3.12/site-packages/airflow/example_dags/example_short_circuit_operator.py
[2025-01-02T19:00:45.002+0000] {processor.py:914} INFO - Processing file /home/airflow/.local/lib/python3.12/site-packages/airflow/example_dags/example_short_circuit_operator.py for tasks to queue
[2025-01-02T19:00:45.006+0000] {logging_mixin.py:190} INFO - [2025-01-02T19:00:45.006+0000] {dagbag.py:588} INFO - Filling up the DagBag from /home/airflow/.local/lib/python3.12/site-packages/airflow/example_dags/example_short_circuit_operator.py
[2025-01-02T19:00:45.019+0000] {processor.py:925} INFO - DAG(s) 'example_short_circuit_operator' retrieved from /home/airflow/.local/lib/python3.12/site-packages/airflow/example_dags/example_short_circuit_operator.py
[2025-01-02T19:00:45.055+0000] {logging_mixin.py:190} INFO - [2025-01-02T19:00:45.055+0000] {dag.py:3239} INFO - Sync 1 DAGs
[2025-01-02T19:00:45.077+0000] {logging_mixin.py:190} INFO - [2025-01-02T19:00:45.076+0000] {dag.py:4180} INFO - Setting next_dagrun for example_short_circuit_operator to None, run_after=None
[2025-01-02T19:00:45.102+0000] {processor.py:208} INFO - Processing /home/airflow/.local/lib/python3.12/site-packages/airflow/example_dags/example_short_circuit_operator.py took 0.110 seconds
[2025-01-02T19:01:15.292+0000] {processor.py:186} INFO - Started process (PID=205) to work on /home/airflow/.local/lib/python3.12/site-packages/airflow/example_dags/example_short_circuit_operator.py
[2025-01-02T19:01:15.294+0000] {processor.py:914} INFO - Processing file /home/airflow/.local/lib/python3.12/site-packages/airflow/example_dags/example_short_circuit_operator.py for tasks to queue
[2025-01-02T19:01:15.298+0000] {logging_mixin.py:190} INFO - [2025-01-02T19:01:15.298+0000] {dagbag.py:588} INFO - Filling up the DagBag from /home/airflow/.local/lib/python3.12/site-packages/airflow/example_dags/example_short_circuit_operator.py
[2025-01-02T19:01:15.321+0000] {processor.py:925} INFO - DAG(s) 'example_short_circuit_operator' retrieved from /home/airflow/.local/lib/python3.12/site-packages/airflow/example_dags/example_short_circuit_operator.py
[2025-01-02T19:01:15.358+0000] {logging_mixin.py:190} INFO - [2025-01-02T19:01:15.358+0000] {dag.py:3239} INFO - Sync 1 DAGs
[2025-01-02T19:01:15.380+0000] {logging_mixin.py:190} INFO - [2025-01-02T19:01:15.380+0000] {dag.py:4180} INFO - Setting next_dagrun for example_short_circuit_operator to None, run_after=None
[2025-01-02T19:01:15.405+0000] {processor.py:208} INFO - Processing /home/airflow/.local/lib/python3.12/site-packages/airflow/example_dags/example_short_circuit_operator.py took 0.123 seconds
[2025-01-02T19:01:45.530+0000] {processor.py:186} INFO - Started process (PID=268) to work on /home/airflow/.local/lib/python3.12/site-packages/airflow/example_dags/example_short_circuit_operator.py
[2025-01-02T19:01:45.531+0000] {processor.py:914} INFO - Processing file /home/airflow/.local/lib/python3.12/site-packages/airflow/example_dags/example_short_circuit_operator.py for tasks to queue
[2025-01-02T19:01:45.535+0000] {logging_mixin.py:190} INFO - [2025-01-02T19:01:45.535+0000] {dagbag.py:588} INFO - Filling up the DagBag from /home/airflow/.local/lib/python3.12/site-packages/airflow/example_dags/example_short_circuit_operator.py
[2025-01-02T19:01:45.548+0000] {processor.py:925} INFO - DAG(s) 'example_short_circuit_operator' retrieved from /home/airflow/.local/lib/python3.12/site-packages/airflow/example_dags/example_short_circuit_operator.py
[2025-01-02T19:01:45.588+0000] {logging_mixin.py:190} INFO - [2025-01-02T19:01:45.588+0000] {dag.py:3239} INFO - Sync 1 DAGs
[2025-01-02T19:01:45.610+0000] {logging_mixin.py:190} INFO - [2025-01-02T19:01:45.610+0000] {dag.py:4180} INFO - Setting next_dagrun for example_short_circuit_operator to None, run_after=None
[2025-01-02T19:01:45.633+0000] {processor.py:208} INFO - Processing /home/airflow/.local/lib/python3.12/site-packages/airflow/example_dags/example_short_circuit_operator.py took 0.112 seconds
[2025-01-02T19:02:16.187+0000] {processor.py:186} INFO - Started process (PID=331) to work on /home/airflow/.local/lib/python3.12/site-packages/airflow/example_dags/example_short_circuit_operator.py
[2025-01-02T19:02:16.201+0000] {processor.py:914} INFO - Processing file /home/airflow/.local/lib/python3.12/site-packages/airflow/example_dags/example_short_circuit_operator.py for tasks to queue
[2025-01-02T19:02:16.205+0000] {logging_mixin.py:190} INFO - [2025-01-02T19:02:16.205+0000] {dagbag.py:588} INFO - Filling up the DagBag from /home/airflow/.local/lib/python3.12/site-packages/airflow/example_dags/example_short_circuit_operator.py
[2025-01-02T19:02:16.218+0000] {processor.py:925} INFO - DAG(s) 'example_short_circuit_operator' retrieved from /home/airflow/.local/lib/python3.12/site-packages/airflow/example_dags/example_short_circuit_operator.py
[2025-01-02T19:02:16.250+0000] {logging_mixin.py:190} INFO - [2025-01-02T19:02:16.250+0000] {dag.py:3239} INFO - Sync 1 DAGs
[2025-01-02T19:02:16.273+0000] {logging_mixin.py:190} INFO - [2025-01-02T19:02:16.272+0000] {dag.py:4180} INFO - Setting next_dagrun for example_short_circuit_operator to None, run_after=None
[2025-01-02T19:02:16.298+0000] {processor.py:208} INFO - Processing /home/airflow/.local/lib/python3.12/site-packages/airflow/example_dags/example_short_circuit_operator.py took 0.118 seconds
[2025-01-02T19:02:47.393+0000] {processor.py:186} INFO - Started process (PID=394) to work on /home/airflow/.local/lib/python3.12/site-packages/airflow/example_dags/example_short_circuit_operator.py
[2025-01-02T19:02:47.407+0000] {processor.py:914} INFO - Processing file /home/airflow/.local/lib/python3.12/site-packages/airflow/example_dags/example_short_circuit_operator.py for tasks to queue
[2025-01-02T19:02:47.411+0000] {logging_mixin.py:190} INFO - [2025-01-02T19:02:47.410+0000] {dagbag.py:588} INFO - Filling up the DagBag from /home/airflow/.local/lib/python3.12/site-packages/airflow/example_dags/example_short_circuit_operator.py
[2025-01-02T19:02:47.449+0000] {processor.py:925} INFO - DAG(s) 'example_short_circuit_operator' retrieved from /home/airflow/.local/lib/python3.12/site-packages/airflow/example_dags/example_short_circuit_operator.py
[2025-01-02T19:02:47.499+0000] {logging_mixin.py:190} INFO - [2025-01-02T19:02:47.499+0000] {dag.py:3239} INFO - Sync 1 DAGs
[2025-01-02T19:02:47.522+0000] {logging_mixin.py:190} INFO - [2025-01-02T19:02:47.521+0000] {dag.py:4180} INFO - Setting next_dagrun for example_short_circuit_operator to None, run_after=None
[2025-01-02T19:02:47.578+0000] {processor.py:208} INFO - Processing /home/airflow/.local/lib/python3.12/site-packages/airflow/example_dags/example_short_circuit_operator.py took 0.233 seconds
[2025-01-02T19:03:18.043+0000] {processor.py:186} INFO - Started process (PID=457) to work on /home/airflow/.local/lib/python3.12/site-packages/airflow/example_dags/example_short_circuit_operator.py
[2025-01-02T19:03:18.044+0000] {processor.py:914} INFO - Processing file /home/airflow/.local/lib/python3.12/site-packages/airflow/example_dags/example_short_circuit_operator.py for tasks to queue
[2025-01-02T19:03:18.048+0000] {logging_mixin.py:190} INFO - [2025-01-02T19:03:18.047+0000] {dagbag.py:588} INFO - Filling up the DagBag from /home/airflow/.local/lib/python3.12/site-packages/airflow/example_dags/example_short_circuit_operator.py
[2025-01-02T19:03:18.060+0000] {processor.py:925} INFO - DAG(s) 'example_short_circuit_operator' retrieved from /home/airflow/.local/lib/python3.12/site-packages/airflow/example_dags/example_short_circuit_operator.py
[2025-01-02T19:03:18.092+0000] {logging_mixin.py:190} INFO - [2025-01-02T19:03:18.092+0000] {dag.py:3239} INFO - Sync 1 DAGs
[2025-01-02T19:03:18.114+0000] {logging_mixin.py:190} INFO - [2025-01-02T19:03:18.114+0000] {dag.py:4180} INFO - Setting next_dagrun for example_short_circuit_operator to None, run_after=None
[2025-01-02T19:03:18.139+0000] {processor.py:208} INFO - Processing /home/airflow/.local/lib/python3.12/site-packages/airflow/example_dags/example_short_circuit_operator.py took 0.106 seconds
[2025-01-02T19:03:48.780+0000] {processor.py:186} INFO - Started process (PID=520) to work on /home/airflow/.local/lib/python3.12/site-packages/airflow/example_dags/example_short_circuit_operator.py
[2025-01-02T19:03:48.800+0000] {processor.py:914} INFO - Processing file /home/airflow/.local/lib/python3.12/site-packages/airflow/example_dags/example_short_circuit_operator.py for tasks to queue
[2025-01-02T19:03:48.804+0000] {logging_mixin.py:190} INFO - [2025-01-02T19:03:48.804+0000] {dagbag.py:588} INFO - Filling up the DagBag from /home/airflow/.local/lib/python3.12/site-packages/airflow/example_dags/example_short_circuit_operator.py
[2025-01-02T19:03:48.818+0000] {processor.py:925} INFO - DAG(s) 'example_short_circuit_operator' retrieved from /home/airflow/.local/lib/python3.12/site-packages/airflow/example_dags/example_short_circuit_operator.py
[2025-01-02T19:03:48.851+0000] {logging_mixin.py:190} INFO - [2025-01-02T19:03:48.851+0000] {dag.py:3239} INFO - Sync 1 DAGs
[2025-01-02T19:03:48.872+0000] {logging_mixin.py:190} INFO - [2025-01-02T19:03:48.871+0000] {dag.py:4180} INFO - Setting next_dagrun for example_short_circuit_operator to None, run_after=None
[2025-01-02T19:03:48.896+0000] {processor.py:208} INFO - Processing /home/airflow/.local/lib/python3.12/site-packages/airflow/example_dags/example_short_circuit_operator.py took 0.125 seconds
[2025-01-02T19:04:19.287+0000] {processor.py:186} INFO - Started process (PID=583) to work on /home/airflow/.local/lib/python3.12/site-packages/airflow/example_dags/example_short_circuit_operator.py
[2025-01-02T19:04:19.289+0000] {processor.py:914} INFO - Processing file /home/airflow/.local/lib/python3.12/site-packages/airflow/example_dags/example_short_circuit_operator.py for tasks to queue
[2025-01-02T19:04:19.293+0000] {logging_mixin.py:190} INFO - [2025-01-02T19:04:19.292+0000] {dagbag.py:588} INFO - Filling up the DagBag from /home/airflow/.local/lib/python3.12/site-packages/airflow/example_dags/example_short_circuit_operator.py
[2025-01-02T19:04:19.305+0000] {processor.py:925} INFO - DAG(s) 'example_short_circuit_operator' retrieved from /home/airflow/.local/lib/python3.12/site-packages/airflow/example_dags/example_short_circuit_operator.py
[2025-01-02T19:04:19.337+0000] {logging_mixin.py:190} INFO - [2025-01-02T19:04:19.337+0000] {dag.py:3239} INFO - Sync 1 DAGs
[2025-01-02T19:04:19.360+0000] {logging_mixin.py:190} INFO - [2025-01-02T19:04:19.359+0000] {dag.py:4180} INFO - Setting next_dagrun for example_short_circuit_operator to None, run_after=None
[2025-01-02T19:04:19.384+0000] {processor.py:208} INFO - Processing /home/airflow/.local/lib/python3.12/site-packages/airflow/example_dags/example_short_circuit_operator.py took 0.107 seconds
[2025-01-02T19:04:49.692+0000] {processor.py:186} INFO - Started process (PID=646) to work on /home/airflow/.local/lib/python3.12/site-packages/airflow/example_dags/example_short_circuit_operator.py
[2025-01-02T19:04:49.698+0000] {processor.py:914} INFO - Processing file /home/airflow/.local/lib/python3.12/site-packages/airflow/example_dags/example_short_circuit_operator.py for tasks to queue
[2025-01-02T19:04:49.702+0000] {logging_mixin.py:190} INFO - [2025-01-02T19:04:49.701+0000] {dagbag.py:588} INFO - Filling up the DagBag from /home/airflow/.local/lib/python3.12/site-packages/airflow/example_dags/example_short_circuit_operator.py
[2025-01-02T19:04:49.714+0000] {processor.py:925} INFO - DAG(s) 'example_short_circuit_operator' retrieved from /home/airflow/.local/lib/python3.12/site-packages/airflow/example_dags/example_short_circuit_operator.py
[2025-01-02T19:04:49.749+0000] {logging_mixin.py:190} INFO - [2025-01-02T19:04:49.748+0000] {dag.py:3239} INFO - Sync 1 DAGs
[2025-01-02T19:04:49.769+0000] {logging_mixin.py:190} INFO - [2025-01-02T19:04:49.768+0000] {dag.py:4180} INFO - Setting next_dagrun for example_short_circuit_operator to None, run_after=None
[2025-01-02T19:04:49.789+0000] {processor.py:208} INFO - Processing /home/airflow/.local/lib/python3.12/site-packages/airflow/example_dags/example_short_circuit_operator.py took 0.106 seconds
