[2025-01-02T18:55:30.608+0000] {processor.py:186} INFO - Started process (PID=100) to work on /home/airflow/.local/lib/python3.12/site-packages/airflow/example_dags/example_params_trigger_ui.py
[2025-01-02T18:55:30.626+0000] {processor.py:914} INFO - Processing file /home/airflow/.local/lib/python3.12/site-packages/airflow/example_dags/example_params_trigger_ui.py for tasks to queue
[2025-01-02T18:55:30.637+0000] {logging_mixin.py:190} INFO - [2025-01-02T18:55:30.629+0000] {dagbag.py:588} INFO - Filling up the DagBag from /home/airflow/.local/lib/python3.12/site-packages/airflow/example_dags/example_params_trigger_ui.py
[2025-01-02T18:55:30.715+0000] {processor.py:925} INFO - DAG(s) 'example_params_trigger_ui' retrieved from /home/airflow/.local/lib/python3.12/site-packages/airflow/example_dags/example_params_trigger_ui.py
[2025-01-02T18:55:31.332+0000] {logging_mixin.py:190} INFO - [2025-01-02T18:55:31.331+0000] {override.py:1911} INFO - Created Permission View: can edit on DAG:example_params_trigger_ui
[2025-01-02T18:55:31.369+0000] {logging_mixin.py:190} INFO - [2025-01-02T18:55:31.369+0000] {override.py:1911} INFO - Created Permission View: can delete on DAG:example_params_trigger_ui
[2025-01-02T18:55:31.388+0000] {logging_mixin.py:190} INFO - [2025-01-02T18:55:31.387+0000] {override.py:1911} INFO - Created Permission View: can read on DAG:example_params_trigger_ui
[2025-01-02T18:55:31.415+0000] {logging_mixin.py:190} INFO - [2025-01-02T18:55:31.414+0000] {override.py:1911} INFO - Created Permission View: can create on DAG Run:example_params_trigger_ui
[2025-01-02T18:55:31.438+0000] {logging_mixin.py:190} INFO - [2025-01-02T18:55:31.437+0000] {override.py:1911} INFO - Created Permission View: can delete on DAG Run:example_params_trigger_ui
[2025-01-02T18:55:31.459+0000] {logging_mixin.py:190} INFO - [2025-01-02T18:55:31.459+0000] {override.py:1911} INFO - Created Permission View: menu access on DAG Run:example_params_trigger_ui
[2025-01-02T18:55:31.483+0000] {logging_mixin.py:190} INFO - [2025-01-02T18:55:31.483+0000] {override.py:1911} INFO - Created Permission View: can read on DAG Run:example_params_trigger_ui
[2025-01-02T18:55:31.484+0000] {logging_mixin.py:190} INFO - [2025-01-02T18:55:31.483+0000] {dag.py:3239} INFO - Sync 1 DAGs
[2025-01-02T18:55:31.595+0000] {logging_mixin.py:190} INFO - [2025-01-02T18:55:31.594+0000] {dag.py:3262} INFO - Creating ORM DAG for example_params_trigger_ui
[2025-01-02T18:55:31.596+0000] {logging_mixin.py:190} INFO - [2025-01-02T18:55:31.595+0000] {dag.py:4180} INFO - Setting next_dagrun for example_params_trigger_ui to None, run_after=None
[2025-01-02T18:55:31.709+0000] {processor.py:208} INFO - Processing /home/airflow/.local/lib/python3.12/site-packages/airflow/example_dags/example_params_trigger_ui.py took 1.118 seconds
[2025-01-02T18:56:02.003+0000] {processor.py:186} INFO - Started process (PID=163) to work on /home/airflow/.local/lib/python3.12/site-packages/airflow/example_dags/example_params_trigger_ui.py
[2025-01-02T18:56:02.004+0000] {processor.py:914} INFO - Processing file /home/airflow/.local/lib/python3.12/site-packages/airflow/example_dags/example_params_trigger_ui.py for tasks to queue
[2025-01-02T18:56:02.008+0000] {logging_mixin.py:190} INFO - [2025-01-02T18:56:02.007+0000] {dagbag.py:588} INFO - Filling up the DagBag from /home/airflow/.local/lib/python3.12/site-packages/airflow/example_dags/example_params_trigger_ui.py
[2025-01-02T18:56:02.034+0000] {processor.py:925} INFO - DAG(s) 'example_params_trigger_ui' retrieved from /home/airflow/.local/lib/python3.12/site-packages/airflow/example_dags/example_params_trigger_ui.py
[2025-01-02T18:56:02.099+0000] {logging_mixin.py:190} INFO - [2025-01-02T18:56:02.099+0000] {dag.py:3239} INFO - Sync 1 DAGs
[2025-01-02T18:56:02.120+0000] {logging_mixin.py:190} INFO - [2025-01-02T18:56:02.120+0000] {dag.py:4180} INFO - Setting next_dagrun for example_params_trigger_ui to None, run_after=None
[2025-01-02T18:56:02.142+0000] {processor.py:208} INFO - Processing /home/airflow/.local/lib/python3.12/site-packages/airflow/example_dags/example_params_trigger_ui.py took 0.148 seconds
[2025-01-02T18:56:32.594+0000] {processor.py:186} INFO - Started process (PID=226) to work on /home/airflow/.local/lib/python3.12/site-packages/airflow/example_dags/example_params_trigger_ui.py
[2025-01-02T18:56:32.623+0000] {processor.py:914} INFO - Processing file /home/airflow/.local/lib/python3.12/site-packages/airflow/example_dags/example_params_trigger_ui.py for tasks to queue
[2025-01-02T18:56:32.626+0000] {logging_mixin.py:190} INFO - [2025-01-02T18:56:32.626+0000] {dagbag.py:588} INFO - Filling up the DagBag from /home/airflow/.local/lib/python3.12/site-packages/airflow/example_dags/example_params_trigger_ui.py
[2025-01-02T18:56:32.644+0000] {processor.py:925} INFO - DAG(s) 'example_params_trigger_ui' retrieved from /home/airflow/.local/lib/python3.12/site-packages/airflow/example_dags/example_params_trigger_ui.py
[2025-01-02T18:56:32.716+0000] {logging_mixin.py:190} INFO - [2025-01-02T18:56:32.715+0000] {dag.py:3239} INFO - Sync 1 DAGs
[2025-01-02T18:56:32.733+0000] {logging_mixin.py:190} INFO - [2025-01-02T18:56:32.733+0000] {dag.py:4180} INFO - Setting next_dagrun for example_params_trigger_ui to None, run_after=None
[2025-01-02T18:56:32.751+0000] {processor.py:208} INFO - Processing /home/airflow/.local/lib/python3.12/site-packages/airflow/example_dags/example_params_trigger_ui.py took 0.165 seconds
[2025-01-02T18:57:03.012+0000] {processor.py:186} INFO - Started process (PID=289) to work on /home/airflow/.local/lib/python3.12/site-packages/airflow/example_dags/example_params_trigger_ui.py
[2025-01-02T18:57:03.013+0000] {processor.py:914} INFO - Processing file /home/airflow/.local/lib/python3.12/site-packages/airflow/example_dags/example_params_trigger_ui.py for tasks to queue
[2025-01-02T18:57:03.017+0000] {logging_mixin.py:190} INFO - [2025-01-02T18:57:03.016+0000] {dagbag.py:588} INFO - Filling up the DagBag from /home/airflow/.local/lib/python3.12/site-packages/airflow/example_dags/example_params_trigger_ui.py
[2025-01-02T18:57:03.035+0000] {processor.py:925} INFO - DAG(s) 'example_params_trigger_ui' retrieved from /home/airflow/.local/lib/python3.12/site-packages/airflow/example_dags/example_params_trigger_ui.py
[2025-01-02T18:57:03.101+0000] {logging_mixin.py:190} INFO - [2025-01-02T18:57:03.100+0000] {dag.py:3239} INFO - Sync 1 DAGs
[2025-01-02T18:57:03.121+0000] {logging_mixin.py:190} INFO - [2025-01-02T18:57:03.121+0000] {dag.py:4180} INFO - Setting next_dagrun for example_params_trigger_ui to None, run_after=None
[2025-01-02T18:57:03.147+0000] {processor.py:208} INFO - Processing /home/airflow/.local/lib/python3.12/site-packages/airflow/example_dags/example_params_trigger_ui.py took 0.145 seconds
[2025-01-02T18:57:33.824+0000] {processor.py:186} INFO - Started process (PID=352) to work on /home/airflow/.local/lib/python3.12/site-packages/airflow/example_dags/example_params_trigger_ui.py
[2025-01-02T18:57:33.837+0000] {processor.py:914} INFO - Processing file /home/airflow/.local/lib/python3.12/site-packages/airflow/example_dags/example_params_trigger_ui.py for tasks to queue
[2025-01-02T18:57:33.841+0000] {logging_mixin.py:190} INFO - [2025-01-02T18:57:33.840+0000] {dagbag.py:588} INFO - Filling up the DagBag from /home/airflow/.local/lib/python3.12/site-packages/airflow/example_dags/example_params_trigger_ui.py
[2025-01-02T18:57:33.896+0000] {processor.py:925} INFO - DAG(s) 'example_params_trigger_ui' retrieved from /home/airflow/.local/lib/python3.12/site-packages/airflow/example_dags/example_params_trigger_ui.py
[2025-01-02T18:57:34.114+0000] {logging_mixin.py:190} INFO - [2025-01-02T18:57:34.114+0000] {dag.py:3239} INFO - Sync 1 DAGs
[2025-01-02T18:57:34.193+0000] {logging_mixin.py:190} INFO - [2025-01-02T18:57:34.192+0000] {dag.py:4180} INFO - Setting next_dagrun for example_params_trigger_ui to None, run_after=None
[2025-01-02T18:57:34.266+0000] {processor.py:208} INFO - Processing /home/airflow/.local/lib/python3.12/site-packages/airflow/example_dags/example_params_trigger_ui.py took 0.468 seconds
[2025-01-02T19:00:16.102+0000] {processor.py:186} INFO - Started process (PID=89) to work on /home/airflow/.local/lib/python3.12/site-packages/airflow/example_dags/example_params_trigger_ui.py
[2025-01-02T19:00:16.113+0000] {processor.py:914} INFO - Processing file /home/airflow/.local/lib/python3.12/site-packages/airflow/example_dags/example_params_trigger_ui.py for tasks to queue
[2025-01-02T19:00:16.117+0000] {logging_mixin.py:190} INFO - [2025-01-02T19:00:16.116+0000] {dagbag.py:588} INFO - Filling up the DagBag from /home/airflow/.local/lib/python3.12/site-packages/airflow/example_dags/example_params_trigger_ui.py
[2025-01-02T19:00:16.159+0000] {processor.py:925} INFO - DAG(s) 'example_params_trigger_ui' retrieved from /home/airflow/.local/lib/python3.12/site-packages/airflow/example_dags/example_params_trigger_ui.py
[2025-01-02T19:00:16.245+0000] {logging_mixin.py:190} INFO - [2025-01-02T19:00:16.244+0000] {dag.py:3239} INFO - Sync 1 DAGs
[2025-01-02T19:00:16.289+0000] {logging_mixin.py:190} INFO - [2025-01-02T19:00:16.289+0000] {dag.py:4180} INFO - Setting next_dagrun for example_params_trigger_ui to None, run_after=None
[2025-01-02T19:00:16.338+0000] {processor.py:208} INFO - Processing /home/airflow/.local/lib/python3.12/site-packages/airflow/example_dags/example_params_trigger_ui.py took 0.245 seconds
[2025-01-02T19:00:46.572+0000] {processor.py:186} INFO - Started process (PID=152) to work on /home/airflow/.local/lib/python3.12/site-packages/airflow/example_dags/example_params_trigger_ui.py
[2025-01-02T19:00:46.573+0000] {processor.py:914} INFO - Processing file /home/airflow/.local/lib/python3.12/site-packages/airflow/example_dags/example_params_trigger_ui.py for tasks to queue
[2025-01-02T19:00:46.575+0000] {logging_mixin.py:190} INFO - [2025-01-02T19:00:46.575+0000] {dagbag.py:588} INFO - Filling up the DagBag from /home/airflow/.local/lib/python3.12/site-packages/airflow/example_dags/example_params_trigger_ui.py
[2025-01-02T19:00:46.588+0000] {processor.py:925} INFO - DAG(s) 'example_params_trigger_ui' retrieved from /home/airflow/.local/lib/python3.12/site-packages/airflow/example_dags/example_params_trigger_ui.py
[2025-01-02T19:00:46.635+0000] {logging_mixin.py:190} INFO - [2025-01-02T19:00:46.634+0000] {dag.py:3239} INFO - Sync 1 DAGs
[2025-01-02T19:00:46.650+0000] {logging_mixin.py:190} INFO - [2025-01-02T19:00:46.650+0000] {dag.py:4180} INFO - Setting next_dagrun for example_params_trigger_ui to None, run_after=None
[2025-01-02T19:00:46.670+0000] {processor.py:208} INFO - Processing /home/airflow/.local/lib/python3.12/site-packages/airflow/example_dags/example_params_trigger_ui.py took 0.104 seconds
[2025-01-02T19:01:17.488+0000] {processor.py:186} INFO - Started process (PID=215) to work on /home/airflow/.local/lib/python3.12/site-packages/airflow/example_dags/example_params_trigger_ui.py
[2025-01-02T19:01:17.490+0000] {processor.py:914} INFO - Processing file /home/airflow/.local/lib/python3.12/site-packages/airflow/example_dags/example_params_trigger_ui.py for tasks to queue
[2025-01-02T19:01:17.493+0000] {logging_mixin.py:190} INFO - [2025-01-02T19:01:17.493+0000] {dagbag.py:588} INFO - Filling up the DagBag from /home/airflow/.local/lib/python3.12/site-packages/airflow/example_dags/example_params_trigger_ui.py
[2025-01-02T19:01:17.510+0000] {processor.py:925} INFO - DAG(s) 'example_params_trigger_ui' retrieved from /home/airflow/.local/lib/python3.12/site-packages/airflow/example_dags/example_params_trigger_ui.py
[2025-01-02T19:01:17.580+0000] {logging_mixin.py:190} INFO - [2025-01-02T19:01:17.580+0000] {dag.py:3239} INFO - Sync 1 DAGs
[2025-01-02T19:01:17.603+0000] {logging_mixin.py:190} INFO - [2025-01-02T19:01:17.602+0000] {dag.py:4180} INFO - Setting next_dagrun for example_params_trigger_ui to None, run_after=None
[2025-01-02T19:01:17.626+0000] {processor.py:208} INFO - Processing /home/airflow/.local/lib/python3.12/site-packages/airflow/example_dags/example_params_trigger_ui.py took 0.147 seconds
[2025-01-02T19:01:48.504+0000] {processor.py:186} INFO - Started process (PID=278) to work on /home/airflow/.local/lib/python3.12/site-packages/airflow/example_dags/example_params_trigger_ui.py
[2025-01-02T19:01:48.505+0000] {processor.py:914} INFO - Processing file /home/airflow/.local/lib/python3.12/site-packages/airflow/example_dags/example_params_trigger_ui.py for tasks to queue
[2025-01-02T19:01:48.508+0000] {logging_mixin.py:190} INFO - [2025-01-02T19:01:48.508+0000] {dagbag.py:588} INFO - Filling up the DagBag from /home/airflow/.local/lib/python3.12/site-packages/airflow/example_dags/example_params_trigger_ui.py
[2025-01-02T19:01:48.524+0000] {processor.py:925} INFO - DAG(s) 'example_params_trigger_ui' retrieved from /home/airflow/.local/lib/python3.12/site-packages/airflow/example_dags/example_params_trigger_ui.py
[2025-01-02T19:01:48.591+0000] {logging_mixin.py:190} INFO - [2025-01-02T19:01:48.591+0000] {dag.py:3239} INFO - Sync 1 DAGs
[2025-01-02T19:01:48.614+0000] {logging_mixin.py:190} INFO - [2025-01-02T19:01:48.613+0000] {dag.py:4180} INFO - Setting next_dagrun for example_params_trigger_ui to None, run_after=None
[2025-01-02T19:01:48.640+0000] {processor.py:208} INFO - Processing /home/airflow/.local/lib/python3.12/site-packages/airflow/example_dags/example_params_trigger_ui.py took 0.145 seconds
[2025-01-02T19:02:18.910+0000] {processor.py:186} INFO - Started process (PID=340) to work on /home/airflow/.local/lib/python3.12/site-packages/airflow/example_dags/example_params_trigger_ui.py
[2025-01-02T19:02:18.911+0000] {processor.py:914} INFO - Processing file /home/airflow/.local/lib/python3.12/site-packages/airflow/example_dags/example_params_trigger_ui.py for tasks to queue
[2025-01-02T19:02:18.915+0000] {logging_mixin.py:190} INFO - [2025-01-02T19:02:18.915+0000] {dagbag.py:588} INFO - Filling up the DagBag from /home/airflow/.local/lib/python3.12/site-packages/airflow/example_dags/example_params_trigger_ui.py
[2025-01-02T19:02:18.932+0000] {processor.py:925} INFO - DAG(s) 'example_params_trigger_ui' retrieved from /home/airflow/.local/lib/python3.12/site-packages/airflow/example_dags/example_params_trigger_ui.py
[2025-01-02T19:02:18.998+0000] {logging_mixin.py:190} INFO - [2025-01-02T19:02:18.998+0000] {dag.py:3239} INFO - Sync 1 DAGs
[2025-01-02T19:02:19.019+0000] {logging_mixin.py:190} INFO - [2025-01-02T19:02:19.019+0000] {dag.py:4180} INFO - Setting next_dagrun for example_params_trigger_ui to None, run_after=None
[2025-01-02T19:02:19.042+0000] {processor.py:208} INFO - Processing /home/airflow/.local/lib/python3.12/site-packages/airflow/example_dags/example_params_trigger_ui.py took 0.141 seconds
[2025-01-02T19:02:49.892+0000] {processor.py:186} INFO - Started process (PID=403) to work on /home/airflow/.local/lib/python3.12/site-packages/airflow/example_dags/example_params_trigger_ui.py
[2025-01-02T19:02:49.893+0000] {processor.py:914} INFO - Processing file /home/airflow/.local/lib/python3.12/site-packages/airflow/example_dags/example_params_trigger_ui.py for tasks to queue
[2025-01-02T19:02:49.897+0000] {logging_mixin.py:190} INFO - [2025-01-02T19:02:49.896+0000] {dagbag.py:588} INFO - Filling up the DagBag from /home/airflow/.local/lib/python3.12/site-packages/airflow/example_dags/example_params_trigger_ui.py
[2025-01-02T19:02:49.914+0000] {processor.py:925} INFO - DAG(s) 'example_params_trigger_ui' retrieved from /home/airflow/.local/lib/python3.12/site-packages/airflow/example_dags/example_params_trigger_ui.py
[2025-01-02T19:02:49.983+0000] {logging_mixin.py:190} INFO - [2025-01-02T19:02:49.983+0000] {dag.py:3239} INFO - Sync 1 DAGs
[2025-01-02T19:02:50.005+0000] {logging_mixin.py:190} INFO - [2025-01-02T19:02:50.004+0000] {dag.py:4180} INFO - Setting next_dagrun for example_params_trigger_ui to None, run_after=None
[2025-01-02T19:02:50.040+0000] {processor.py:208} INFO - Processing /home/airflow/.local/lib/python3.12/site-packages/airflow/example_dags/example_params_trigger_ui.py took 0.157 seconds
[2025-01-02T19:03:21.153+0000] {processor.py:186} INFO - Started process (PID=466) to work on /home/airflow/.local/lib/python3.12/site-packages/airflow/example_dags/example_params_trigger_ui.py
[2025-01-02T19:03:21.162+0000] {processor.py:914} INFO - Processing file /home/airflow/.local/lib/python3.12/site-packages/airflow/example_dags/example_params_trigger_ui.py for tasks to queue
[2025-01-02T19:03:21.174+0000] {logging_mixin.py:190} INFO - [2025-01-02T19:03:21.165+0000] {dagbag.py:588} INFO - Filling up the DagBag from /home/airflow/.local/lib/python3.12/site-packages/airflow/example_dags/example_params_trigger_ui.py
[2025-01-02T19:03:21.270+0000] {processor.py:925} INFO - DAG(s) 'example_params_trigger_ui' retrieved from /home/airflow/.local/lib/python3.12/site-packages/airflow/example_dags/example_params_trigger_ui.py
[2025-01-02T19:03:21.482+0000] {logging_mixin.py:190} INFO - [2025-01-02T19:03:21.482+0000] {dag.py:3239} INFO - Sync 1 DAGs
[2025-01-02T19:03:21.549+0000] {logging_mixin.py:190} INFO - [2025-01-02T19:03:21.548+0000] {dag.py:4180} INFO - Setting next_dagrun for example_params_trigger_ui to None, run_after=None
[2025-01-02T19:03:21.645+0000] {processor.py:208} INFO - Processing /home/airflow/.local/lib/python3.12/site-packages/airflow/example_dags/example_params_trigger_ui.py took 0.542 seconds
[2025-01-02T19:03:52.424+0000] {processor.py:186} INFO - Started process (PID=529) to work on /home/airflow/.local/lib/python3.12/site-packages/airflow/example_dags/example_params_trigger_ui.py
[2025-01-02T19:03:52.429+0000] {processor.py:914} INFO - Processing file /home/airflow/.local/lib/python3.12/site-packages/airflow/example_dags/example_params_trigger_ui.py for tasks to queue
[2025-01-02T19:03:52.437+0000] {logging_mixin.py:190} INFO - [2025-01-02T19:03:52.437+0000] {dagbag.py:588} INFO - Filling up the DagBag from /home/airflow/.local/lib/python3.12/site-packages/airflow/example_dags/example_params_trigger_ui.py
[2025-01-02T19:03:52.473+0000] {processor.py:925} INFO - DAG(s) 'example_params_trigger_ui' retrieved from /home/airflow/.local/lib/python3.12/site-packages/airflow/example_dags/example_params_trigger_ui.py
[2025-01-02T19:03:52.553+0000] {logging_mixin.py:190} INFO - [2025-01-02T19:03:52.553+0000] {dag.py:3239} INFO - Sync 1 DAGs
[2025-01-02T19:03:52.578+0000] {logging_mixin.py:190} INFO - [2025-01-02T19:03:52.578+0000] {dag.py:4180} INFO - Setting next_dagrun for example_params_trigger_ui to None, run_after=None
[2025-01-02T19:03:52.604+0000] {processor.py:208} INFO - Processing /home/airflow/.local/lib/python3.12/site-packages/airflow/example_dags/example_params_trigger_ui.py took 0.221 seconds
[2025-01-02T19:04:22.875+0000] {processor.py:186} INFO - Started process (PID=592) to work on /home/airflow/.local/lib/python3.12/site-packages/airflow/example_dags/example_params_trigger_ui.py
[2025-01-02T19:04:22.877+0000] {processor.py:914} INFO - Processing file /home/airflow/.local/lib/python3.12/site-packages/airflow/example_dags/example_params_trigger_ui.py for tasks to queue
[2025-01-02T19:04:22.881+0000] {logging_mixin.py:190} INFO - [2025-01-02T19:04:22.880+0000] {dagbag.py:588} INFO - Filling up the DagBag from /home/airflow/.local/lib/python3.12/site-packages/airflow/example_dags/example_params_trigger_ui.py
[2025-01-02T19:04:22.897+0000] {processor.py:925} INFO - DAG(s) 'example_params_trigger_ui' retrieved from /home/airflow/.local/lib/python3.12/site-packages/airflow/example_dags/example_params_trigger_ui.py
[2025-01-02T19:04:22.972+0000] {logging_mixin.py:190} INFO - [2025-01-02T19:04:22.971+0000] {dag.py:3239} INFO - Sync 1 DAGs
[2025-01-02T19:04:22.993+0000] {logging_mixin.py:190} INFO - [2025-01-02T19:04:22.993+0000] {dag.py:4180} INFO - Setting next_dagrun for example_params_trigger_ui to None, run_after=None
[2025-01-02T19:04:23.016+0000] {processor.py:208} INFO - Processing /home/airflow/.local/lib/python3.12/site-packages/airflow/example_dags/example_params_trigger_ui.py took 0.149 seconds
[2025-01-02T19:04:53.300+0000] {processor.py:186} INFO - Started process (PID=655) to work on /home/airflow/.local/lib/python3.12/site-packages/airflow/example_dags/example_params_trigger_ui.py
[2025-01-02T19:04:53.301+0000] {processor.py:914} INFO - Processing file /home/airflow/.local/lib/python3.12/site-packages/airflow/example_dags/example_params_trigger_ui.py for tasks to queue
[2025-01-02T19:04:53.304+0000] {logging_mixin.py:190} INFO - [2025-01-02T19:04:53.304+0000] {dagbag.py:588} INFO - Filling up the DagBag from /home/airflow/.local/lib/python3.12/site-packages/airflow/example_dags/example_params_trigger_ui.py
[2025-01-02T19:04:53.321+0000] {processor.py:925} INFO - DAG(s) 'example_params_trigger_ui' retrieved from /home/airflow/.local/lib/python3.12/site-packages/airflow/example_dags/example_params_trigger_ui.py
[2025-01-02T19:04:53.397+0000] {logging_mixin.py:190} INFO - [2025-01-02T19:04:53.396+0000] {dag.py:3239} INFO - Sync 1 DAGs
[2025-01-02T19:04:53.418+0000] {logging_mixin.py:190} INFO - [2025-01-02T19:04:53.417+0000] {dag.py:4180} INFO - Setting next_dagrun for example_params_trigger_ui to None, run_after=None
[2025-01-02T19:04:53.440+0000] {processor.py:208} INFO - Processing /home/airflow/.local/lib/python3.12/site-packages/airflow/example_dags/example_params_trigger_ui.py took 0.155 seconds
