[2025-01-02T18:55:10.252+0000] {processor.py:186} INFO - Started process (PID=71) to work on /home/airflow/.local/lib/python3.12/site-packages/airflow/example_dags/example_trigger_target_dag.py
[2025-01-02T18:55:10.262+0000] {processor.py:914} INFO - Processing file /home/airflow/.local/lib/python3.12/site-packages/airflow/example_dags/example_trigger_target_dag.py for tasks to queue
[2025-01-02T18:55:10.277+0000] {logging_mixin.py:190} INFO - [2025-01-02T18:55:10.265+0000] {dagbag.py:588} INFO - Filling up the DagBag from /home/airflow/.local/lib/python3.12/site-packages/airflow/example_dags/example_trigger_target_dag.py
[2025-01-02T18:55:10.338+0000] {processor.py:925} INFO - DAG(s) 'example_trigger_target_dag' retrieved from /home/airflow/.local/lib/python3.12/site-packages/airflow/example_dags/example_trigger_target_dag.py
[2025-01-02T18:55:11.056+0000] {logging_mixin.py:190} INFO - [2025-01-02T18:55:11.055+0000] {override.py:1911} INFO - Created Permission View: can edit on DAG:example_trigger_target_dag
[2025-01-02T18:55:11.122+0000] {logging_mixin.py:190} INFO - [2025-01-02T18:55:11.121+0000] {override.py:1911} INFO - Created Permission View: can delete on DAG:example_trigger_target_dag
[2025-01-02T18:55:11.153+0000] {logging_mixin.py:190} INFO - [2025-01-02T18:55:11.145+0000] {override.py:1911} INFO - Created Permission View: can read on DAG:example_trigger_target_dag
[2025-01-02T18:55:11.175+0000] {logging_mixin.py:190} INFO - [2025-01-02T18:55:11.175+0000] {override.py:1911} INFO - Created Permission View: can create on DAG Run:example_trigger_target_dag
[2025-01-02T18:55:11.220+0000] {logging_mixin.py:190} INFO - [2025-01-02T18:55:11.219+0000] {override.py:1911} INFO - Created Permission View: can delete on DAG Run:example_trigger_target_dag
[2025-01-02T18:55:11.266+0000] {logging_mixin.py:190} INFO - [2025-01-02T18:55:11.265+0000] {override.py:1911} INFO - Created Permission View: menu access on DAG Run:example_trigger_target_dag
[2025-01-02T18:55:11.294+0000] {logging_mixin.py:190} INFO - [2025-01-02T18:55:11.293+0000] {override.py:1911} INFO - Created Permission View: can read on DAG Run:example_trigger_target_dag
[2025-01-02T18:55:11.295+0000] {logging_mixin.py:190} INFO - [2025-01-02T18:55:11.294+0000] {dag.py:3239} INFO - Sync 1 DAGs
[2025-01-02T18:55:11.369+0000] {logging_mixin.py:190} INFO - [2025-01-02T18:55:11.368+0000] {dag.py:3262} INFO - Creating ORM DAG for example_trigger_target_dag
[2025-01-02T18:55:11.370+0000] {logging_mixin.py:190} INFO - [2025-01-02T18:55:11.370+0000] {dag.py:4180} INFO - Setting next_dagrun for example_trigger_target_dag to None, run_after=None
[2025-01-02T18:55:11.456+0000] {processor.py:208} INFO - Processing /home/airflow/.local/lib/python3.12/site-packages/airflow/example_dags/example_trigger_target_dag.py took 1.245 seconds
[2025-01-02T18:55:51.604+0000] {processor.py:186} INFO - Started process (PID=134) to work on /home/airflow/.local/lib/python3.12/site-packages/airflow/example_dags/example_trigger_target_dag.py
[2025-01-02T18:55:51.631+0000] {processor.py:914} INFO - Processing file /home/airflow/.local/lib/python3.12/site-packages/airflow/example_dags/example_trigger_target_dag.py for tasks to queue
[2025-01-02T18:55:51.634+0000] {logging_mixin.py:190} INFO - [2025-01-02T18:55:51.634+0000] {dagbag.py:588} INFO - Filling up the DagBag from /home/airflow/.local/lib/python3.12/site-packages/airflow/example_dags/example_trigger_target_dag.py
[2025-01-02T18:55:51.647+0000] {processor.py:925} INFO - DAG(s) 'example_trigger_target_dag' retrieved from /home/airflow/.local/lib/python3.12/site-packages/airflow/example_dags/example_trigger_target_dag.py
[2025-01-02T18:55:51.703+0000] {logging_mixin.py:190} INFO - [2025-01-02T18:55:51.702+0000] {dag.py:3239} INFO - Sync 1 DAGs
[2025-01-02T18:55:51.723+0000] {logging_mixin.py:190} INFO - [2025-01-02T18:55:51.723+0000] {dag.py:4180} INFO - Setting next_dagrun for example_trigger_target_dag to None, run_after=None
[2025-01-02T18:55:51.767+0000] {processor.py:208} INFO - Processing /home/airflow/.local/lib/python3.12/site-packages/airflow/example_dags/example_trigger_target_dag.py took 0.173 seconds
[2025-01-02T18:56:22.628+0000] {processor.py:186} INFO - Started process (PID=195) to work on /home/airflow/.local/lib/python3.12/site-packages/airflow/example_dags/example_trigger_target_dag.py
[2025-01-02T18:56:22.632+0000] {processor.py:914} INFO - Processing file /home/airflow/.local/lib/python3.12/site-packages/airflow/example_dags/example_trigger_target_dag.py for tasks to queue
[2025-01-02T18:56:22.648+0000] {logging_mixin.py:190} INFO - [2025-01-02T18:56:22.648+0000] {dagbag.py:588} INFO - Filling up the DagBag from /home/airflow/.local/lib/python3.12/site-packages/airflow/example_dags/example_trigger_target_dag.py
[2025-01-02T18:56:22.704+0000] {processor.py:925} INFO - DAG(s) 'example_trigger_target_dag' retrieved from /home/airflow/.local/lib/python3.12/site-packages/airflow/example_dags/example_trigger_target_dag.py
[2025-01-02T18:56:22.788+0000] {logging_mixin.py:190} INFO - [2025-01-02T18:56:22.787+0000] {dag.py:3239} INFO - Sync 1 DAGs
[2025-01-02T18:56:22.835+0000] {logging_mixin.py:190} INFO - [2025-01-02T18:56:22.834+0000] {dag.py:4180} INFO - Setting next_dagrun for example_trigger_target_dag to None, run_after=None
[2025-01-02T18:56:22.900+0000] {processor.py:208} INFO - Processing /home/airflow/.local/lib/python3.12/site-packages/airflow/example_dags/example_trigger_target_dag.py took 0.308 seconds
[2025-01-02T18:56:53.652+0000] {processor.py:186} INFO - Started process (PID=258) to work on /home/airflow/.local/lib/python3.12/site-packages/airflow/example_dags/example_trigger_target_dag.py
[2025-01-02T18:56:53.655+0000] {processor.py:914} INFO - Processing file /home/airflow/.local/lib/python3.12/site-packages/airflow/example_dags/example_trigger_target_dag.py for tasks to queue
[2025-01-02T18:56:53.659+0000] {logging_mixin.py:190} INFO - [2025-01-02T18:56:53.658+0000] {dagbag.py:588} INFO - Filling up the DagBag from /home/airflow/.local/lib/python3.12/site-packages/airflow/example_dags/example_trigger_target_dag.py
[2025-01-02T18:56:53.684+0000] {processor.py:925} INFO - DAG(s) 'example_trigger_target_dag' retrieved from /home/airflow/.local/lib/python3.12/site-packages/airflow/example_dags/example_trigger_target_dag.py
[2025-01-02T18:56:53.786+0000] {logging_mixin.py:190} INFO - [2025-01-02T18:56:53.786+0000] {dag.py:3239} INFO - Sync 1 DAGs
[2025-01-02T18:56:53.840+0000] {logging_mixin.py:190} INFO - [2025-01-02T18:56:53.840+0000] {dag.py:4180} INFO - Setting next_dagrun for example_trigger_target_dag to None, run_after=None
[2025-01-02T18:56:53.961+0000] {processor.py:208} INFO - Processing /home/airflow/.local/lib/python3.12/site-packages/airflow/example_dags/example_trigger_target_dag.py took 0.326 seconds
[2025-01-02T18:57:24.729+0000] {processor.py:186} INFO - Started process (PID=321) to work on /home/airflow/.local/lib/python3.12/site-packages/airflow/example_dags/example_trigger_target_dag.py
[2025-01-02T18:57:24.731+0000] {processor.py:914} INFO - Processing file /home/airflow/.local/lib/python3.12/site-packages/airflow/example_dags/example_trigger_target_dag.py for tasks to queue
[2025-01-02T18:57:24.735+0000] {logging_mixin.py:190} INFO - [2025-01-02T18:57:24.734+0000] {dagbag.py:588} INFO - Filling up the DagBag from /home/airflow/.local/lib/python3.12/site-packages/airflow/example_dags/example_trigger_target_dag.py
[2025-01-02T18:57:24.747+0000] {processor.py:925} INFO - DAG(s) 'example_trigger_target_dag' retrieved from /home/airflow/.local/lib/python3.12/site-packages/airflow/example_dags/example_trigger_target_dag.py
[2025-01-02T18:57:24.773+0000] {logging_mixin.py:190} INFO - [2025-01-02T18:57:24.773+0000] {dag.py:3239} INFO - Sync 1 DAGs
[2025-01-02T18:57:24.795+0000] {logging_mixin.py:190} INFO - [2025-01-02T18:57:24.795+0000] {dag.py:4180} INFO - Setting next_dagrun for example_trigger_target_dag to None, run_after=None
[2025-01-02T18:57:24.820+0000] {processor.py:208} INFO - Processing /home/airflow/.local/lib/python3.12/site-packages/airflow/example_dags/example_trigger_target_dag.py took 0.100 seconds
[2025-01-02T19:00:10.939+0000] {processor.py:186} INFO - Started process (PID=66) to work on /home/airflow/.local/lib/python3.12/site-packages/airflow/example_dags/example_trigger_target_dag.py
[2025-01-02T19:00:10.941+0000] {processor.py:914} INFO - Processing file /home/airflow/.local/lib/python3.12/site-packages/airflow/example_dags/example_trigger_target_dag.py for tasks to queue
[2025-01-02T19:00:10.956+0000] {logging_mixin.py:190} INFO - [2025-01-02T19:00:10.956+0000] {dagbag.py:588} INFO - Filling up the DagBag from /home/airflow/.local/lib/python3.12/site-packages/airflow/example_dags/example_trigger_target_dag.py
[2025-01-02T19:00:11.005+0000] {processor.py:925} INFO - DAG(s) 'example_trigger_target_dag' retrieved from /home/airflow/.local/lib/python3.12/site-packages/airflow/example_dags/example_trigger_target_dag.py
[2025-01-02T19:00:11.114+0000] {logging_mixin.py:190} INFO - [2025-01-02T19:00:11.114+0000] {dag.py:3239} INFO - Sync 1 DAGs
[2025-01-02T19:00:11.181+0000] {logging_mixin.py:190} INFO - [2025-01-02T19:00:11.172+0000] {dag.py:4180} INFO - Setting next_dagrun for example_trigger_target_dag to None, run_after=None
[2025-01-02T19:00:11.258+0000] {processor.py:208} INFO - Processing /home/airflow/.local/lib/python3.12/site-packages/airflow/example_dags/example_trigger_target_dag.py took 0.350 seconds
[2025-01-02T19:00:42.064+0000] {processor.py:186} INFO - Started process (PID=129) to work on /home/airflow/.local/lib/python3.12/site-packages/airflow/example_dags/example_trigger_target_dag.py
[2025-01-02T19:00:42.065+0000] {processor.py:914} INFO - Processing file /home/airflow/.local/lib/python3.12/site-packages/airflow/example_dags/example_trigger_target_dag.py for tasks to queue
[2025-01-02T19:00:42.068+0000] {logging_mixin.py:190} INFO - [2025-01-02T19:00:42.068+0000] {dagbag.py:588} INFO - Filling up the DagBag from /home/airflow/.local/lib/python3.12/site-packages/airflow/example_dags/example_trigger_target_dag.py
[2025-01-02T19:00:42.080+0000] {processor.py:925} INFO - DAG(s) 'example_trigger_target_dag' retrieved from /home/airflow/.local/lib/python3.12/site-packages/airflow/example_dags/example_trigger_target_dag.py
[2025-01-02T19:00:42.110+0000] {logging_mixin.py:190} INFO - [2025-01-02T19:00:42.110+0000] {dag.py:3239} INFO - Sync 1 DAGs
[2025-01-02T19:00:42.133+0000] {logging_mixin.py:190} INFO - [2025-01-02T19:00:42.133+0000] {dag.py:4180} INFO - Setting next_dagrun for example_trigger_target_dag to None, run_after=None
[2025-01-02T19:00:42.157+0000] {processor.py:208} INFO - Processing /home/airflow/.local/lib/python3.12/site-packages/airflow/example_dags/example_trigger_target_dag.py took 0.103 seconds
[2025-01-02T19:01:12.375+0000] {processor.py:186} INFO - Started process (PID=192) to work on /home/airflow/.local/lib/python3.12/site-packages/airflow/example_dags/example_trigger_target_dag.py
[2025-01-02T19:01:12.378+0000] {processor.py:914} INFO - Processing file /home/airflow/.local/lib/python3.12/site-packages/airflow/example_dags/example_trigger_target_dag.py for tasks to queue
[2025-01-02T19:01:12.380+0000] {logging_mixin.py:190} INFO - [2025-01-02T19:01:12.380+0000] {dagbag.py:588} INFO - Filling up the DagBag from /home/airflow/.local/lib/python3.12/site-packages/airflow/example_dags/example_trigger_target_dag.py
[2025-01-02T19:01:12.392+0000] {processor.py:925} INFO - DAG(s) 'example_trigger_target_dag' retrieved from /home/airflow/.local/lib/python3.12/site-packages/airflow/example_dags/example_trigger_target_dag.py
[2025-01-02T19:01:12.421+0000] {logging_mixin.py:190} INFO - [2025-01-02T19:01:12.420+0000] {dag.py:3239} INFO - Sync 1 DAGs
[2025-01-02T19:01:12.444+0000] {logging_mixin.py:190} INFO - [2025-01-02T19:01:12.444+0000] {dag.py:4180} INFO - Setting next_dagrun for example_trigger_target_dag to None, run_after=None
[2025-01-02T19:01:12.474+0000] {processor.py:208} INFO - Processing /home/airflow/.local/lib/python3.12/site-packages/airflow/example_dags/example_trigger_target_dag.py took 0.106 seconds
[2025-01-02T19:01:42.543+0000] {processor.py:186} INFO - Started process (PID=254) to work on /home/airflow/.local/lib/python3.12/site-packages/airflow/example_dags/example_trigger_target_dag.py
[2025-01-02T19:01:42.544+0000] {processor.py:914} INFO - Processing file /home/airflow/.local/lib/python3.12/site-packages/airflow/example_dags/example_trigger_target_dag.py for tasks to queue
[2025-01-02T19:01:42.547+0000] {logging_mixin.py:190} INFO - [2025-01-02T19:01:42.546+0000] {dagbag.py:588} INFO - Filling up the DagBag from /home/airflow/.local/lib/python3.12/site-packages/airflow/example_dags/example_trigger_target_dag.py
[2025-01-02T19:01:42.556+0000] {processor.py:925} INFO - DAG(s) 'example_trigger_target_dag' retrieved from /home/airflow/.local/lib/python3.12/site-packages/airflow/example_dags/example_trigger_target_dag.py
[2025-01-02T19:01:42.577+0000] {logging_mixin.py:190} INFO - [2025-01-02T19:01:42.577+0000] {dag.py:3239} INFO - Sync 1 DAGs
[2025-01-02T19:01:42.594+0000] {logging_mixin.py:190} INFO - [2025-01-02T19:01:42.593+0000] {dag.py:4180} INFO - Setting next_dagrun for example_trigger_target_dag to None, run_after=None
[2025-01-02T19:01:42.612+0000] {processor.py:208} INFO - Processing /home/airflow/.local/lib/python3.12/site-packages/airflow/example_dags/example_trigger_target_dag.py took 0.076 seconds
[2025-01-02T19:02:12.907+0000] {processor.py:186} INFO - Started process (PID=318) to work on /home/airflow/.local/lib/python3.12/site-packages/airflow/example_dags/example_trigger_target_dag.py
[2025-01-02T19:02:12.921+0000] {processor.py:914} INFO - Processing file /home/airflow/.local/lib/python3.12/site-packages/airflow/example_dags/example_trigger_target_dag.py for tasks to queue
[2025-01-02T19:02:12.925+0000] {logging_mixin.py:190} INFO - [2025-01-02T19:02:12.924+0000] {dagbag.py:588} INFO - Filling up the DagBag from /home/airflow/.local/lib/python3.12/site-packages/airflow/example_dags/example_trigger_target_dag.py
[2025-01-02T19:02:12.953+0000] {processor.py:925} INFO - DAG(s) 'example_trigger_target_dag' retrieved from /home/airflow/.local/lib/python3.12/site-packages/airflow/example_dags/example_trigger_target_dag.py
[2025-01-02T19:02:13.034+0000] {logging_mixin.py:190} INFO - [2025-01-02T19:02:13.034+0000] {dag.py:3239} INFO - Sync 1 DAGs
[2025-01-02T19:02:13.096+0000] {logging_mixin.py:190} INFO - [2025-01-02T19:02:13.096+0000] {dag.py:4180} INFO - Setting next_dagrun for example_trigger_target_dag to None, run_after=None
[2025-01-02T19:02:13.163+0000] {processor.py:208} INFO - Processing /home/airflow/.local/lib/python3.12/site-packages/airflow/example_dags/example_trigger_target_dag.py took 0.276 seconds
[2025-01-02T19:02:43.711+0000] {processor.py:186} INFO - Started process (PID=381) to work on /home/airflow/.local/lib/python3.12/site-packages/airflow/example_dags/example_trigger_target_dag.py
[2025-01-02T19:02:43.712+0000] {processor.py:914} INFO - Processing file /home/airflow/.local/lib/python3.12/site-packages/airflow/example_dags/example_trigger_target_dag.py for tasks to queue
[2025-01-02T19:02:43.723+0000] {logging_mixin.py:190} INFO - [2025-01-02T19:02:43.723+0000] {dagbag.py:588} INFO - Filling up the DagBag from /home/airflow/.local/lib/python3.12/site-packages/airflow/example_dags/example_trigger_target_dag.py
[2025-01-02T19:02:43.743+0000] {processor.py:925} INFO - DAG(s) 'example_trigger_target_dag' retrieved from /home/airflow/.local/lib/python3.12/site-packages/airflow/example_dags/example_trigger_target_dag.py
[2025-01-02T19:02:43.793+0000] {logging_mixin.py:190} INFO - [2025-01-02T19:02:43.792+0000] {dag.py:3239} INFO - Sync 1 DAGs
[2025-01-02T19:02:43.832+0000] {logging_mixin.py:190} INFO - [2025-01-02T19:02:43.832+0000] {dag.py:4180} INFO - Setting next_dagrun for example_trigger_target_dag to None, run_after=None
[2025-01-02T19:02:43.884+0000] {processor.py:208} INFO - Processing /home/airflow/.local/lib/python3.12/site-packages/airflow/example_dags/example_trigger_target_dag.py took 0.190 seconds
[2025-01-02T19:03:13.966+0000] {processor.py:186} INFO - Started process (PID=443) to work on /home/airflow/.local/lib/python3.12/site-packages/airflow/example_dags/example_trigger_target_dag.py
[2025-01-02T19:03:13.967+0000] {processor.py:914} INFO - Processing file /home/airflow/.local/lib/python3.12/site-packages/airflow/example_dags/example_trigger_target_dag.py for tasks to queue
[2025-01-02T19:03:13.970+0000] {logging_mixin.py:190} INFO - [2025-01-02T19:03:13.970+0000] {dagbag.py:588} INFO - Filling up the DagBag from /home/airflow/.local/lib/python3.12/site-packages/airflow/example_dags/example_trigger_target_dag.py
[2025-01-02T19:03:13.980+0000] {processor.py:925} INFO - DAG(s) 'example_trigger_target_dag' retrieved from /home/airflow/.local/lib/python3.12/site-packages/airflow/example_dags/example_trigger_target_dag.py
[2025-01-02T19:03:14.001+0000] {logging_mixin.py:190} INFO - [2025-01-02T19:03:14.000+0000] {dag.py:3239} INFO - Sync 1 DAGs
[2025-01-02T19:03:14.016+0000] {logging_mixin.py:190} INFO - [2025-01-02T19:03:14.016+0000] {dag.py:4180} INFO - Setting next_dagrun for example_trigger_target_dag to None, run_after=None
[2025-01-02T19:03:14.036+0000] {processor.py:208} INFO - Processing /home/airflow/.local/lib/python3.12/site-packages/airflow/example_dags/example_trigger_target_dag.py took 0.078 seconds
[2025-01-02T19:03:44.759+0000] {processor.py:186} INFO - Started process (PID=507) to work on /home/airflow/.local/lib/python3.12/site-packages/airflow/example_dags/example_trigger_target_dag.py
[2025-01-02T19:03:44.760+0000] {processor.py:914} INFO - Processing file /home/airflow/.local/lib/python3.12/site-packages/airflow/example_dags/example_trigger_target_dag.py for tasks to queue
[2025-01-02T19:03:44.763+0000] {logging_mixin.py:190} INFO - [2025-01-02T19:03:44.763+0000] {dagbag.py:588} INFO - Filling up the DagBag from /home/airflow/.local/lib/python3.12/site-packages/airflow/example_dags/example_trigger_target_dag.py
[2025-01-02T19:03:44.775+0000] {processor.py:925} INFO - DAG(s) 'example_trigger_target_dag' retrieved from /home/airflow/.local/lib/python3.12/site-packages/airflow/example_dags/example_trigger_target_dag.py
[2025-01-02T19:03:44.802+0000] {logging_mixin.py:190} INFO - [2025-01-02T19:03:44.801+0000] {dag.py:3239} INFO - Sync 1 DAGs
[2025-01-02T19:03:44.828+0000] {logging_mixin.py:190} INFO - [2025-01-02T19:03:44.828+0000] {dag.py:4180} INFO - Setting next_dagrun for example_trigger_target_dag to None, run_after=None
[2025-01-02T19:03:44.853+0000] {processor.py:208} INFO - Processing /home/airflow/.local/lib/python3.12/site-packages/airflow/example_dags/example_trigger_target_dag.py took 0.103 seconds
[2025-01-02T19:04:15.247+0000] {processor.py:186} INFO - Started process (PID=570) to work on /home/airflow/.local/lib/python3.12/site-packages/airflow/example_dags/example_trigger_target_dag.py
[2025-01-02T19:04:15.249+0000] {processor.py:914} INFO - Processing file /home/airflow/.local/lib/python3.12/site-packages/airflow/example_dags/example_trigger_target_dag.py for tasks to queue
[2025-01-02T19:04:15.252+0000] {logging_mixin.py:190} INFO - [2025-01-02T19:04:15.252+0000] {dagbag.py:588} INFO - Filling up the DagBag from /home/airflow/.local/lib/python3.12/site-packages/airflow/example_dags/example_trigger_target_dag.py
[2025-01-02T19:04:15.264+0000] {processor.py:925} INFO - DAG(s) 'example_trigger_target_dag' retrieved from /home/airflow/.local/lib/python3.12/site-packages/airflow/example_dags/example_trigger_target_dag.py
[2025-01-02T19:04:15.292+0000] {logging_mixin.py:190} INFO - [2025-01-02T19:04:15.291+0000] {dag.py:3239} INFO - Sync 1 DAGs
[2025-01-02T19:04:15.313+0000] {logging_mixin.py:190} INFO - [2025-01-02T19:04:15.312+0000] {dag.py:4180} INFO - Setting next_dagrun for example_trigger_target_dag to None, run_after=None
[2025-01-02T19:04:15.343+0000] {processor.py:208} INFO - Processing /home/airflow/.local/lib/python3.12/site-packages/airflow/example_dags/example_trigger_target_dag.py took 0.105 seconds
[2025-01-02T19:04:45.661+0000] {processor.py:186} INFO - Started process (PID=633) to work on /home/airflow/.local/lib/python3.12/site-packages/airflow/example_dags/example_trigger_target_dag.py
[2025-01-02T19:04:45.663+0000] {processor.py:914} INFO - Processing file /home/airflow/.local/lib/python3.12/site-packages/airflow/example_dags/example_trigger_target_dag.py for tasks to queue
[2025-01-02T19:04:45.666+0000] {logging_mixin.py:190} INFO - [2025-01-02T19:04:45.666+0000] {dagbag.py:588} INFO - Filling up the DagBag from /home/airflow/.local/lib/python3.12/site-packages/airflow/example_dags/example_trigger_target_dag.py
[2025-01-02T19:04:45.678+0000] {processor.py:925} INFO - DAG(s) 'example_trigger_target_dag' retrieved from /home/airflow/.local/lib/python3.12/site-packages/airflow/example_dags/example_trigger_target_dag.py
[2025-01-02T19:04:45.706+0000] {logging_mixin.py:190} INFO - [2025-01-02T19:04:45.705+0000] {dag.py:3239} INFO - Sync 1 DAGs
[2025-01-02T19:04:45.736+0000] {logging_mixin.py:190} INFO - [2025-01-02T19:04:45.736+0000] {dag.py:4180} INFO - Setting next_dagrun for example_trigger_target_dag to None, run_after=None
[2025-01-02T19:04:45.775+0000] {processor.py:208} INFO - Processing /home/airflow/.local/lib/python3.12/site-packages/airflow/example_dags/example_trigger_target_dag.py took 0.123 seconds
