[2025-01-02T18:55:45.978+0000] {processor.py:186} INFO - Started process (PID=114) to work on /home/airflow/.local/lib/python3.12/site-packages/airflow/example_dags/tutorial_objectstorage.py
[2025-01-02T18:55:45.979+0000] {processor.py:914} INFO - Processing file /home/airflow/.local/lib/python3.12/site-packages/airflow/example_dags/tutorial_objectstorage.py for tasks to queue
[2025-01-02T18:55:45.995+0000] {logging_mixin.py:190} INFO - [2025-01-02T18:55:45.994+0000] {dagbag.py:588} INFO - Filling up the DagBag from /home/airflow/.local/lib/python3.12/site-packages/airflow/example_dags/tutorial_objectstorage.py
[2025-01-02T18:55:46.043+0000] {processor.py:925} INFO - DAG(s) 'tutorial_objectstorage' retrieved from /home/airflow/.local/lib/python3.12/site-packages/airflow/example_dags/tutorial_objectstorage.py
[2025-01-02T18:55:46.480+0000] {logging_mixin.py:190} INFO - [2025-01-02T18:55:46.479+0000] {override.py:1911} INFO - Created Permission View: can edit on DAG:tutorial_objectstorage
[2025-01-02T18:55:46.503+0000] {logging_mixin.py:190} INFO - [2025-01-02T18:55:46.502+0000] {override.py:1911} INFO - Created Permission View: can delete on DAG:tutorial_objectstorage
[2025-01-02T18:55:46.518+0000] {logging_mixin.py:190} INFO - [2025-01-02T18:55:46.518+0000] {override.py:1911} INFO - Created Permission View: can read on DAG:tutorial_objectstorage
[2025-01-02T18:55:46.532+0000] {logging_mixin.py:190} INFO - [2025-01-02T18:55:46.532+0000] {override.py:1911} INFO - Created Permission View: can create on DAG Run:tutorial_objectstorage
[2025-01-02T18:55:46.548+0000] {logging_mixin.py:190} INFO - [2025-01-02T18:55:46.548+0000] {override.py:1911} INFO - Created Permission View: can delete on DAG Run:tutorial_objectstorage
[2025-01-02T18:55:46.560+0000] {logging_mixin.py:190} INFO - [2025-01-02T18:55:46.560+0000] {override.py:1911} INFO - Created Permission View: menu access on DAG Run:tutorial_objectstorage
[2025-01-02T18:55:46.571+0000] {logging_mixin.py:190} INFO - [2025-01-02T18:55:46.570+0000] {override.py:1911} INFO - Created Permission View: can read on DAG Run:tutorial_objectstorage
[2025-01-02T18:55:46.571+0000] {logging_mixin.py:190} INFO - [2025-01-02T18:55:46.571+0000] {dag.py:3239} INFO - Sync 1 DAGs
[2025-01-02T18:55:46.622+0000] {logging_mixin.py:190} INFO - [2025-01-02T18:55:46.621+0000] {dag.py:3262} INFO - Creating ORM DAG for tutorial_objectstorage
[2025-01-02T18:55:46.623+0000] {logging_mixin.py:190} INFO - [2025-01-02T18:55:46.622+0000] {dag.py:4180} INFO - Setting next_dagrun for tutorial_objectstorage to None, run_after=None
[2025-01-02T18:55:46.666+0000] {processor.py:208} INFO - Processing /home/airflow/.local/lib/python3.12/site-packages/airflow/example_dags/tutorial_objectstorage.py took 0.707 seconds
[2025-01-02T18:56:16.882+0000] {processor.py:186} INFO - Started process (PID=176) to work on /home/airflow/.local/lib/python3.12/site-packages/airflow/example_dags/tutorial_objectstorage.py
[2025-01-02T18:56:16.883+0000] {processor.py:914} INFO - Processing file /home/airflow/.local/lib/python3.12/site-packages/airflow/example_dags/tutorial_objectstorage.py for tasks to queue
[2025-01-02T18:56:16.888+0000] {logging_mixin.py:190} INFO - [2025-01-02T18:56:16.887+0000] {dagbag.py:588} INFO - Filling up the DagBag from /home/airflow/.local/lib/python3.12/site-packages/airflow/example_dags/tutorial_objectstorage.py
[2025-01-02T18:56:16.939+0000] {processor.py:925} INFO - DAG(s) 'tutorial_objectstorage' retrieved from /home/airflow/.local/lib/python3.12/site-packages/airflow/example_dags/tutorial_objectstorage.py
[2025-01-02T18:56:17.026+0000] {logging_mixin.py:190} INFO - [2025-01-02T18:56:17.026+0000] {dag.py:3239} INFO - Sync 1 DAGs
[2025-01-02T18:56:17.056+0000] {logging_mixin.py:190} INFO - [2025-01-02T18:56:17.055+0000] {dag.py:4180} INFO - Setting next_dagrun for tutorial_objectstorage to None, run_after=None
[2025-01-02T18:56:17.121+0000] {processor.py:208} INFO - Processing /home/airflow/.local/lib/python3.12/site-packages/airflow/example_dags/tutorial_objectstorage.py took 0.284 seconds
[2025-01-02T18:56:48.092+0000] {processor.py:186} INFO - Started process (PID=240) to work on /home/airflow/.local/lib/python3.12/site-packages/airflow/example_dags/tutorial_objectstorage.py
[2025-01-02T18:56:48.094+0000] {processor.py:914} INFO - Processing file /home/airflow/.local/lib/python3.12/site-packages/airflow/example_dags/tutorial_objectstorage.py for tasks to queue
[2025-01-02T18:56:48.098+0000] {logging_mixin.py:190} INFO - [2025-01-02T18:56:48.097+0000] {dagbag.py:588} INFO - Filling up the DagBag from /home/airflow/.local/lib/python3.12/site-packages/airflow/example_dags/tutorial_objectstorage.py
[2025-01-02T18:56:48.112+0000] {processor.py:925} INFO - DAG(s) 'tutorial_objectstorage' retrieved from /home/airflow/.local/lib/python3.12/site-packages/airflow/example_dags/tutorial_objectstorage.py
[2025-01-02T18:56:48.139+0000] {logging_mixin.py:190} INFO - [2025-01-02T18:56:48.139+0000] {dag.py:3239} INFO - Sync 1 DAGs
[2025-01-02T18:56:48.168+0000] {logging_mixin.py:190} INFO - [2025-01-02T18:56:48.168+0000] {dag.py:4180} INFO - Setting next_dagrun for tutorial_objectstorage to None, run_after=None
[2025-01-02T18:56:48.192+0000] {processor.py:208} INFO - Processing /home/airflow/.local/lib/python3.12/site-packages/airflow/example_dags/tutorial_objectstorage.py took 0.111 seconds
[2025-01-02T18:57:18.249+0000] {processor.py:186} INFO - Started process (PID=302) to work on /home/airflow/.local/lib/python3.12/site-packages/airflow/example_dags/tutorial_objectstorage.py
[2025-01-02T18:57:18.250+0000] {processor.py:914} INFO - Processing file /home/airflow/.local/lib/python3.12/site-packages/airflow/example_dags/tutorial_objectstorage.py for tasks to queue
[2025-01-02T18:57:18.253+0000] {logging_mixin.py:190} INFO - [2025-01-02T18:57:18.252+0000] {dagbag.py:588} INFO - Filling up the DagBag from /home/airflow/.local/lib/python3.12/site-packages/airflow/example_dags/tutorial_objectstorage.py
[2025-01-02T18:57:18.264+0000] {processor.py:925} INFO - DAG(s) 'tutorial_objectstorage' retrieved from /home/airflow/.local/lib/python3.12/site-packages/airflow/example_dags/tutorial_objectstorage.py
[2025-01-02T18:57:18.288+0000] {logging_mixin.py:190} INFO - [2025-01-02T18:57:18.288+0000] {dag.py:3239} INFO - Sync 1 DAGs
[2025-01-02T18:57:18.303+0000] {logging_mixin.py:190} INFO - [2025-01-02T18:57:18.303+0000] {dag.py:4180} INFO - Setting next_dagrun for tutorial_objectstorage to None, run_after=None
[2025-01-02T18:57:18.322+0000] {processor.py:208} INFO - Processing /home/airflow/.local/lib/python3.12/site-packages/airflow/example_dags/tutorial_objectstorage.py took 0.081 seconds
[2025-01-02T19:00:21.063+0000] {processor.py:186} INFO - Started process (PID=103) to work on /home/airflow/.local/lib/python3.12/site-packages/airflow/example_dags/tutorial_objectstorage.py
[2025-01-02T19:00:21.073+0000] {processor.py:914} INFO - Processing file /home/airflow/.local/lib/python3.12/site-packages/airflow/example_dags/tutorial_objectstorage.py for tasks to queue
[2025-01-02T19:00:21.083+0000] {logging_mixin.py:190} INFO - [2025-01-02T19:00:21.077+0000] {dagbag.py:588} INFO - Filling up the DagBag from /home/airflow/.local/lib/python3.12/site-packages/airflow/example_dags/tutorial_objectstorage.py
[2025-01-02T19:00:21.109+0000] {processor.py:925} INFO - DAG(s) 'tutorial_objectstorage' retrieved from /home/airflow/.local/lib/python3.12/site-packages/airflow/example_dags/tutorial_objectstorage.py
[2025-01-02T19:00:21.175+0000] {logging_mixin.py:190} INFO - [2025-01-02T19:00:21.175+0000] {dag.py:3239} INFO - Sync 1 DAGs
[2025-01-02T19:00:21.211+0000] {logging_mixin.py:190} INFO - [2025-01-02T19:00:21.209+0000] {dag.py:4180} INFO - Setting next_dagrun for tutorial_objectstorage to None, run_after=None
[2025-01-02T19:00:21.263+0000] {processor.py:208} INFO - Processing /home/airflow/.local/lib/python3.12/site-packages/airflow/example_dags/tutorial_objectstorage.py took 0.225 seconds
[2025-01-02T19:00:52.065+0000] {processor.py:186} INFO - Started process (PID=166) to work on /home/airflow/.local/lib/python3.12/site-packages/airflow/example_dags/tutorial_objectstorage.py
[2025-01-02T19:00:52.066+0000] {processor.py:914} INFO - Processing file /home/airflow/.local/lib/python3.12/site-packages/airflow/example_dags/tutorial_objectstorage.py for tasks to queue
[2025-01-02T19:00:52.070+0000] {logging_mixin.py:190} INFO - [2025-01-02T19:00:52.069+0000] {dagbag.py:588} INFO - Filling up the DagBag from /home/airflow/.local/lib/python3.12/site-packages/airflow/example_dags/tutorial_objectstorage.py
[2025-01-02T19:00:52.084+0000] {processor.py:925} INFO - DAG(s) 'tutorial_objectstorage' retrieved from /home/airflow/.local/lib/python3.12/site-packages/airflow/example_dags/tutorial_objectstorage.py
[2025-01-02T19:00:52.109+0000] {logging_mixin.py:190} INFO - [2025-01-02T19:00:52.109+0000] {dag.py:3239} INFO - Sync 1 DAGs
[2025-01-02T19:00:52.130+0000] {logging_mixin.py:190} INFO - [2025-01-02T19:00:52.130+0000] {dag.py:4180} INFO - Setting next_dagrun for tutorial_objectstorage to None, run_after=None
[2025-01-02T19:00:52.156+0000] {processor.py:208} INFO - Processing /home/airflow/.local/lib/python3.12/site-packages/airflow/example_dags/tutorial_objectstorage.py took 0.099 seconds
[2025-01-02T19:01:23.177+0000] {processor.py:186} INFO - Started process (PID=229) to work on /home/airflow/.local/lib/python3.12/site-packages/airflow/example_dags/tutorial_objectstorage.py
[2025-01-02T19:01:23.179+0000] {processor.py:914} INFO - Processing file /home/airflow/.local/lib/python3.12/site-packages/airflow/example_dags/tutorial_objectstorage.py for tasks to queue
[2025-01-02T19:01:23.183+0000] {logging_mixin.py:190} INFO - [2025-01-02T19:01:23.182+0000] {dagbag.py:588} INFO - Filling up the DagBag from /home/airflow/.local/lib/python3.12/site-packages/airflow/example_dags/tutorial_objectstorage.py
[2025-01-02T19:01:23.196+0000] {processor.py:925} INFO - DAG(s) 'tutorial_objectstorage' retrieved from /home/airflow/.local/lib/python3.12/site-packages/airflow/example_dags/tutorial_objectstorage.py
[2025-01-02T19:01:23.223+0000] {logging_mixin.py:190} INFO - [2025-01-02T19:01:23.222+0000] {dag.py:3239} INFO - Sync 1 DAGs
[2025-01-02T19:01:23.245+0000] {logging_mixin.py:190} INFO - [2025-01-02T19:01:23.245+0000] {dag.py:4180} INFO - Setting next_dagrun for tutorial_objectstorage to None, run_after=None
[2025-01-02T19:01:23.269+0000] {processor.py:208} INFO - Processing /home/airflow/.local/lib/python3.12/site-packages/airflow/example_dags/tutorial_objectstorage.py took 0.100 seconds
[2025-01-02T19:01:54.213+0000] {processor.py:186} INFO - Started process (PID=292) to work on /home/airflow/.local/lib/python3.12/site-packages/airflow/example_dags/tutorial_objectstorage.py
[2025-01-02T19:01:54.214+0000] {processor.py:914} INFO - Processing file /home/airflow/.local/lib/python3.12/site-packages/airflow/example_dags/tutorial_objectstorage.py for tasks to queue
[2025-01-02T19:01:54.217+0000] {logging_mixin.py:190} INFO - [2025-01-02T19:01:54.216+0000] {dagbag.py:588} INFO - Filling up the DagBag from /home/airflow/.local/lib/python3.12/site-packages/airflow/example_dags/tutorial_objectstorage.py
[2025-01-02T19:01:54.231+0000] {processor.py:925} INFO - DAG(s) 'tutorial_objectstorage' retrieved from /home/airflow/.local/lib/python3.12/site-packages/airflow/example_dags/tutorial_objectstorage.py
[2025-01-02T19:01:54.257+0000] {logging_mixin.py:190} INFO - [2025-01-02T19:01:54.257+0000] {dag.py:3239} INFO - Sync 1 DAGs
[2025-01-02T19:01:54.279+0000] {logging_mixin.py:190} INFO - [2025-01-02T19:01:54.278+0000] {dag.py:4180} INFO - Setting next_dagrun for tutorial_objectstorage to None, run_after=None
[2025-01-02T19:01:54.303+0000] {processor.py:208} INFO - Processing /home/airflow/.local/lib/python3.12/site-packages/airflow/example_dags/tutorial_objectstorage.py took 0.099 seconds
[2025-01-02T19:02:24.797+0000] {processor.py:186} INFO - Started process (PID=354) to work on /home/airflow/.local/lib/python3.12/site-packages/airflow/example_dags/tutorial_objectstorage.py
[2025-01-02T19:02:24.799+0000] {processor.py:914} INFO - Processing file /home/airflow/.local/lib/python3.12/site-packages/airflow/example_dags/tutorial_objectstorage.py for tasks to queue
[2025-01-02T19:02:24.802+0000] {logging_mixin.py:190} INFO - [2025-01-02T19:02:24.802+0000] {dagbag.py:588} INFO - Filling up the DagBag from /home/airflow/.local/lib/python3.12/site-packages/airflow/example_dags/tutorial_objectstorage.py
[2025-01-02T19:02:24.818+0000] {processor.py:925} INFO - DAG(s) 'tutorial_objectstorage' retrieved from /home/airflow/.local/lib/python3.12/site-packages/airflow/example_dags/tutorial_objectstorage.py
[2025-01-02T19:02:24.845+0000] {logging_mixin.py:190} INFO - [2025-01-02T19:02:24.845+0000] {dag.py:3239} INFO - Sync 1 DAGs
[2025-01-02T19:02:24.889+0000] {logging_mixin.py:190} INFO - [2025-01-02T19:02:24.887+0000] {dag.py:4180} INFO - Setting next_dagrun for tutorial_objectstorage to None, run_after=None
[2025-01-02T19:02:24.931+0000] {processor.py:208} INFO - Processing /home/airflow/.local/lib/python3.12/site-packages/airflow/example_dags/tutorial_objectstorage.py took 0.143 seconds
[2025-01-02T19:02:56.137+0000] {processor.py:186} INFO - Started process (PID=423) to work on /home/airflow/.local/lib/python3.12/site-packages/airflow/example_dags/tutorial_objectstorage.py
[2025-01-02T19:02:56.138+0000] {processor.py:914} INFO - Processing file /home/airflow/.local/lib/python3.12/site-packages/airflow/example_dags/tutorial_objectstorage.py for tasks to queue
[2025-01-02T19:02:56.141+0000] {logging_mixin.py:190} INFO - [2025-01-02T19:02:56.141+0000] {dagbag.py:588} INFO - Filling up the DagBag from /home/airflow/.local/lib/python3.12/site-packages/airflow/example_dags/tutorial_objectstorage.py
[2025-01-02T19:02:56.158+0000] {processor.py:925} INFO - DAG(s) 'tutorial_objectstorage' retrieved from /home/airflow/.local/lib/python3.12/site-packages/airflow/example_dags/tutorial_objectstorage.py
[2025-01-02T19:02:56.185+0000] {logging_mixin.py:190} INFO - [2025-01-02T19:02:56.185+0000] {dag.py:3239} INFO - Sync 1 DAGs
[2025-01-02T19:02:56.207+0000] {logging_mixin.py:190} INFO - [2025-01-02T19:02:56.206+0000] {dag.py:4180} INFO - Setting next_dagrun for tutorial_objectstorage to None, run_after=None
[2025-01-02T19:02:56.232+0000] {processor.py:208} INFO - Processing /home/airflow/.local/lib/python3.12/site-packages/airflow/example_dags/tutorial_objectstorage.py took 0.105 seconds
[2025-01-02T19:03:28.719+0000] {processor.py:186} INFO - Started process (PID=487) to work on /home/airflow/.local/lib/python3.12/site-packages/airflow/example_dags/tutorial_objectstorage.py
[2025-01-02T19:03:28.721+0000] {processor.py:914} INFO - Processing file /home/airflow/.local/lib/python3.12/site-packages/airflow/example_dags/tutorial_objectstorage.py for tasks to queue
[2025-01-02T19:03:28.724+0000] {logging_mixin.py:190} INFO - [2025-01-02T19:03:28.724+0000] {dagbag.py:588} INFO - Filling up the DagBag from /home/airflow/.local/lib/python3.12/site-packages/airflow/example_dags/tutorial_objectstorage.py
[2025-01-02T19:03:28.739+0000] {processor.py:925} INFO - DAG(s) 'tutorial_objectstorage' retrieved from /home/airflow/.local/lib/python3.12/site-packages/airflow/example_dags/tutorial_objectstorage.py
[2025-01-02T19:03:28.766+0000] {logging_mixin.py:190} INFO - [2025-01-02T19:03:28.766+0000] {dag.py:3239} INFO - Sync 1 DAGs
[2025-01-02T19:03:28.787+0000] {logging_mixin.py:190} INFO - [2025-01-02T19:03:28.787+0000] {dag.py:4180} INFO - Setting next_dagrun for tutorial_objectstorage to None, run_after=None
[2025-01-02T19:03:28.811+0000] {processor.py:208} INFO - Processing /home/airflow/.local/lib/python3.12/site-packages/airflow/example_dags/tutorial_objectstorage.py took 0.101 seconds
[2025-01-02T19:04:04.245+0000] {processor.py:186} INFO - Started process (PID=550) to work on /home/airflow/.local/lib/python3.12/site-packages/airflow/example_dags/tutorial_objectstorage.py
[2025-01-02T19:04:04.247+0000] {processor.py:914} INFO - Processing file /home/airflow/.local/lib/python3.12/site-packages/airflow/example_dags/tutorial_objectstorage.py for tasks to queue
[2025-01-02T19:04:04.250+0000] {logging_mixin.py:190} INFO - [2025-01-02T19:04:04.249+0000] {dagbag.py:588} INFO - Filling up the DagBag from /home/airflow/.local/lib/python3.12/site-packages/airflow/example_dags/tutorial_objectstorage.py
[2025-01-02T19:04:04.263+0000] {processor.py:925} INFO - DAG(s) 'tutorial_objectstorage' retrieved from /home/airflow/.local/lib/python3.12/site-packages/airflow/example_dags/tutorial_objectstorage.py
[2025-01-02T19:04:04.290+0000] {logging_mixin.py:190} INFO - [2025-01-02T19:04:04.290+0000] {dag.py:3239} INFO - Sync 1 DAGs
[2025-01-02T19:04:04.314+0000] {logging_mixin.py:190} INFO - [2025-01-02T19:04:04.314+0000] {dag.py:4180} INFO - Setting next_dagrun for tutorial_objectstorage to None, run_after=None
[2025-01-02T19:04:04.339+0000] {processor.py:208} INFO - Processing /home/airflow/.local/lib/python3.12/site-packages/airflow/example_dags/tutorial_objectstorage.py took 0.104 seconds
[2025-01-02T19:04:38.397+0000] {processor.py:186} INFO - Started process (PID=613) to work on /home/airflow/.local/lib/python3.12/site-packages/airflow/example_dags/tutorial_objectstorage.py
[2025-01-02T19:04:38.398+0000] {processor.py:914} INFO - Processing file /home/airflow/.local/lib/python3.12/site-packages/airflow/example_dags/tutorial_objectstorage.py for tasks to queue
[2025-01-02T19:04:38.410+0000] {logging_mixin.py:190} INFO - [2025-01-02T19:04:38.409+0000] {dagbag.py:588} INFO - Filling up the DagBag from /home/airflow/.local/lib/python3.12/site-packages/airflow/example_dags/tutorial_objectstorage.py
[2025-01-02T19:04:38.439+0000] {processor.py:925} INFO - DAG(s) 'tutorial_objectstorage' retrieved from /home/airflow/.local/lib/python3.12/site-packages/airflow/example_dags/tutorial_objectstorage.py
[2025-01-02T19:04:38.515+0000] {logging_mixin.py:190} INFO - [2025-01-02T19:04:38.514+0000] {dag.py:3239} INFO - Sync 1 DAGs
[2025-01-02T19:04:38.582+0000] {logging_mixin.py:190} INFO - [2025-01-02T19:04:38.581+0000] {dag.py:4180} INFO - Setting next_dagrun for tutorial_objectstorage to None, run_after=None
[2025-01-02T19:04:38.663+0000] {processor.py:208} INFO - Processing /home/airflow/.local/lib/python3.12/site-packages/airflow/example_dags/tutorial_objectstorage.py took 0.281 seconds
