[2025-01-02T18:55:43.586+0000] {processor.py:186} INFO - Started process (PID=109) to work on /home/airflow/.local/lib/python3.12/site-packages/airflow/example_dags/tutorial.py
[2025-01-02T18:55:43.589+0000] {processor.py:914} INFO - Processing file /home/airflow/.local/lib/python3.12/site-packages/airflow/example_dags/tutorial.py for tasks to queue
[2025-01-02T18:55:43.601+0000] {logging_mixin.py:190} INFO - [2025-01-02T18:55:43.601+0000] {dagbag.py:588} INFO - Filling up the DagBag from /home/airflow/.local/lib/python3.12/site-packages/airflow/example_dags/tutorial.py
[2025-01-02T18:55:43.643+0000] {processor.py:925} INFO - DAG(s) 'tutorial' retrieved from /home/airflow/.local/lib/python3.12/site-packages/airflow/example_dags/tutorial.py
[2025-01-02T18:55:44.062+0000] {logging_mixin.py:190} INFO - [2025-01-02T18:55:44.061+0000] {override.py:1911} INFO - Created Permission View: can edit on DAG:tutorial
[2025-01-02T18:55:44.094+0000] {logging_mixin.py:190} INFO - [2025-01-02T18:55:44.094+0000] {override.py:1911} INFO - Created Permission View: can delete on DAG:tutorial
[2025-01-02T18:55:44.118+0000] {logging_mixin.py:190} INFO - [2025-01-02T18:55:44.117+0000] {override.py:1911} INFO - Created Permission View: can read on DAG:tutorial
[2025-01-02T18:55:44.136+0000] {logging_mixin.py:190} INFO - [2025-01-02T18:55:44.136+0000] {override.py:1911} INFO - Created Permission View: can create on DAG Run:tutorial
[2025-01-02T18:55:44.160+0000] {logging_mixin.py:190} INFO - [2025-01-02T18:55:44.160+0000] {override.py:1911} INFO - Created Permission View: can delete on DAG Run:tutorial
[2025-01-02T18:55:44.184+0000] {logging_mixin.py:190} INFO - [2025-01-02T18:55:44.183+0000] {override.py:1911} INFO - Created Permission View: menu access on DAG Run:tutorial
[2025-01-02T18:55:44.204+0000] {logging_mixin.py:190} INFO - [2025-01-02T18:55:44.204+0000] {override.py:1911} INFO - Created Permission View: can read on DAG Run:tutorial
[2025-01-02T18:55:44.205+0000] {logging_mixin.py:190} INFO - [2025-01-02T18:55:44.205+0000] {dag.py:3239} INFO - Sync 1 DAGs
[2025-01-02T18:55:44.266+0000] {logging_mixin.py:190} INFO - [2025-01-02T18:55:44.265+0000] {dag.py:3262} INFO - Creating ORM DAG for tutorial
[2025-01-02T18:55:44.303+0000] {logging_mixin.py:190} INFO - [2025-01-02T18:55:44.302+0000] {dag.py:4180} INFO - Setting next_dagrun for tutorial to 2025-01-01 00:00:00+00:00, run_after=2025-01-02 00:00:00+00:00
[2025-01-02T18:55:44.400+0000] {processor.py:208} INFO - Processing /home/airflow/.local/lib/python3.12/site-packages/airflow/example_dags/tutorial.py took 0.856 seconds
[2025-01-02T18:56:15.379+0000] {processor.py:186} INFO - Started process (PID=172) to work on /home/airflow/.local/lib/python3.12/site-packages/airflow/example_dags/tutorial.py
[2025-01-02T18:56:15.380+0000] {processor.py:914} INFO - Processing file /home/airflow/.local/lib/python3.12/site-packages/airflow/example_dags/tutorial.py for tasks to queue
[2025-01-02T18:56:15.384+0000] {logging_mixin.py:190} INFO - [2025-01-02T18:56:15.383+0000] {dagbag.py:588} INFO - Filling up the DagBag from /home/airflow/.local/lib/python3.12/site-packages/airflow/example_dags/tutorial.py
[2025-01-02T18:56:15.397+0000] {processor.py:925} INFO - DAG(s) 'tutorial' retrieved from /home/airflow/.local/lib/python3.12/site-packages/airflow/example_dags/tutorial.py
[2025-01-02T18:56:15.430+0000] {logging_mixin.py:190} INFO - [2025-01-02T18:56:15.429+0000] {dag.py:3239} INFO - Sync 1 DAGs
[2025-01-02T18:56:15.465+0000] {logging_mixin.py:190} INFO - [2025-01-02T18:56:15.465+0000] {dag.py:4180} INFO - Setting next_dagrun for tutorial to 2025-01-01 00:00:00+00:00, run_after=2025-01-02 00:00:00+00:00
[2025-01-02T18:56:15.492+0000] {processor.py:208} INFO - Processing /home/airflow/.local/lib/python3.12/site-packages/airflow/example_dags/tutorial.py took 0.122 seconds
[2025-01-02T18:56:45.690+0000] {processor.py:186} INFO - Started process (PID=235) to work on /home/airflow/.local/lib/python3.12/site-packages/airflow/example_dags/tutorial.py
[2025-01-02T18:56:45.709+0000] {processor.py:914} INFO - Processing file /home/airflow/.local/lib/python3.12/site-packages/airflow/example_dags/tutorial.py for tasks to queue
[2025-01-02T18:56:45.711+0000] {logging_mixin.py:190} INFO - [2025-01-02T18:56:45.711+0000] {dagbag.py:588} INFO - Filling up the DagBag from /home/airflow/.local/lib/python3.12/site-packages/airflow/example_dags/tutorial.py
[2025-01-02T18:56:45.724+0000] {processor.py:925} INFO - DAG(s) 'tutorial' retrieved from /home/airflow/.local/lib/python3.12/site-packages/airflow/example_dags/tutorial.py
[2025-01-02T18:56:45.755+0000] {logging_mixin.py:190} INFO - [2025-01-02T18:56:45.754+0000] {dag.py:3239} INFO - Sync 1 DAGs
[2025-01-02T18:56:45.789+0000] {logging_mixin.py:190} INFO - [2025-01-02T18:56:45.788+0000] {dag.py:4180} INFO - Setting next_dagrun for tutorial to 2025-01-01 00:00:00+00:00, run_after=2025-01-02 00:00:00+00:00
[2025-01-02T18:56:45.814+0000] {processor.py:208} INFO - Processing /home/airflow/.local/lib/python3.12/site-packages/airflow/example_dags/tutorial.py took 0.132 seconds
[2025-01-02T18:57:16.320+0000] {processor.py:186} INFO - Started process (PID=298) to work on /home/airflow/.local/lib/python3.12/site-packages/airflow/example_dags/tutorial.py
[2025-01-02T18:57:16.324+0000] {processor.py:914} INFO - Processing file /home/airflow/.local/lib/python3.12/site-packages/airflow/example_dags/tutorial.py for tasks to queue
[2025-01-02T18:57:16.327+0000] {logging_mixin.py:190} INFO - [2025-01-02T18:57:16.326+0000] {dagbag.py:588} INFO - Filling up the DagBag from /home/airflow/.local/lib/python3.12/site-packages/airflow/example_dags/tutorial.py
[2025-01-02T18:57:16.340+0000] {processor.py:925} INFO - DAG(s) 'tutorial' retrieved from /home/airflow/.local/lib/python3.12/site-packages/airflow/example_dags/tutorial.py
[2025-01-02T18:57:16.367+0000] {logging_mixin.py:190} INFO - [2025-01-02T18:57:16.367+0000] {dag.py:3239} INFO - Sync 1 DAGs
[2025-01-02T18:57:16.412+0000] {logging_mixin.py:190} INFO - [2025-01-02T18:57:16.412+0000] {dag.py:4180} INFO - Setting next_dagrun for tutorial to 2025-01-01 00:00:00+00:00, run_after=2025-01-02 00:00:00+00:00
[2025-01-02T18:57:16.437+0000] {processor.py:208} INFO - Processing /home/airflow/.local/lib/python3.12/site-packages/airflow/example_dags/tutorial.py took 0.134 seconds
[2025-01-02T19:00:20.015+0000] {processor.py:186} INFO - Started process (PID=98) to work on /home/airflow/.local/lib/python3.12/site-packages/airflow/example_dags/tutorial.py
[2025-01-02T19:00:20.020+0000] {processor.py:914} INFO - Processing file /home/airflow/.local/lib/python3.12/site-packages/airflow/example_dags/tutorial.py for tasks to queue
[2025-01-02T19:00:20.024+0000] {logging_mixin.py:190} INFO - [2025-01-02T19:00:20.023+0000] {dagbag.py:588} INFO - Filling up the DagBag from /home/airflow/.local/lib/python3.12/site-packages/airflow/example_dags/tutorial.py
[2025-01-02T19:00:20.056+0000] {processor.py:925} INFO - DAG(s) 'tutorial' retrieved from /home/airflow/.local/lib/python3.12/site-packages/airflow/example_dags/tutorial.py
[2025-01-02T19:00:20.119+0000] {logging_mixin.py:190} INFO - [2025-01-02T19:00:20.119+0000] {dag.py:3239} INFO - Sync 1 DAGs
[2025-01-02T19:00:20.169+0000] {logging_mixin.py:190} INFO - [2025-01-02T19:00:20.168+0000] {dag.py:4180} INFO - Setting next_dagrun for tutorial to 2025-01-01 00:00:00+00:00, run_after=2025-01-02 00:00:00+00:00
[2025-01-02T19:00:20.274+0000] {processor.py:208} INFO - Processing /home/airflow/.local/lib/python3.12/site-packages/airflow/example_dags/tutorial.py took 0.275 seconds
[2025-01-02T19:00:51.052+0000] {processor.py:186} INFO - Started process (PID=161) to work on /home/airflow/.local/lib/python3.12/site-packages/airflow/example_dags/tutorial.py
[2025-01-02T19:00:51.053+0000] {processor.py:914} INFO - Processing file /home/airflow/.local/lib/python3.12/site-packages/airflow/example_dags/tutorial.py for tasks to queue
[2025-01-02T19:00:51.057+0000] {logging_mixin.py:190} INFO - [2025-01-02T19:00:51.056+0000] {dagbag.py:588} INFO - Filling up the DagBag from /home/airflow/.local/lib/python3.12/site-packages/airflow/example_dags/tutorial.py
[2025-01-02T19:00:51.069+0000] {processor.py:925} INFO - DAG(s) 'tutorial' retrieved from /home/airflow/.local/lib/python3.12/site-packages/airflow/example_dags/tutorial.py
[2025-01-02T19:00:51.096+0000] {logging_mixin.py:190} INFO - [2025-01-02T19:00:51.096+0000] {dag.py:3239} INFO - Sync 1 DAGs
[2025-01-02T19:00:51.131+0000] {logging_mixin.py:190} INFO - [2025-01-02T19:00:51.131+0000] {dag.py:4180} INFO - Setting next_dagrun for tutorial to 2025-01-01 00:00:00+00:00, run_after=2025-01-02 00:00:00+00:00
[2025-01-02T19:00:51.154+0000] {processor.py:208} INFO - Processing /home/airflow/.local/lib/python3.12/site-packages/airflow/example_dags/tutorial.py took 0.111 seconds
[2025-01-02T19:01:21.206+0000] {processor.py:186} INFO - Started process (PID=223) to work on /home/airflow/.local/lib/python3.12/site-packages/airflow/example_dags/tutorial.py
[2025-01-02T19:01:21.208+0000] {processor.py:914} INFO - Processing file /home/airflow/.local/lib/python3.12/site-packages/airflow/example_dags/tutorial.py for tasks to queue
[2025-01-02T19:01:21.211+0000] {logging_mixin.py:190} INFO - [2025-01-02T19:01:21.210+0000] {dagbag.py:588} INFO - Filling up the DagBag from /home/airflow/.local/lib/python3.12/site-packages/airflow/example_dags/tutorial.py
[2025-01-02T19:01:21.223+0000] {processor.py:925} INFO - DAG(s) 'tutorial' retrieved from /home/airflow/.local/lib/python3.12/site-packages/airflow/example_dags/tutorial.py
[2025-01-02T19:01:21.251+0000] {logging_mixin.py:190} INFO - [2025-01-02T19:01:21.250+0000] {dag.py:3239} INFO - Sync 1 DAGs
[2025-01-02T19:01:21.284+0000] {logging_mixin.py:190} INFO - [2025-01-02T19:01:21.284+0000] {dag.py:4180} INFO - Setting next_dagrun for tutorial to 2025-01-01 00:00:00+00:00, run_after=2025-01-02 00:00:00+00:00
[2025-01-02T19:01:21.306+0000] {processor.py:208} INFO - Processing /home/airflow/.local/lib/python3.12/site-packages/airflow/example_dags/tutorial.py took 0.109 seconds
[2025-01-02T19:01:52.541+0000] {processor.py:186} INFO - Started process (PID=286) to work on /home/airflow/.local/lib/python3.12/site-packages/airflow/example_dags/tutorial.py
[2025-01-02T19:01:52.542+0000] {processor.py:914} INFO - Processing file /home/airflow/.local/lib/python3.12/site-packages/airflow/example_dags/tutorial.py for tasks to queue
[2025-01-02T19:01:52.546+0000] {logging_mixin.py:190} INFO - [2025-01-02T19:01:52.545+0000] {dagbag.py:588} INFO - Filling up the DagBag from /home/airflow/.local/lib/python3.12/site-packages/airflow/example_dags/tutorial.py
[2025-01-02T19:01:52.558+0000] {processor.py:925} INFO - DAG(s) 'tutorial' retrieved from /home/airflow/.local/lib/python3.12/site-packages/airflow/example_dags/tutorial.py
[2025-01-02T19:01:52.585+0000] {logging_mixin.py:190} INFO - [2025-01-02T19:01:52.585+0000] {dag.py:3239} INFO - Sync 1 DAGs
[2025-01-02T19:01:52.620+0000] {logging_mixin.py:190} INFO - [2025-01-02T19:01:52.619+0000] {dag.py:4180} INFO - Setting next_dagrun for tutorial to 2025-01-01 00:00:00+00:00, run_after=2025-01-02 00:00:00+00:00
[2025-01-02T19:01:52.643+0000] {processor.py:208} INFO - Processing /home/airflow/.local/lib/python3.12/site-packages/airflow/example_dags/tutorial.py took 0.112 seconds
[2025-01-02T19:02:24.313+0000] {processor.py:186} INFO - Started process (PID=349) to work on /home/airflow/.local/lib/python3.12/site-packages/airflow/example_dags/tutorial.py
[2025-01-02T19:02:24.315+0000] {processor.py:914} INFO - Processing file /home/airflow/.local/lib/python3.12/site-packages/airflow/example_dags/tutorial.py for tasks to queue
[2025-01-02T19:02:24.318+0000] {logging_mixin.py:190} INFO - [2025-01-02T19:02:24.318+0000] {dagbag.py:588} INFO - Filling up the DagBag from /home/airflow/.local/lib/python3.12/site-packages/airflow/example_dags/tutorial.py
[2025-01-02T19:02:24.331+0000] {processor.py:925} INFO - DAG(s) 'tutorial' retrieved from /home/airflow/.local/lib/python3.12/site-packages/airflow/example_dags/tutorial.py
[2025-01-02T19:02:24.357+0000] {logging_mixin.py:190} INFO - [2025-01-02T19:02:24.356+0000] {dag.py:3239} INFO - Sync 1 DAGs
[2025-01-02T19:02:24.393+0000] {logging_mixin.py:190} INFO - [2025-01-02T19:02:24.392+0000] {dag.py:4180} INFO - Setting next_dagrun for tutorial to 2025-01-01 00:00:00+00:00, run_after=2025-01-02 00:00:00+00:00
[2025-01-02T19:02:24.416+0000] {processor.py:208} INFO - Processing /home/airflow/.local/lib/python3.12/site-packages/airflow/example_dags/tutorial.py took 0.112 seconds
[2025-01-02T19:02:55.684+0000] {processor.py:186} INFO - Started process (PID=418) to work on /home/airflow/.local/lib/python3.12/site-packages/airflow/example_dags/tutorial.py
[2025-01-02T19:02:55.685+0000] {processor.py:914} INFO - Processing file /home/airflow/.local/lib/python3.12/site-packages/airflow/example_dags/tutorial.py for tasks to queue
[2025-01-02T19:02:55.689+0000] {logging_mixin.py:190} INFO - [2025-01-02T19:02:55.688+0000] {dagbag.py:588} INFO - Filling up the DagBag from /home/airflow/.local/lib/python3.12/site-packages/airflow/example_dags/tutorial.py
[2025-01-02T19:02:55.701+0000] {processor.py:925} INFO - DAG(s) 'tutorial' retrieved from /home/airflow/.local/lib/python3.12/site-packages/airflow/example_dags/tutorial.py
[2025-01-02T19:02:55.727+0000] {logging_mixin.py:190} INFO - [2025-01-02T19:02:55.727+0000] {dag.py:3239} INFO - Sync 1 DAGs
[2025-01-02T19:02:55.761+0000] {logging_mixin.py:190} INFO - [2025-01-02T19:02:55.760+0000] {dag.py:4180} INFO - Setting next_dagrun for tutorial to 2025-01-01 00:00:00+00:00, run_after=2025-01-02 00:00:00+00:00
[2025-01-02T19:02:55.789+0000] {processor.py:208} INFO - Processing /home/airflow/.local/lib/python3.12/site-packages/airflow/example_dags/tutorial.py took 0.113 seconds
[2025-01-02T19:03:27.942+0000] {processor.py:186} INFO - Started process (PID=482) to work on /home/airflow/.local/lib/python3.12/site-packages/airflow/example_dags/tutorial.py
[2025-01-02T19:03:27.944+0000] {processor.py:914} INFO - Processing file /home/airflow/.local/lib/python3.12/site-packages/airflow/example_dags/tutorial.py for tasks to queue
[2025-01-02T19:03:27.948+0000] {logging_mixin.py:190} INFO - [2025-01-02T19:03:27.947+0000] {dagbag.py:588} INFO - Filling up the DagBag from /home/airflow/.local/lib/python3.12/site-packages/airflow/example_dags/tutorial.py
[2025-01-02T19:03:27.963+0000] {processor.py:925} INFO - DAG(s) 'tutorial' retrieved from /home/airflow/.local/lib/python3.12/site-packages/airflow/example_dags/tutorial.py
[2025-01-02T19:03:27.991+0000] {logging_mixin.py:190} INFO - [2025-01-02T19:03:27.991+0000] {dag.py:3239} INFO - Sync 1 DAGs
[2025-01-02T19:03:28.026+0000] {logging_mixin.py:190} INFO - [2025-01-02T19:03:28.026+0000] {dag.py:4180} INFO - Setting next_dagrun for tutorial to 2025-01-01 00:00:00+00:00, run_after=2025-01-02 00:00:00+00:00
[2025-01-02T19:03:28.051+0000] {processor.py:208} INFO - Processing /home/airflow/.local/lib/python3.12/site-packages/airflow/example_dags/tutorial.py took 0.127 seconds
[2025-01-02T19:04:02.897+0000] {processor.py:186} INFO - Started process (PID=545) to work on /home/airflow/.local/lib/python3.12/site-packages/airflow/example_dags/tutorial.py
[2025-01-02T19:04:02.905+0000] {processor.py:914} INFO - Processing file /home/airflow/.local/lib/python3.12/site-packages/airflow/example_dags/tutorial.py for tasks to queue
[2025-01-02T19:04:02.909+0000] {logging_mixin.py:190} INFO - [2025-01-02T19:04:02.908+0000] {dagbag.py:588} INFO - Filling up the DagBag from /home/airflow/.local/lib/python3.12/site-packages/airflow/example_dags/tutorial.py
[2025-01-02T19:04:02.931+0000] {processor.py:925} INFO - DAG(s) 'tutorial' retrieved from /home/airflow/.local/lib/python3.12/site-packages/airflow/example_dags/tutorial.py
[2025-01-02T19:04:02.986+0000] {logging_mixin.py:190} INFO - [2025-01-02T19:04:02.986+0000] {dag.py:3239} INFO - Sync 1 DAGs
[2025-01-02T19:04:03.059+0000] {logging_mixin.py:190} INFO - [2025-01-02T19:04:03.059+0000] {dag.py:4180} INFO - Setting next_dagrun for tutorial to 2025-01-01 00:00:00+00:00, run_after=2025-01-02 00:00:00+00:00
[2025-01-02T19:04:03.101+0000] {processor.py:208} INFO - Processing /home/airflow/.local/lib/python3.12/site-packages/airflow/example_dags/tutorial.py took 0.246 seconds
[2025-01-02T19:04:35.422+0000] {processor.py:186} INFO - Started process (PID=608) to work on /home/airflow/.local/lib/python3.12/site-packages/airflow/example_dags/tutorial.py
[2025-01-02T19:04:35.433+0000] {processor.py:914} INFO - Processing file /home/airflow/.local/lib/python3.12/site-packages/airflow/example_dags/tutorial.py for tasks to queue
[2025-01-02T19:04:35.447+0000] {logging_mixin.py:190} INFO - [2025-01-02T19:04:35.446+0000] {dagbag.py:588} INFO - Filling up the DagBag from /home/airflow/.local/lib/python3.12/site-packages/airflow/example_dags/tutorial.py
[2025-01-02T19:04:35.474+0000] {processor.py:925} INFO - DAG(s) 'tutorial' retrieved from /home/airflow/.local/lib/python3.12/site-packages/airflow/example_dags/tutorial.py
[2025-01-02T19:04:35.566+0000] {logging_mixin.py:190} INFO - [2025-01-02T19:04:35.566+0000] {dag.py:3239} INFO - Sync 1 DAGs
[2025-01-02T19:04:35.667+0000] {logging_mixin.py:190} INFO - [2025-01-02T19:04:35.667+0000] {dag.py:4180} INFO - Setting next_dagrun for tutorial to 2025-01-01 00:00:00+00:00, run_after=2025-01-02 00:00:00+00:00
[2025-01-02T19:04:35.790+0000] {processor.py:208} INFO - Processing /home/airflow/.local/lib/python3.12/site-packages/airflow/example_dags/tutorial.py took 0.394 seconds
